[0.371s] Invoking command in '/home/vighneshreddy/MRM_VighneshReddy/rover_ws/src/robot_position': PYTHONPATH=/home/vighneshreddy/MRM_VighneshReddy/build/robot_position/prefix_override:/usr/lib/python3/dist-packages/colcon_core/task/python/colcon_distutils_commands:/home/vighneshreddy/MRM_VighneshReddy/install/robot_position/lib/python3.10/site-packages:${PYTHONPATH} /usr/bin/python3 -W ignore:setup.py install is deprecated -W ignore:easy_install command is deprecated setup.py egg_info --egg-base ../../../build/robot_position build --build-base /home/vighneshreddy/MRM_VighneshReddy/build/robot_position/build install --record /home/vighneshreddy/MRM_VighneshReddy/build/robot_position/install.log --single-version-externally-managed install_data
[0.511s] running egg_info
[0.511s] creating ../../../build/robot_position/robot_position.egg-info
[0.511s] writing ../../../build/robot_position/robot_position.egg-info/PKG-INFO
[0.512s] writing dependency_links to ../../../build/robot_position/robot_position.egg-info/dependency_links.txt
[0.512s] writing entry points to ../../../build/robot_position/robot_position.egg-info/entry_points.txt
[0.512s] writing requirements to ../../../build/robot_position/robot_position.egg-info/requires.txt
[0.512s] writing top-level names to ../../../build/robot_position/robot_position.egg-info/top_level.txt
[0.512s] writing manifest file '../../../build/robot_position/robot_position.egg-info/SOURCES.txt'
[0.512s] reading manifest file '../../../build/robot_position/robot_position.egg-info/SOURCES.txt'
[0.513s] writing manifest file '../../../build/robot_position/robot_position.egg-info/SOURCES.txt'
[0.513s] running build
[0.513s] running build_py
[0.513s] creating /home/vighneshreddy/MRM_VighneshReddy/build/robot_position/build
[0.513s] creating /home/vighneshreddy/MRM_VighneshReddy/build/robot_position/build/lib
[0.513s] creating /home/vighneshreddy/MRM_VighneshReddy/build/robot_position/build/lib/robot_position
[0.513s] copying robot_position/__init__.py -> /home/vighneshreddy/MRM_VighneshReddy/build/robot_position/build/lib/robot_position
[0.513s] copying robot_position/get_position.py -> /home/vighneshreddy/MRM_VighneshReddy/build/robot_position/build/lib/robot_position
[0.513s] running install
[0.513s] running install_lib
[0.514s] creating /home/vighneshreddy/MRM_VighneshReddy/install/robot_position/lib/python3.10/site-packages/robot_position
[0.514s] copying /home/vighneshreddy/MRM_VighneshReddy/build/robot_position/build/lib/robot_position/__init__.py -> /home/vighneshreddy/MRM_VighneshReddy/install/robot_position/lib/python3.10/site-packages/robot_position
[0.514s] copying /home/vighneshreddy/MRM_VighneshReddy/build/robot_position/build/lib/robot_position/get_position.py -> /home/vighneshreddy/MRM_VighneshReddy/install/robot_position/lib/python3.10/site-packages/robot_position
[0.515s] byte-compiling /home/vighneshreddy/MRM_VighneshReddy/install/robot_position/lib/python3.10/site-packages/robot_position/__init__.py to __init__.cpython-310.pyc
[0.515s] byte-compiling /home/vighneshreddy/MRM_VighneshReddy/install/robot_position/lib/python3.10/site-packages/robot_position/get_position.py to get_position.cpython-310.pyc
[0.515s] running install_data
[0.515s] creating /home/vighneshreddy/MRM_VighneshReddy/install/robot_position/share/ament_index/resource_index/ament_package
[0.515s] copying package.xml -> /home/vighneshreddy/MRM_VighneshReddy/install/robot_position/share/ament_index/resource_index/ament_package
[0.515s] running install_egg_info
[0.516s] Copying ../../../build/robot_position/robot_position.egg-info to /home/vighneshreddy/MRM_VighneshReddy/install/robot_position/lib/python3.10/site-packages/robot_position-0.0.0-py3.10.egg-info
[0.516s] running install_scripts
[0.529s] Installing get_position script to /home/vighneshreddy/MRM_VighneshReddy/install/robot_position/lib/robot_position
[0.529s] writing list of installed files to '/home/vighneshreddy/MRM_VighneshReddy/build/robot_position/install.log'
[0.545s] Invoked command in '/home/vighneshreddy/MRM_VighneshReddy/rover_ws/src/robot_position' returned '0': PYTHONPATH=/home/vighneshreddy/MRM_VighneshReddy/build/robot_position/prefix_override:/usr/lib/python3/dist-packages/colcon_core/task/python/colcon_distutils_commands:/home/vighneshreddy/MRM_VighneshReddy/install/robot_position/lib/python3.10/site-packages:${PYTHONPATH} /usr/bin/python3 -W ignore:setup.py install is deprecated -W ignore:easy_install command is deprecated setup.py egg_info --egg-base ../../../build/robot_position build --build-base /home/vighneshreddy/MRM_VighneshReddy/build/robot_position/build install --record /home/vighneshreddy/MRM_VighneshReddy/build/robot_position/install.log --single-version-externally-managed install_data
