[0.105s] DEBUG:colcon:Command line arguments: ['/usr/bin/colcon', 'build']
[0.105s] DEBUG:colcon:Parsed command line arguments: Namespace(log_base=None, log_level=None, verb_name='build', build_base='build', install_base='install', merge_install=False, symlink_install=False, test_result_base=None, continue_on_error=False, executor='parallel', parallel_workers=22, event_handlers=None, ignore_user_meta=False, metas=['./colcon.meta'], base_paths=['.'], packages_ignore=None, packages_ignore_regex=None, paths=None, packages_up_to=None, packages_up_to_regex=None, packages_above=None, packages_above_and_dependencies=None, packages_above_depth=None, packages_select_by_dep=None, packages_skip_by_dep=None, packages_skip_up_to=None, packages_select_build_failed=False, packages_skip_build_finished=False, packages_select_test_failures=False, packages_skip_test_passed=False, packages_select=None, packages_skip=None, packages_select_regex=None, packages_skip_regex=None, packages_start=None, packages_end=None, allow_overriding=[], cmake_args=None, cmake_target=None, cmake_target_skip_unavailable=False, cmake_clean_cache=False, cmake_clean_first=False, cmake_force_configure=False, ament_cmake_args=None, catkin_cmake_args=None, catkin_skip_building_tests=False, mixin_files=None, mixin=None, verb_parser=<colcon_mixin.mixin.mixin_argument.MixinArgumentDecorator object at 0x79476dc46740>, verb_extension=<colcon_core.verb.build.BuildVerb object at 0x79476dc46290>, main=<bound method BuildVerb.main of <colcon_core.verb.build.BuildVerb object at 0x79476dc46290>>, mixin_verb=('build',))
[0.263s] Level 1:colcon.colcon_core.package_discovery:discover_packages(colcon_meta) check parameters
[0.263s] Level 1:colcon.colcon_core.package_discovery:discover_packages(recursive) check parameters
[0.263s] Level 1:colcon.colcon_core.package_discovery:discover_packages(ignore) check parameters
[0.263s] Level 1:colcon.colcon_core.package_discovery:discover_packages(path) check parameters
[0.263s] Level 1:colcon.colcon_core.package_discovery:discover_packages(colcon_meta) discover
[0.263s] Level 1:colcon.colcon_core.package_discovery:discover_packages(recursive) discover
[0.263s] INFO:colcon.colcon_core.package_discovery:Crawling recursively for packages in '/home/vighneshreddy/MRM_VighneshReddy/rover_ws'
[0.264s] Level 1:colcon.colcon_core.package_identification:_identify(.) by extensions ['ignore', 'ignore_ament_install']
[0.264s] Level 1:colcon.colcon_core.package_identification:_identify(.) by extension 'ignore'
[0.264s] Level 1:colcon.colcon_core.package_identification:_identify(.) by extension 'ignore_ament_install'
[0.264s] Level 1:colcon.colcon_core.package_identification:_identify(.) by extensions ['colcon_pkg']
[0.264s] Level 1:colcon.colcon_core.package_identification:_identify(.) by extension 'colcon_pkg'
[0.264s] Level 1:colcon.colcon_core.package_identification:_identify(.) by extensions ['colcon_meta']
[0.264s] Level 1:colcon.colcon_core.package_identification:_identify(.) by extension 'colcon_meta'
[0.264s] Level 1:colcon.colcon_core.package_identification:_identify(.) by extensions ['ros']
[0.264s] Level 1:colcon.colcon_core.package_identification:_identify(.) by extension 'ros'
[0.275s] Level 1:colcon.colcon_core.package_identification:_identify(.) by extensions ['cmake', 'python']
[0.275s] Level 1:colcon.colcon_core.package_identification:_identify(.) by extension 'cmake'
[0.275s] Level 1:colcon.colcon_core.package_identification:_identify(.) by extension 'python'
[0.275s] Level 1:colcon.colcon_core.package_identification:_identify(.) by extensions ['python_setup_py']
[0.275s] Level 1:colcon.colcon_core.package_identification:_identify(.) by extension 'python_setup_py'
[0.275s] Level 1:colcon.colcon_core.package_identification:_identify(build) by extensions ['ignore', 'ignore_ament_install']
[0.275s] Level 1:colcon.colcon_core.package_identification:_identify(build) by extension 'ignore'
[0.275s] Level 1:colcon.colcon_core.package_identification:_identify(build) ignored
[0.276s] Level 1:colcon.colcon_core.package_identification:_identify(install) by extensions ['ignore', 'ignore_ament_install']
[0.276s] Level 1:colcon.colcon_core.package_identification:_identify(install) by extension 'ignore'
[0.276s] Level 1:colcon.colcon_core.package_identification:_identify(install) ignored
[0.276s] Level 1:colcon.colcon_core.package_identification:_identify(log) by extensions ['ignore', 'ignore_ament_install']
[0.276s] Level 1:colcon.colcon_core.package_identification:_identify(log) by extension 'ignore'
[0.276s] Level 1:colcon.colcon_core.package_identification:_identify(log) ignored
[0.276s] Level 1:colcon.colcon_core.package_identification:_identify(src) by extensions ['ignore', 'ignore_ament_install']
[0.276s] Level 1:colcon.colcon_core.package_identification:_identify(src) by extension 'ignore'
[0.276s] Level 1:colcon.colcon_core.package_identification:_identify(src) by extension 'ignore_ament_install'
[0.276s] Level 1:colcon.colcon_core.package_identification:_identify(src) by extensions ['colcon_pkg']
[0.276s] Level 1:colcon.colcon_core.package_identification:_identify(src) by extension 'colcon_pkg'
[0.276s] Level 1:colcon.colcon_core.package_identification:_identify(src) by extensions ['colcon_meta']
[0.276s] Level 1:colcon.colcon_core.package_identification:_identify(src) by extension 'colcon_meta'
[0.276s] Level 1:colcon.colcon_core.package_identification:_identify(src) by extensions ['ros']
[0.276s] Level 1:colcon.colcon_core.package_identification:_identify(src) by extension 'ros'
[0.276s] Level 1:colcon.colcon_core.package_identification:_identify(src) by extensions ['cmake', 'python']
[0.276s] Level 1:colcon.colcon_core.package_identification:_identify(src) by extension 'cmake'
[0.276s] Level 1:colcon.colcon_core.package_identification:_identify(src) by extension 'python'
[0.276s] Level 1:colcon.colcon_core.package_identification:_identify(src) by extensions ['python_setup_py']
[0.276s] Level 1:colcon.colcon_core.package_identification:_identify(src) by extension 'python_setup_py'
[0.276s] Level 1:colcon.colcon_core.package_identification:_identify(src/gazebo) by extensions ['ignore', 'ignore_ament_install']
[0.276s] Level 1:colcon.colcon_core.package_identification:_identify(src/gazebo) by extension 'ignore'
[0.277s] Level 1:colcon.colcon_core.package_identification:_identify(src/gazebo) by extension 'ignore_ament_install'
[0.277s] Level 1:colcon.colcon_core.package_identification:_identify(src/gazebo) by extensions ['colcon_pkg']
[0.277s] Level 1:colcon.colcon_core.package_identification:_identify(src/gazebo) by extension 'colcon_pkg'
[0.277s] Level 1:colcon.colcon_core.package_identification:_identify(src/gazebo) by extensions ['colcon_meta']
[0.277s] Level 1:colcon.colcon_core.package_identification:_identify(src/gazebo) by extension 'colcon_meta'
[0.277s] Level 1:colcon.colcon_core.package_identification:_identify(src/gazebo) by extensions ['ros']
[0.277s] Level 1:colcon.colcon_core.package_identification:_identify(src/gazebo) by extension 'ros'
[0.279s] DEBUG:colcon.colcon_core.package_identification:Package 'src/gazebo' with type 'ros.ament_cmake' and name 'gazebo'
[0.279s] Level 1:colcon.colcon_core.package_identification:_identify(src/robot_position) by extensions ['ignore', 'ignore_ament_install']
[0.279s] Level 1:colcon.colcon_core.package_identification:_identify(src/robot_position) by extension 'ignore'
[0.279s] Level 1:colcon.colcon_core.package_identification:_identify(src/robot_position) by extension 'ignore_ament_install'
[0.279s] Level 1:colcon.colcon_core.package_identification:_identify(src/robot_position) by extensions ['colcon_pkg']
[0.279s] Level 1:colcon.colcon_core.package_identification:_identify(src/robot_position) by extension 'colcon_pkg'
[0.279s] Level 1:colcon.colcon_core.package_identification:_identify(src/robot_position) by extensions ['colcon_meta']
[0.279s] Level 1:colcon.colcon_core.package_identification:_identify(src/robot_position) by extension 'colcon_meta'
[0.280s] Level 1:colcon.colcon_core.package_identification:_identify(src/robot_position) by extensions ['ros']
[0.280s] Level 1:colcon.colcon_core.package_identification:_identify(src/robot_position) by extension 'ros'
[0.280s] DEBUG:colcon.colcon_core.package_identification:Package 'src/robot_position' with type 'ros.ament_python' and name 'robot_position'
[0.280s] Level 1:colcon.colcon_core.package_identification:_identify(src/rover_navigation) by extensions ['ignore', 'ignore_ament_install']
[0.280s] Level 1:colcon.colcon_core.package_identification:_identify(src/rover_navigation) by extension 'ignore'
[0.280s] Level 1:colcon.colcon_core.package_identification:_identify(src/rover_navigation) by extension 'ignore_ament_install'
[0.280s] Level 1:colcon.colcon_core.package_identification:_identify(src/rover_navigation) by extensions ['colcon_pkg']
[0.280s] Level 1:colcon.colcon_core.package_identification:_identify(src/rover_navigation) by extension 'colcon_pkg'
[0.280s] Level 1:colcon.colcon_core.package_identification:_identify(src/rover_navigation) by extensions ['colcon_meta']
[0.280s] Level 1:colcon.colcon_core.package_identification:_identify(src/rover_navigation) by extension 'colcon_meta'
[0.280s] Level 1:colcon.colcon_core.package_identification:_identify(src/rover_navigation) by extensions ['ros']
[0.280s] Level 1:colcon.colcon_core.package_identification:_identify(src/rover_navigation) by extension 'ros'
[0.281s] DEBUG:colcon.colcon_core.package_identification:Package 'src/rover_navigation' with type 'ros.ament_cmake' and name 'rover_navigation'
[0.281s] Level 1:colcon.colcon_core.package_discovery:discover_packages(recursive) using defaults
[0.281s] Level 1:colcon.colcon_core.package_discovery:discover_packages(ignore) discover
[0.281s] Level 1:colcon.colcon_core.package_discovery:discover_packages(ignore) using defaults
[0.281s] Level 1:colcon.colcon_core.package_discovery:discover_packages(path) discover
[0.281s] Level 1:colcon.colcon_core.package_discovery:discover_packages(path) using defaults
[0.312s] Level 1:colcon.colcon_core.package_discovery:discover_packages(prefix_path) check parameters
[0.312s] Level 1:colcon.colcon_core.package_discovery:discover_packages(prefix_path) discover
[0.314s] DEBUG:colcon.colcon_installed_package_information.package_discovery:Found 349 installed packages in /opt/ros/humble
[0.316s] Level 1:colcon.colcon_core.package_discovery:discover_packages(prefix_path) using defaults
[0.357s] Level 5:colcon.colcon_core.verb:set package 'gazebo' build argument 'cmake_args' from command line to 'None'
[0.357s] Level 5:colcon.colcon_core.verb:set package 'gazebo' build argument 'cmake_target' from command line to 'None'
[0.357s] Level 5:colcon.colcon_core.verb:set package 'gazebo' build argument 'cmake_target_skip_unavailable' from command line to 'False'
[0.357s] Level 5:colcon.colcon_core.verb:set package 'gazebo' build argument 'cmake_clean_cache' from command line to 'False'
[0.357s] Level 5:colcon.colcon_core.verb:set package 'gazebo' build argument 'cmake_clean_first' from command line to 'False'
[0.357s] Level 5:colcon.colcon_core.verb:set package 'gazebo' build argument 'cmake_force_configure' from command line to 'False'
[0.357s] Level 5:colcon.colcon_core.verb:set package 'gazebo' build argument 'ament_cmake_args' from command line to 'None'
[0.357s] Level 5:colcon.colcon_core.verb:set package 'gazebo' build argument 'catkin_cmake_args' from command line to 'None'
[0.357s] Level 5:colcon.colcon_core.verb:set package 'gazebo' build argument 'catkin_skip_building_tests' from command line to 'False'
[0.357s] DEBUG:colcon.colcon_core.verb:Building package 'gazebo' with the following arguments: {'ament_cmake_args': None, 'build_base': '/home/vighneshreddy/MRM_VighneshReddy/rover_ws/build/gazebo', 'catkin_cmake_args': None, 'catkin_skip_building_tests': False, 'cmake_args': None, 'cmake_clean_cache': False, 'cmake_clean_first': False, 'cmake_force_configure': False, 'cmake_target': None, 'cmake_target_skip_unavailable': False, 'install_base': '/home/vighneshreddy/MRM_VighneshReddy/rover_ws/install/gazebo', 'merge_install': False, 'path': '/home/vighneshreddy/MRM_VighneshReddy/rover_ws/src/gazebo', 'symlink_install': False, 'test_result_base': None}
[0.357s] Level 5:colcon.colcon_core.verb:set package 'robot_position' build argument 'cmake_args' from command line to 'None'
[0.357s] Level 5:colcon.colcon_core.verb:set package 'robot_position' build argument 'cmake_target' from command line to 'None'
[0.357s] Level 5:colcon.colcon_core.verb:set package 'robot_position' build argument 'cmake_target_skip_unavailable' from command line to 'False'
[0.357s] Level 5:colcon.colcon_core.verb:set package 'robot_position' build argument 'cmake_clean_cache' from command line to 'False'
[0.357s] Level 5:colcon.colcon_core.verb:set package 'robot_position' build argument 'cmake_clean_first' from command line to 'False'
[0.357s] Level 5:colcon.colcon_core.verb:set package 'robot_position' build argument 'cmake_force_configure' from command line to 'False'
[0.357s] Level 5:colcon.colcon_core.verb:set package 'robot_position' build argument 'ament_cmake_args' from command line to 'None'
[0.357s] Level 5:colcon.colcon_core.verb:set package 'robot_position' build argument 'catkin_cmake_args' from command line to 'None'
[0.357s] Level 5:colcon.colcon_core.verb:set package 'robot_position' build argument 'catkin_skip_building_tests' from command line to 'False'
[0.357s] DEBUG:colcon.colcon_core.verb:Building package 'robot_position' with the following arguments: {'ament_cmake_args': None, 'build_base': '/home/vighneshreddy/MRM_VighneshReddy/rover_ws/build/robot_position', 'catkin_cmake_args': None, 'catkin_skip_building_tests': False, 'cmake_args': None, 'cmake_clean_cache': False, 'cmake_clean_first': False, 'cmake_force_configure': False, 'cmake_target': None, 'cmake_target_skip_unavailable': False, 'install_base': '/home/vighneshreddy/MRM_VighneshReddy/rover_ws/install/robot_position', 'merge_install': False, 'path': '/home/vighneshreddy/MRM_VighneshReddy/rover_ws/src/robot_position', 'symlink_install': False, 'test_result_base': None}
[0.358s] Level 5:colcon.colcon_core.verb:set package 'rover_navigation' build argument 'cmake_args' from command line to 'None'
[0.358s] Level 5:colcon.colcon_core.verb:set package 'rover_navigation' build argument 'cmake_target' from command line to 'None'
[0.358s] Level 5:colcon.colcon_core.verb:set package 'rover_navigation' build argument 'cmake_target_skip_unavailable' from command line to 'False'
[0.358s] Level 5:colcon.colcon_core.verb:set package 'rover_navigation' build argument 'cmake_clean_cache' from command line to 'False'
[0.358s] Level 5:colcon.colcon_core.verb:set package 'rover_navigation' build argument 'cmake_clean_first' from command line to 'False'
[0.358s] Level 5:colcon.colcon_core.verb:set package 'rover_navigation' build argument 'cmake_force_configure' from command line to 'False'
[0.358s] Level 5:colcon.colcon_core.verb:set package 'rover_navigation' build argument 'ament_cmake_args' from command line to 'None'
[0.358s] Level 5:colcon.colcon_core.verb:set package 'rover_navigation' build argument 'catkin_cmake_args' from command line to 'None'
[0.358s] Level 5:colcon.colcon_core.verb:set package 'rover_navigation' build argument 'catkin_skip_building_tests' from command line to 'False'
[0.358s] DEBUG:colcon.colcon_core.verb:Building package 'rover_navigation' with the following arguments: {'ament_cmake_args': None, 'build_base': '/home/vighneshreddy/MRM_VighneshReddy/rover_ws/build/rover_navigation', 'catkin_cmake_args': None, 'catkin_skip_building_tests': False, 'cmake_args': None, 'cmake_clean_cache': False, 'cmake_clean_first': False, 'cmake_force_configure': False, 'cmake_target': None, 'cmake_target_skip_unavailable': False, 'install_base': '/home/vighneshreddy/MRM_VighneshReddy/rover_ws/install/rover_navigation', 'merge_install': False, 'path': '/home/vighneshreddy/MRM_VighneshReddy/rover_ws/src/rover_navigation', 'symlink_install': False, 'test_result_base': None}
[0.358s] INFO:colcon.colcon_core.executor:Executing jobs using 'parallel' executor
[0.359s] DEBUG:colcon.colcon_parallel_executor.executor.parallel:run_until_complete
[0.359s] INFO:colcon.colcon_ros.task.ament_cmake.build:Building ROS package in '/home/vighneshreddy/MRM_VighneshReddy/rover_ws/src/gazebo' with build type 'ament_cmake'
[0.360s] INFO:colcon.colcon_cmake.task.cmake.build:Building CMake package in '/home/vighneshreddy/MRM_VighneshReddy/rover_ws/src/gazebo'
[0.361s] INFO:colcon.colcon_core.plugin_system:Skipping extension 'colcon_core.shell.bat': Not used on non-Windows systems
[0.362s] INFO:colcon.colcon_core.shell:Skip shell extension 'powershell' for command environment: Not usable outside of PowerShell
[0.362s] DEBUG:colcon.colcon_core.shell:Skip shell extension 'dsv' for command environment
[0.365s] INFO:colcon.colcon_ros.task.ament_python.build:Building ROS package in '/home/vighneshreddy/MRM_VighneshReddy/rover_ws/src/robot_position' with build type 'ament_python'
[0.365s] Level 1:colcon.colcon_core.shell:create_environment_hook('robot_position', 'ament_prefix_path')
[0.365s] INFO:colcon.colcon_core.shell:Creating environment hook '/home/vighneshreddy/MRM_VighneshReddy/rover_ws/install/robot_position/share/robot_position/hook/ament_prefix_path.ps1'
[0.366s] INFO:colcon.colcon_core.shell:Creating environment descriptor '/home/vighneshreddy/MRM_VighneshReddy/rover_ws/install/robot_position/share/robot_position/hook/ament_prefix_path.dsv'
[0.366s] INFO:colcon.colcon_core.shell:Creating environment hook '/home/vighneshreddy/MRM_VighneshReddy/rover_ws/install/robot_position/share/robot_position/hook/ament_prefix_path.sh'
[0.367s] INFO:colcon.colcon_core.shell:Skip shell extension 'powershell' for command environment: Not usable outside of PowerShell
[0.367s] DEBUG:colcon.colcon_core.shell:Skip shell extension 'dsv' for command environment
[0.369s] INFO:colcon.colcon_ros.task.ament_cmake.build:Building ROS package in '/home/vighneshreddy/MRM_VighneshReddy/rover_ws/src/rover_navigation' with build type 'ament_cmake'
[0.369s] INFO:colcon.colcon_cmake.task.cmake.build:Building CMake package in '/home/vighneshreddy/MRM_VighneshReddy/rover_ws/src/rover_navigation'
[0.370s] INFO:colcon.colcon_core.shell:Skip shell extension 'powershell' for command environment: Not usable outside of PowerShell
[0.370s] DEBUG:colcon.colcon_core.shell:Skip shell extension 'dsv' for command environment
[0.376s] DEBUG:colcon.colcon_core.event_handler.log_command:Invoking command in '/home/vighneshreddy/MRM_VighneshReddy/rover_ws/build/gazebo': /usr/bin/cmake /home/vighneshreddy/MRM_VighneshReddy/rover_ws/src/gazebo -DCMAKE_INSTALL_PREFIX=/home/vighneshreddy/MRM_VighneshReddy/rover_ws/install/gazebo
[0.640s] WARNING:colcon.colcon_ros.task.ament_python.build:Package 'robot_position' doesn't explicitly install a marker in the package index (colcon-ros currently does it implicitly but that fallback will be removed in the future)
[0.641s] WARNING:colcon.colcon_ros.task.ament_python.build:Package 'robot_position' doesn't explicitly install the 'package.xml' file (colcon-ros currently does it implicitly but that fallback will be removed in the future)
[0.641s] INFO:colcon.colcon_core.task.python.build:Building Python package in '/home/vighneshreddy/MRM_VighneshReddy/rover_ws/src/robot_position'
[0.641s] INFO:colcon.colcon_core.shell:Skip shell extension 'powershell' for command environment: Not usable outside of PowerShell
[0.641s] DEBUG:colcon.colcon_core.shell:Skip shell extension 'dsv' for command environment
[0.652s] DEBUG:colcon.colcon_core.event_handler.log_command:Invoking command in '/home/vighneshreddy/MRM_VighneshReddy/rover_ws/build/rover_navigation': /usr/bin/cmake /home/vighneshreddy/MRM_VighneshReddy/rover_ws/src/rover_navigation -DCMAKE_INSTALL_PREFIX=/home/vighneshreddy/MRM_VighneshReddy/rover_ws/install/rover_navigation
[1.026s] DEBUG:colcon.colcon_core.event_handler.log_command:Invoking command in '/home/vighneshreddy/MRM_VighneshReddy/rover_ws/src/robot_position': PYTHONPATH=/home/vighneshreddy/MRM_VighneshReddy/rover_ws/build/robot_position/prefix_override:/usr/lib/python3/dist-packages/colcon_core/task/python/colcon_distutils_commands:/home/vighneshreddy/MRM_VighneshReddy/rover_ws/install/robot_position/lib/python3.10/site-packages:${PYTHONPATH} /usr/bin/python3 -W ignore:setup.py install is deprecated -W ignore:easy_install command is deprecated setup.py egg_info --egg-base ../../build/robot_position build --build-base /home/vighneshreddy/MRM_VighneshReddy/rover_ws/build/robot_position/build install --record /home/vighneshreddy/MRM_VighneshReddy/rover_ws/build/robot_position/install.log --single-version-externally-managed install_data
[1.332s] DEBUG:colcon.colcon_core.event_handler.log_command:Invoked command in '/home/vighneshreddy/MRM_VighneshReddy/rover_ws/src/robot_position' returned '0': PYTHONPATH=/home/vighneshreddy/MRM_VighneshReddy/rover_ws/build/robot_position/prefix_override:/usr/lib/python3/dist-packages/colcon_core/task/python/colcon_distutils_commands:/home/vighneshreddy/MRM_VighneshReddy/rover_ws/install/robot_position/lib/python3.10/site-packages:${PYTHONPATH} /usr/bin/python3 -W ignore:setup.py install is deprecated -W ignore:easy_install command is deprecated setup.py egg_info --egg-base ../../build/robot_position build --build-base /home/vighneshreddy/MRM_VighneshReddy/rover_ws/build/robot_position/build install --record /home/vighneshreddy/MRM_VighneshReddy/rover_ws/build/robot_position/install.log --single-version-externally-managed install_data
[1.336s] Level 1:colcon.colcon_core.environment:checking '/home/vighneshreddy/MRM_VighneshReddy/rover_ws/install/robot_position' for CMake module files
[1.336s] Level 1:colcon.colcon_core.environment:checking '/home/vighneshreddy/MRM_VighneshReddy/rover_ws/install/robot_position' for CMake config files
[1.337s] Level 1:colcon.colcon_core.environment:checking '/home/vighneshreddy/MRM_VighneshReddy/rover_ws/install/robot_position/lib'
[1.338s] Level 1:colcon.colcon_core.environment:checking '/home/vighneshreddy/MRM_VighneshReddy/rover_ws/install/robot_position/bin'
[1.338s] Level 1:colcon.colcon_core.environment:checking '/home/vighneshreddy/MRM_VighneshReddy/rover_ws/install/robot_position/lib/pkgconfig/robot_position.pc'
[1.338s] Level 1:colcon.colcon_core.environment:checking '/home/vighneshreddy/MRM_VighneshReddy/rover_ws/install/robot_position/lib/python3.10/site-packages'
[1.338s] Level 1:colcon.colcon_core.shell:create_environment_hook('robot_position', 'pythonpath')
[1.339s] INFO:colcon.colcon_core.shell:Creating environment hook '/home/vighneshreddy/MRM_VighneshReddy/rover_ws/install/robot_position/share/robot_position/hook/pythonpath.ps1'
[1.339s] INFO:colcon.colcon_core.shell:Creating environment descriptor '/home/vighneshreddy/MRM_VighneshReddy/rover_ws/install/robot_position/share/robot_position/hook/pythonpath.dsv'
[1.340s] INFO:colcon.colcon_core.shell:Creating environment hook '/home/vighneshreddy/MRM_VighneshReddy/rover_ws/install/robot_position/share/robot_position/hook/pythonpath.sh'
[1.340s] Level 1:colcon.colcon_core.environment:checking '/home/vighneshreddy/MRM_VighneshReddy/rover_ws/install/robot_position/bin'
[1.340s] Level 1:colcon.colcon_core.environment:create_environment_scripts_only(robot_position)
[1.341s] INFO:colcon.colcon_core.shell:Creating package script '/home/vighneshreddy/MRM_VighneshReddy/rover_ws/install/robot_position/share/robot_position/package.ps1'
[1.342s] INFO:colcon.colcon_core.shell:Creating package descriptor '/home/vighneshreddy/MRM_VighneshReddy/rover_ws/install/robot_position/share/robot_position/package.dsv'
[1.342s] INFO:colcon.colcon_core.shell:Creating package script '/home/vighneshreddy/MRM_VighneshReddy/rover_ws/install/robot_position/share/robot_position/package.sh'
[1.343s] INFO:colcon.colcon_core.shell:Creating package script '/home/vighneshreddy/MRM_VighneshReddy/rover_ws/install/robot_position/share/robot_position/package.bash'
[1.344s] INFO:colcon.colcon_core.shell:Creating package script '/home/vighneshreddy/MRM_VighneshReddy/rover_ws/install/robot_position/share/robot_position/package.zsh'
[1.344s] Level 1:colcon.colcon_core.environment:create_file_with_runtime_dependencies(/home/vighneshreddy/MRM_VighneshReddy/rover_ws/install/robot_position/share/colcon-core/packages/robot_position)
[2.150s] DEBUG:colcon.colcon_core.event_handler.log_command:Invoked command in '/home/vighneshreddy/MRM_VighneshReddy/rover_ws/build/rover_navigation' returned '0': /usr/bin/cmake /home/vighneshreddy/MRM_VighneshReddy/rover_ws/src/rover_navigation -DCMAKE_INSTALL_PREFIX=/home/vighneshreddy/MRM_VighneshReddy/rover_ws/install/rover_navigation
[2.150s] DEBUG:colcon.colcon_core.event_handler.log_command:Invoking command in '/home/vighneshreddy/MRM_VighneshReddy/rover_ws/build/rover_navigation': /usr/bin/cmake --build /home/vighneshreddy/MRM_VighneshReddy/rover_ws/build/rover_navigation -- -j22 -l22
[2.855s] DEBUG:colcon.colcon_core.event_handler.log_command:Invoked command in '/home/vighneshreddy/MRM_VighneshReddy/rover_ws/build/gazebo' returned '0': /usr/bin/cmake /home/vighneshreddy/MRM_VighneshReddy/rover_ws/src/gazebo -DCMAKE_INSTALL_PREFIX=/home/vighneshreddy/MRM_VighneshReddy/rover_ws/install/gazebo
[2.856s] DEBUG:colcon.colcon_core.event_handler.log_command:Invoking command in '/home/vighneshreddy/MRM_VighneshReddy/rover_ws/build/gazebo': /usr/bin/cmake --build /home/vighneshreddy/MRM_VighneshReddy/rover_ws/build/gazebo -- -j22 -l22
[2.921s] DEBUG:colcon.colcon_core.event_handler.log_command:Invoked command in '/home/vighneshreddy/MRM_VighneshReddy/rover_ws/build/gazebo' returned '0': /usr/bin/cmake --build /home/vighneshreddy/MRM_VighneshReddy/rover_ws/build/gazebo -- -j22 -l22
[2.935s] DEBUG:colcon.colcon_core.event_handler.log_command:Invoking command in '/home/vighneshreddy/MRM_VighneshReddy/rover_ws/build/gazebo': /usr/bin/cmake --install /home/vighneshreddy/MRM_VighneshReddy/rover_ws/build/gazebo
[2.953s] Level 1:colcon.colcon_core.environment:create_environment_scripts_only(gazebo)
[2.954s] Level 1:colcon.colcon_core.environment:checking '/home/vighneshreddy/MRM_VighneshReddy/rover_ws/install/gazebo' for CMake module files
[2.955s] DEBUG:colcon.colcon_core.event_handler.log_command:Invoked command in '/home/vighneshreddy/MRM_VighneshReddy/rover_ws/build/gazebo' returned '0': /usr/bin/cmake --install /home/vighneshreddy/MRM_VighneshReddy/rover_ws/build/gazebo
[2.955s] Level 1:colcon.colcon_core.environment:checking '/home/vighneshreddy/MRM_VighneshReddy/rover_ws/install/gazebo' for CMake config files
[2.955s] Level 1:colcon.colcon_core.shell:create_environment_hook('gazebo', 'cmake_prefix_path')
[2.955s] INFO:colcon.colcon_core.shell:Creating environment hook '/home/vighneshreddy/MRM_VighneshReddy/rover_ws/install/gazebo/share/gazebo/hook/cmake_prefix_path.ps1'
[2.956s] INFO:colcon.colcon_core.shell:Creating environment descriptor '/home/vighneshreddy/MRM_VighneshReddy/rover_ws/install/gazebo/share/gazebo/hook/cmake_prefix_path.dsv'
[2.956s] INFO:colcon.colcon_core.shell:Creating environment hook '/home/vighneshreddy/MRM_VighneshReddy/rover_ws/install/gazebo/share/gazebo/hook/cmake_prefix_path.sh'
[2.957s] Level 1:colcon.colcon_core.environment:checking '/home/vighneshreddy/MRM_VighneshReddy/rover_ws/install/gazebo/lib'
[2.957s] Level 1:colcon.colcon_core.environment:checking '/home/vighneshreddy/MRM_VighneshReddy/rover_ws/install/gazebo/bin'
[2.957s] Level 1:colcon.colcon_core.environment:checking '/home/vighneshreddy/MRM_VighneshReddy/rover_ws/install/gazebo/lib/pkgconfig/gazebo.pc'
[2.958s] Level 1:colcon.colcon_core.environment:checking '/home/vighneshreddy/MRM_VighneshReddy/rover_ws/install/gazebo/lib/python3.10/site-packages'
[2.958s] Level 1:colcon.colcon_core.environment:checking '/home/vighneshreddy/MRM_VighneshReddy/rover_ws/install/gazebo/bin'
[2.958s] INFO:colcon.colcon_core.shell:Creating package script '/home/vighneshreddy/MRM_VighneshReddy/rover_ws/install/gazebo/share/gazebo/package.ps1'
[2.959s] INFO:colcon.colcon_core.shell:Creating package descriptor '/home/vighneshreddy/MRM_VighneshReddy/rover_ws/install/gazebo/share/gazebo/package.dsv'
[2.959s] INFO:colcon.colcon_core.shell:Creating package script '/home/vighneshreddy/MRM_VighneshReddy/rover_ws/install/gazebo/share/gazebo/package.sh'
[2.960s] INFO:colcon.colcon_core.shell:Creating package script '/home/vighneshreddy/MRM_VighneshReddy/rover_ws/install/gazebo/share/gazebo/package.bash'
[2.960s] INFO:colcon.colcon_core.shell:Creating package script '/home/vighneshreddy/MRM_VighneshReddy/rover_ws/install/gazebo/share/gazebo/package.zsh'
[2.961s] Level 1:colcon.colcon_core.environment:create_file_with_runtime_dependencies(/home/vighneshreddy/MRM_VighneshReddy/rover_ws/install/gazebo/share/colcon-core/packages/gazebo)
[2.961s] Level 1:colcon.colcon_core.environment:create_environment_scripts_only(gazebo)
[2.962s] Level 1:colcon.colcon_core.environment:checking '/home/vighneshreddy/MRM_VighneshReddy/rover_ws/install/gazebo' for CMake module files
[2.962s] Level 1:colcon.colcon_core.environment:checking '/home/vighneshreddy/MRM_VighneshReddy/rover_ws/install/gazebo' for CMake config files
[2.962s] Level 1:colcon.colcon_core.shell:create_environment_hook('gazebo', 'cmake_prefix_path')
[2.963s] INFO:colcon.colcon_core.shell:Creating environment hook '/home/vighneshreddy/MRM_VighneshReddy/rover_ws/install/gazebo/share/gazebo/hook/cmake_prefix_path.ps1'
[2.963s] INFO:colcon.colcon_core.shell:Creating environment descriptor '/home/vighneshreddy/MRM_VighneshReddy/rover_ws/install/gazebo/share/gazebo/hook/cmake_prefix_path.dsv'
[2.964s] INFO:colcon.colcon_core.shell:Creating environment hook '/home/vighneshreddy/MRM_VighneshReddy/rover_ws/install/gazebo/share/gazebo/hook/cmake_prefix_path.sh'
[2.964s] Level 1:colcon.colcon_core.environment:checking '/home/vighneshreddy/MRM_VighneshReddy/rover_ws/install/gazebo/lib'
[2.964s] Level 1:colcon.colcon_core.environment:checking '/home/vighneshreddy/MRM_VighneshReddy/rover_ws/install/gazebo/bin'
[2.964s] Level 1:colcon.colcon_core.environment:checking '/home/vighneshreddy/MRM_VighneshReddy/rover_ws/install/gazebo/lib/pkgconfig/gazebo.pc'
[2.965s] Level 1:colcon.colcon_core.environment:checking '/home/vighneshreddy/MRM_VighneshReddy/rover_ws/install/gazebo/lib/python3.10/site-packages'
[2.965s] Level 1:colcon.colcon_core.environment:checking '/home/vighneshreddy/MRM_VighneshReddy/rover_ws/install/gazebo/bin'
[2.965s] INFO:colcon.colcon_core.shell:Creating package script '/home/vighneshreddy/MRM_VighneshReddy/rover_ws/install/gazebo/share/gazebo/package.ps1'
[2.966s] INFO:colcon.colcon_core.shell:Creating package descriptor '/home/vighneshreddy/MRM_VighneshReddy/rover_ws/install/gazebo/share/gazebo/package.dsv'
[2.966s] INFO:colcon.colcon_core.shell:Creating package script '/home/vighneshreddy/MRM_VighneshReddy/rover_ws/install/gazebo/share/gazebo/package.sh'
[2.967s] INFO:colcon.colcon_core.shell:Creating package script '/home/vighneshreddy/MRM_VighneshReddy/rover_ws/install/gazebo/share/gazebo/package.bash'
[2.967s] INFO:colcon.colcon_core.shell:Creating package script '/home/vighneshreddy/MRM_VighneshReddy/rover_ws/install/gazebo/share/gazebo/package.zsh'
[2.968s] Level 1:colcon.colcon_core.environment:create_file_with_runtime_dependencies(/home/vighneshreddy/MRM_VighneshReddy/rover_ws/install/gazebo/share/colcon-core/packages/gazebo)
[12.120s] DEBUG:colcon.colcon_core.event_handler.log_command:Invoked command in '/home/vighneshreddy/MRM_VighneshReddy/rover_ws/build/rover_navigation' returned '0': /usr/bin/cmake --build /home/vighneshreddy/MRM_VighneshReddy/rover_ws/build/rover_navigation -- -j22 -l22
[12.122s] DEBUG:colcon.colcon_core.event_handler.log_command:Invoking command in '/home/vighneshreddy/MRM_VighneshReddy/rover_ws/build/rover_navigation': /usr/bin/cmake --install /home/vighneshreddy/MRM_VighneshReddy/rover_ws/build/rover_navigation
[12.141s] Level 1:colcon.colcon_core.environment:create_environment_scripts_only(rover_navigation)
[12.141s] Level 1:colcon.colcon_core.environment:checking '/home/vighneshreddy/MRM_VighneshReddy/rover_ws/install/rover_navigation' for CMake module files
[12.142s] DEBUG:colcon.colcon_core.event_handler.log_command:Invoked command in '/home/vighneshreddy/MRM_VighneshReddy/rover_ws/build/rover_navigation' returned '0': /usr/bin/cmake --install /home/vighneshreddy/MRM_VighneshReddy/rover_ws/build/rover_navigation
[12.142s] Level 1:colcon.colcon_core.environment:checking '/home/vighneshreddy/MRM_VighneshReddy/rover_ws/install/rover_navigation' for CMake config files
[12.143s] Level 1:colcon.colcon_core.shell:create_environment_hook('rover_navigation', 'cmake_prefix_path')
[12.143s] INFO:colcon.colcon_core.shell:Creating environment hook '/home/vighneshreddy/MRM_VighneshReddy/rover_ws/install/rover_navigation/share/rover_navigation/hook/cmake_prefix_path.ps1'
[12.144s] INFO:colcon.colcon_core.shell:Creating environment descriptor '/home/vighneshreddy/MRM_VighneshReddy/rover_ws/install/rover_navigation/share/rover_navigation/hook/cmake_prefix_path.dsv'
[12.144s] INFO:colcon.colcon_core.shell:Creating environment hook '/home/vighneshreddy/MRM_VighneshReddy/rover_ws/install/rover_navigation/share/rover_navigation/hook/cmake_prefix_path.sh'
[12.145s] Level 1:colcon.colcon_core.environment:checking '/home/vighneshreddy/MRM_VighneshReddy/rover_ws/install/rover_navigation/lib'
[12.145s] Level 1:colcon.colcon_core.environment:checking '/home/vighneshreddy/MRM_VighneshReddy/rover_ws/install/rover_navigation/bin'
[12.145s] Level 1:colcon.colcon_core.environment:checking '/home/vighneshreddy/MRM_VighneshReddy/rover_ws/install/rover_navigation/lib/pkgconfig/rover_navigation.pc'
[12.145s] Level 1:colcon.colcon_core.environment:checking '/home/vighneshreddy/MRM_VighneshReddy/rover_ws/install/rover_navigation/lib/python3.10/site-packages'
[12.145s] Level 1:colcon.colcon_core.environment:checking '/home/vighneshreddy/MRM_VighneshReddy/rover_ws/install/rover_navigation/bin'
[12.146s] INFO:colcon.colcon_core.shell:Creating package script '/home/vighneshreddy/MRM_VighneshReddy/rover_ws/install/rover_navigation/share/rover_navigation/package.ps1'
[12.146s] INFO:colcon.colcon_core.shell:Creating package descriptor '/home/vighneshreddy/MRM_VighneshReddy/rover_ws/install/rover_navigation/share/rover_navigation/package.dsv'
[12.147s] INFO:colcon.colcon_core.shell:Creating package script '/home/vighneshreddy/MRM_VighneshReddy/rover_ws/install/rover_navigation/share/rover_navigation/package.sh'
[12.147s] INFO:colcon.colcon_core.shell:Creating package script '/home/vighneshreddy/MRM_VighneshReddy/rover_ws/install/rover_navigation/share/rover_navigation/package.bash'
[12.147s] INFO:colcon.colcon_core.shell:Creating package script '/home/vighneshreddy/MRM_VighneshReddy/rover_ws/install/rover_navigation/share/rover_navigation/package.zsh'
[12.148s] Level 1:colcon.colcon_core.environment:create_file_with_runtime_dependencies(/home/vighneshreddy/MRM_VighneshReddy/rover_ws/install/rover_navigation/share/colcon-core/packages/rover_navigation)
[12.148s] Level 1:colcon.colcon_core.environment:create_environment_scripts_only(rover_navigation)
[12.149s] Level 1:colcon.colcon_core.environment:checking '/home/vighneshreddy/MRM_VighneshReddy/rover_ws/install/rover_navigation' for CMake module files
[12.149s] Level 1:colcon.colcon_core.environment:checking '/home/vighneshreddy/MRM_VighneshReddy/rover_ws/install/rover_navigation' for CMake config files
[12.149s] Level 1:colcon.colcon_core.shell:create_environment_hook('rover_navigation', 'cmake_prefix_path')
[12.149s] INFO:colcon.colcon_core.shell:Creating environment hook '/home/vighneshreddy/MRM_VighneshReddy/rover_ws/install/rover_navigation/share/rover_navigation/hook/cmake_prefix_path.ps1'
[12.150s] INFO:colcon.colcon_core.shell:Creating environment descriptor '/home/vighneshreddy/MRM_VighneshReddy/rover_ws/install/rover_navigation/share/rover_navigation/hook/cmake_prefix_path.dsv'
[12.150s] INFO:colcon.colcon_core.shell:Creating environment hook '/home/vighneshreddy/MRM_VighneshReddy/rover_ws/install/rover_navigation/share/rover_navigation/hook/cmake_prefix_path.sh'
[12.151s] Level 1:colcon.colcon_core.environment:checking '/home/vighneshreddy/MRM_VighneshReddy/rover_ws/install/rover_navigation/lib'
[12.151s] Level 1:colcon.colcon_core.environment:checking '/home/vighneshreddy/MRM_VighneshReddy/rover_ws/install/rover_navigation/bin'
[12.151s] Level 1:colcon.colcon_core.environment:checking '/home/vighneshreddy/MRM_VighneshReddy/rover_ws/install/rover_navigation/lib/pkgconfig/rover_navigation.pc'
[12.151s] Level 1:colcon.colcon_core.environment:checking '/home/vighneshreddy/MRM_VighneshReddy/rover_ws/install/rover_navigation/lib/python3.10/site-packages'
[12.152s] Level 1:colcon.colcon_core.environment:checking '/home/vighneshreddy/MRM_VighneshReddy/rover_ws/install/rover_navigation/bin'
[12.152s] INFO:colcon.colcon_core.shell:Creating package script '/home/vighneshreddy/MRM_VighneshReddy/rover_ws/install/rover_navigation/share/rover_navigation/package.ps1'
[12.152s] INFO:colcon.colcon_core.shell:Creating package descriptor '/home/vighneshreddy/MRM_VighneshReddy/rover_ws/install/rover_navigation/share/rover_navigation/package.dsv'
[12.153s] INFO:colcon.colcon_core.shell:Creating package script '/home/vighneshreddy/MRM_VighneshReddy/rover_ws/install/rover_navigation/share/rover_navigation/package.sh'
[12.153s] INFO:colcon.colcon_core.shell:Creating package script '/home/vighneshreddy/MRM_VighneshReddy/rover_ws/install/rover_navigation/share/rover_navigation/package.bash'
[12.154s] INFO:colcon.colcon_core.shell:Creating package script '/home/vighneshreddy/MRM_VighneshReddy/rover_ws/install/rover_navigation/share/rover_navigation/package.zsh'
[12.154s] Level 1:colcon.colcon_core.environment:create_file_with_runtime_dependencies(/home/vighneshreddy/MRM_VighneshReddy/rover_ws/install/rover_navigation/share/colcon-core/packages/rover_navigation)
[12.155s] DEBUG:colcon.colcon_parallel_executor.executor.parallel:closing loop
[12.155s] DEBUG:colcon.colcon_parallel_executor.executor.parallel:loop closed
[12.155s] DEBUG:colcon.colcon_parallel_executor.executor.parallel:run_until_complete finished with '0'
[12.155s] DEBUG:colcon.colcon_core.event_reactor:joining thread
[12.162s] INFO:colcon.colcon_core.plugin_system:Skipping extension 'colcon_notification.desktop_notification.terminal_notifier': Not used on non-Darwin systems
[12.162s] INFO:colcon.colcon_core.plugin_system:Skipping extension 'colcon_notification.desktop_notification.win32': Not used on non-Windows systems
[12.162s] INFO:colcon.colcon_notification.desktop_notification:Sending desktop notification using 'notify2'
[12.179s] DEBUG:colcon.colcon_core.event_reactor:joined thread
[12.179s] INFO:colcon.colcon_core.shell:Creating prefix script '/home/vighneshreddy/MRM_VighneshReddy/rover_ws/install/local_setup.ps1'
[12.181s] INFO:colcon.colcon_core.shell:Creating prefix util module '/home/vighneshreddy/MRM_VighneshReddy/rover_ws/install/_local_setup_util_ps1.py'
[12.182s] INFO:colcon.colcon_core.shell:Creating prefix chain script '/home/vighneshreddy/MRM_VighneshReddy/rover_ws/install/setup.ps1'
[12.183s] INFO:colcon.colcon_core.shell:Creating prefix script '/home/vighneshreddy/MRM_VighneshReddy/rover_ws/install/local_setup.sh'
[12.184s] INFO:colcon.colcon_core.shell:Creating prefix util module '/home/vighneshreddy/MRM_VighneshReddy/rover_ws/install/_local_setup_util_sh.py'
[12.185s] INFO:colcon.colcon_core.shell:Creating prefix chain script '/home/vighneshreddy/MRM_VighneshReddy/rover_ws/install/setup.sh'
[12.186s] INFO:colcon.colcon_core.shell:Creating prefix script '/home/vighneshreddy/MRM_VighneshReddy/rover_ws/install/local_setup.bash'
[12.186s] INFO:colcon.colcon_core.shell:Creating prefix chain script '/home/vighneshreddy/MRM_VighneshReddy/rover_ws/install/setup.bash'
[12.187s] INFO:colcon.colcon_core.shell:Creating prefix script '/home/vighneshreddy/MRM_VighneshReddy/rover_ws/install/local_setup.zsh'
[12.188s] INFO:colcon.colcon_core.shell:Creating prefix chain script '/home/vighneshreddy/MRM_VighneshReddy/rover_ws/install/setup.zsh'
