[0.009s] Invoking command in '/home/vighneshreddy/MRM_VighneshReddy/rover_ws/build/robot': CMAKE_PREFIX_PATH=/opt/ros/humble /usr/bin/cmake --build /home/vighneshreddy/MRM_VighneshReddy/rover_ws/build/robot -- -j22 -l22
[0.044s] [35m[1mConsolidate compiler generated dependencies of target navigation_node[0m
[0.045s] [35m[1mConsolidate compiler generated dependencies of target pcloa[0m
[0.045s] [35m[1mConsolidate compiler generated dependencies of target pointcloud_preprocessor_node[0m
[0.047s] [35m[1mConsolidate compiler generated dependencies of target compass_node[0m
[0.057s] [ 25%] Built target navigation_node
[0.061s] [ 50%] Built target compass_node
[0.062s] [ 75%] Built target pcloa
[0.063s] [100%] Built target pointcloud_preprocessor_node
[0.073s] Invoked command in '/home/vighneshreddy/MRM_VighneshReddy/rover_ws/build/robot' returned '0': CMAKE_PREFIX_PATH=/opt/ros/humble /usr/bin/cmake --build /home/vighneshreddy/MRM_VighneshReddy/rover_ws/build/robot -- -j22 -l22
[0.082s] Invoking command in '/home/vighneshreddy/MRM_VighneshReddy/rover_ws/build/robot': CMAKE_PREFIX_PATH=/opt/ros/humble /usr/bin/cmake --install /home/vighneshreddy/MRM_VighneshReddy/rover_ws/build/robot
[0.086s] -- Install configuration: ""
[0.086s] -- Up-to-date: /home/vighneshreddy/MRM_VighneshReddy/rover_ws/install/robot/lib/robot/imu_receiver.py
[0.086s] -- Up-to-date: /home/vighneshreddy/MRM_VighneshReddy/rover_ws/install/robot/lib/robot/navigation_node
[0.086s] -- Up-to-date: /home/vighneshreddy/MRM_VighneshReddy/rover_ws/install/robot/lib/robot/pointcloud_preprocessor_node
[0.086s] -- Up-to-date: /home/vighneshreddy/MRM_VighneshReddy/rover_ws/install/robot/lib/robot/pcloa
[0.086s] -- Up-to-date: /home/vighneshreddy/MRM_VighneshReddy/rover_ws/install/robot/lib/robot/compass_node
[0.086s] -- Up-to-date: /home/vighneshreddy/MRM_VighneshReddy/rover_ws/install/robot/share/robot//launch
[0.087s] -- Up-to-date: /home/vighneshreddy/MRM_VighneshReddy/rover_ws/install/robot/share/robot//launch/display.launch.py
[0.087s] -- Up-to-date: /home/vighneshreddy/MRM_VighneshReddy/rover_ws/install/robot/share/robot//launch/octomap_launch.py
[0.087s] -- Up-to-date: /home/vighneshreddy/MRM_VighneshReddy/rover_ws/install/robot/share/robot//launch/gazebo.launch.py
[0.087s] -- Up-to-date: /home/vighneshreddy/MRM_VighneshReddy/rover_ws/install/robot/share/robot//launch/nav2_launch.py
[0.087s] -- Up-to-date: /home/vighneshreddy/MRM_VighneshReddy/rover_ws/install/robot/share/robot//launch/rtabmap.launch.py
[0.087s] -- Up-to-date: /home/vighneshreddy/MRM_VighneshReddy/rover_ws/install/robot/share/robot//launch/robot.launch.py
[0.087s] -- Up-to-date: /home/vighneshreddy/MRM_VighneshReddy/rover_ws/install/robot/share/robot//launch/cartographer.launch.py
[0.087s] -- Up-to-date: /home/vighneshreddy/MRM_VighneshReddy/rover_ws/install/robot/share/robot//urdf
[0.087s] -- Up-to-date: /home/vighneshreddy/MRM_VighneshReddy/rover_ws/install/robot/share/robot//urdf/material.xacro
[0.087s] -- Up-to-date: /home/vighneshreddy/MRM_VighneshReddy/rover_ws/install/robot/share/robot//urdf/stereo.xacro
[0.087s] -- Up-to-date: /home/vighneshreddy/MRM_VighneshReddy/rover_ws/install/robot/share/robot//urdf/robot.urdf.xacro
[0.087s] -- Up-to-date: /home/vighneshreddy/MRM_VighneshReddy/rover_ws/install/robot/share/robot//urdf/gps.xacro
[0.087s] -- Up-to-date: /home/vighneshreddy/MRM_VighneshReddy/rover_ws/install/robot/share/robot//urdf/lidar.xacro
[0.087s] -- Up-to-date: /home/vighneshreddy/MRM_VighneshReddy/rover_ws/install/robot/share/robot//urdf/inertial.xacro
[0.087s] -- Up-to-date: /home/vighneshreddy/MRM_VighneshReddy/rover_ws/install/robot/share/robot//urdf/imu.xacro
[0.087s] -- Up-to-date: /home/vighneshreddy/MRM_VighneshReddy/rover_ws/install/robot/share/robot//urdf/cam.xacro
[0.087s] -- Up-to-date: /home/vighneshreddy/MRM_VighneshReddy/rover_ws/install/robot/share/robot//rviz
[0.087s] -- Up-to-date: /home/vighneshreddy/MRM_VighneshReddy/rover_ws/install/robot/share/robot//rviz/config.rviz
[0.088s] -- Up-to-date: /home/vighneshreddy/MRM_VighneshReddy/rover_ws/install/robot/share/robot//rviz/nav2_slam_config.rviz
[0.088s] -- Up-to-date: /home/vighneshreddy/MRM_VighneshReddy/rover_ws/install/robot/share/robot//config
[0.088s] -- Up-to-date: /home/vighneshreddy/MRM_VighneshReddy/rover_ws/install/robot/share/robot//config/cartographer_2d.lua
[0.088s] -- Up-to-date: /home/vighneshreddy/MRM_VighneshReddy/rover_ws/install/robot/share/robot//config/rtabmap_config.yaml
[0.088s] -- Up-to-date: /home/vighneshreddy/MRM_VighneshReddy/rover_ws/install/robot/share/robot//config/octomap.yaml
[0.088s] -- Up-to-date: /home/vighneshreddy/MRM_VighneshReddy/rover_ws/install/robot/share/robot//config/rtabmap_launch.yaml
[0.088s] -- Up-to-date: /home/vighneshreddy/MRM_VighneshReddy/rover_ws/install/robot/share/robot//config/slam_toolbox_params.yaml
[0.088s] -- Up-to-date: /home/vighneshreddy/MRM_VighneshReddy/rover_ws/install/robot/share/robot//config/cartographer_ros_config.yaml
[0.088s] -- Up-to-date: /home/vighneshreddy/MRM_VighneshReddy/rover_ws/install/robot/share/robot//config/nav2_params.yaml
[0.088s] -- Up-to-date: /home/vighneshreddy/MRM_VighneshReddy/rover_ws/install/robot/share/ament_index/resource_index/package_run_dependencies/robot
[0.088s] -- Up-to-date: /home/vighneshreddy/MRM_VighneshReddy/rover_ws/install/robot/share/ament_index/resource_index/parent_prefix_path/robot
[0.088s] -- Up-to-date: /home/vighneshreddy/MRM_VighneshReddy/rover_ws/install/robot/share/robot/environment/ament_prefix_path.sh
[0.088s] -- Up-to-date: /home/vighneshreddy/MRM_VighneshReddy/rover_ws/install/robot/share/robot/environment/ament_prefix_path.dsv
[0.088s] -- Up-to-date: /home/vighneshreddy/MRM_VighneshReddy/rover_ws/install/robot/share/robot/environment/path.sh
[0.088s] -- Up-to-date: /home/vighneshreddy/MRM_VighneshReddy/rover_ws/install/robot/share/robot/environment/path.dsv
[0.088s] -- Up-to-date: /home/vighneshreddy/MRM_VighneshReddy/rover_ws/install/robot/share/robot/local_setup.bash
[0.088s] -- Up-to-date: /home/vighneshreddy/MRM_VighneshReddy/rover_ws/install/robot/share/robot/local_setup.sh
[0.088s] -- Up-to-date: /home/vighneshreddy/MRM_VighneshReddy/rover_ws/install/robot/share/robot/local_setup.zsh
[0.088s] -- Up-to-date: /home/vighneshreddy/MRM_VighneshReddy/rover_ws/install/robot/share/robot/local_setup.dsv
[0.088s] -- Installing: /home/vighneshreddy/MRM_VighneshReddy/rover_ws/install/robot/share/robot/package.dsv
[0.088s] -- Up-to-date: /home/vighneshreddy/MRM_VighneshReddy/rover_ws/install/robot/share/ament_index/resource_index/packages/robot
[0.088s] -- Up-to-date: /home/vighneshreddy/MRM_VighneshReddy/rover_ws/install/robot/share/robot/cmake/robotConfig.cmake
[0.089s] -- Up-to-date: /home/vighneshreddy/MRM_VighneshReddy/rover_ws/install/robot/share/robot/cmake/robotConfig-version.cmake
[0.089s] -- Up-to-date: /home/vighneshreddy/MRM_VighneshReddy/rover_ws/install/robot/share/robot/package.xml
[0.089s] Invoked command in '/home/vighneshreddy/MRM_VighneshReddy/rover_ws/build/robot' returned '0': CMAKE_PREFIX_PATH=/opt/ros/humble /usr/bin/cmake --install /home/vighneshreddy/MRM_VighneshReddy/rover_ws/build/robot
