[0.000000] (-) TimerEvent: {}
[0.000684] (robot) JobQueued: {'identifier': 'robot', 'dependencies': OrderedDict()}
[0.000751] (robot) JobStarted: {'identifier': 'robot'}
[0.007191] (robot) JobProgress: {'identifier': 'robot', 'progress': 'cmake'}
[0.008581] (robot) JobProgress: {'identifier': 'robot', 'progress': 'build'}
[0.009592] (robot) Command: {'cmd': ['/usr/bin/cmake', '--build', '/home/vighneshreddy/MRM_VighneshReddy/rover_ws/build/robot', '--', '-j22', '-l22'], 'cwd': '/home/vighneshreddy/MRM_VighneshReddy/rover_ws/build/robot', 'env': OrderedDict([('LANGUAGE', 'en_IN:en'), ('USER', 'vighneshreddy'), ('XDG_SESSION_TYPE', 'x11'), ('SHLVL', '1'), ('LD_LIBRARY_PATH', '/usr/lib/x86_64-linux-gnu/gazebo-11/plugins:/opt/ros/humble/opt/rviz_ogre_vendor/lib:/opt/ros/humble/lib/x86_64-linux-gnu:/opt/ros/humble/lib'), ('HOME', '/home/vighneshreddy'), ('DESKTOP_SESSION', 'ubuntu-xorg'), ('ROS_PYTHON_VERSION', '3'), ('GNOME_SHELL_SESSION_MODE', 'ubuntu'), ('GTK_MODULES', 'gail:atk-bridge'), ('SYSTEMD_EXEC_PID', '19620'), ('DBUS_SESSION_BUS_ADDRESS', 'unix:path=/run/user/1000/bus'), ('COLORTERM', 'truecolor'), ('IM_CONFIG_PHASE', '1'), ('COLCON_PREFIX_PATH', '/home/vighneshreddy/MRM_VighneshReddy/rover_ws/install'), ('ROS_DISTRO', 'humble'), ('GTK_IM_MODULE', 'ibus'), ('LOGNAME', 'vighneshreddy'), ('_', '/usr/bin/colcon'), ('ROS_VERSION', '2'), ('XDG_SESSION_CLASS', 'user'), ('USERNAME', 'vighneshreddy'), ('TERM', 'xterm-256color'), ('GNOME_DESKTOP_SESSION_ID', 'this-is-deprecated'), ('ROS_LOCALHOST_ONLY', '0'), ('WINDOWPATH', '2'), ('PATH', '/opt/ros/humble/bin:/usr/local/sbin:/usr/local/bin:/usr/sbin:/usr/bin:/sbin:/bin:/usr/games:/usr/local/games:/snap/bin:/snap/bin'), ('SESSION_MANAGER', 'local/vivobook-s16:@/tmp/.ICE-unix/1511,unix/vivobook-s16:/tmp/.ICE-unix/1511'), ('XDG_MENU_PREFIX', 'gnome-'), ('GNOME_TERMINAL_SCREEN', '/org/gnome/Terminal/screen/b9952224_f7b5_49dd_a71b_852ed12c64e5'), ('XDG_RUNTIME_DIR', '/run/user/1000'), ('DISPLAY', ':0'), ('LANG', 'en_US.UTF-8'), ('XDG_CURRENT_DESKTOP', 'ubuntu:GNOME'), ('XMODIFIERS', '@im=ibus'), ('XDG_SESSION_DESKTOP', 'ubuntu-xorg'), ('XAUTHORITY', '/run/user/1000/gdm/Xauthority'), ('GNOME_TERMINAL_SERVICE', ':1.150'), ('SSH_AGENT_LAUNCHER', 'gnome-keyring'), ('SSH_AUTH_SOCK', '/run/user/1000/keyring/ssh'), ('AMENT_PREFIX_PATH', '/home/vighneshreddy/MRM_VighneshReddy/rover_ws/install/robot:/opt/ros/humble'), ('SHELL', '/bin/bash'), ('QT_ACCESSIBILITY', '1'), ('GDMSESSION', 'ubuntu-xorg'), ('GPG_AGENT_INFO', '/run/user/1000/gnupg/S.gpg-agent:0:1'), ('QT_IM_MODULE', 'ibus'), ('PWD', '/home/vighneshreddy/MRM_VighneshReddy/rover_ws/build/robot'), ('LC_ALL', 'en_US.UTF-8'), ('XDG_CONFIG_DIRS', '/etc/xdg/xdg-ubuntu-xorg:/etc/xdg'), ('XDG_DATA_DIRS', '/usr/share/ubuntu-xorg:/usr/share/gnome:/usr/local/share/:/usr/share/:/var/lib/snapd/desktop'), ('PYTHONPATH', '/opt/ros/humble/lib/python3.10/site-packages:/opt/ros/humble/local/lib/python3.10/dist-packages'), ('COLCON', '1'), ('VTE_VERSION', '6800'), ('CMAKE_PREFIX_PATH', '/home/vighneshreddy/MRM_VighneshReddy/rover_ws/install/robot:/opt/ros/humble')]), 'shell': False}
[0.061482] (robot) StdoutLine: {'line': b'[ 25%] Built target navigation_node\n'}
[0.064781] (robot) StdoutLine: {'line': b'[ 50%] Built target compass_node\n'}
[0.070079] (robot) StdoutLine: {'line': b'[ 75%] Built target pointcloud_preprocessor_node\n'}
[0.075496] (robot) StdoutLine: {'line': b'[100%] Built target pcloa\n'}
[0.085691] (robot) CommandEnded: {'returncode': 0}
[0.086310] (robot) JobProgress: {'identifier': 'robot', 'progress': 'install'}
[0.093573] (robot) Command: {'cmd': ['/usr/bin/cmake', '--install', '/home/vighneshreddy/MRM_VighneshReddy/rover_ws/build/robot'], 'cwd': '/home/vighneshreddy/MRM_VighneshReddy/rover_ws/build/robot', 'env': OrderedDict([('LANGUAGE', 'en_IN:en'), ('USER', 'vighneshreddy'), ('XDG_SESSION_TYPE', 'x11'), ('SHLVL', '1'), ('LD_LIBRARY_PATH', '/usr/lib/x86_64-linux-gnu/gazebo-11/plugins:/opt/ros/humble/opt/rviz_ogre_vendor/lib:/opt/ros/humble/lib/x86_64-linux-gnu:/opt/ros/humble/lib'), ('HOME', '/home/vighneshreddy'), ('DESKTOP_SESSION', 'ubuntu-xorg'), ('ROS_PYTHON_VERSION', '3'), ('GNOME_SHELL_SESSION_MODE', 'ubuntu'), ('GTK_MODULES', 'gail:atk-bridge'), ('SYSTEMD_EXEC_PID', '19620'), ('DBUS_SESSION_BUS_ADDRESS', 'unix:path=/run/user/1000/bus'), ('COLORTERM', 'truecolor'), ('IM_CONFIG_PHASE', '1'), ('COLCON_PREFIX_PATH', '/home/vighneshreddy/MRM_VighneshReddy/rover_ws/install'), ('ROS_DISTRO', 'humble'), ('GTK_IM_MODULE', 'ibus'), ('LOGNAME', 'vighneshreddy'), ('_', '/usr/bin/colcon'), ('ROS_VERSION', '2'), ('XDG_SESSION_CLASS', 'user'), ('USERNAME', 'vighneshreddy'), ('TERM', 'xterm-256color'), ('GNOME_DESKTOP_SESSION_ID', 'this-is-deprecated'), ('ROS_LOCALHOST_ONLY', '0'), ('WINDOWPATH', '2'), ('PATH', '/opt/ros/humble/bin:/usr/local/sbin:/usr/local/bin:/usr/sbin:/usr/bin:/sbin:/bin:/usr/games:/usr/local/games:/snap/bin:/snap/bin'), ('SESSION_MANAGER', 'local/vivobook-s16:@/tmp/.ICE-unix/1511,unix/vivobook-s16:/tmp/.ICE-unix/1511'), ('XDG_MENU_PREFIX', 'gnome-'), ('GNOME_TERMINAL_SCREEN', '/org/gnome/Terminal/screen/b9952224_f7b5_49dd_a71b_852ed12c64e5'), ('XDG_RUNTIME_DIR', '/run/user/1000'), ('DISPLAY', ':0'), ('LANG', 'en_US.UTF-8'), ('XDG_CURRENT_DESKTOP', 'ubuntu:GNOME'), ('XMODIFIERS', '@im=ibus'), ('XDG_SESSION_DESKTOP', 'ubuntu-xorg'), ('XAUTHORITY', '/run/user/1000/gdm/Xauthority'), ('GNOME_TERMINAL_SERVICE', ':1.150'), ('SSH_AGENT_LAUNCHER', 'gnome-keyring'), ('SSH_AUTH_SOCK', '/run/user/1000/keyring/ssh'), ('AMENT_PREFIX_PATH', '/home/vighneshreddy/MRM_VighneshReddy/rover_ws/install/robot:/opt/ros/humble'), ('SHELL', '/bin/bash'), ('QT_ACCESSIBILITY', '1'), ('GDMSESSION', 'ubuntu-xorg'), ('GPG_AGENT_INFO', '/run/user/1000/gnupg/S.gpg-agent:0:1'), ('QT_IM_MODULE', 'ibus'), ('PWD', '/home/vighneshreddy/MRM_VighneshReddy/rover_ws/build/robot'), ('LC_ALL', 'en_US.UTF-8'), ('XDG_CONFIG_DIRS', '/etc/xdg/xdg-ubuntu-xorg:/etc/xdg'), ('XDG_DATA_DIRS', '/usr/share/ubuntu-xorg:/usr/share/gnome:/usr/local/share/:/usr/share/:/var/lib/snapd/desktop'), ('PYTHONPATH', '/opt/ros/humble/lib/python3.10/site-packages:/opt/ros/humble/local/lib/python3.10/dist-packages'), ('COLCON', '1'), ('VTE_VERSION', '6800'), ('CMAKE_PREFIX_PATH', '/home/vighneshreddy/MRM_VighneshReddy/rover_ws/install/robot:/opt/ros/humble')]), 'shell': False}
[0.099100] (robot) StdoutLine: {'line': b'-- Install configuration: ""\n'}
[0.099224] (robot) StdoutLine: {'line': b'-- Up-to-date: /home/vighneshreddy/MRM_VighneshReddy/rover_ws/install/robot/lib/robot/imu_receiver.py\n'}
[0.099303] (robot) StdoutLine: {'line': b'-- Up-to-date: /home/vighneshreddy/MRM_VighneshReddy/rover_ws/install/robot/lib/robot/navigation_node\n'}
[0.099378] (robot) StdoutLine: {'line': b'-- Up-to-date: /home/vighneshreddy/MRM_VighneshReddy/rover_ws/install/robot/lib/robot/pointcloud_preprocessor_node\n'}
[0.099458] (robot) StdoutLine: {'line': b'-- Up-to-date: /home/vighneshreddy/MRM_VighneshReddy/rover_ws/install/robot/lib/robot/pcloa\n'}
[0.099559] (robot) StdoutLine: {'line': b'-- Up-to-date: /home/vighneshreddy/MRM_VighneshReddy/rover_ws/install/robot/lib/robot/compass_node\n'}
[0.099606] (-) TimerEvent: {}
[0.099709] (robot) StdoutLine: {'line': b'-- Up-to-date: /home/vighneshreddy/MRM_VighneshReddy/rover_ws/install/robot/share/robot//launch\n'}
[0.099805] (robot) StdoutLine: {'line': b'-- Up-to-date: /home/vighneshreddy/MRM_VighneshReddy/rover_ws/install/robot/share/robot//launch/display.launch.py\n'}
[0.099870] (robot) StdoutLine: {'line': b'-- Installing: /home/vighneshreddy/MRM_VighneshReddy/rover_ws/install/robot/share/robot//launch/octomap_launch.py\n'}
[0.099915] (robot) StdoutLine: {'line': b'-- Up-to-date: /home/vighneshreddy/MRM_VighneshReddy/rover_ws/install/robot/share/robot//launch/gazebo.launch.py\n'}
[0.099960] (robot) StdoutLine: {'line': b'-- Up-to-date: /home/vighneshreddy/MRM_VighneshReddy/rover_ws/install/robot/share/robot//launch/nav2_launch.py\n'}
[0.100006] (robot) StdoutLine: {'line': b'-- Up-to-date: /home/vighneshreddy/MRM_VighneshReddy/rover_ws/install/robot/share/robot//launch/rtabmap.launch.py\n'}
[0.100061] (robot) StdoutLine: {'line': b'-- Up-to-date: /home/vighneshreddy/MRM_VighneshReddy/rover_ws/install/robot/share/robot//launch/robot.launch.py\n'}
[0.100128] (robot) StdoutLine: {'line': b'-- Up-to-date: /home/vighneshreddy/MRM_VighneshReddy/rover_ws/install/robot/share/robot//launch/cartographer.launch.py\n'}
[0.100174] (robot) StdoutLine: {'line': b'-- Up-to-date: /home/vighneshreddy/MRM_VighneshReddy/rover_ws/install/robot/share/robot//urdf\n'}
[0.100220] (robot) StdoutLine: {'line': b'-- Up-to-date: /home/vighneshreddy/MRM_VighneshReddy/rover_ws/install/robot/share/robot//urdf/material.xacro\n'}
[0.100399] (robot) StdoutLine: {'line': b'-- Up-to-date: /home/vighneshreddy/MRM_VighneshReddy/rover_ws/install/robot/share/robot//urdf/stereo.xacro\n'}
[0.100487] (robot) StdoutLine: {'line': b'-- Up-to-date: /home/vighneshreddy/MRM_VighneshReddy/rover_ws/install/robot/share/robot//urdf/robot.urdf.xacro\n'}
[0.100554] (robot) StdoutLine: {'line': b'-- Up-to-date: /home/vighneshreddy/MRM_VighneshReddy/rover_ws/install/robot/share/robot//urdf/gps.xacro\n'}
[0.100779] (robot) StdoutLine: {'line': b'-- Up-to-date: /home/vighneshreddy/MRM_VighneshReddy/rover_ws/install/robot/share/robot//urdf/lidar.xacro\n'}
[0.100877] (robot) StdoutLine: {'line': b'-- Up-to-date: /home/vighneshreddy/MRM_VighneshReddy/rover_ws/install/robot/share/robot//urdf/inertial.xacro\n'}
[0.100941] (robot) StdoutLine: {'line': b'-- Up-to-date: /home/vighneshreddy/MRM_VighneshReddy/rover_ws/install/robot/share/robot//urdf/imu.xacro\n'}
[0.100999] (robot) StdoutLine: {'line': b'-- Up-to-date: /home/vighneshreddy/MRM_VighneshReddy/rover_ws/install/robot/share/robot//urdf/cam.xacro\n'}
[0.101074] (robot) StdoutLine: {'line': b'-- Up-to-date: /home/vighneshreddy/MRM_VighneshReddy/rover_ws/install/robot/share/robot//rviz\n'}
[0.101137] (robot) StdoutLine: {'line': b'-- Up-to-date: /home/vighneshreddy/MRM_VighneshReddy/rover_ws/install/robot/share/robot//rviz/config.rviz\n'}
[0.101196] (robot) StdoutLine: {'line': b'-- Up-to-date: /home/vighneshreddy/MRM_VighneshReddy/rover_ws/install/robot/share/robot//rviz/nav2_slam_config.rviz\n'}
[0.101255] (robot) StdoutLine: {'line': b'-- Up-to-date: /home/vighneshreddy/MRM_VighneshReddy/rover_ws/install/robot/share/robot//config\n'}
[0.101312] (robot) StdoutLine: {'line': b'-- Up-to-date: /home/vighneshreddy/MRM_VighneshReddy/rover_ws/install/robot/share/robot//config/cartographer_2d.lua\n'}
[0.101370] (robot) StdoutLine: {'line': b'-- Up-to-date: /home/vighneshreddy/MRM_VighneshReddy/rover_ws/install/robot/share/robot//config/rtabmap_config.yaml\n'}
[0.101467] (robot) StdoutLine: {'line': b'-- Up-to-date: /home/vighneshreddy/MRM_VighneshReddy/rover_ws/install/robot/share/robot//config/octomap.yaml\n'}
[0.101524] (robot) StdoutLine: {'line': b'-- Up-to-date: /home/vighneshreddy/MRM_VighneshReddy/rover_ws/install/robot/share/robot//config/rtabmap_launch.yaml\n'}
[0.101575] (robot) StdoutLine: {'line': b'-- Up-to-date: /home/vighneshreddy/MRM_VighneshReddy/rover_ws/install/robot/share/robot//config/slam_toolbox_params.yaml\n'}
[0.101629] (robot) StdoutLine: {'line': b'-- Up-to-date: /home/vighneshreddy/MRM_VighneshReddy/rover_ws/install/robot/share/robot//config/cartographer_ros_config.yaml\n'}
[0.101682] (robot) StdoutLine: {'line': b'-- Up-to-date: /home/vighneshreddy/MRM_VighneshReddy/rover_ws/install/robot/share/robot//config/nav2_params.yaml\n'}
[0.101732] (robot) StdoutLine: {'line': b'-- Up-to-date: /home/vighneshreddy/MRM_VighneshReddy/rover_ws/install/robot/share/ament_index/resource_index/package_run_dependencies/robot\n'}
[0.101782] (robot) StdoutLine: {'line': b'-- Up-to-date: /home/vighneshreddy/MRM_VighneshReddy/rover_ws/install/robot/share/ament_index/resource_index/parent_prefix_path/robot\n'}
[0.101831] (robot) StdoutLine: {'line': b'-- Up-to-date: /home/vighneshreddy/MRM_VighneshReddy/rover_ws/install/robot/share/robot/environment/ament_prefix_path.sh\n'}
[0.102005] (robot) StdoutLine: {'line': b'-- Up-to-date: /home/vighneshreddy/MRM_VighneshReddy/rover_ws/install/robot/share/robot/environment/ament_prefix_path.dsv\n'}
[0.102064] (robot) StdoutLine: {'line': b'-- Up-to-date: /home/vighneshreddy/MRM_VighneshReddy/rover_ws/install/robot/share/robot/environment/path.sh\n'}
[0.102349] (robot) StdoutLine: {'line': b'-- Up-to-date: /home/vighneshreddy/MRM_VighneshReddy/rover_ws/install/robot/share/robot/environment/path.dsv\n'}
[0.102405] (robot) StdoutLine: {'line': b'-- Up-to-date: /home/vighneshreddy/MRM_VighneshReddy/rover_ws/install/robot/share/robot/local_setup.bash\n'}
[0.102459] (robot) StdoutLine: {'line': b'-- Up-to-date: /home/vighneshreddy/MRM_VighneshReddy/rover_ws/install/robot/share/robot/local_setup.sh\n'}
[0.102511] (robot) StdoutLine: {'line': b'-- Up-to-date: /home/vighneshreddy/MRM_VighneshReddy/rover_ws/install/robot/share/robot/local_setup.zsh\n'}
[0.102563] (robot) StdoutLine: {'line': b'-- Up-to-date: /home/vighneshreddy/MRM_VighneshReddy/rover_ws/install/robot/share/robot/local_setup.dsv\n'}
[0.102614] (robot) StdoutLine: {'line': b'-- Installing: /home/vighneshreddy/MRM_VighneshReddy/rover_ws/install/robot/share/robot/package.dsv\n'}
[0.102666] (robot) StdoutLine: {'line': b'-- Up-to-date: /home/vighneshreddy/MRM_VighneshReddy/rover_ws/install/robot/share/ament_index/resource_index/packages/robot\n'}
[0.102715] (robot) StdoutLine: {'line': b'-- Up-to-date: /home/vighneshreddy/MRM_VighneshReddy/rover_ws/install/robot/share/robot/cmake/robotConfig.cmake\n'}
[0.102765] (robot) StdoutLine: {'line': b'-- Up-to-date: /home/vighneshreddy/MRM_VighneshReddy/rover_ws/install/robot/share/robot/cmake/robotConfig-version.cmake\n'}
[0.102815] (robot) StdoutLine: {'line': b'-- Up-to-date: /home/vighneshreddy/MRM_VighneshReddy/rover_ws/install/robot/share/robot/package.xml\n'}
[0.103293] (robot) CommandEnded: {'returncode': 0}
[0.114750] (robot) JobEnded: {'identifier': 'robot', 'rc': 0}
[0.115326] (-) EventReactorShutdown: {}
