[0.011s] Invoking command in '/home/vighneshreddy/MRM_VighneshReddy/rover_ws/build/robot': CMAKE_PREFIX_PATH=/opt/ros/humble /usr/bin/cmake --build /home/vighneshreddy/MRM_VighneshReddy/rover_ws/build/robot -- -j22 -l22
[0.070s] -- Found ament_cmake: 1.3.11 (/opt/ros/humble/share/ament_cmake/cmake)
[0.165s] -- Found gazebo_ros: 3.7.0 (/opt/ros/humble/share/gazebo_ros/cmake)
[0.189s] -- Found rosidl_generator_c: 3.1.6 (/opt/ros/humble/share/rosidl_generator_c/cmake)
[0.191s] -- Found rosidl_adapter: 3.1.6 (/opt/ros/humble/share/rosidl_adapter/cmake)
[0.196s] -- Found rosidl_generator_cpp: 3.1.6 (/opt/ros/humble/share/rosidl_generator_cpp/cmake)
[0.204s] -- Using all available rosidl_typesupport_c: rosidl_typesupport_fastrtps_c;rosidl_typesupport_introspection_c
[0.213s] -- Using all available rosidl_typesupport_cpp: rosidl_typesupport_fastrtps_cpp;rosidl_typesupport_introspection_cpp
[0.239s] -- Found rmw_implementation_cmake: 6.1.2 (/opt/ros/humble/share/rmw_implementation_cmake/cmake)
[0.241s] -- Found rmw_fastrtps_cpp: 6.2.7 (/opt/ros/humble/share/rmw_fastrtps_cpp/cmake)
[0.323s] -- Using RMW implementation 'rmw_fastrtps_cpp' as default
[0.403s] -- Found DART: /usr/include (Required is at least version "6.6") found components: dart 
[0.432s] -- Found Protobuf: /usr/lib/x86_64-linux-gnu/libprotobuf.so (found version "3.12.4") 
[0.435s] -- Looking for ignition-math6 -- found version 6.15.1
[0.439s] -- Searching for dependencies of ignition-math6
[0.441s] -- Looking for OGRE...
[0.447s] -- Found Ogre Ghadamon (1.9.0)
[0.447s] -- Found OGRE: optimized;/usr/lib/x86_64-linux-gnu/libOgreMain.so;debug;/usr/lib/x86_64-linux-gnu/libOgreMain.so
[0.455s] -- Looking for OGRE_Paging...
[0.455s] -- Found OGRE_Paging: optimized;/usr/lib/x86_64-linux-gnu/libOgrePaging.so;debug;/usr/lib/x86_64-linux-gnu/libOgrePaging.so
[0.455s] -- Looking for OGRE_Terrain...
[0.455s] -- Found OGRE_Terrain: optimized;/usr/lib/x86_64-linux-gnu/libOgreTerrain.so;debug;/usr/lib/x86_64-linux-gnu/libOgreTerrain.so
[0.455s] -- Looking for OGRE_Property...
[0.455s] -- Found OGRE_Property: optimized;/usr/lib/x86_64-linux-gnu/libOgreProperty.so;debug;/usr/lib/x86_64-linux-gnu/libOgreProperty.so
[0.455s] -- Looking for OGRE_RTShaderSystem...
[0.455s] -- Found OGRE_RTShaderSystem: optimized;/usr/lib/x86_64-linux-gnu/libOgreRTShaderSystem.so;debug;/usr/lib/x86_64-linux-gnu/libOgreRTShaderSystem.so
[0.455s] -- Looking for OGRE_Volume...
[0.455s] -- Found OGRE_Volume: optimized;/usr/lib/x86_64-linux-gnu/libOgreVolume.so;debug;/usr/lib/x86_64-linux-gnu/libOgreVolume.so
[0.455s] -- Looking for OGRE_Overlay...
[0.455s] -- Found OGRE_Overlay: optimized;/usr/lib/x86_64-linux-gnu/libOgreOverlay.so;debug;/usr/lib/x86_64-linux-gnu/libOgreOverlay.so
[0.509s] -- Looking for ignition-math6 -- found version 6.15.1
[0.511s] -- Looking for ignition-transport8 -- found version 8.2.1
[0.511s] -- Searching for dependencies of ignition-transport8
[0.523s] -- Found Protobuf: /usr/lib/x86_64-linux-gnu/libprotobuf.so (found suitable version "3.12.4", minimum required is "3") 
[0.528s] -- Config-file not installed for ZeroMQ -- checking for pkg-config
[0.534s] -- Checking for module 'libzmq >= 4'
[0.549s] --   Found libzmq , version 4.3.4
[0.586s] -- Checking for module 'uuid'
[0.597s] --   Found uuid, version 2.37.2
[0.626s] -- Looking for ignition-msgs5 -- found version 5.8.1
[0.627s] -- Searching for dependencies of ignition-msgs5
[0.642s] -- Looking for ignition-math6 -- found version 6.15.1
[0.647s] -- Checking for module 'tinyxml2'
[0.657s] --   Found tinyxml2, version 9.0.0
[0.687s] -- Looking for ignition-msgs5 -- found version 5.8.1
[0.688s] -- Looking for ignition-common3 -- found version 3.14.0
[0.689s] -- Searching for dependencies of ignition-common3
[0.689s] -- Looking for dlfcn.h - found
[0.689s] -- Looking for libdl - found
[0.700s] -- Searching for <ignition-common3> component [graphics]
[0.700s] -- Looking for ignition-common3-graphics -- found version 3.14.0
[0.701s] -- Searching for dependencies of ignition-common3-graphics
[0.701s] -- Looking for ignition-math6 -- found version 6.15.1
[0.702s] -- Looking for ignition-fuel_tools4 -- found version 4.4.0
[0.702s] -- Searching for dependencies of ignition-fuel_tools4
[0.736s] -- Checking for module 'jsoncpp'
[0.748s] --   Found jsoncpp, version 1.9.5
[0.780s] -- Checking for module 'libzip'
[0.790s] --   Found libzip, version 1.7.3
[0.817s] -- Looking for ignition-common3 -- found version 3.14.0
[0.818s] -- Looking for ignition-math6 -- found version 6.15.1
[0.818s] -- Looking for ignition-msgs5 -- found version 5.8.1
[0.822s] -- Gazebo version: 11.10
[0.823s] -- Found robot_state_publisher: 3.0.3 (/opt/ros/humble/share/robot_state_publisher/cmake)
[0.839s] -- Found eigen3_cmake_module: 0.1.1 (/opt/ros/humble/share/eigen3_cmake_module/cmake)
[0.841s] -- Ensuring Eigen3 include directory is part of orocos-kdl CMake target
[0.928s] -- Found xacro: 2.0.8 (/opt/ros/humble/share/xacro/cmake)
[0.929s] -- Found tf2_geometry_msgs: 0.25.11 (/opt/ros/humble/share/tf2_geometry_msgs/cmake)
[0.933s] -- Found ament_lint_auto: 0.12.11 (/opt/ros/humble/share/ament_lint_auto/cmake)
[0.984s] -- Added test 'cppcheck' to perform static code analysis on C / C++ code
[0.984s] -- Configured cppcheck include dirs: 
[0.984s] -- Configured cppcheck exclude dirs and/or files: 
[0.985s] -- Added test 'flake8' to check Python code syntax and style conventions
[0.986s] -- Added test 'lint_cmake' to check CMake code style
[0.987s] -- Added test 'pep257' to check Python code against some of the docstring style conventions in PEP 257
[0.991s] -- Added test 'uncrustify' to check C / C++ code style
[0.991s] -- Configured uncrustify additional arguments: 
[0.992s] -- Added test 'xmllint' to check XML markup files
[0.993s] -- Configuring done
[1.002s] -- Generating done
[1.005s] -- Build files have been written to: /home/vighneshreddy/MRM_VighneshReddy/rover_ws/build/robot
[1.028s] [35m[1mConsolidate compiler generated dependencies of target navigation_node[0m
[1.053s] [ 50%] [32mBuilding CXX object CMakeFiles/navigation_node.dir/src/navigation_node.cpp.o[0m
[7.559s] [100%] [32m[1mLinking CXX executable navigation_node[0m
[7.931s] [100%] Built target navigation_node
[7.939s] Invoked command in '/home/vighneshreddy/MRM_VighneshReddy/rover_ws/build/robot' returned '0': CMAKE_PREFIX_PATH=/opt/ros/humble /usr/bin/cmake --build /home/vighneshreddy/MRM_VighneshReddy/rover_ws/build/robot -- -j22 -l22
[7.945s] Invoking command in '/home/vighneshreddy/MRM_VighneshReddy/rover_ws/build/robot': CMAKE_PREFIX_PATH=/opt/ros/humble /usr/bin/cmake --install /home/vighneshreddy/MRM_VighneshReddy/rover_ws/build/robot
[7.951s] -- Install configuration: ""
[7.951s] -- Installing: /home/vighneshreddy/MRM_VighneshReddy/rover_ws/install/robot/lib/robot/navigation_node
[7.955s] -- Set runtime path of "/home/vighneshreddy/MRM_VighneshReddy/rover_ws/install/robot/lib/robot/navigation_node" to ""
[7.955s] -- Up-to-date: /home/vighneshreddy/MRM_VighneshReddy/rover_ws/install/robot/share/robot//launch
[7.955s] -- Up-to-date: /home/vighneshreddy/MRM_VighneshReddy/rover_ws/install/robot/share/robot//launch/display.launch.py
[7.955s] -- Up-to-date: /home/vighneshreddy/MRM_VighneshReddy/rover_ws/install/robot/share/robot//launch/gazebo.launch.py
[7.955s] -- Up-to-date: /home/vighneshreddy/MRM_VighneshReddy/rover_ws/install/robot/share/robot//launch/robot.launch.py
[7.955s] -- Up-to-date: /home/vighneshreddy/MRM_VighneshReddy/rover_ws/install/robot/share/robot//launch/gps.launch.py
[7.955s] -- Up-to-date: /home/vighneshreddy/MRM_VighneshReddy/rover_ws/install/robot/share/robot//urdf
[7.955s] -- Up-to-date: /home/vighneshreddy/MRM_VighneshReddy/rover_ws/install/robot/share/robot//urdf/material.xacro
[7.955s] -- Up-to-date: /home/vighneshreddy/MRM_VighneshReddy/rover_ws/install/robot/share/robot//urdf/stereo.xacro
[7.956s] -- Up-to-date: /home/vighneshreddy/MRM_VighneshReddy/rover_ws/install/robot/share/robot//urdf/robot.urdf.xacro
[7.956s] -- Up-to-date: /home/vighneshreddy/MRM_VighneshReddy/rover_ws/install/robot/share/robot//urdf/gps.xacro
[7.956s] -- Up-to-date: /home/vighneshreddy/MRM_VighneshReddy/rover_ws/install/robot/share/robot//urdf/lidar.xacro
[7.956s] -- Up-to-date: /home/vighneshreddy/MRM_VighneshReddy/rover_ws/install/robot/share/robot//urdf/inertial.xacro
[7.956s] -- Up-to-date: /home/vighneshreddy/MRM_VighneshReddy/rover_ws/install/robot/share/robot//urdf/imu.xacro
[7.956s] -- Up-to-date: /home/vighneshreddy/MRM_VighneshReddy/rover_ws/install/robot/share/robot//urdf/cam.xacro
[7.956s] -- Up-to-date: /home/vighneshreddy/MRM_VighneshReddy/rover_ws/install/robot/share/robot//rviz
[7.956s] -- Up-to-date: /home/vighneshreddy/MRM_VighneshReddy/rover_ws/install/robot/share/robot//rviz/config.rviz
[7.956s] -- Up-to-date: /home/vighneshreddy/MRM_VighneshReddy/rover_ws/install/robot/share/ament_index/resource_index/package_run_dependencies/robot
[7.956s] -- Up-to-date: /home/vighneshreddy/MRM_VighneshReddy/rover_ws/install/robot/share/ament_index/resource_index/parent_prefix_path/robot
[7.956s] -- Installing: /home/vighneshreddy/MRM_VighneshReddy/rover_ws/install/robot/share/robot/environment/ament_prefix_path.sh
[7.956s] -- Installing: /home/vighneshreddy/MRM_VighneshReddy/rover_ws/install/robot/share/robot/environment/ament_prefix_path.dsv
[7.956s] -- Installing: /home/vighneshreddy/MRM_VighneshReddy/rover_ws/install/robot/share/robot/environment/path.sh
[7.956s] -- Installing: /home/vighneshreddy/MRM_VighneshReddy/rover_ws/install/robot/share/robot/environment/path.dsv
[7.956s] -- Up-to-date: /home/vighneshreddy/MRM_VighneshReddy/rover_ws/install/robot/share/robot/local_setup.bash
[7.956s] -- Up-to-date: /home/vighneshreddy/MRM_VighneshReddy/rover_ws/install/robot/share/robot/local_setup.sh
[7.956s] -- Up-to-date: /home/vighneshreddy/MRM_VighneshReddy/rover_ws/install/robot/share/robot/local_setup.zsh
[7.957s] -- Installing: /home/vighneshreddy/MRM_VighneshReddy/rover_ws/install/robot/share/robot/local_setup.dsv
[7.957s] -- Installing: /home/vighneshreddy/MRM_VighneshReddy/rover_ws/install/robot/share/robot/package.dsv
[7.957s] -- Up-to-date: /home/vighneshreddy/MRM_VighneshReddy/rover_ws/install/robot/share/ament_index/resource_index/packages/robot
[7.957s] -- Up-to-date: /home/vighneshreddy/MRM_VighneshReddy/rover_ws/install/robot/share/robot/cmake/robotConfig.cmake
[7.957s] -- Up-to-date: /home/vighneshreddy/MRM_VighneshReddy/rover_ws/install/robot/share/robot/cmake/robotConfig-version.cmake
[7.957s] -- Up-to-date: /home/vighneshreddy/MRM_VighneshReddy/rover_ws/install/robot/share/robot/package.xml
[7.958s] Invoked command in '/home/vighneshreddy/MRM_VighneshReddy/rover_ws/build/robot' returned '0': CMAKE_PREFIX_PATH=/opt/ros/humble /usr/bin/cmake --install /home/vighneshreddy/MRM_VighneshReddy/rover_ws/build/robot
