[0.009s] Invoking command in '/home/vighneshreddy/MRM_VighneshReddy/rover_ws/build/robot': CMAKE_PREFIX_PATH=${CMAKE_PREFIX_PATH}:/opt/ros/humble /usr/bin/cmake /home/vighneshreddy/MRM_VighneshReddy/rover_ws/src/robot -DAMENT_CMAKE_SYMLINK_INSTALL=1 -DCMAKE_INSTALL_PREFIX=/home/vighneshreddy/MRM_VighneshReddy/rover_ws/install/robot
[0.023s] -- Found ament_cmake: 1.3.11 (/opt/ros/humble/share/ament_cmake/cmake)
[0.114s] -- Override CMake install command with custom implementation using symlinks instead of copying resources
[0.121s] -- Found gazebo_ros: 3.9.0 (/opt/ros/humble/share/gazebo_ros/cmake)
[0.144s] -- Found rosidl_generator_c: 3.1.6 (/opt/ros/humble/share/rosidl_generator_c/cmake)
[0.146s] -- Found rosidl_adapter: 3.1.6 (/opt/ros/humble/share/rosidl_adapter/cmake)
[0.150s] -- Found rosidl_generator_cpp: 3.1.6 (/opt/ros/humble/share/rosidl_generator_cpp/cmake)
[0.157s] -- Using all available rosidl_typesupport_c: rosidl_typesupport_fastrtps_c;rosidl_typesupport_introspection_c
[0.166s] -- Using all available rosidl_typesupport_cpp: rosidl_typesupport_fastrtps_cpp;rosidl_typesupport_introspection_cpp
[0.189s] -- Found rmw_implementation_cmake: 6.1.2 (/opt/ros/humble/share/rmw_implementation_cmake/cmake)
[0.190s] -- Found rmw_fastrtps_cpp: 6.2.7 (/opt/ros/humble/share/rmw_fastrtps_cpp/cmake)
[0.266s] -- Using RMW implementation 'rmw_fastrtps_cpp' as default
[0.331s] -- Found DART: /usr/include (Required is at least version "6.6") found components: dart 
[0.355s] -- Found Protobuf: /usr/lib/x86_64-linux-gnu/libprotobuf.so (found version "3.12.4") 
[0.356s] -- Looking for ignition-math6 -- found version 6.15.1
[0.358s] -- Searching for dependencies of ignition-math6
[0.359s] -- Looking for OGRE...
[0.364s] -- Found Ogre Ghadamon (1.9.0)
[0.364s] -- Found OGRE: optimized;/usr/lib/x86_64-linux-gnu/libOgreMain.so;debug;/usr/lib/x86_64-linux-gnu/libOgreMain.so
[0.371s] -- Looking for OGRE_Paging...
[0.372s] -- Found OGRE_Paging: optimized;/usr/lib/x86_64-linux-gnu/libOgrePaging.so;debug;/usr/lib/x86_64-linux-gnu/libOgrePaging.so
[0.372s] -- Looking for OGRE_Terrain...
[0.372s] -- Found OGRE_Terrain: optimized;/usr/lib/x86_64-linux-gnu/libOgreTerrain.so;debug;/usr/lib/x86_64-linux-gnu/libOgreTerrain.so
[0.372s] -- Looking for OGRE_Property...
[0.372s] -- Found OGRE_Property: optimized;/usr/lib/x86_64-linux-gnu/libOgreProperty.so;debug;/usr/lib/x86_64-linux-gnu/libOgreProperty.so
[0.372s] -- Looking for OGRE_RTShaderSystem...
[0.372s] -- Found OGRE_RTShaderSystem: optimized;/usr/lib/x86_64-linux-gnu/libOgreRTShaderSystem.so;debug;/usr/lib/x86_64-linux-gnu/libOgreRTShaderSystem.so
[0.372s] -- Looking for OGRE_Volume...
[0.372s] -- Found OGRE_Volume: optimized;/usr/lib/x86_64-linux-gnu/libOgreVolume.so;debug;/usr/lib/x86_64-linux-gnu/libOgreVolume.so
[0.372s] -- Looking for OGRE_Overlay...
[0.372s] -- Found OGRE_Overlay: optimized;/usr/lib/x86_64-linux-gnu/libOgreOverlay.so;debug;/usr/lib/x86_64-linux-gnu/libOgreOverlay.so
[0.442s] -- Looking for ignition-math6 -- found version 6.15.1
[0.442s] -- Looking for ignition-transport8 -- found version 8.2.1
[0.443s] -- Searching for dependencies of ignition-transport8
[0.457s] -- Found Protobuf: /usr/lib/x86_64-linux-gnu/libprotobuf.so (found suitable version "3.12.4", minimum required is "3") 
[0.464s] -- Config-file not installed for ZeroMQ -- checking for pkg-config
[0.468s] -- Checking for module 'libzmq >= 4'
[0.481s] --   Found libzmq , version 4.3.4
[0.520s] -- Checking for module 'uuid'
[0.530s] --   Found uuid, version 2.37.2
[0.557s] -- Looking for ignition-msgs5 -- found version 5.8.1
[0.557s] -- Searching for dependencies of ignition-msgs5
[0.571s] -- Looking for ignition-math6 -- found version 6.15.1
[0.576s] -- Checking for module 'tinyxml2'
[0.587s] --   Found tinyxml2, version 9.0.0
[0.615s] -- Looking for ignition-msgs5 -- found version 5.8.1
[0.615s] -- Looking for ignition-common3 -- found version 3.14.0
[0.616s] -- Searching for dependencies of ignition-common3
[0.616s] -- Looking for dlfcn.h - found
[0.616s] -- Looking for libdl - found
[0.626s] -- Searching for <ignition-common3> component [graphics]
[0.626s] -- Looking for ignition-common3-graphics -- found version 3.14.0
[0.626s] -- Searching for dependencies of ignition-common3-graphics
[0.627s] -- Looking for ignition-math6 -- found version 6.15.1
[0.627s] -- Looking for ignition-fuel_tools4 -- found version 4.4.0
[0.628s] -- Searching for dependencies of ignition-fuel_tools4
[0.664s] -- Checking for module 'jsoncpp'
[0.674s] --   Found jsoncpp, version 1.9.5
[0.708s] -- Checking for module 'libzip'
[0.719s] --   Found libzip, version 1.7.3
[0.746s] -- Looking for ignition-common3 -- found version 3.14.0
[0.746s] -- Looking for ignition-math6 -- found version 6.15.1
[0.747s] -- Looking for ignition-msgs5 -- found version 5.8.1
[0.748s] -- Gazebo version: 11.10
[0.749s] -- Found robot_state_publisher: 3.0.3 (/opt/ros/humble/share/robot_state_publisher/cmake)
[0.766s] -- Found eigen3_cmake_module: 0.1.1 (/opt/ros/humble/share/eigen3_cmake_module/cmake)
[0.767s] -- Ensuring Eigen3 include directory is part of orocos-kdl CMake target
[0.854s] -- Found xacro: 2.0.13 (/opt/ros/humble/share/xacro/cmake)
[0.854s] -- Found tf2_geometry_msgs: 0.25.12 (/opt/ros/humble/share/tf2_geometry_msgs/cmake)
[0.857s] -- Found pcl_conversions: 2.4.5 (/opt/ros/humble/share/pcl_conversions/cmake)
[0.885s] -- Eigen found (include: /usr/include/eigen3, version: 3.4.0)
[0.904s] -- FLANN found (include: /usr/include, lib: /usr/lib/x86_64-linux-gnu/libflann_cpp.so)
[1.128s] -- OpenNI found (version: 1.5.4.0, include: /usr/include/ni, lib: /usr/lib/libOpenNI.so;libusb::libusb)
[1.135s] -- OpenNI2 found (version: 2.2.0.33, include: /usr/include/openni2, lib: /usr/lib/x86_64-linux-gnu/libOpenNI2.so;libusb::libusb)
[1.252s] -- Eigen found (include: /usr/include/eigen3, version: 3.4.0)
[1.259s] -- OpenNI found (version: 1.5.4.0, include: /usr/include/ni, lib: /usr/lib/libOpenNI.so;libusb::libusb)
[1.265s] -- OpenNI2 found (version: 2.2.0.33, include: /usr/include/openni2, lib: /usr/lib/x86_64-linux-gnu/libOpenNI2.so;libusb::libusb)
[1.382s] -- Found Qhull version 8.0.2
[1.500s] -- OpenNI found (version: 1.5.4.0, include: /usr/include/ni, lib: /usr/lib/libOpenNI.so;libusb::libusb)
[1.626s] -- Found pcl_ros: 2.4.5 (/opt/ros/humble/share/pcl_ros/cmake)
[1.635s] [33mCMake Warning (dev) at CMakeLists.txt:21 (find_package):
[1.635s]   Policy CMP0074 is not set: find_package uses <PackageName>_ROOT variables.
[1.635s]   Run "cmake --help-policy CMP0074" for policy details.  Use the cmake_policy
[1.635s]   command to set the policy and suppress this warning.
[1.635s] 
[1.635s]   CMake variable PCL_ROOT is set to:
[1.635s] 
[1.635s]     /usr
[1.635s] 
[1.635s]   For compatibility, CMake is ignoring the variable.
[1.635s] This warning is for project developers.  Use -Wno-dev to suppress it.
[1.635s] [0m
[1.643s] -- Found cv_bridge: 3.2.1 (/opt/ros/humble/share/cv_bridge/cmake)
[1.694s] -- Found cartographer_ros: 2.0.9002 (/opt/ros/humble/share/cartographer_ros/cmake)
[1.760s] -- Found rtabmap_ros: 0.21.10 (/opt/ros/humble/share/rtabmap_ros/cmake)
[1.776s] -- Found ament_lint_auto: 0.12.12 (/opt/ros/humble/share/ament_lint_auto/cmake)
[1.829s] -- Added test 'cppcheck' to perform static code analysis on C / C++ code
[1.829s] -- Configured cppcheck include dirs: 
[1.829s] -- Configured cppcheck exclude dirs and/or files: 
[1.830s] -- Added test 'flake8' to check Python code syntax and style conventions
[1.830s] -- Added test 'lint_cmake' to check CMake code style
[1.830s] -- Added test 'pep257' to check Python code against some of the docstring style conventions in PEP 257
[1.831s] -- Added test 'uncrustify' to check C / C++ code style
[1.831s] -- Configured uncrustify additional arguments: 
[1.831s] -- Added test 'xmllint' to check XML markup files
[1.832s] -- Configuring done
[1.889s] -- Generating done
[1.905s] -- Build files have been written to: /home/vighneshreddy/MRM_VighneshReddy/rover_ws/build/robot
[1.924s] Invoked command in '/home/vighneshreddy/MRM_VighneshReddy/rover_ws/build/robot' returned '0': CMAKE_PREFIX_PATH=${CMAKE_PREFIX_PATH}:/opt/ros/humble /usr/bin/cmake /home/vighneshreddy/MRM_VighneshReddy/rover_ws/src/robot -DAMENT_CMAKE_SYMLINK_INSTALL=1 -DCMAKE_INSTALL_PREFIX=/home/vighneshreddy/MRM_VighneshReddy/rover_ws/install/robot
[1.927s] Invoking command in '/home/vighneshreddy/MRM_VighneshReddy/rover_ws/build/robot': CMAKE_PREFIX_PATH=${CMAKE_PREFIX_PATH}:/opt/ros/humble /usr/bin/cmake --build /home/vighneshreddy/MRM_VighneshReddy/rover_ws/build/robot -- -j22 -l22
[1.967s] [35m[1mConsolidate compiler generated dependencies of target pointcloud_preprocessor_node[0m
[1.967s] [35m[1mConsolidate compiler generated dependencies of target compass_node[0m
[1.968s] [35m[1mConsolidate compiler generated dependencies of target navigation_node[0m
[1.968s] [35m[1mConsolidate compiler generated dependencies of target pcloa[0m
[1.982s] [ 12%] [32m[1mLinking CXX executable navigation_node[0m
[1.982s] [ 25%] [32m[1mLinking CXX executable compass_node[0m
[1.984s] [ 37%] [32m[1mLinking CXX executable pcloa[0m
[1.985s] [ 50%] [32m[1mLinking CXX executable pointcloud_preprocessor_node[0m
[2.559s] [ 62%] Built target navigation_node
[2.913s] [ 75%] Built target compass_node
[3.330s] [ 87%] Built target pointcloud_preprocessor_node
[3.718s] [100%] Built target pcloa
[3.728s] Invoked command in '/home/vighneshreddy/MRM_VighneshReddy/rover_ws/build/robot' returned '0': CMAKE_PREFIX_PATH=${CMAKE_PREFIX_PATH}:/opt/ros/humble /usr/bin/cmake --build /home/vighneshreddy/MRM_VighneshReddy/rover_ws/build/robot -- -j22 -l22
[3.737s] Invoking command in '/home/vighneshreddy/MRM_VighneshReddy/rover_ws/build/robot': CMAKE_PREFIX_PATH=${CMAKE_PREFIX_PATH}:/opt/ros/humble /usr/bin/cmake --install /home/vighneshreddy/MRM_VighneshReddy/rover_ws/build/robot
[3.740s] -- Install configuration: ""
[3.740s] -- Execute custom install script
[3.740s] -- Symlinking: /home/vighneshreddy/MRM_VighneshReddy/rover_ws/install/robot/lib/robot/imu_receiver.py
[3.746s] -- Symlinking: /home/vighneshreddy/MRM_VighneshReddy/rover_ws/install/robot/lib/robot/navigation_node
[3.752s] -- Symlinking: /home/vighneshreddy/MRM_VighneshReddy/rover_ws/install/robot/lib/robot/pointcloud_preprocessor_node
[3.759s] -- Symlinking: /home/vighneshreddy/MRM_VighneshReddy/rover_ws/install/robot/lib/robot/pcloa
[3.767s] -- Symlinking: /home/vighneshreddy/MRM_VighneshReddy/rover_ws/install/robot/lib/robot/compass_node
[3.775s] -- Symlinking: /home/vighneshreddy/MRM_VighneshReddy/rover_ws/install/robot/share/robot//launch/cartographer.launch.py
[3.782s] -- Symlinking: /home/vighneshreddy/MRM_VighneshReddy/rover_ws/install/robot/share/robot//launch/display.launch.py
[3.790s] -- Symlinking: /home/vighneshreddy/MRM_VighneshReddy/rover_ws/install/robot/share/robot//launch/gazebo.launch.py
[3.795s] -- Symlinking: /home/vighneshreddy/MRM_VighneshReddy/rover_ws/install/robot/share/robot//launch/nav2_launch.py
[3.801s] -- Symlinking: /home/vighneshreddy/MRM_VighneshReddy/rover_ws/install/robot/share/robot//launch/octomap_launch.py
[3.808s] -- Symlinking: /home/vighneshreddy/MRM_VighneshReddy/rover_ws/install/robot/share/robot//launch/robot.launch.py
[3.816s] -- Symlinking: /home/vighneshreddy/MRM_VighneshReddy/rover_ws/install/robot/share/robot//launch/rtabmap.launch.py
[3.821s] -- Symlinking: /home/vighneshreddy/MRM_VighneshReddy/rover_ws/install/robot/share/robot//urdf/cam.xacro
[3.829s] -- Symlinking: /home/vighneshreddy/MRM_VighneshReddy/rover_ws/install/robot/share/robot//urdf/gps.xacro
[3.835s] -- Symlinking: /home/vighneshreddy/MRM_VighneshReddy/rover_ws/install/robot/share/robot//urdf/imu.xacro
[3.841s] -- Symlinking: /home/vighneshreddy/MRM_VighneshReddy/rover_ws/install/robot/share/robot//urdf/inertial.xacro
[3.850s] -- Symlinking: /home/vighneshreddy/MRM_VighneshReddy/rover_ws/install/robot/share/robot//urdf/lidar.xacro
[3.857s] -- Symlinking: /home/vighneshreddy/MRM_VighneshReddy/rover_ws/install/robot/share/robot//urdf/material.xacro
[3.862s] -- Symlinking: /home/vighneshreddy/MRM_VighneshReddy/rover_ws/install/robot/share/robot//urdf/robot.urdf.xacro
[3.868s] -- Symlinking: /home/vighneshreddy/MRM_VighneshReddy/rover_ws/install/robot/share/robot//urdf/stereo.xacro
[3.875s] -- Symlinking: /home/vighneshreddy/MRM_VighneshReddy/rover_ws/install/robot/share/robot//rviz/config.rviz
[3.882s] -- Symlinking: /home/vighneshreddy/MRM_VighneshReddy/rover_ws/install/robot/share/robot//rviz/nav2_slam_config.rviz
[3.891s] -- Symlinking: /home/vighneshreddy/MRM_VighneshReddy/rover_ws/install/robot/share/robot//config/cartographer_2d.lua
[3.900s] -- Symlinking: /home/vighneshreddy/MRM_VighneshReddy/rover_ws/install/robot/share/robot//config/cartographer_ros_config.yaml
[3.907s] -- Symlinking: /home/vighneshreddy/MRM_VighneshReddy/rover_ws/install/robot/share/robot//config/nav2_params.yaml
[3.914s] -- Symlinking: /home/vighneshreddy/MRM_VighneshReddy/rover_ws/install/robot/share/robot//config/octomap.yaml
[3.919s] -- Symlinking: /home/vighneshreddy/MRM_VighneshReddy/rover_ws/install/robot/share/robot//config/rtabmap_config.yaml
[3.926s] -- Symlinking: /home/vighneshreddy/MRM_VighneshReddy/rover_ws/install/robot/share/robot//config/rtabmap_launch.yaml
[3.932s] -- Symlinking: /home/vighneshreddy/MRM_VighneshReddy/rover_ws/install/robot/share/robot//config/slam_toolbox_params.yaml
[3.938s] -- Symlinking: /home/vighneshreddy/MRM_VighneshReddy/rover_ws/install/robot/share/ament_index/resource_index/package_run_dependencies/robot
[3.945s] -- Symlinking: /home/vighneshreddy/MRM_VighneshReddy/rover_ws/install/robot/share/ament_index/resource_index/parent_prefix_path/robot
[3.951s] -- Symlinking: /home/vighneshreddy/MRM_VighneshReddy/rover_ws/install/robot/share/robot/environment/ament_prefix_path.sh
[3.960s] -- Symlinking: /home/vighneshreddy/MRM_VighneshReddy/rover_ws/install/robot/share/robot/environment/ament_prefix_path.dsv
[3.967s] -- Symlinking: /home/vighneshreddy/MRM_VighneshReddy/rover_ws/install/robot/share/robot/environment/path.sh
[3.976s] -- Symlinking: /home/vighneshreddy/MRM_VighneshReddy/rover_ws/install/robot/share/robot/environment/path.dsv
[3.984s] -- Symlinking: /home/vighneshreddy/MRM_VighneshReddy/rover_ws/install/robot/share/robot/local_setup.bash
[3.991s] -- Symlinking: /home/vighneshreddy/MRM_VighneshReddy/rover_ws/install/robot/share/robot/local_setup.sh
[3.997s] -- Symlinking: /home/vighneshreddy/MRM_VighneshReddy/rover_ws/install/robot/share/robot/local_setup.zsh
[4.005s] -- Symlinking: /home/vighneshreddy/MRM_VighneshReddy/rover_ws/install/robot/share/robot/local_setup.dsv
[4.011s] -- Symlinking: /home/vighneshreddy/MRM_VighneshReddy/rover_ws/install/robot/share/robot/package.dsv
[4.019s] -- Symlinking: /home/vighneshreddy/MRM_VighneshReddy/rover_ws/install/robot/share/ament_index/resource_index/packages/robot
[4.025s] -- Symlinking: /home/vighneshreddy/MRM_VighneshReddy/rover_ws/install/robot/share/robot/cmake/robotConfig.cmake
[4.031s] -- Symlinking: /home/vighneshreddy/MRM_VighneshReddy/rover_ws/install/robot/share/robot/cmake/robotConfig-version.cmake
[4.038s] -- Symlinking: /home/vighneshreddy/MRM_VighneshReddy/rover_ws/install/robot/share/robot/package.xml
[4.048s] Invoked command in '/home/vighneshreddy/MRM_VighneshReddy/rover_ws/build/robot' returned '0': CMAKE_PREFIX_PATH=${CMAKE_PREFIX_PATH}:/opt/ros/humble /usr/bin/cmake --install /home/vighneshreddy/MRM_VighneshReddy/rover_ws/build/robot
