[0.000000] (-) TimerEvent: {}
[0.000621] (robot) JobQueued: {'identifier': 'robot', 'dependencies': OrderedDict()}
[0.000752] (robot) JobStarted: {'identifier': 'robot'}
[0.007030] (robot) JobProgress: {'identifier': 'robot', 'progress': 'cmake'}
[0.008435] (robot) JobProgress: {'identifier': 'robot', 'progress': 'build'}
[0.009231] (robot) Command: {'cmd': ['/usr/bin/cmake', '--build', '/home/vighneshreddy/MRM_VighneshReddy/rover_ws/build/robot', '--', '-j22', '-l22'], 'cwd': '/home/vighneshreddy/MRM_VighneshReddy/rover_ws/build/robot', 'env': OrderedDict([('LANGUAGE', 'en_IN:en'), ('USER', 'vighneshreddy'), ('XDG_SESSION_TYPE', 'x11'), ('SHLVL', '1'), ('LD_LIBRARY_PATH', '/usr/lib/x86_64-linux-gnu/gazebo-11/plugins:/opt/ros/humble/opt/rviz_ogre_vendor/lib:/opt/ros/humble/lib/x86_64-linux-gnu:/opt/ros/humble/lib'), ('HOME', '/home/vighneshreddy'), ('DESKTOP_SESSION', 'ubuntu-xorg'), ('ROS_PYTHON_VERSION', '3'), ('GNOME_SHELL_SESSION_MODE', 'ubuntu'), ('GTK_MODULES', 'gail:atk-bridge'), ('SYSTEMD_EXEC_PID', '19620'), ('DBUS_SESSION_BUS_ADDRESS', 'unix:path=/run/user/1000/bus'), ('COLORTERM', 'truecolor'), ('IM_CONFIG_PHASE', '1'), ('COLCON_PREFIX_PATH', '/home/vighneshreddy/MRM_VighneshReddy/rover_ws/install'), ('ROS_DISTRO', 'humble'), ('GTK_IM_MODULE', 'ibus'), ('LOGNAME', 'vighneshreddy'), ('_', '/usr/bin/colcon'), ('ROS_VERSION', '2'), ('XDG_SESSION_CLASS', 'user'), ('USERNAME', 'vighneshreddy'), ('TERM', 'xterm-256color'), ('GNOME_DESKTOP_SESSION_ID', 'this-is-deprecated'), ('ROS_LOCALHOST_ONLY', '0'), ('WINDOWPATH', '2'), ('PATH', '/opt/ros/humble/bin:/usr/local/sbin:/usr/local/bin:/usr/sbin:/usr/bin:/sbin:/bin:/usr/games:/usr/local/games:/snap/bin:/snap/bin'), ('SESSION_MANAGER', 'local/vivobook-s16:@/tmp/.ICE-unix/1511,unix/vivobook-s16:/tmp/.ICE-unix/1511'), ('XDG_MENU_PREFIX', 'gnome-'), ('GNOME_TERMINAL_SCREEN', '/org/gnome/Terminal/screen/b9952224_f7b5_49dd_a71b_852ed12c64e5'), ('XDG_RUNTIME_DIR', '/run/user/1000'), ('DISPLAY', ':0'), ('LANG', 'en_US.UTF-8'), ('XDG_CURRENT_DESKTOP', 'ubuntu:GNOME'), ('XMODIFIERS', '@im=ibus'), ('XDG_SESSION_DESKTOP', 'ubuntu-xorg'), ('XAUTHORITY', '/run/user/1000/gdm/Xauthority'), ('GNOME_TERMINAL_SERVICE', ':1.150'), ('SSH_AGENT_LAUNCHER', 'gnome-keyring'), ('SSH_AUTH_SOCK', '/run/user/1000/keyring/ssh'), ('AMENT_PREFIX_PATH', '/home/vighneshreddy/MRM_VighneshReddy/rover_ws/install/robot:/opt/ros/humble'), ('SHELL', '/bin/bash'), ('QT_ACCESSIBILITY', '1'), ('GDMSESSION', 'ubuntu-xorg'), ('GPG_AGENT_INFO', '/run/user/1000/gnupg/S.gpg-agent:0:1'), ('QT_IM_MODULE', 'ibus'), ('PWD', '/home/vighneshreddy/MRM_VighneshReddy/rover_ws/build/robot'), ('LC_ALL', 'en_US.UTF-8'), ('XDG_CONFIG_DIRS', '/etc/xdg/xdg-ubuntu-xorg:/etc/xdg'), ('XDG_DATA_DIRS', '/usr/share/ubuntu-xorg:/usr/share/gnome:/usr/local/share/:/usr/share/:/var/lib/snapd/desktop'), ('PYTHONPATH', '/opt/ros/humble/lib/python3.10/site-packages:/opt/ros/humble/local/lib/python3.10/dist-packages'), ('COLCON', '1'), ('VTE_VERSION', '6800'), ('CMAKE_PREFIX_PATH', '/home/vighneshreddy/MRM_VighneshReddy/rover_ws/install/robot:/opt/ros/humble')]), 'shell': False}
[0.060430] (robot) StdoutLine: {'line': b'[ 25%] Built target navigation_node\n'}
[0.062621] (robot) StdoutLine: {'line': b'[ 50%] Built target compass_node\n'}
[0.067924] (robot) StdoutLine: {'line': b'[ 75%] Built target pointcloud_preprocessor_node\n'}
[0.068088] (robot) StdoutLine: {'line': b'[100%] Built target pcloa\n'}
[0.076018] (robot) CommandEnded: {'returncode': 0}
[0.076539] (robot) JobProgress: {'identifier': 'robot', 'progress': 'install'}
[0.082437] (robot) Command: {'cmd': ['/usr/bin/cmake', '--install', '/home/vighneshreddy/MRM_VighneshReddy/rover_ws/build/robot'], 'cwd': '/home/vighneshreddy/MRM_VighneshReddy/rover_ws/build/robot', 'env': OrderedDict([('LANGUAGE', 'en_IN:en'), ('USER', 'vighneshreddy'), ('XDG_SESSION_TYPE', 'x11'), ('SHLVL', '1'), ('LD_LIBRARY_PATH', '/usr/lib/x86_64-linux-gnu/gazebo-11/plugins:/opt/ros/humble/opt/rviz_ogre_vendor/lib:/opt/ros/humble/lib/x86_64-linux-gnu:/opt/ros/humble/lib'), ('HOME', '/home/vighneshreddy'), ('DESKTOP_SESSION', 'ubuntu-xorg'), ('ROS_PYTHON_VERSION', '3'), ('GNOME_SHELL_SESSION_MODE', 'ubuntu'), ('GTK_MODULES', 'gail:atk-bridge'), ('SYSTEMD_EXEC_PID', '19620'), ('DBUS_SESSION_BUS_ADDRESS', 'unix:path=/run/user/1000/bus'), ('COLORTERM', 'truecolor'), ('IM_CONFIG_PHASE', '1'), ('COLCON_PREFIX_PATH', '/home/vighneshreddy/MRM_VighneshReddy/rover_ws/install'), ('ROS_DISTRO', 'humble'), ('GTK_IM_MODULE', 'ibus'), ('LOGNAME', 'vighneshreddy'), ('_', '/usr/bin/colcon'), ('ROS_VERSION', '2'), ('XDG_SESSION_CLASS', 'user'), ('USERNAME', 'vighneshreddy'), ('TERM', 'xterm-256color'), ('GNOME_DESKTOP_SESSION_ID', 'this-is-deprecated'), ('ROS_LOCALHOST_ONLY', '0'), ('WINDOWPATH', '2'), ('PATH', '/opt/ros/humble/bin:/usr/local/sbin:/usr/local/bin:/usr/sbin:/usr/bin:/sbin:/bin:/usr/games:/usr/local/games:/snap/bin:/snap/bin'), ('SESSION_MANAGER', 'local/vivobook-s16:@/tmp/.ICE-unix/1511,unix/vivobook-s16:/tmp/.ICE-unix/1511'), ('XDG_MENU_PREFIX', 'gnome-'), ('GNOME_TERMINAL_SCREEN', '/org/gnome/Terminal/screen/b9952224_f7b5_49dd_a71b_852ed12c64e5'), ('XDG_RUNTIME_DIR', '/run/user/1000'), ('DISPLAY', ':0'), ('LANG', 'en_US.UTF-8'), ('XDG_CURRENT_DESKTOP', 'ubuntu:GNOME'), ('XMODIFIERS', '@im=ibus'), ('XDG_SESSION_DESKTOP', 'ubuntu-xorg'), ('XAUTHORITY', '/run/user/1000/gdm/Xauthority'), ('GNOME_TERMINAL_SERVICE', ':1.150'), ('SSH_AGENT_LAUNCHER', 'gnome-keyring'), ('SSH_AUTH_SOCK', '/run/user/1000/keyring/ssh'), ('AMENT_PREFIX_PATH', '/home/vighneshreddy/MRM_VighneshReddy/rover_ws/install/robot:/opt/ros/humble'), ('SHELL', '/bin/bash'), ('QT_ACCESSIBILITY', '1'), ('GDMSESSION', 'ubuntu-xorg'), ('GPG_AGENT_INFO', '/run/user/1000/gnupg/S.gpg-agent:0:1'), ('QT_IM_MODULE', 'ibus'), ('PWD', '/home/vighneshreddy/MRM_VighneshReddy/rover_ws/build/robot'), ('LC_ALL', 'en_US.UTF-8'), ('XDG_CONFIG_DIRS', '/etc/xdg/xdg-ubuntu-xorg:/etc/xdg'), ('XDG_DATA_DIRS', '/usr/share/ubuntu-xorg:/usr/share/gnome:/usr/local/share/:/usr/share/:/var/lib/snapd/desktop'), ('PYTHONPATH', '/opt/ros/humble/lib/python3.10/site-packages:/opt/ros/humble/local/lib/python3.10/dist-packages'), ('COLCON', '1'), ('VTE_VERSION', '6800'), ('CMAKE_PREFIX_PATH', '/home/vighneshreddy/MRM_VighneshReddy/rover_ws/install/robot:/opt/ros/humble')]), 'shell': False}
[0.088343] (robot) StdoutLine: {'line': b'-- Install configuration: ""\n'}
[0.088510] (robot) StdoutLine: {'line': b'-- Up-to-date: /home/vighneshreddy/MRM_VighneshReddy/rover_ws/install/robot/lib/robot/imu_receiver.py\n'}
[0.088606] (robot) StdoutLine: {'line': b'-- Up-to-date: /home/vighneshreddy/MRM_VighneshReddy/rover_ws/install/robot/lib/robot/navigation_node\n'}
[0.088736] (robot) StdoutLine: {'line': b'-- Up-to-date: /home/vighneshreddy/MRM_VighneshReddy/rover_ws/install/robot/lib/robot/pointcloud_preprocessor_node\n'}
[0.088801] (robot) StdoutLine: {'line': b'-- Up-to-date: /home/vighneshreddy/MRM_VighneshReddy/rover_ws/install/robot/lib/robot/pcloa\n'}
[0.088841] (robot) StdoutLine: {'line': b'-- Up-to-date: /home/vighneshreddy/MRM_VighneshReddy/rover_ws/install/robot/lib/robot/compass_node\n'}
[0.088871] (robot) StdoutLine: {'line': b'-- Up-to-date: /home/vighneshreddy/MRM_VighneshReddy/rover_ws/install/robot/share/robot//launch\n'}
[0.089111] (robot) StdoutLine: {'line': b'-- Up-to-date: /home/vighneshreddy/MRM_VighneshReddy/rover_ws/install/robot/share/robot//launch/display.launch.py\n'}
[0.089156] (robot) StdoutLine: {'line': b'-- Installing: /home/vighneshreddy/MRM_VighneshReddy/rover_ws/install/robot/share/robot//launch/octomap_launch.py\n'}
[0.089276] (robot) StdoutLine: {'line': b'-- Up-to-date: /home/vighneshreddy/MRM_VighneshReddy/rover_ws/install/robot/share/robot//launch/gazebo.launch.py\n'}
[0.089310] (robot) StdoutLine: {'line': b'-- Up-to-date: /home/vighneshreddy/MRM_VighneshReddy/rover_ws/install/robot/share/robot//launch/nav2_launch.py\n'}
[0.089341] (robot) StdoutLine: {'line': b'-- Up-to-date: /home/vighneshreddy/MRM_VighneshReddy/rover_ws/install/robot/share/robot//launch/rtabmap.launch.py\n'}
[0.089371] (robot) StdoutLine: {'line': b'-- Up-to-date: /home/vighneshreddy/MRM_VighneshReddy/rover_ws/install/robot/share/robot//launch/robot.launch.py\n'}
[0.089431] (robot) StdoutLine: {'line': b'-- Up-to-date: /home/vighneshreddy/MRM_VighneshReddy/rover_ws/install/robot/share/robot//launch/cartographer.launch.py\n'}
[0.089463] (robot) StdoutLine: {'line': b'-- Up-to-date: /home/vighneshreddy/MRM_VighneshReddy/rover_ws/install/robot/share/robot//urdf\n'}
[0.089495] (robot) StdoutLine: {'line': b'-- Up-to-date: /home/vighneshreddy/MRM_VighneshReddy/rover_ws/install/robot/share/robot//urdf/material.xacro\n'}
[0.089527] (robot) StdoutLine: {'line': b'-- Up-to-date: /home/vighneshreddy/MRM_VighneshReddy/rover_ws/install/robot/share/robot//urdf/stereo.xacro\n'}
[0.089561] (robot) StdoutLine: {'line': b'-- Up-to-date: /home/vighneshreddy/MRM_VighneshReddy/rover_ws/install/robot/share/robot//urdf/robot.urdf.xacro\n'}
[0.089593] (robot) StdoutLine: {'line': b'-- Up-to-date: /home/vighneshreddy/MRM_VighneshReddy/rover_ws/install/robot/share/robot//urdf/gps.xacro\n'}
[0.089626] (robot) StdoutLine: {'line': b'-- Up-to-date: /home/vighneshreddy/MRM_VighneshReddy/rover_ws/install/robot/share/robot//urdf/lidar.xacro\n'}
[0.089658] (robot) StdoutLine: {'line': b'-- Up-to-date: /home/vighneshreddy/MRM_VighneshReddy/rover_ws/install/robot/share/robot//urdf/inertial.xacro\n'}
[0.089690] (robot) StdoutLine: {'line': b'-- Up-to-date: /home/vighneshreddy/MRM_VighneshReddy/rover_ws/install/robot/share/robot//urdf/imu.xacro\n'}
[0.089722] (robot) StdoutLine: {'line': b'-- Up-to-date: /home/vighneshreddy/MRM_VighneshReddy/rover_ws/install/robot/share/robot//urdf/cam.xacro\n'}
[0.089752] (robot) StdoutLine: {'line': b'-- Up-to-date: /home/vighneshreddy/MRM_VighneshReddy/rover_ws/install/robot/share/robot//rviz\n'}
[0.089783] (robot) StdoutLine: {'line': b'-- Up-to-date: /home/vighneshreddy/MRM_VighneshReddy/rover_ws/install/robot/share/robot//rviz/config.rviz\n'}
[0.089814] (robot) StdoutLine: {'line': b'-- Up-to-date: /home/vighneshreddy/MRM_VighneshReddy/rover_ws/install/robot/share/robot//rviz/nav2_slam_config.rviz\n'}
[0.089843] (robot) StdoutLine: {'line': b'-- Up-to-date: /home/vighneshreddy/MRM_VighneshReddy/rover_ws/install/robot/share/robot//config\n'}
[0.089872] (robot) StdoutLine: {'line': b'-- Up-to-date: /home/vighneshreddy/MRM_VighneshReddy/rover_ws/install/robot/share/robot//config/cartographer_2d.lua\n'}
[0.089908] (robot) StdoutLine: {'line': b'-- Up-to-date: /home/vighneshreddy/MRM_VighneshReddy/rover_ws/install/robot/share/robot//config/rtabmap_config.yaml\n'}
[0.089998] (robot) StdoutLine: {'line': b'-- Up-to-date: /home/vighneshreddy/MRM_VighneshReddy/rover_ws/install/robot/share/robot//config/octomap.yaml\n'}
[0.090044] (robot) StdoutLine: {'line': b'-- Up-to-date: /home/vighneshreddy/MRM_VighneshReddy/rover_ws/install/robot/share/robot//config/rtabmap_launch.yaml\n'}
[0.090090] (robot) StdoutLine: {'line': b'-- Up-to-date: /home/vighneshreddy/MRM_VighneshReddy/rover_ws/install/robot/share/robot//config/slam_toolbox_params.yaml\n'}
[0.090144] (robot) StdoutLine: {'line': b'-- Up-to-date: /home/vighneshreddy/MRM_VighneshReddy/rover_ws/install/robot/share/robot//config/cartographer_ros_config.yaml\n'}
[0.090188] (robot) StdoutLine: {'line': b'-- Up-to-date: /home/vighneshreddy/MRM_VighneshReddy/rover_ws/install/robot/share/robot//config/nav2_params.yaml\n'}
[0.090222] (robot) StdoutLine: {'line': b'-- Up-to-date: /home/vighneshreddy/MRM_VighneshReddy/rover_ws/install/robot/share/ament_index/resource_index/package_run_dependencies/robot\n'}
[0.090262] (robot) StdoutLine: {'line': b'-- Up-to-date: /home/vighneshreddy/MRM_VighneshReddy/rover_ws/install/robot/share/ament_index/resource_index/parent_prefix_path/robot\n'}
[0.090296] (robot) StdoutLine: {'line': b'-- Up-to-date: /home/vighneshreddy/MRM_VighneshReddy/rover_ws/install/robot/share/robot/environment/ament_prefix_path.sh\n'}
[0.090353] (robot) StdoutLine: {'line': b'-- Up-to-date: /home/vighneshreddy/MRM_VighneshReddy/rover_ws/install/robot/share/robot/environment/ament_prefix_path.dsv\n'}
[0.090379] (robot) StdoutLine: {'line': b'-- Up-to-date: /home/vighneshreddy/MRM_VighneshReddy/rover_ws/install/robot/share/robot/environment/path.sh\n'}
[0.090404] (robot) StdoutLine: {'line': b'-- Up-to-date: /home/vighneshreddy/MRM_VighneshReddy/rover_ws/install/robot/share/robot/environment/path.dsv\n'}
[0.090428] (robot) StdoutLine: {'line': b'-- Up-to-date: /home/vighneshreddy/MRM_VighneshReddy/rover_ws/install/robot/share/robot/local_setup.bash\n'}
[0.090453] (robot) StdoutLine: {'line': b'-- Up-to-date: /home/vighneshreddy/MRM_VighneshReddy/rover_ws/install/robot/share/robot/local_setup.sh\n'}
[0.090489] (robot) StdoutLine: {'line': b'-- Up-to-date: /home/vighneshreddy/MRM_VighneshReddy/rover_ws/install/robot/share/robot/local_setup.zsh\n'}
[0.090515] (robot) StdoutLine: {'line': b'-- Up-to-date: /home/vighneshreddy/MRM_VighneshReddy/rover_ws/install/robot/share/robot/local_setup.dsv\n'}
[0.090544] (robot) StdoutLine: {'line': b'-- Installing: /home/vighneshreddy/MRM_VighneshReddy/rover_ws/install/robot/share/robot/package.dsv\n'}
[0.090574] (robot) StdoutLine: {'line': b'-- Up-to-date: /home/vighneshreddy/MRM_VighneshReddy/rover_ws/install/robot/share/ament_index/resource_index/packages/robot\n'}
[0.090603] (robot) StdoutLine: {'line': b'-- Up-to-date: /home/vighneshreddy/MRM_VighneshReddy/rover_ws/install/robot/share/robot/cmake/robotConfig.cmake\n'}
[0.090632] (robot) StdoutLine: {'line': b'-- Up-to-date: /home/vighneshreddy/MRM_VighneshReddy/rover_ws/install/robot/share/robot/cmake/robotConfig-version.cmake\n'}
[0.090663] (robot) StdoutLine: {'line': b'-- Up-to-date: /home/vighneshreddy/MRM_VighneshReddy/rover_ws/install/robot/share/robot/package.xml\n'}
[0.091278] (robot) CommandEnded: {'returncode': 0}
[0.099679] (-) TimerEvent: {}
[0.102294] (robot) JobEnded: {'identifier': 'robot', 'rc': 0}
[0.102649] (-) EventReactorShutdown: {}
