-- Found ament_cmake: 1.3.11 (/opt/ros/humble/share/ament_cmake/cmake)
-- Found rclcpp: 16.0.11 (/opt/ros/humble/share/rclcpp/cmake)
-- Found rosidl_generator_c: 3.1.6 (/opt/ros/humble/share/rosidl_generator_c/cmake)
-- Found rosidl_adapter: 3.1.6 (/opt/ros/humble/share/rosidl_adapter/cmake)
-- Found rosidl_generator_cpp: 3.1.6 (/opt/ros/humble/share/rosidl_generator_cpp/cmake)
-- Using all available rosidl_typesupport_c: rosidl_typesupport_fastrtps_c;rosidl_typesupport_introspection_c
-- Using all available rosidl_typesupport_cpp: rosidl_typesupport_fastrtps_cpp;rosidl_typesupport_introspection_cpp
-- Found rmw_implementation_cmake: 6.1.2 (/opt/ros/humble/share/rmw_implementation_cmake/cmake)
-- Found rmw_fastrtps_cpp: 6.2.7 (/opt/ros/humble/share/rmw_fastrtps_cpp/cmake)
-- Using RMW implementation 'rmw_fastrtps_cpp' as default
-- Found geometry_msgs: 4.2.4 (/opt/ros/humble/share/geometry_msgs/cmake)
-- Found nav_msgs: 4.2.4 (/opt/ros/humble/share/nav_msgs/cmake)
-- Found tf2: 0.25.9 (/opt/ros/humble/share/tf2/cmake)
-- Found tf2_ros: 0.25.9 (/opt/ros/humble/share/tf2_ros/cmake)
-- Configuring done
-- Generating done
-- Build files have been written to: /home/vighneshreddy/rover_ws/build/rover_navigation
[ 50%] [32mBuilding CXX object CMakeFiles/navigation_node.dir/src/navigation_node.cpp.o[0m
[100%] [32m[1mLinking CXX executable navigation_node[0m
[100%] Built target navigation_node
-- Install configuration: ""
-- Installing: /home/vighneshreddy/rover_ws/install/rover_navigation/lib/rover_navigation/navigation_node
-- Set runtime path of "/home/vighneshreddy/rover_ws/install/rover_navigation/lib/rover_navigation/navigation_node" to ""
-- Installing: /home/vighneshreddy/rover_ws/install/rover_navigation/share/rover_navigation/launch
-- Installing: /home/vighneshreddy/rover_ws/install/rover_navigation/share/rover_navigation/launch/rover_navigation.launch.py
-- Installing: /home/vighneshreddy/rover_ws/install/rover_navigation/share/ament_index/resource_index/package_run_dependencies/rover_navigation
-- Installing: /home/vighneshreddy/rover_ws/install/rover_navigation/share/ament_index/resource_index/parent_prefix_path/rover_navigation
-- Installing: /home/vighneshreddy/rover_ws/install/rover_navigation/share/rover_navigation/environment/ament_prefix_path.sh
-- Installing: /home/vighneshreddy/rover_ws/install/rover_navigation/share/rover_navigation/environment/ament_prefix_path.dsv
-- Installing: /home/vighneshreddy/rover_ws/install/rover_navigation/share/rover_navigation/environment/path.sh
-- Installing: /home/vighneshreddy/rover_ws/install/rover_navigation/share/rover_navigation/environment/path.dsv
-- Installing: /home/vighneshreddy/rover_ws/install/rover_navigation/share/rover_navigation/local_setup.bash
-- Installing: /home/vighneshreddy/rover_ws/install/rover_navigation/share/rover_navigation/local_setup.sh
-- Installing: /home/vighneshreddy/rover_ws/install/rover_navigation/share/rover_navigation/local_setup.zsh
-- Installing: /home/vighneshreddy/rover_ws/install/rover_navigation/share/rover_navigation/local_setup.dsv
-- Installing: /home/vighneshreddy/rover_ws/install/rover_navigation/share/rover_navigation/package.dsv
-- Installing: /home/vighneshreddy/rover_ws/install/rover_navigation/share/ament_index/resource_index/packages/rover_navigation
-- Installing: /home/vighneshreddy/rover_ws/install/rover_navigation/share/rover_navigation/cmake/rover_navigationConfig.cmake
-- Installing: /home/vighneshreddy/rover_ws/install/rover_navigation/share/rover_navigation/cmake/rover_navigationConfig-version.cmake
-- Installing: /home/vighneshreddy/rover_ws/install/rover_navigation/share/rover_navigation/package.xml
