[0.156s] Invoking command in '/home/vighneshreddy/rover_ws/build/rover_navigation': CMAKE_PREFIX_PATH=${CMAKE_PREFIX_PATH}:/home/vighneshreddy/rover_ws/install/robot_position /usr/bin/cmake /home/vighneshreddy/rover_ws/src/rover_navigation -DCMAKE_INSTALL_PREFIX=/home/vighneshreddy/rover_ws/install/rover_navigation
[0.166s] -- Found ament_cmake: 1.3.11 (/opt/ros/humble/share/ament_cmake/cmake)
[0.244s] -- Found rclcpp: 16.0.11 (/opt/ros/humble/share/rclcpp/cmake)
[0.259s] -- Found rosidl_generator_c: 3.1.6 (/opt/ros/humble/share/rosidl_generator_c/cmake)
[0.261s] -- Found rosidl_adapter: 3.1.6 (/opt/ros/humble/share/rosidl_adapter/cmake)
[0.264s] -- Found rosidl_generator_cpp: 3.1.6 (/opt/ros/humble/share/rosidl_generator_cpp/cmake)
[0.269s] -- Using all available rosidl_typesupport_c: rosidl_typesupport_fastrtps_c;rosidl_typesupport_introspection_c
[0.275s] -- Using all available rosidl_typesupport_cpp: rosidl_typesupport_fastrtps_cpp;rosidl_typesupport_introspection_cpp
[0.292s] -- Found rmw_implementation_cmake: 6.1.2 (/opt/ros/humble/share/rmw_implementation_cmake/cmake)
[0.293s] -- Found rmw_fastrtps_cpp: 6.2.7 (/opt/ros/humble/share/rmw_fastrtps_cpp/cmake)
[0.365s] -- Using RMW implementation 'rmw_fastrtps_cpp' as default
[0.395s] -- Found geometry_msgs: 4.2.4 (/opt/ros/humble/share/geometry_msgs/cmake)
[0.402s] -- Found nav_msgs: 4.2.4 (/opt/ros/humble/share/nav_msgs/cmake)
[0.411s] -- Found tf2: 0.25.9 (/opt/ros/humble/share/tf2/cmake)
[0.414s] -- Found tf2_ros: 0.25.9 (/opt/ros/humble/share/tf2_ros/cmake)
[0.495s] -- Configuring done
[0.500s] -- Generating done
[0.502s] -- Build files have been written to: /home/vighneshreddy/rover_ws/build/rover_navigation
[0.508s] Invoked command in '/home/vighneshreddy/rover_ws/build/rover_navigation' returned '0': CMAKE_PREFIX_PATH=${CMAKE_PREFIX_PATH}:/home/vighneshreddy/rover_ws/install/robot_position /usr/bin/cmake /home/vighneshreddy/rover_ws/src/rover_navigation -DCMAKE_INSTALL_PREFIX=/home/vighneshreddy/rover_ws/install/rover_navigation
[0.510s] Invoking command in '/home/vighneshreddy/rover_ws/build/rover_navigation': CMAKE_PREFIX_PATH=${CMAKE_PREFIX_PATH}:/home/vighneshreddy/rover_ws/install/robot_position /usr/bin/cmake --build /home/vighneshreddy/rover_ws/build/rover_navigation -- -j22 -l22
[0.551s] [ 50%] [32mBuilding CXX object CMakeFiles/navigation_node.dir/src/navigation_node.cpp.o[0m
[5.421s] [100%] [32m[1mLinking CXX executable navigation_node[0m
[5.687s] [100%] Built target navigation_node
[5.696s] Invoked command in '/home/vighneshreddy/rover_ws/build/rover_navigation' returned '0': CMAKE_PREFIX_PATH=${CMAKE_PREFIX_PATH}:/home/vighneshreddy/rover_ws/install/robot_position /usr/bin/cmake --build /home/vighneshreddy/rover_ws/build/rover_navigation -- -j22 -l22
[5.697s] Invoking command in '/home/vighneshreddy/rover_ws/build/rover_navigation': CMAKE_PREFIX_PATH=${CMAKE_PREFIX_PATH}:/home/vighneshreddy/rover_ws/install/robot_position /usr/bin/cmake --install /home/vighneshreddy/rover_ws/build/rover_navigation
[5.704s] -- Install configuration: ""
[5.704s] -- Installing: /home/vighneshreddy/rover_ws/install/rover_navigation/lib/rover_navigation/navigation_node
[5.707s] -- Set runtime path of "/home/vighneshreddy/rover_ws/install/rover_navigation/lib/rover_navigation/navigation_node" to ""
[5.707s] -- Installing: /home/vighneshreddy/rover_ws/install/rover_navigation/share/rover_navigation/launch
[5.707s] -- Installing: /home/vighneshreddy/rover_ws/install/rover_navigation/share/rover_navigation/launch/rover_navigation.launch.py
[5.707s] -- Installing: /home/vighneshreddy/rover_ws/install/rover_navigation/share/ament_index/resource_index/package_run_dependencies/rover_navigation
[5.707s] -- Installing: /home/vighneshreddy/rover_ws/install/rover_navigation/share/ament_index/resource_index/parent_prefix_path/rover_navigation
[5.707s] -- Installing: /home/vighneshreddy/rover_ws/install/rover_navigation/share/rover_navigation/environment/ament_prefix_path.sh
[5.707s] -- Installing: /home/vighneshreddy/rover_ws/install/rover_navigation/share/rover_navigation/environment/ament_prefix_path.dsv
[5.707s] -- Installing: /home/vighneshreddy/rover_ws/install/rover_navigation/share/rover_navigation/environment/path.sh
[5.707s] -- Installing: /home/vighneshreddy/rover_ws/install/rover_navigation/share/rover_navigation/environment/path.dsv
[5.708s] -- Installing: /home/vighneshreddy/rover_ws/install/rover_navigation/share/rover_navigation/local_setup.bash
[5.708s] -- Installing: /home/vighneshreddy/rover_ws/install/rover_navigation/share/rover_navigation/local_setup.sh
[5.708s] -- Installing: /home/vighneshreddy/rover_ws/install/rover_navigation/share/rover_navigation/local_setup.zsh
[5.708s] -- Installing: /home/vighneshreddy/rover_ws/install/rover_navigation/share/rover_navigation/local_setup.dsv
[5.708s] -- Installing: /home/vighneshreddy/rover_ws/install/rover_navigation/share/rover_navigation/package.dsv
[5.708s] -- Installing: /home/vighneshreddy/rover_ws/install/rover_navigation/share/ament_index/resource_index/packages/rover_navigation
[5.708s] -- Installing: /home/vighneshreddy/rover_ws/install/rover_navigation/share/rover_navigation/cmake/rover_navigationConfig.cmake
[5.708s] -- Installing: /home/vighneshreddy/rover_ws/install/rover_navigation/share/rover_navigation/cmake/rover_navigationConfig-version.cmake
[5.708s] -- Installing: /home/vighneshreddy/rover_ws/install/rover_navigation/share/rover_navigation/package.xml
[5.709s] Invoked command in '/home/vighneshreddy/rover_ws/build/rover_navigation' returned '0': CMAKE_PREFIX_PATH=${CMAKE_PREFIX_PATH}:/home/vighneshreddy/rover_ws/install/robot_position /usr/bin/cmake --install /home/vighneshreddy/rover_ws/build/rover_navigation
