[0.009s] Invoking command in '/home/vighneshreddy/MRM_VighneshReddy/rover_ws/build/robot': /usr/bin/cmake /home/vighneshreddy/MRM_VighneshReddy/rover_ws/src/robot -DCMAKE_INSTALL_PREFIX=/home/vighneshreddy/MRM_VighneshReddy/rover_ws/install/robot
[0.017s] -- Found ament_cmake: 1.3.11 (/opt/ros/humble/share/ament_cmake/cmake)
[0.097s] -- Found gazebo_ros: 3.7.0 (/opt/ros/humble/share/gazebo_ros/cmake)
[0.116s] -- Found rosidl_generator_c: 3.1.6 (/opt/ros/humble/share/rosidl_generator_c/cmake)
[0.118s] -- Found rosidl_adapter: 3.1.6 (/opt/ros/humble/share/rosidl_adapter/cmake)
[0.121s] -- Found rosidl_generator_cpp: 3.1.6 (/opt/ros/humble/share/rosidl_generator_cpp/cmake)
[0.127s] -- Using all available rosidl_typesupport_c: rosidl_typesupport_fastrtps_c;rosidl_typesupport_introspection_c
[0.135s] -- Using all available rosidl_typesupport_cpp: rosidl_typesupport_fastrtps_cpp;rosidl_typesupport_introspection_cpp
[0.155s] -- Found rmw_implementation_cmake: 6.1.2 (/opt/ros/humble/share/rmw_implementation_cmake/cmake)
[0.156s] -- Found rmw_fastrtps_cpp: 6.2.7 (/opt/ros/humble/share/rmw_fastrtps_cpp/cmake)
[0.223s] -- Using RMW implementation 'rmw_fastrtps_cpp' as default
[0.278s] -- Found DART: /usr/include (Required is at least version "6.6") found components: dart 
[0.296s] -- Found Protobuf: /usr/lib/x86_64-linux-gnu/libprotobuf.so (found version "3.12.4") 
[0.297s] -- Looking for ignition-math6 -- found version 6.15.1
[0.299s] -- Searching for dependencies of ignition-math6
[0.300s] -- Looking for OGRE...
[0.303s] -- Found Ogre Ghadamon (1.9.0)
[0.304s] -- Found OGRE: optimized;/usr/lib/x86_64-linux-gnu/libOgreMain.so;debug;/usr/lib/x86_64-linux-gnu/libOgreMain.so
[0.310s] -- Looking for OGRE_Paging...
[0.310s] -- Found OGRE_Paging: optimized;/usr/lib/x86_64-linux-gnu/libOgrePaging.so;debug;/usr/lib/x86_64-linux-gnu/libOgrePaging.so
[0.311s] -- Looking for OGRE_Terrain...
[0.311s] -- Found OGRE_Terrain: optimized;/usr/lib/x86_64-linux-gnu/libOgreTerrain.so;debug;/usr/lib/x86_64-linux-gnu/libOgreTerrain.so
[0.311s] -- Looking for OGRE_Property...
[0.311s] -- Found OGRE_Property: optimized;/usr/lib/x86_64-linux-gnu/libOgreProperty.so;debug;/usr/lib/x86_64-linux-gnu/libOgreProperty.so
[0.311s] -- Looking for OGRE_RTShaderSystem...
[0.311s] -- Found OGRE_RTShaderSystem: optimized;/usr/lib/x86_64-linux-gnu/libOgreRTShaderSystem.so;debug;/usr/lib/x86_64-linux-gnu/libOgreRTShaderSystem.so
[0.311s] -- Looking for OGRE_Volume...
[0.311s] -- Found OGRE_Volume: optimized;/usr/lib/x86_64-linux-gnu/libOgreVolume.so;debug;/usr/lib/x86_64-linux-gnu/libOgreVolume.so
[0.311s] -- Looking for OGRE_Overlay...
[0.311s] -- Found OGRE_Overlay: optimized;/usr/lib/x86_64-linux-gnu/libOgreOverlay.so;debug;/usr/lib/x86_64-linux-gnu/libOgreOverlay.so
[0.371s] -- Looking for ignition-math6 -- found version 6.15.1
[0.372s] -- Looking for ignition-transport8 -- found version 8.2.1
[0.372s] -- Searching for dependencies of ignition-transport8
[0.383s] -- Found Protobuf: /usr/lib/x86_64-linux-gnu/libprotobuf.so (found suitable version "3.12.4", minimum required is "3") 
[0.390s] -- Config-file not installed for ZeroMQ -- checking for pkg-config
[0.395s] -- Checking for module 'libzmq >= 4'
[0.405s] --   Found libzmq , version 4.3.4
[0.442s] -- Checking for module 'uuid'
[0.452s] --   Found uuid, version 2.37.2
[0.482s] -- Looking for ignition-msgs5 -- found version 5.8.1
[0.482s] -- Searching for dependencies of ignition-msgs5
[0.493s] -- Looking for ignition-math6 -- found version 6.15.1
[0.497s] -- Checking for module 'tinyxml2'
[0.508s] --   Found tinyxml2, version 9.0.0
[0.534s] -- Looking for ignition-msgs5 -- found version 5.8.1
[0.535s] -- Looking for ignition-common3 -- found version 3.14.0
[0.535s] -- Searching for dependencies of ignition-common3
[0.535s] -- Looking for dlfcn.h - found
[0.535s] -- Looking for libdl - found
[0.545s] -- Searching for <ignition-common3> component [graphics]
[0.545s] -- Looking for ignition-common3-graphics -- found version 3.14.0
[0.545s] -- Searching for dependencies of ignition-common3-graphics
[0.545s] -- Looking for ignition-math6 -- found version 6.15.1
[0.546s] -- Looking for ignition-fuel_tools4 -- found version 4.4.0
[0.546s] -- Searching for dependencies of ignition-fuel_tools4
[0.572s] -- Checking for module 'jsoncpp'
[0.583s] --   Found jsoncpp, version 1.9.5
[0.614s] -- Checking for module 'libzip'
[0.624s] --   Found libzip, version 1.7.3
[0.649s] -- Looking for ignition-common3 -- found version 3.14.0
[0.649s] -- Looking for ignition-math6 -- found version 6.15.1
[0.650s] -- Looking for ignition-msgs5 -- found version 5.8.1
[0.650s] -- Gazebo version: 11.10
[0.651s] -- Found robot_state_publisher: 3.0.3 (/opt/ros/humble/share/robot_state_publisher/cmake)
[0.664s] -- Found eigen3_cmake_module: 0.1.1 (/opt/ros/humble/share/eigen3_cmake_module/cmake)
[0.665s] -- Ensuring Eigen3 include directory is part of orocos-kdl CMake target
[0.739s] -- Found xacro: 2.0.8 (/opt/ros/humble/share/xacro/cmake)
[0.739s] -- Found tf2_geometry_msgs: 0.25.11 (/opt/ros/humble/share/tf2_geometry_msgs/cmake)
[0.743s] -- Found ament_lint_auto: 0.12.11 (/opt/ros/humble/share/ament_lint_auto/cmake)
[0.799s] -- Added test 'cppcheck' to perform static code analysis on C / C++ code
[0.799s] -- Configured cppcheck include dirs: 
[0.799s] -- Configured cppcheck exclude dirs and/or files: 
[0.799s] -- Added test 'flake8' to check Python code syntax and style conventions
[0.801s] -- Added test 'lint_cmake' to check CMake code style
[0.802s] -- Added test 'pep257' to check Python code against some of the docstring style conventions in PEP 257
[0.807s] -- Added test 'uncrustify' to check C / C++ code style
[0.808s] -- Configured uncrustify additional arguments: 
[0.808s] -- Added test 'xmllint' to check XML markup files
[0.809s] -- Configuring done
[0.816s] -- Generating done
[0.819s] -- Build files have been written to: /home/vighneshreddy/MRM_VighneshReddy/rover_ws/build/robot
[0.827s] Invoked command in '/home/vighneshreddy/MRM_VighneshReddy/rover_ws/build/robot' returned '0': /usr/bin/cmake /home/vighneshreddy/MRM_VighneshReddy/rover_ws/src/robot -DCMAKE_INSTALL_PREFIX=/home/vighneshreddy/MRM_VighneshReddy/rover_ws/install/robot
[0.828s] Invoking command in '/home/vighneshreddy/MRM_VighneshReddy/rover_ws/build/robot': /usr/bin/cmake --build /home/vighneshreddy/MRM_VighneshReddy/rover_ws/build/robot -- -j22 -l22
[0.865s] [ 50%] [32mBuilding CXX object CMakeFiles/navigation_node.dir/src/navigation_node.cpp.o[0m
[8.527s] [100%] [32m[1mLinking CXX executable navigation_node[0m
[8.923s] [100%] Built target navigation_node
[8.934s] Invoked command in '/home/vighneshreddy/MRM_VighneshReddy/rover_ws/build/robot' returned '0': /usr/bin/cmake --build /home/vighneshreddy/MRM_VighneshReddy/rover_ws/build/robot -- -j22 -l22
[8.940s] Invoking command in '/home/vighneshreddy/MRM_VighneshReddy/rover_ws/build/robot': /usr/bin/cmake --install /home/vighneshreddy/MRM_VighneshReddy/rover_ws/build/robot
[8.944s] -- Install configuration: ""
[8.944s] -- Installing: /home/vighneshreddy/MRM_VighneshReddy/rover_ws/install/robot/lib/robot/navigation_node
[8.947s] -- Set runtime path of "/home/vighneshreddy/MRM_VighneshReddy/rover_ws/install/robot/lib/robot/navigation_node" to ""
[8.947s] -- Installing: /home/vighneshreddy/MRM_VighneshReddy/rover_ws/install/robot/share/robot//launch
[8.947s] -- Installing: /home/vighneshreddy/MRM_VighneshReddy/rover_ws/install/robot/share/robot//launch/display.launch.py
[8.947s] -- Installing: /home/vighneshreddy/MRM_VighneshReddy/rover_ws/install/robot/share/robot//launch/gazebo.launch.py
[8.948s] -- Installing: /home/vighneshreddy/MRM_VighneshReddy/rover_ws/install/robot/share/robot//launch/robot.launch.py
[8.948s] -- Installing: /home/vighneshreddy/MRM_VighneshReddy/rover_ws/install/robot/share/robot//launch/gps.launch.py
[8.948s] -- Installing: /home/vighneshreddy/MRM_VighneshReddy/rover_ws/install/robot/share/robot//urdf
[8.948s] -- Installing: /home/vighneshreddy/MRM_VighneshReddy/rover_ws/install/robot/share/robot//urdf/material.xacro
[8.948s] -- Installing: /home/vighneshreddy/MRM_VighneshReddy/rover_ws/install/robot/share/robot//urdf/stereo.xacro
[8.948s] -- Installing: /home/vighneshreddy/MRM_VighneshReddy/rover_ws/install/robot/share/robot//urdf/robot.urdf.xacro
[8.948s] -- Installing: /home/vighneshreddy/MRM_VighneshReddy/rover_ws/install/robot/share/robot//urdf/gps.xacro
[8.948s] -- Installing: /home/vighneshreddy/MRM_VighneshReddy/rover_ws/install/robot/share/robot//urdf/lidar.xacro
[8.948s] -- Installing: /home/vighneshreddy/MRM_VighneshReddy/rover_ws/install/robot/share/robot//urdf/inertial.xacro
[8.948s] -- Installing: /home/vighneshreddy/MRM_VighneshReddy/rover_ws/install/robot/share/robot//urdf/imu.xacro
[8.948s] -- Installing: /home/vighneshreddy/MRM_VighneshReddy/rover_ws/install/robot/share/robot//urdf/cam.xacro
[8.948s] -- Installing: /home/vighneshreddy/MRM_VighneshReddy/rover_ws/install/robot/share/robot//rviz
[8.949s] -- Installing: /home/vighneshreddy/MRM_VighneshReddy/rover_ws/install/robot/share/robot//rviz/config.rviz
[8.949s] -- Installing: /home/vighneshreddy/MRM_VighneshReddy/rover_ws/install/robot/share/ament_index/resource_index/package_run_dependencies/robot
[8.949s] -- Installing: /home/vighneshreddy/MRM_VighneshReddy/rover_ws/install/robot/share/ament_index/resource_index/parent_prefix_path/robot
[8.949s] -- Installing: /home/vighneshreddy/MRM_VighneshReddy/rover_ws/install/robot/share/robot/environment/ament_prefix_path.sh
[8.950s] -- Installing: /home/vighneshreddy/MRM_VighneshReddy/rover_ws/install/robot/share/robot/environment/ament_prefix_path.dsv
[8.950s] -- Installing: /home/vighneshreddy/MRM_VighneshReddy/rover_ws/install/robot/share/robot/environment/path.sh
[8.950s] -- Installing: /home/vighneshreddy/MRM_VighneshReddy/rover_ws/install/robot/share/robot/environment/path.dsv
[8.950s] -- Installing: /home/vighneshreddy/MRM_VighneshReddy/rover_ws/install/robot/share/robot/local_setup.bash
[8.950s] -- Installing: /home/vighneshreddy/MRM_VighneshReddy/rover_ws/install/robot/share/robot/local_setup.sh
[8.950s] -- Installing: /home/vighneshreddy/MRM_VighneshReddy/rover_ws/install/robot/share/robot/local_setup.zsh
[8.950s] -- Installing: /home/vighneshreddy/MRM_VighneshReddy/rover_ws/install/robot/share/robot/local_setup.dsv
[8.950s] -- Installing: /home/vighneshreddy/MRM_VighneshReddy/rover_ws/install/robot/share/robot/package.dsv
[8.951s] -- Installing: /home/vighneshreddy/MRM_VighneshReddy/rover_ws/install/robot/share/ament_index/resource_index/packages/robot
[8.951s] -- Installing: /home/vighneshreddy/MRM_VighneshReddy/rover_ws/install/robot/share/robot/cmake/robotConfig.cmake
[8.951s] -- Installing: /home/vighneshreddy/MRM_VighneshReddy/rover_ws/install/robot/share/robot/cmake/robotConfig-version.cmake
[8.951s] -- Installing: /home/vighneshreddy/MRM_VighneshReddy/rover_ws/install/robot/share/robot/package.xml
[8.953s] Invoked command in '/home/vighneshreddy/MRM_VighneshReddy/rover_ws/build/robot' returned '0': /usr/bin/cmake --install /home/vighneshreddy/MRM_VighneshReddy/rover_ws/build/robot
