[0.008s] Invoking command in '/home/vighneshreddy/MRM_VighneshReddy/rover_ws/build/robot': /usr/bin/cmake /home/vighneshreddy/MRM_VighneshReddy/rover_ws/src/robot -DCMAKE_INSTALL_PREFIX=/home/vighneshreddy/MRM_VighneshReddy/rover_ws/install/robot
[0.045s] -- The C compiler identification is GNU 11.4.0
[0.082s] -- The CXX compiler identification is GNU 11.4.0
[0.086s] -- Detecting C compiler ABI info
[0.132s] -- Detecting C compiler ABI info - done
[0.137s] -- Check for working C compiler: /usr/bin/cc - skipped
[0.137s] -- Detecting C compile features
[0.137s] -- Detecting C compile features - done
[0.139s] -- Detecting CXX compiler ABI info
[0.191s] -- Detecting CXX compiler ABI info - done
[0.195s] -- Check for working CXX compiler: /usr/bin/c++ - skipped
[0.195s] -- Detecting CXX compile features
[0.196s] -- Detecting CXX compile features - done
[0.197s] -- Found ament_cmake: 1.3.11 (/opt/ros/humble/share/ament_cmake/cmake)
[0.300s] -- Found Python3: /usr/bin/python3 (found version "3.10.12") found components: Interpreter 
[0.356s] -- Found gazebo_ros: 3.7.0 (/opt/ros/humble/share/gazebo_ros/cmake)
[0.382s] -- Found rosidl_generator_c: 3.1.6 (/opt/ros/humble/share/rosidl_generator_c/cmake)
[0.385s] -- Found rosidl_adapter: 3.1.6 (/opt/ros/humble/share/rosidl_adapter/cmake)
[0.390s] -- Found rosidl_generator_cpp: 3.1.6 (/opt/ros/humble/share/rosidl_generator_cpp/cmake)
[0.397s] -- Using all available rosidl_typesupport_c: rosidl_typesupport_fastrtps_c;rosidl_typesupport_introspection_c
[0.406s] -- Using all available rosidl_typesupport_cpp: rosidl_typesupport_fastrtps_cpp;rosidl_typesupport_introspection_cpp
[0.432s] -- Found rmw_implementation_cmake: 6.1.2 (/opt/ros/humble/share/rmw_implementation_cmake/cmake)
[0.433s] -- Found rmw_fastrtps_cpp: 6.2.7 (/opt/ros/humble/share/rmw_fastrtps_cpp/cmake)
[0.499s] -- Found OpenSSL: /usr/lib/x86_64-linux-gnu/libcrypto.so (found version "3.0.2")  
[0.516s] -- Found FastRTPS: /opt/ros/humble/include  
[0.546s] -- Using RMW implementation 'rmw_fastrtps_cpp' as default
[0.551s] -- Looking for pthread.h
[0.611s] -- Looking for pthread.h - found
[0.611s] -- Performing Test CMAKE_HAVE_LIBC_PTHREAD
[0.667s] -- Performing Test CMAKE_HAVE_LIBC_PTHREAD - Success
[0.668s] -- Found Threads: TRUE  
[0.707s] -- Found PkgConfig: /usr/bin/pkg-config (found version "0.29.2") 
[0.709s] -- Checking for module 'bullet>=2.82'
[0.719s] --   Found bullet, version 3.05
[0.802s] -- Found fcl: /usr/include (found suitable version "0.7.0", minimum required is "0.5.0") 
[0.844s] -- Found assimp: /usr/include (found version "5.2.0") 
[0.855s] -- Found DART: /usr/include (Required is at least version "6.6") found components: dart 
[0.876s] -- Found Boost: /usr/lib/x86_64-linux-gnu/cmake/Boost-1.74.0/BoostConfig.cmake (found suitable version "1.74.0", minimum required is "1.40.0") found components: thread system filesystem program_options regex iostreams date_time 
[0.886s] -- Found Protobuf: /usr/lib/x86_64-linux-gnu/libprotobuf.so (found version "3.12.4") 
[0.888s] -- Looking for ignition-math6 -- found version 6.15.1
[0.891s] -- Searching for dependencies of ignition-math6
[0.892s] -- Looking for OGRE...
[0.892s] -- OGRE_PREFIX_WATCH changed.
[0.897s] -- Checking for module 'OGRE'
[0.906s] --   Found OGRE, version 1.9.0
[0.937s] -- Found Ogre Ghadamon (1.9.0)
[0.940s] -- Found OGRE: optimized;/usr/lib/x86_64-linux-gnu/libOgreMain.so;debug;/usr/lib/x86_64-linux-gnu/libOgreMain.so
[0.947s] -- Looking for OGRE_Paging...
[0.950s] -- Found OGRE_Paging: optimized;/usr/lib/x86_64-linux-gnu/libOgrePaging.so;debug;/usr/lib/x86_64-linux-gnu/libOgrePaging.so
[0.950s] -- Looking for OGRE_Terrain...
[0.952s] -- Found OGRE_Terrain: optimized;/usr/lib/x86_64-linux-gnu/libOgreTerrain.so;debug;/usr/lib/x86_64-linux-gnu/libOgreTerrain.so
[0.952s] -- Looking for OGRE_Property...
[0.955s] -- Found OGRE_Property: optimized;/usr/lib/x86_64-linux-gnu/libOgreProperty.so;debug;/usr/lib/x86_64-linux-gnu/libOgreProperty.so
[0.955s] -- Looking for OGRE_RTShaderSystem...
[0.957s] -- Found OGRE_RTShaderSystem: optimized;/usr/lib/x86_64-linux-gnu/libOgreRTShaderSystem.so;debug;/usr/lib/x86_64-linux-gnu/libOgreRTShaderSystem.so
[0.957s] -- Looking for OGRE_Volume...
[0.960s] -- Found OGRE_Volume: optimized;/usr/lib/x86_64-linux-gnu/libOgreVolume.so;debug;/usr/lib/x86_64-linux-gnu/libOgreVolume.so
[0.960s] -- Looking for OGRE_Overlay...
[0.963s] -- Found OGRE_Overlay: optimized;/usr/lib/x86_64-linux-gnu/libOgreOverlay.so;debug;/usr/lib/x86_64-linux-gnu/libOgreOverlay.so
[1.019s] -- Looking for ignition-math6 -- found version 6.15.1
[1.020s] -- Looking for ignition-transport8 -- found version 8.2.1
[1.020s] -- Searching for dependencies of ignition-transport8
[1.033s] -- Found Protobuf: /usr/lib/x86_64-linux-gnu/libprotobuf.so (found suitable version "3.12.4", minimum required is "3") 
[1.038s] -- Config-file not installed for ZeroMQ -- checking for pkg-config
[1.043s] -- Checking for module 'libzmq >= 4'
[1.055s] --   Found libzmq , version 4.3.4
[1.083s] -- Found ZeroMQ: TRUE (Required is at least version "4") 
[1.087s] -- Checking for module 'uuid'
[1.097s] --   Found uuid, version 2.37.2
[1.124s] -- Found UUID: TRUE  
[1.125s] -- Looking for ignition-msgs5 -- found version 5.8.1
[1.125s] -- Searching for dependencies of ignition-msgs5
[1.138s] -- Looking for ignition-math6 -- found version 6.15.1
[1.143s] -- Checking for module 'tinyxml2'
[1.153s] --   Found tinyxml2, version 9.0.0
[1.182s] -- Looking for ignition-msgs5 -- found version 5.8.1
[1.184s] -- Looking for ignition-common3 -- found version 3.14.0
[1.184s] -- Searching for dependencies of ignition-common3
[1.185s] -- Looking for dlfcn.h - found
[1.185s] -- Looking for libdl - found
[1.186s] -- Found DL: TRUE  
[1.195s] -- Found tinyobjloader: /usr/lib/x86_64-linux-gnu/cmake/tinyobjloader/tinyobjloader-config.cmake (found version "2.0.0") 
[1.195s] -- Searching for <ignition-common3> component [graphics]
[1.196s] -- Looking for ignition-common3-graphics -- found version 3.14.0
[1.196s] -- Searching for dependencies of ignition-common3-graphics
[1.197s] -- Looking for ignition-math6 -- found version 6.15.1
[1.198s] -- Looking for ignition-fuel_tools4 -- found version 4.4.0
[1.198s] -- Searching for dependencies of ignition-fuel_tools4
[1.258s] -- Found CURL: /usr/lib/x86_64-linux-gnu/libcurl.so (found version "7.81.0")  
[1.265s] -- Checking for module 'jsoncpp'
[1.276s] --   Found jsoncpp, version 1.9.5
[1.304s] -- Found JSONCPP: TRUE  
[1.309s] -- Checking for module 'libzip'
[1.320s] --   Found libzip, version 1.7.3
[1.350s] -- Found ZIP: TRUE  
[1.350s] -- Looking for ignition-common3 -- found version 3.14.0
[1.351s] -- Looking for ignition-math6 -- found version 6.15.1
[1.352s] -- Looking for ignition-msgs5 -- found version 5.8.1
[1.355s] -- Gazebo version: 11.10
[1.355s] -- Checking for module 'tbb'
[1.366s] --   Found tbb, version 2021.5.0
[1.397s] -- Found robot_state_publisher: 3.0.3 (/opt/ros/humble/share/robot_state_publisher/cmake)
[1.411s] -- Found eigen3_cmake_module: 0.1.1 (/opt/ros/humble/share/eigen3_cmake_module/cmake)
[1.412s] -- Found Eigen3: TRUE (found version "3.4.0") 
[1.412s] -- Ensuring Eigen3 include directory is part of orocos-kdl CMake target
[1.498s] -- Found xacro: 2.0.8 (/opt/ros/humble/share/xacro/cmake)
[1.499s] -- Found tf2_geometry_msgs: 0.25.11 (/opt/ros/humble/share/tf2_geometry_msgs/cmake)
[1.502s] -- Configuring incomplete, errors occurred!
[1.502s] See also "/home/vighneshreddy/MRM_VighneshReddy/rover_ws/build/robot/CMakeFiles/CMakeOutput.log".
[1.502s] [31mCMake Error at /opt/ros/humble/share/ament_cmake_target_dependencies/cmake/ament_target_dependencies.cmake:42 (message):
[1.502s]   ament_target_dependencies() the first argument must be a valid target name
[1.502s] Call Stack (most recent call first):
[1.502s]   CMakeLists.txt:23 (ament_target_dependencies)
[1.502s] 
[1.502s] [0m
[1.510s] Invoked command in '/home/vighneshreddy/MRM_VighneshReddy/rover_ws/build/robot' returned '1': /usr/bin/cmake /home/vighneshreddy/MRM_VighneshReddy/rover_ws/src/robot -DCMAKE_INSTALL_PREFIX=/home/vighneshreddy/MRM_VighneshReddy/rover_ws/install/robot
