[0.159s] Invoking command in '/home/vighneshreddy/MRM_VighneshReddy/build/rover_navigation': /usr/bin/cmake /home/vighneshreddy/MRM_VighneshReddy/rover_ws/src/rover_navigation -DCMAKE_INSTALL_PREFIX=/home/vighneshreddy/MRM_VighneshReddy/install/rover_navigation
[0.197s] -- The C compiler identification is GNU 11.4.0
[0.235s] -- The CXX compiler identification is GNU 11.4.0
[0.240s] -- Detecting C compiler ABI info
[0.293s] -- Detecting C compiler ABI info - done
[0.299s] -- Check for working C compiler: /usr/bin/cc - skipped
[0.300s] -- Detecting C compile features
[0.300s] -- Detecting C compile features - done
[0.302s] -- Detecting CXX compiler ABI info
[0.363s] -- Detecting CXX compiler ABI info - done
[0.368s] -- Check for working CXX compiler: /usr/bin/c++ - skipped
[0.368s] -- Detecting CXX compile features
[0.368s] -- Detecting CXX compile features - done
[0.370s] -- Found ament_cmake: 1.3.11 (/opt/ros/humble/share/ament_cmake/cmake)
[0.469s] -- Found Python3: /usr/bin/python3 (found version "3.10.12") found components: Interpreter 
[0.523s] -- Found rclcpp: 16.0.11 (/opt/ros/humble/share/rclcpp/cmake)
[0.548s] -- Found rosidl_generator_c: 3.1.6 (/opt/ros/humble/share/rosidl_generator_c/cmake)
[0.550s] -- Found rosidl_adapter: 3.1.6 (/opt/ros/humble/share/rosidl_adapter/cmake)
[0.555s] -- Found rosidl_generator_cpp: 3.1.6 (/opt/ros/humble/share/rosidl_generator_cpp/cmake)
[0.561s] -- Using all available rosidl_typesupport_c: rosidl_typesupport_fastrtps_c;rosidl_typesupport_introspection_c
[0.570s] -- Using all available rosidl_typesupport_cpp: rosidl_typesupport_fastrtps_cpp;rosidl_typesupport_introspection_cpp
[0.595s] -- Found rmw_implementation_cmake: 6.1.2 (/opt/ros/humble/share/rmw_implementation_cmake/cmake)
[0.596s] -- Found rmw_fastrtps_cpp: 6.2.7 (/opt/ros/humble/share/rmw_fastrtps_cpp/cmake)
[0.657s] -- Found OpenSSL: /usr/lib/x86_64-linux-gnu/libcrypto.so (found version "3.0.2")  
[0.672s] -- Found FastRTPS: /opt/ros/humble/include  
[0.695s] -- Using RMW implementation 'rmw_fastrtps_cpp' as default
[0.700s] -- Looking for pthread.h
[0.754s] -- Looking for pthread.h - found
[0.754s] -- Performing Test CMAKE_HAVE_LIBC_PTHREAD
[0.815s] -- Performing Test CMAKE_HAVE_LIBC_PTHREAD - Success
[0.816s] -- Found Threads: TRUE  
[0.865s] -- Found geometry_msgs: 4.2.4 (/opt/ros/humble/share/geometry_msgs/cmake)
[0.873s] -- Found nav_msgs: 4.2.4 (/opt/ros/humble/share/nav_msgs/cmake)
[0.884s] -- Found tf2: 0.25.9 (/opt/ros/humble/share/tf2/cmake)
[0.890s] -- Found tf2_ros: 0.25.9 (/opt/ros/humble/share/tf2_ros/cmake)
[0.988s] -- Configuring done
[0.994s] -- Generating done
[0.996s] -- Build files have been written to: /home/vighneshreddy/MRM_VighneshReddy/build/rover_navigation
[1.004s] Invoked command in '/home/vighneshreddy/MRM_VighneshReddy/build/rover_navigation' returned '0': /usr/bin/cmake /home/vighneshreddy/MRM_VighneshReddy/rover_ws/src/rover_navigation -DCMAKE_INSTALL_PREFIX=/home/vighneshreddy/MRM_VighneshReddy/install/rover_navigation
[1.005s] Invoking command in '/home/vighneshreddy/MRM_VighneshReddy/build/rover_navigation': /usr/bin/cmake --build /home/vighneshreddy/MRM_VighneshReddy/build/rover_navigation -- -j22 -l22
[1.046s] [ 50%] [32mBuilding CXX object CMakeFiles/navigation_node.dir/src/navigation_node.cpp.o[0m
[6.091s] [100%] [32m[1mLinking CXX executable navigation_node[0m
[6.351s] [100%] Built target navigation_node
