[35m[1mConsolidate compiler generated dependencies of target navigation_node[0m
[100%] Built target navigation_node
-- Install configuration: ""
-- Up-to-date: /home/vighneshreddy/MRM_VighneshReddy/rover_ws/install/robot/lib/robot/navigation_node
-- Up-to-date: /home/vighneshreddy/MRM_VighneshReddy/rover_ws/install/robot/share/robot//launch
-- Up-to-date: /home/vighneshreddy/MRM_VighneshReddy/rover_ws/install/robot/share/robot//launch/display.launch.py
-- Up-to-date: /home/vighneshreddy/MRM_VighneshReddy/rover_ws/install/robot/share/robot//launch/gazebo.launch.py
-- Up-to-date: /home/vighneshreddy/MRM_VighneshReddy/rover_ws/install/robot/share/robot//launch/robot.launch.py
-- Up-to-date: /home/vighneshreddy/MRM_VighneshReddy/rover_ws/install/robot/share/robot//launch/gps.launch.py
-- Up-to-date: /home/vighneshreddy/MRM_VighneshReddy/rover_ws/install/robot/share/robot//urdf
-- Up-to-date: /home/vighneshreddy/MRM_VighneshReddy/rover_ws/install/robot/share/robot//urdf/material.xacro
-- Up-to-date: /home/vighneshreddy/MRM_VighneshReddy/rover_ws/install/robot/share/robot//urdf/stereo.xacro
-- Installing: /home/vighneshreddy/MRM_VighneshReddy/rover_ws/install/robot/share/robot//urdf/robot.urdf.xacro
-- Up-to-date: /home/vighneshreddy/MRM_VighneshReddy/rover_ws/install/robot/share/robot//urdf/gps.xacro
-- Up-to-date: /home/vighneshreddy/MRM_VighneshReddy/rover_ws/install/robot/share/robot//urdf/lidar.xacro
-- Up-to-date: /home/vighneshreddy/MRM_VighneshReddy/rover_ws/install/robot/share/robot//urdf/inertial.xacro
-- Up-to-date: /home/vighneshreddy/MRM_VighneshReddy/rover_ws/install/robot/share/robot//urdf/imu.xacro
-- Up-to-date: /home/vighneshreddy/MRM_VighneshReddy/rover_ws/install/robot/share/robot//urdf/cam.xacro
-- Up-to-date: /home/vighneshreddy/MRM_VighneshReddy/rover_ws/install/robot/share/robot//rviz
-- Installing: /home/vighneshreddy/MRM_VighneshReddy/rover_ws/install/robot/share/robot//rviz/config.rviz
-- Up-to-date: /home/vighneshreddy/MRM_VighneshReddy/rover_ws/install/robot/share/ament_index/resource_index/package_run_dependencies/robot
-- Up-to-date: /home/vighneshreddy/MRM_VighneshReddy/rover_ws/install/robot/share/ament_index/resource_index/parent_prefix_path/robot
-- Up-to-date: /home/vighneshreddy/MRM_VighneshReddy/rover_ws/install/robot/share/robot/environment/ament_prefix_path.sh
-- Up-to-date: /home/vighneshreddy/MRM_VighneshReddy/rover_ws/install/robot/share/robot/environment/ament_prefix_path.dsv
-- Up-to-date: /home/vighneshreddy/MRM_VighneshReddy/rover_ws/install/robot/share/robot/environment/path.sh
-- Up-to-date: /home/vighneshreddy/MRM_VighneshReddy/rover_ws/install/robot/share/robot/environment/path.dsv
-- Up-to-date: /home/vighneshreddy/MRM_VighneshReddy/rover_ws/install/robot/share/robot/local_setup.bash
-- Up-to-date: /home/vighneshreddy/MRM_VighneshReddy/rover_ws/install/robot/share/robot/local_setup.sh
-- Up-to-date: /home/vighneshreddy/MRM_VighneshReddy/rover_ws/install/robot/share/robot/local_setup.zsh
-- Up-to-date: /home/vighneshreddy/MRM_VighneshReddy/rover_ws/install/robot/share/robot/local_setup.dsv
-- Installing: /home/vighneshreddy/MRM_VighneshReddy/rover_ws/install/robot/share/robot/package.dsv
-- Up-to-date: /home/vighneshreddy/MRM_VighneshReddy/rover_ws/install/robot/share/ament_index/resource_index/packages/robot
-- Up-to-date: /home/vighneshreddy/MRM_VighneshReddy/rover_ws/install/robot/share/robot/cmake/robotConfig.cmake
-- Up-to-date: /home/vighneshreddy/MRM_VighneshReddy/rover_ws/install/robot/share/robot/cmake/robotConfig-version.cmake
-- Up-to-date: /home/vighneshreddy/MRM_VighneshReddy/rover_ws/install/robot/share/robot/package.xml
