[0.000000] (-) TimerEvent: {}
[0.000474] (robot) JobQueued: {'identifier': 'robot', 'dependencies': OrderedDict()}
[0.000630] (robot) JobStarted: {'identifier': 'robot'}
[0.007061] (robot) JobProgress: {'identifier': 'robot', 'progress': 'cmake'}
[0.007883] (robot) Command: {'cmd': ['/usr/bin/cmake', '/home/vighneshreddy/MRM_VighneshReddy/rover_ws/src/robot', '-DCMAKE_INSTALL_PREFIX=/home/vighneshreddy/MRM_VighneshReddy/rover_ws/install/robot'], 'cwd': '/home/vighneshreddy/MRM_VighneshReddy/rover_ws/build/robot', 'env': OrderedDict([('LANGUAGE', 'en_IN:en'), ('USER', 'vighneshreddy'), ('XDG_SESSION_TYPE', 'x11'), ('SHLVL', '1'), ('LD_LIBRARY_PATH', '/usr/lib/x86_64-linux-gnu/gazebo-11/plugins:/opt/ros/humble/opt/rviz_ogre_vendor/lib:/opt/ros/humble/lib/x86_64-linux-gnu:/opt/ros/humble/lib'), ('HOME', '/home/vighneshreddy'), ('OLDPWD', '/home/vighneshreddy/MRM_VighneshReddy/rover_ws'), ('DESKTOP_SESSION', 'ubuntu-xorg'), ('ROS_PYTHON_VERSION', '3'), ('GNOME_SHELL_SESSION_MODE', 'ubuntu'), ('GTK_MODULES', 'gail:atk-bridge'), ('SYSTEMD_EXEC_PID', '19620'), ('DBUS_SESSION_BUS_ADDRESS', 'unix:path=/run/user/1000/bus'), ('COLORTERM', 'truecolor'), ('IM_CONFIG_PHASE', '1'), ('COLCON_PREFIX_PATH', '/home/vighneshreddy/MRM_VighneshReddy/rover_ws/install'), ('ROS_DISTRO', 'humble'), ('GTK_IM_MODULE', 'ibus'), ('LOGNAME', 'vighneshreddy'), ('_', '/usr/bin/colcon'), ('ROS_VERSION', '2'), ('XDG_SESSION_CLASS', 'user'), ('USERNAME', 'vighneshreddy'), ('TERM', 'xterm-256color'), ('GNOME_DESKTOP_SESSION_ID', 'this-is-deprecated'), ('ROS_LOCALHOST_ONLY', '0'), ('WINDOWPATH', '2'), ('PATH', '/opt/ros/humble/bin:/usr/local/sbin:/usr/local/bin:/usr/sbin:/usr/bin:/sbin:/bin:/usr/games:/usr/local/games:/snap/bin:/snap/bin'), ('SESSION_MANAGER', 'local/vivobook-s16:@/tmp/.ICE-unix/1511,unix/vivobook-s16:/tmp/.ICE-unix/1511'), ('XDG_MENU_PREFIX', 'gnome-'), ('GNOME_TERMINAL_SCREEN', '/org/gnome/Terminal/screen/b9952224_f7b5_49dd_a71b_852ed12c64e5'), ('XDG_RUNTIME_DIR', '/run/user/1000'), ('DISPLAY', ':0'), ('LANG', 'en_US.UTF-8'), ('XDG_CURRENT_DESKTOP', 'ubuntu:GNOME'), ('XMODIFIERS', '@im=ibus'), ('XDG_SESSION_DESKTOP', 'ubuntu-xorg'), ('XAUTHORITY', '/run/user/1000/gdm/Xauthority'), ('GNOME_TERMINAL_SERVICE', ':1.150'), ('SSH_AGENT_LAUNCHER', 'gnome-keyring'), ('SSH_AUTH_SOCK', '/run/user/1000/keyring/ssh'), ('AMENT_PREFIX_PATH', '/home/vighneshreddy/MRM_VighneshReddy/rover_ws/install/robot:/opt/ros/humble'), ('SHELL', '/bin/bash'), ('QT_ACCESSIBILITY', '1'), ('GDMSESSION', 'ubuntu-xorg'), ('GPG_AGENT_INFO', '/run/user/1000/gnupg/S.gpg-agent:0:1'), ('QT_IM_MODULE', 'ibus'), ('PWD', '/home/vighneshreddy/MRM_VighneshReddy/rover_ws/build/robot'), ('LC_ALL', 'en_US.UTF-8'), ('XDG_CONFIG_DIRS', '/etc/xdg/xdg-ubuntu-xorg:/etc/xdg'), ('XDG_DATA_DIRS', '/usr/share/ubuntu-xorg:/usr/share/gnome:/usr/local/share/:/usr/share/:/var/lib/snapd/desktop'), ('PYTHONPATH', '/opt/ros/humble/lib/python3.10/site-packages:/opt/ros/humble/local/lib/python3.10/dist-packages'), ('COLCON', '1'), ('VTE_VERSION', '6800'), ('CMAKE_PREFIX_PATH', '/home/vighneshreddy/MRM_VighneshReddy/rover_ws/install/robot:/opt/ros/humble')]), 'shell': False}
[0.020857] (robot) StdoutLine: {'line': b'-- Found ament_cmake: 1.3.11 (/opt/ros/humble/share/ament_cmake/cmake)\n'}
[0.099751] (-) TimerEvent: {}
[0.101381] (robot) StdoutLine: {'line': b'-- Override CMake install command with custom implementation using symlinks instead of copying resources\n'}
[0.105876] (robot) StdoutLine: {'line': b'-- Found gazebo_ros: 3.9.0 (/opt/ros/humble/share/gazebo_ros/cmake)\n'}
[0.127677] (robot) StdoutLine: {'line': b'-- Found rosidl_generator_c: 3.1.6 (/opt/ros/humble/share/rosidl_generator_c/cmake)\n'}
[0.129300] (robot) StdoutLine: {'line': b'-- Found rosidl_adapter: 3.1.6 (/opt/ros/humble/share/rosidl_adapter/cmake)\n'}
[0.133541] (robot) StdoutLine: {'line': b'-- Found rosidl_generator_cpp: 3.1.6 (/opt/ros/humble/share/rosidl_generator_cpp/cmake)\n'}
[0.140126] (robot) StdoutLine: {'line': b'-- Using all available rosidl_typesupport_c: rosidl_typesupport_fastrtps_c;rosidl_typesupport_introspection_c\n'}
[0.148891] (robot) StdoutLine: {'line': b'-- Using all available rosidl_typesupport_cpp: rosidl_typesupport_fastrtps_cpp;rosidl_typesupport_introspection_cpp\n'}
[0.170798] (robot) StdoutLine: {'line': b'-- Found rmw_implementation_cmake: 6.1.2 (/opt/ros/humble/share/rmw_implementation_cmake/cmake)\n'}
[0.171691] (robot) StdoutLine: {'line': b'-- Found rmw_fastrtps_cpp: 6.2.7 (/opt/ros/humble/share/rmw_fastrtps_cpp/cmake)\n'}
[0.199837] (-) TimerEvent: {}
[0.249425] (robot) StdoutLine: {'line': b"-- Using RMW implementation 'rmw_fastrtps_cpp' as default\n"}
[0.299954] (-) TimerEvent: {}
[0.305709] (robot) StdoutLine: {'line': b'-- Found DART: /usr/include (Required is at least version "6.6") found components: dart \n'}
[0.324913] (robot) StdoutLine: {'line': b'-- Found Protobuf: /usr/lib/x86_64-linux-gnu/libprotobuf.so (found version "3.12.4") \n'}
[0.325899] (robot) StdoutLine: {'line': b'-- Looking for ignition-math6 -- found version 6.15.1\n'}
[0.328773] (robot) StdoutLine: {'line': b'-- Searching for dependencies of ignition-math6\n'}
[0.329870] (robot) StdoutLine: {'line': b'-- Looking for OGRE...\n'}
[0.333842] (robot) StdoutLine: {'line': b'-- Found Ogre Ghadamon (1.9.0)\n'}
[0.333932] (robot) StdoutLine: {'line': b'-- Found OGRE: optimized;/usr/lib/x86_64-linux-gnu/libOgreMain.so;debug;/usr/lib/x86_64-linux-gnu/libOgreMain.so\n'}
[0.341200] (robot) StdoutLine: {'line': b'-- Looking for OGRE_Paging...\n'}
[0.341963] (robot) StdoutLine: {'line': b'-- Found OGRE_Paging: optimized;/usr/lib/x86_64-linux-gnu/libOgrePaging.so;debug;/usr/lib/x86_64-linux-gnu/libOgrePaging.so\n'}
[0.342094] (robot) StdoutLine: {'line': b'-- Looking for OGRE_Terrain...\n'}
[0.342232] (robot) StdoutLine: {'line': b'-- Found OGRE_Terrain: optimized;/usr/lib/x86_64-linux-gnu/libOgreTerrain.so;debug;/usr/lib/x86_64-linux-gnu/libOgreTerrain.so\n'}
[0.342300] (robot) StdoutLine: {'line': b'-- Looking for OGRE_Property...\n'}
[0.342355] (robot) StdoutLine: {'line': b'-- Found OGRE_Property: optimized;/usr/lib/x86_64-linux-gnu/libOgreProperty.so;debug;/usr/lib/x86_64-linux-gnu/libOgreProperty.so\n'}
[0.342413] (robot) StdoutLine: {'line': b'-- Looking for OGRE_RTShaderSystem...\n'}
[0.342471] (robot) StdoutLine: {'line': b'-- Found OGRE_RTShaderSystem: optimized;/usr/lib/x86_64-linux-gnu/libOgreRTShaderSystem.so;debug;/usr/lib/x86_64-linux-gnu/libOgreRTShaderSystem.so\n'}
[0.342530] (robot) StdoutLine: {'line': b'-- Looking for OGRE_Volume...\n'}
[0.342587] (robot) StdoutLine: {'line': b'-- Found OGRE_Volume: optimized;/usr/lib/x86_64-linux-gnu/libOgreVolume.so;debug;/usr/lib/x86_64-linux-gnu/libOgreVolume.so\n'}
[0.342639] (robot) StdoutLine: {'line': b'-- Looking for OGRE_Overlay...\n'}
[0.342690] (robot) StdoutLine: {'line': b'-- Found OGRE_Overlay: optimized;/usr/lib/x86_64-linux-gnu/libOgreOverlay.so;debug;/usr/lib/x86_64-linux-gnu/libOgreOverlay.so\n'}
[0.400102] (-) TimerEvent: {}
[0.407490] (robot) StdoutLine: {'line': b'-- Looking for ignition-math6 -- found version 6.15.1\n'}
[0.408003] (robot) StdoutLine: {'line': b'-- Looking for ignition-transport8 -- found version 8.2.1\n'}
[0.408591] (robot) StdoutLine: {'line': b'-- Searching for dependencies of ignition-transport8\n'}
[0.422101] (robot) StdoutLine: {'line': b'-- Found Protobuf: /usr/lib/x86_64-linux-gnu/libprotobuf.so (found suitable version "3.12.4", minimum required is "3") \n'}
[0.428783] (robot) StdoutLine: {'line': b'-- Config-file not installed for ZeroMQ -- checking for pkg-config\n'}
[0.434452] (robot) StdoutLine: {'line': b"-- Checking for module 'libzmq >= 4'\n"}
[0.447332] (robot) StdoutLine: {'line': b'--   Found libzmq , version 4.3.4\n'}
[0.491334] (robot) StdoutLine: {'line': b"-- Checking for module 'uuid'\n"}
[0.500204] (-) TimerEvent: {}
[0.503519] (robot) StdoutLine: {'line': b'--   Found uuid, version 2.37.2\n'}
[0.534638] (robot) StdoutLine: {'line': b'-- Looking for ignition-msgs5 -- found version 5.8.1\n'}
[0.534933] (robot) StdoutLine: {'line': b'-- Searching for dependencies of ignition-msgs5\n'}
[0.547607] (robot) StdoutLine: {'line': b'-- Looking for ignition-math6 -- found version 6.15.1\n'}
[0.552709] (robot) StdoutLine: {'line': b"-- Checking for module 'tinyxml2'\n"}
[0.563778] (robot) StdoutLine: {'line': b'--   Found tinyxml2, version 9.0.0\n'}
[0.593504] (robot) StdoutLine: {'line': b'-- Looking for ignition-msgs5 -- found version 5.8.1\n'}
[0.593823] (robot) StdoutLine: {'line': b'-- Looking for ignition-common3 -- found version 3.14.0\n'}
[0.593973] (robot) StdoutLine: {'line': b'-- Searching for dependencies of ignition-common3\n'}
[0.594087] (robot) StdoutLine: {'line': b'-- Looking for dlfcn.h - found\n'}
[0.594197] (robot) StdoutLine: {'line': b'-- Looking for libdl - found\n'}
[0.600280] (-) TimerEvent: {}
[0.604783] (robot) StdoutLine: {'line': b'-- Searching for <ignition-common3> component [graphics]\n'}
[0.605035] (robot) StdoutLine: {'line': b'-- Looking for ignition-common3-graphics -- found version 3.14.0\n'}
[0.605307] (robot) StdoutLine: {'line': b'-- Searching for dependencies of ignition-common3-graphics\n'}
[0.605534] (robot) StdoutLine: {'line': b'-- Looking for ignition-math6 -- found version 6.15.1\n'}
[0.606150] (robot) StdoutLine: {'line': b'-- Looking for ignition-fuel_tools4 -- found version 4.4.0\n'}
[0.606433] (robot) StdoutLine: {'line': b'-- Searching for dependencies of ignition-fuel_tools4\n'}
[0.638329] (robot) StdoutLine: {'line': b"-- Checking for module 'jsoncpp'\n"}
[0.651086] (robot) StdoutLine: {'line': b'--   Found jsoncpp, version 1.9.5\n'}
[0.684517] (robot) StdoutLine: {'line': b"-- Checking for module 'libzip'\n"}
[0.695398] (robot) StdoutLine: {'line': b'--   Found libzip, version 1.7.3\n'}
[0.700380] (-) TimerEvent: {}
[0.723581] (robot) StdoutLine: {'line': b'-- Looking for ignition-common3 -- found version 3.14.0\n'}
[0.724222] (robot) StdoutLine: {'line': b'-- Looking for ignition-math6 -- found version 6.15.1\n'}
[0.724283] (robot) StdoutLine: {'line': b'-- Looking for ignition-msgs5 -- found version 5.8.1\n'}
[0.725644] (robot) StdoutLine: {'line': b'-- Gazebo version: 11.10\n'}
[0.726614] (robot) StdoutLine: {'line': b'-- Found robot_state_publisher: 3.0.3 (/opt/ros/humble/share/robot_state_publisher/cmake)\n'}
[0.738523] (robot) StdoutLine: {'line': b'-- Found eigen3_cmake_module: 0.1.1 (/opt/ros/humble/share/eigen3_cmake_module/cmake)\n'}
[0.739065] (robot) StdoutLine: {'line': b'-- Ensuring Eigen3 include directory is part of orocos-kdl CMake target\n'}
[0.800519] (-) TimerEvent: {}
[0.826876] (robot) StdoutLine: {'line': b'-- Found xacro: 2.0.13 (/opt/ros/humble/share/xacro/cmake)\n'}
[0.827914] (robot) StdoutLine: {'line': b'-- Found tf2_geometry_msgs: 0.25.12 (/opt/ros/humble/share/tf2_geometry_msgs/cmake)\n'}
[0.830511] (robot) StdoutLine: {'line': b'-- Found pcl_conversions: 2.4.5 (/opt/ros/humble/share/pcl_conversions/cmake)\n'}
[0.855683] (robot) StdoutLine: {'line': b'-- Eigen found (include: /usr/include/eigen3, version: 3.4.0)\n'}
[0.875226] (robot) StdoutLine: {'line': b'-- FLANN found (include: /usr/include, lib: /usr/lib/x86_64-linux-gnu/libflann_cpp.so)\n'}
[0.900628] (-) TimerEvent: {}
[1.000974] (-) TimerEvent: {}
[1.098616] (robot) StdoutLine: {'line': b'-- OpenNI found (version: 1.5.4.0, include: /usr/include/ni, lib: /usr/lib/libOpenNI.so;libusb::libusb)\n'}
[1.101050] (-) TimerEvent: {}
[1.103309] (robot) StdoutLine: {'line': b'-- OpenNI2 found (version: 2.2.0.33, include: /usr/include/openni2, lib: /usr/lib/x86_64-linux-gnu/libOpenNI2.so;libusb::libusb)\n'}
[1.201222] (-) TimerEvent: {}
[1.221976] (robot) StdoutLine: {'line': b'-- Eigen found (include: /usr/include/eigen3, version: 3.4.0)\n'}
[1.228785] (robot) StdoutLine: {'line': b'-- OpenNI found (version: 1.5.4.0, include: /usr/include/ni, lib: /usr/lib/libOpenNI.so;libusb::libusb)\n'}
[1.236167] (robot) StdoutLine: {'line': b'-- OpenNI2 found (version: 2.2.0.33, include: /usr/include/openni2, lib: /usr/lib/x86_64-linux-gnu/libOpenNI2.so;libusb::libusb)\n'}
[1.301601] (-) TimerEvent: {}
[1.349679] (robot) StdoutLine: {'line': b'-- Found Qhull version 8.0.2\n'}
[1.401724] (-) TimerEvent: {}
[1.467020] (robot) StdoutLine: {'line': b'-- OpenNI found (version: 1.5.4.0, include: /usr/include/ni, lib: /usr/lib/libOpenNI.so;libusb::libusb)\n'}
[1.501836] (-) TimerEvent: {}
[1.585970] (robot) StdoutLine: {'line': b'-- Found pcl_ros: 2.4.5 (/opt/ros/humble/share/pcl_ros/cmake)\n'}
[1.594750] (robot) StderrLine: {'line': b'\x1b[33mCMake Warning (dev) at CMakeLists.txt:21 (find_package):\n'}
[1.594976] (robot) StderrLine: {'line': b'  Policy CMP0074 is not set: find_package uses <PackageName>_ROOT variables.\n'}
[1.595017] (robot) StderrLine: {'line': b'  Run "cmake --help-policy CMP0074" for policy details.  Use the cmake_policy\n'}
[1.595046] (robot) StderrLine: {'line': b'  command to set the policy and suppress this warning.\n'}
[1.595076] (robot) StderrLine: {'line': b'\n'}
[1.595105] (robot) StderrLine: {'line': b'  CMake variable PCL_ROOT is set to:\n'}
[1.595135] (robot) StderrLine: {'line': b'\n'}
[1.595161] (robot) StderrLine: {'line': b'    /usr\n'}
[1.595193] (robot) StderrLine: {'line': b'\n'}
[1.595217] (robot) StderrLine: {'line': b'  For compatibility, CMake is ignoring the variable.\n'}
[1.595243] (robot) StderrLine: {'line': b'This warning is for project developers.  Use -Wno-dev to suppress it.\n'}
[1.595267] (robot) StderrLine: {'line': b'\x1b[0m\n'}
[1.600952] (robot) StdoutLine: {'line': b'-- Found cv_bridge: 3.2.1 (/opt/ros/humble/share/cv_bridge/cmake)\n'}
[1.601892] (-) TimerEvent: {}
[1.648494] (robot) StdoutLine: {'line': b'-- Found cartographer_ros: 2.0.9002 (/opt/ros/humble/share/cartographer_ros/cmake)\n'}
[1.702015] (-) TimerEvent: {}
[1.709321] (robot) StdoutLine: {'line': b'-- Found rtabmap_ros: 0.21.10 (/opt/ros/humble/share/rtabmap_ros/cmake)\n'}
[1.724066] (robot) StdoutLine: {'line': b'-- Found ament_lint_auto: 0.12.12 (/opt/ros/humble/share/ament_lint_auto/cmake)\n'}
[1.772333] (robot) StdoutLine: {'line': b"-- Added test 'cppcheck' to perform static code analysis on C / C++ code\n"}
[1.772841] (robot) StdoutLine: {'line': b'-- Configured cppcheck include dirs: \n'}
[1.772891] (robot) StdoutLine: {'line': b'-- Configured cppcheck exclude dirs and/or files: \n'}
[1.772930] (robot) StdoutLine: {'line': b"-- Added test 'flake8' to check Python code syntax and style conventions\n"}
[1.773310] (robot) StdoutLine: {'line': b"-- Added test 'lint_cmake' to check CMake code style\n"}
[1.773514] (robot) StdoutLine: {'line': b"-- Added test 'pep257' to check Python code against some of the docstring style conventions in PEP 257\n"}
[1.774325] (robot) StdoutLine: {'line': b"-- Added test 'uncrustify' to check C / C++ code style\n"}
[1.774380] (robot) StdoutLine: {'line': b'-- Configured uncrustify additional arguments: \n'}
[1.774583] (robot) StdoutLine: {'line': b"-- Added test 'xmllint' to check XML markup files\n"}
[1.775244] (robot) StdoutLine: {'line': b'-- Configuring done\n'}
[1.802126] (-) TimerEvent: {}
[1.832828] (robot) StdoutLine: {'line': b'-- Generating done\n'}
[1.847410] (robot) StdoutLine: {'line': b'-- Build files have been written to: /home/vighneshreddy/MRM_VighneshReddy/rover_ws/build/robot\n'}
[1.866073] (robot) CommandEnded: {'returncode': 0}
[1.867203] (robot) JobProgress: {'identifier': 'robot', 'progress': 'build'}
[1.868962] (robot) Command: {'cmd': ['/usr/bin/cmake', '--build', '/home/vighneshreddy/MRM_VighneshReddy/rover_ws/build/robot', '--', '-j22', '-l22'], 'cwd': '/home/vighneshreddy/MRM_VighneshReddy/rover_ws/build/robot', 'env': OrderedDict([('LANGUAGE', 'en_IN:en'), ('USER', 'vighneshreddy'), ('XDG_SESSION_TYPE', 'x11'), ('SHLVL', '1'), ('LD_LIBRARY_PATH', '/usr/lib/x86_64-linux-gnu/gazebo-11/plugins:/opt/ros/humble/opt/rviz_ogre_vendor/lib:/opt/ros/humble/lib/x86_64-linux-gnu:/opt/ros/humble/lib'), ('HOME', '/home/vighneshreddy'), ('OLDPWD', '/home/vighneshreddy/MRM_VighneshReddy/rover_ws'), ('DESKTOP_SESSION', 'ubuntu-xorg'), ('ROS_PYTHON_VERSION', '3'), ('GNOME_SHELL_SESSION_MODE', 'ubuntu'), ('GTK_MODULES', 'gail:atk-bridge'), ('SYSTEMD_EXEC_PID', '19620'), ('DBUS_SESSION_BUS_ADDRESS', 'unix:path=/run/user/1000/bus'), ('COLORTERM', 'truecolor'), ('IM_CONFIG_PHASE', '1'), ('COLCON_PREFIX_PATH', '/home/vighneshreddy/MRM_VighneshReddy/rover_ws/install'), ('ROS_DISTRO', 'humble'), ('GTK_IM_MODULE', 'ibus'), ('LOGNAME', 'vighneshreddy'), ('_', '/usr/bin/colcon'), ('ROS_VERSION', '2'), ('XDG_SESSION_CLASS', 'user'), ('USERNAME', 'vighneshreddy'), ('TERM', 'xterm-256color'), ('GNOME_DESKTOP_SESSION_ID', 'this-is-deprecated'), ('ROS_LOCALHOST_ONLY', '0'), ('WINDOWPATH', '2'), ('PATH', '/opt/ros/humble/bin:/usr/local/sbin:/usr/local/bin:/usr/sbin:/usr/bin:/sbin:/bin:/usr/games:/usr/local/games:/snap/bin:/snap/bin'), ('SESSION_MANAGER', 'local/vivobook-s16:@/tmp/.ICE-unix/1511,unix/vivobook-s16:/tmp/.ICE-unix/1511'), ('XDG_MENU_PREFIX', 'gnome-'), ('GNOME_TERMINAL_SCREEN', '/org/gnome/Terminal/screen/b9952224_f7b5_49dd_a71b_852ed12c64e5'), ('XDG_RUNTIME_DIR', '/run/user/1000'), ('DISPLAY', ':0'), ('LANG', 'en_US.UTF-8'), ('XDG_CURRENT_DESKTOP', 'ubuntu:GNOME'), ('XMODIFIERS', '@im=ibus'), ('XDG_SESSION_DESKTOP', 'ubuntu-xorg'), ('XAUTHORITY', '/run/user/1000/gdm/Xauthority'), ('GNOME_TERMINAL_SERVICE', ':1.150'), ('SSH_AGENT_LAUNCHER', 'gnome-keyring'), ('SSH_AUTH_SOCK', '/run/user/1000/keyring/ssh'), ('AMENT_PREFIX_PATH', '/home/vighneshreddy/MRM_VighneshReddy/rover_ws/install/robot:/opt/ros/humble'), ('SHELL', '/bin/bash'), ('QT_ACCESSIBILITY', '1'), ('GDMSESSION', 'ubuntu-xorg'), ('GPG_AGENT_INFO', '/run/user/1000/gnupg/S.gpg-agent:0:1'), ('QT_IM_MODULE', 'ibus'), ('PWD', '/home/vighneshreddy/MRM_VighneshReddy/rover_ws/build/robot'), ('LC_ALL', 'en_US.UTF-8'), ('XDG_CONFIG_DIRS', '/etc/xdg/xdg-ubuntu-xorg:/etc/xdg'), ('XDG_DATA_DIRS', '/usr/share/ubuntu-xorg:/usr/share/gnome:/usr/local/share/:/usr/share/:/var/lib/snapd/desktop'), ('PYTHONPATH', '/opt/ros/humble/lib/python3.10/site-packages:/opt/ros/humble/local/lib/python3.10/dist-packages'), ('COLCON', '1'), ('VTE_VERSION', '6800'), ('CMAKE_PREFIX_PATH', '/home/vighneshreddy/MRM_VighneshReddy/rover_ws/install/robot:/opt/ros/humble')]), 'shell': False}
[1.902270] (-) TimerEvent: {}
[1.911477] (robot) StdoutLine: {'line': b'\x1b[35m\x1b[1mConsolidate compiler generated dependencies of target compass_node\x1b[0m\n'}
[1.911873] (robot) StdoutLine: {'line': b'\x1b[35m\x1b[1mConsolidate compiler generated dependencies of target pointcloud_preprocessor_node\x1b[0m\n'}
[1.912002] (robot) StdoutLine: {'line': b'\x1b[35m\x1b[1mConsolidate compiler generated dependencies of target pcloa\x1b[0m\n'}
[1.913280] (robot) StdoutLine: {'line': b'\x1b[35m\x1b[1mConsolidate compiler generated dependencies of target navigation_node\x1b[0m\n'}
[1.925682] (robot) StdoutLine: {'line': b'[ 25%] Built target compass_node\n'}
[1.929312] (robot) StdoutLine: {'line': b'[ 50%] Built target navigation_node\n'}
[1.929518] (robot) StdoutLine: {'line': b'[ 75%] Built target pcloa\n'}
[1.932035] (robot) StdoutLine: {'line': b'[100%] Built target pointcloud_preprocessor_node\n'}
[1.945667] (robot) CommandEnded: {'returncode': 0}
[1.946475] (robot) JobProgress: {'identifier': 'robot', 'progress': 'install'}
[1.954297] (robot) Command: {'cmd': ['/usr/bin/cmake', '--install', '/home/vighneshreddy/MRM_VighneshReddy/rover_ws/build/robot'], 'cwd': '/home/vighneshreddy/MRM_VighneshReddy/rover_ws/build/robot', 'env': OrderedDict([('LANGUAGE', 'en_IN:en'), ('USER', 'vighneshreddy'), ('XDG_SESSION_TYPE', 'x11'), ('SHLVL', '1'), ('LD_LIBRARY_PATH', '/usr/lib/x86_64-linux-gnu/gazebo-11/plugins:/opt/ros/humble/opt/rviz_ogre_vendor/lib:/opt/ros/humble/lib/x86_64-linux-gnu:/opt/ros/humble/lib'), ('HOME', '/home/vighneshreddy'), ('OLDPWD', '/home/vighneshreddy/MRM_VighneshReddy/rover_ws'), ('DESKTOP_SESSION', 'ubuntu-xorg'), ('ROS_PYTHON_VERSION', '3'), ('GNOME_SHELL_SESSION_MODE', 'ubuntu'), ('GTK_MODULES', 'gail:atk-bridge'), ('SYSTEMD_EXEC_PID', '19620'), ('DBUS_SESSION_BUS_ADDRESS', 'unix:path=/run/user/1000/bus'), ('COLORTERM', 'truecolor'), ('IM_CONFIG_PHASE', '1'), ('COLCON_PREFIX_PATH', '/home/vighneshreddy/MRM_VighneshReddy/rover_ws/install'), ('ROS_DISTRO', 'humble'), ('GTK_IM_MODULE', 'ibus'), ('LOGNAME', 'vighneshreddy'), ('_', '/usr/bin/colcon'), ('ROS_VERSION', '2'), ('XDG_SESSION_CLASS', 'user'), ('USERNAME', 'vighneshreddy'), ('TERM', 'xterm-256color'), ('GNOME_DESKTOP_SESSION_ID', 'this-is-deprecated'), ('ROS_LOCALHOST_ONLY', '0'), ('WINDOWPATH', '2'), ('PATH', '/opt/ros/humble/bin:/usr/local/sbin:/usr/local/bin:/usr/sbin:/usr/bin:/sbin:/bin:/usr/games:/usr/local/games:/snap/bin:/snap/bin'), ('SESSION_MANAGER', 'local/vivobook-s16:@/tmp/.ICE-unix/1511,unix/vivobook-s16:/tmp/.ICE-unix/1511'), ('XDG_MENU_PREFIX', 'gnome-'), ('GNOME_TERMINAL_SCREEN', '/org/gnome/Terminal/screen/b9952224_f7b5_49dd_a71b_852ed12c64e5'), ('XDG_RUNTIME_DIR', '/run/user/1000'), ('DISPLAY', ':0'), ('LANG', 'en_US.UTF-8'), ('XDG_CURRENT_DESKTOP', 'ubuntu:GNOME'), ('XMODIFIERS', '@im=ibus'), ('XDG_SESSION_DESKTOP', 'ubuntu-xorg'), ('XAUTHORITY', '/run/user/1000/gdm/Xauthority'), ('GNOME_TERMINAL_SERVICE', ':1.150'), ('SSH_AGENT_LAUNCHER', 'gnome-keyring'), ('SSH_AUTH_SOCK', '/run/user/1000/keyring/ssh'), ('AMENT_PREFIX_PATH', '/home/vighneshreddy/MRM_VighneshReddy/rover_ws/install/robot:/opt/ros/humble'), ('SHELL', '/bin/bash'), ('QT_ACCESSIBILITY', '1'), ('GDMSESSION', 'ubuntu-xorg'), ('GPG_AGENT_INFO', '/run/user/1000/gnupg/S.gpg-agent:0:1'), ('QT_IM_MODULE', 'ibus'), ('PWD', '/home/vighneshreddy/MRM_VighneshReddy/rover_ws/build/robot'), ('LC_ALL', 'en_US.UTF-8'), ('XDG_CONFIG_DIRS', '/etc/xdg/xdg-ubuntu-xorg:/etc/xdg'), ('XDG_DATA_DIRS', '/usr/share/ubuntu-xorg:/usr/share/gnome:/usr/local/share/:/usr/share/:/var/lib/snapd/desktop'), ('PYTHONPATH', '/opt/ros/humble/lib/python3.10/site-packages:/opt/ros/humble/local/lib/python3.10/dist-packages'), ('COLCON', '1'), ('VTE_VERSION', '6800'), ('CMAKE_PREFIX_PATH', '/home/vighneshreddy/MRM_VighneshReddy/rover_ws/install/robot:/opt/ros/humble')]), 'shell': False}
[1.959372] (robot) StdoutLine: {'line': b'-- Install configuration: ""\n'}
[1.959636] (robot) StdoutLine: {'line': b'-- Execute custom install script\n'}
[1.959778] (robot) StdoutLine: {'line': b'-- Up-to-date symlink: /home/vighneshreddy/MRM_VighneshReddy/rover_ws/install/robot/lib/robot/imu_receiver.py\n'}
[1.959961] (robot) StdoutLine: {'line': b'-- Up-to-date symlink: /home/vighneshreddy/MRM_VighneshReddy/rover_ws/install/robot/lib/robot/navigation_node\n'}
[1.960042] (robot) StdoutLine: {'line': b'-- Up-to-date symlink: /home/vighneshreddy/MRM_VighneshReddy/rover_ws/install/robot/lib/robot/pointcloud_preprocessor_node\n'}
[1.960140] (robot) StdoutLine: {'line': b'-- Up-to-date symlink: /home/vighneshreddy/MRM_VighneshReddy/rover_ws/install/robot/lib/robot/pcloa\n'}
[1.960381] (robot) StdoutLine: {'line': b'-- Up-to-date symlink: /home/vighneshreddy/MRM_VighneshReddy/rover_ws/install/robot/lib/robot/compass_node\n'}
[1.960504] (robot) StdoutLine: {'line': b'-- Up-to-date symlink: /home/vighneshreddy/MRM_VighneshReddy/rover_ws/install/robot/share/robot//launch/cartographer.launch.py\n'}
[1.960567] (robot) StdoutLine: {'line': b'-- Up-to-date symlink: /home/vighneshreddy/MRM_VighneshReddy/rover_ws/install/robot/share/robot//launch/display.launch.py\n'}
[1.960690] (robot) StdoutLine: {'line': b'-- Up-to-date symlink: /home/vighneshreddy/MRM_VighneshReddy/rover_ws/install/robot/share/robot//launch/gazebo.launch.py\n'}
[1.960834] (robot) StdoutLine: {'line': b'-- Up-to-date symlink: /home/vighneshreddy/MRM_VighneshReddy/rover_ws/install/robot/share/robot//launch/nav2_launch.py\n'}
[1.960921] (robot) StdoutLine: {'line': b'-- Up-to-date symlink: /home/vighneshreddy/MRM_VighneshReddy/rover_ws/install/robot/share/robot//launch/octomap_launch.py\n'}
[1.960982] (robot) StdoutLine: {'line': b'-- Up-to-date symlink: /home/vighneshreddy/MRM_VighneshReddy/rover_ws/install/robot/share/robot//launch/robot.launch.py\n'}
[1.961039] (robot) StdoutLine: {'line': b'-- Up-to-date symlink: /home/vighneshreddy/MRM_VighneshReddy/rover_ws/install/robot/share/robot//launch/rtabmap.launch.py\n'}
[1.961122] (robot) StdoutLine: {'line': b'-- Up-to-date symlink: /home/vighneshreddy/MRM_VighneshReddy/rover_ws/install/robot/share/robot//urdf/cam.xacro\n'}
[1.961186] (robot) StdoutLine: {'line': b'-- Up-to-date symlink: /home/vighneshreddy/MRM_VighneshReddy/rover_ws/install/robot/share/robot//urdf/gps.xacro\n'}
[1.961281] (robot) StdoutLine: {'line': b'-- Up-to-date symlink: /home/vighneshreddy/MRM_VighneshReddy/rover_ws/install/robot/share/robot//urdf/imu.xacro\n'}
[1.961335] (robot) StdoutLine: {'line': b'-- Up-to-date symlink: /home/vighneshreddy/MRM_VighneshReddy/rover_ws/install/robot/share/robot//urdf/inertial.xacro\n'}
[1.961390] (robot) StdoutLine: {'line': b'-- Up-to-date symlink: /home/vighneshreddy/MRM_VighneshReddy/rover_ws/install/robot/share/robot//urdf/lidar.xacro\n'}
[1.961449] (robot) StdoutLine: {'line': b'-- Up-to-date symlink: /home/vighneshreddy/MRM_VighneshReddy/rover_ws/install/robot/share/robot//urdf/material.xacro\n'}
[1.961506] (robot) StdoutLine: {'line': b'-- Up-to-date symlink: /home/vighneshreddy/MRM_VighneshReddy/rover_ws/install/robot/share/robot//urdf/robot.urdf.xacro\n'}
[1.961563] (robot) StdoutLine: {'line': b'-- Up-to-date symlink: /home/vighneshreddy/MRM_VighneshReddy/rover_ws/install/robot/share/robot//urdf/stereo.xacro\n'}
[1.961650] (robot) StdoutLine: {'line': b'-- Up-to-date symlink: /home/vighneshreddy/MRM_VighneshReddy/rover_ws/install/robot/share/robot//rviz/config.rviz\n'}
[1.961770] (robot) StdoutLine: {'line': b'-- Up-to-date symlink: /home/vighneshreddy/MRM_VighneshReddy/rover_ws/install/robot/share/robot//rviz/nav2_slam_config.rviz\n'}
[1.961843] (robot) StdoutLine: {'line': b'-- Up-to-date symlink: /home/vighneshreddy/MRM_VighneshReddy/rover_ws/install/robot/share/robot//config/cartographer_2d.lua\n'}
[1.961902] (robot) StdoutLine: {'line': b'-- Up-to-date symlink: /home/vighneshreddy/MRM_VighneshReddy/rover_ws/install/robot/share/robot//config/cartographer_ros_config.yaml\n'}
[1.961959] (robot) StdoutLine: {'line': b'-- Up-to-date symlink: /home/vighneshreddy/MRM_VighneshReddy/rover_ws/install/robot/share/robot//config/nav2_params.yaml\n'}
[1.962017] (robot) StdoutLine: {'line': b'-- Up-to-date symlink: /home/vighneshreddy/MRM_VighneshReddy/rover_ws/install/robot/share/robot//config/octomap.yaml\n'}
[1.962076] (robot) StdoutLine: {'line': b'-- Up-to-date symlink: /home/vighneshreddy/MRM_VighneshReddy/rover_ws/install/robot/share/robot//config/rtabmap_config.yaml\n'}
[1.962166] (robot) StdoutLine: {'line': b'-- Up-to-date symlink: /home/vighneshreddy/MRM_VighneshReddy/rover_ws/install/robot/share/robot//config/rtabmap_launch.yaml\n'}
[1.962281] (robot) StdoutLine: {'line': b'-- Up-to-date symlink: /home/vighneshreddy/MRM_VighneshReddy/rover_ws/install/robot/share/robot//config/slam_toolbox_params.yaml\n'}
[1.962337] (robot) StdoutLine: {'line': b'-- Up-to-date symlink: /home/vighneshreddy/MRM_VighneshReddy/rover_ws/install/robot/share/ament_index/resource_index/package_run_dependencies/robot\n'}
[1.962394] (robot) StdoutLine: {'line': b'-- Up-to-date symlink: /home/vighneshreddy/MRM_VighneshReddy/rover_ws/install/robot/share/ament_index/resource_index/parent_prefix_path/robot\n'}
[1.962450] (robot) StdoutLine: {'line': b'-- Up-to-date symlink: /home/vighneshreddy/MRM_VighneshReddy/rover_ws/install/robot/share/robot/environment/ament_prefix_path.sh\n'}
[1.962505] (robot) StdoutLine: {'line': b'-- Up-to-date symlink: /home/vighneshreddy/MRM_VighneshReddy/rover_ws/install/robot/share/robot/environment/ament_prefix_path.dsv\n'}
[1.962579] (robot) StdoutLine: {'line': b'-- Up-to-date symlink: /home/vighneshreddy/MRM_VighneshReddy/rover_ws/install/robot/share/robot/environment/path.sh\n'}
[1.962666] (robot) StdoutLine: {'line': b'-- Up-to-date symlink: /home/vighneshreddy/MRM_VighneshReddy/rover_ws/install/robot/share/robot/environment/path.dsv\n'}
[1.962721] (robot) StdoutLine: {'line': b'-- Up-to-date symlink: /home/vighneshreddy/MRM_VighneshReddy/rover_ws/install/robot/share/robot/local_setup.bash\n'}
[1.962774] (robot) StdoutLine: {'line': b'-- Up-to-date symlink: /home/vighneshreddy/MRM_VighneshReddy/rover_ws/install/robot/share/robot/local_setup.sh\n'}
[1.962828] (robot) StdoutLine: {'line': b'-- Up-to-date symlink: /home/vighneshreddy/MRM_VighneshReddy/rover_ws/install/robot/share/robot/local_setup.zsh\n'}
[1.962906] (robot) StdoutLine: {'line': b'-- Up-to-date symlink: /home/vighneshreddy/MRM_VighneshReddy/rover_ws/install/robot/share/robot/local_setup.dsv\n'}
[1.962961] (robot) StdoutLine: {'line': b'-- Symlinking: /home/vighneshreddy/MRM_VighneshReddy/rover_ws/install/robot/share/robot/package.dsv\n'}
[1.970442] (robot) StdoutLine: {'line': b'-- Up-to-date symlink: /home/vighneshreddy/MRM_VighneshReddy/rover_ws/install/robot/share/ament_index/resource_index/packages/robot\n'}
[1.970614] (robot) StdoutLine: {'line': b'-- Up-to-date symlink: /home/vighneshreddy/MRM_VighneshReddy/rover_ws/install/robot/share/robot/cmake/robotConfig.cmake\n'}
[1.970665] (robot) StdoutLine: {'line': b'-- Up-to-date symlink: /home/vighneshreddy/MRM_VighneshReddy/rover_ws/install/robot/share/robot/cmake/robotConfig-version.cmake\n'}
[1.970721] (robot) StdoutLine: {'line': b'-- Up-to-date symlink: /home/vighneshreddy/MRM_VighneshReddy/rover_ws/install/robot/share/robot/package.xml\n'}
[1.972936] (robot) CommandEnded: {'returncode': 0}
[1.984349] (robot) JobEnded: {'identifier': 'robot', 'rc': 0}
[1.985089] (-) EventReactorShutdown: {}
