[35m[1mConsolidate compiler generated dependencies of target navigation_node[0m
[100%] Built target navigation_node
-- Install configuration: ""
-- Up-to-date: /home/vighneshreddy/MRM_VighneshReddy/rover_ws/install/rover_navigation/lib/rover_navigation/navigation_node
-- Up-to-date: /home/vighneshreddy/MRM_VighneshReddy/rover_ws/install/rover_navigation/share/rover_navigation/launch
-- Installing: /home/vighneshreddy/MRM_VighneshReddy/rover_ws/install/rover_navigation/share/rover_navigation/launch/rover_navigation.launch.py
-- Up-to-date: /home/vighneshreddy/MRM_VighneshReddy/rover_ws/install/rover_navigation/share/ament_index/resource_index/package_run_dependencies/rover_navigation
-- Up-to-date: /home/vighneshreddy/MRM_VighneshReddy/rover_ws/install/rover_navigation/share/ament_index/resource_index/parent_prefix_path/rover_navigation
-- Up-to-date: /home/vighneshreddy/MRM_VighneshReddy/rover_ws/install/rover_navigation/share/rover_navigation/environment/ament_prefix_path.sh
-- Up-to-date: /home/vighneshreddy/MRM_VighneshReddy/rover_ws/install/rover_navigation/share/rover_navigation/environment/ament_prefix_path.dsv
-- Up-to-date: /home/vighneshreddy/MRM_VighneshReddy/rover_ws/install/rover_navigation/share/rover_navigation/environment/path.sh
-- Up-to-date: /home/vighneshreddy/MRM_VighneshReddy/rover_ws/install/rover_navigation/share/rover_navigation/environment/path.dsv
-- Up-to-date: /home/vighneshreddy/MRM_VighneshReddy/rover_ws/install/rover_navigation/share/rover_navigation/local_setup.bash
-- Up-to-date: /home/vighneshreddy/MRM_VighneshReddy/rover_ws/install/rover_navigation/share/rover_navigation/local_setup.sh
-- Up-to-date: /home/vighneshreddy/MRM_VighneshReddy/rover_ws/install/rover_navigation/share/rover_navigation/local_setup.zsh
-- Up-to-date: /home/vighneshreddy/MRM_VighneshReddy/rover_ws/install/rover_navigation/share/rover_navigation/local_setup.dsv
-- Installing: /home/vighneshreddy/MRM_VighneshReddy/rover_ws/install/rover_navigation/share/rover_navigation/package.dsv
-- Up-to-date: /home/vighneshreddy/MRM_VighneshReddy/rover_ws/install/rover_navigation/share/ament_index/resource_index/packages/rover_navigation
-- Up-to-date: /home/vighneshreddy/MRM_VighneshReddy/rover_ws/install/rover_navigation/share/rover_navigation/cmake/rover_navigationConfig.cmake
-- Up-to-date: /home/vighneshreddy/MRM_VighneshReddy/rover_ws/install/rover_navigation/share/rover_navigation/cmake/rover_navigationConfig-version.cmake
-- Up-to-date: /home/vighneshreddy/MRM_VighneshReddy/rover_ws/install/rover_navigation/share/rover_navigation/package.xml
