[0.154s] Invoking command in '/home/vighneshreddy/MRM_VighneshReddy/rover_ws/build/rover_navigation': /usr/bin/cmake --build /home/vighneshreddy/MRM_VighneshReddy/rover_ws/build/rover_navigation -- -j22 -l22
[0.190s] [35m[1mConsolidate compiler generated dependencies of target navigation_node[0m
[0.203s] [100%] Built target navigation_node
[0.212s] Invoked command in '/home/vighneshreddy/MRM_VighneshReddy/rover_ws/build/rover_navigation' returned '0': /usr/bin/cmake --build /home/vighneshreddy/MRM_VighneshReddy/rover_ws/build/rover_navigation -- -j22 -l22
[0.213s] Invoking command in '/home/vighneshreddy/MRM_VighneshReddy/rover_ws/build/rover_navigation': /usr/bin/cmake --install /home/vighneshreddy/MRM_VighneshReddy/rover_ws/build/rover_navigation
[0.220s] -- Install configuration: ""
[0.220s] -- Up-to-date: /home/vighneshreddy/MRM_VighneshReddy/rover_ws/install/rover_navigation/lib/rover_navigation/navigation_node
[0.220s] -- Up-to-date: /home/vighneshreddy/MRM_VighneshReddy/rover_ws/install/rover_navigation/share/rover_navigation/launch
[0.220s] -- Installing: /home/vighneshreddy/MRM_VighneshReddy/rover_ws/install/rover_navigation/share/rover_navigation/launch/rover_navigation.launch.py
[0.220s] -- Up-to-date: /home/vighneshreddy/MRM_VighneshReddy/rover_ws/install/rover_navigation/share/ament_index/resource_index/package_run_dependencies/rover_navigation
[0.220s] -- Up-to-date: /home/vighneshreddy/MRM_VighneshReddy/rover_ws/install/rover_navigation/share/ament_index/resource_index/parent_prefix_path/rover_navigation
[0.220s] -- Up-to-date: /home/vighneshreddy/MRM_VighneshReddy/rover_ws/install/rover_navigation/share/rover_navigation/environment/ament_prefix_path.sh
[0.220s] -- Up-to-date: /home/vighneshreddy/MRM_VighneshReddy/rover_ws/install/rover_navigation/share/rover_navigation/environment/ament_prefix_path.dsv
[0.220s] -- Up-to-date: /home/vighneshreddy/MRM_VighneshReddy/rover_ws/install/rover_navigation/share/rover_navigation/environment/path.sh
[0.220s] -- Up-to-date: /home/vighneshreddy/MRM_VighneshReddy/rover_ws/install/rover_navigation/share/rover_navigation/environment/path.dsv
[0.220s] -- Up-to-date: /home/vighneshreddy/MRM_VighneshReddy/rover_ws/install/rover_navigation/share/rover_navigation/local_setup.bash
[0.220s] -- Up-to-date: /home/vighneshreddy/MRM_VighneshReddy/rover_ws/install/rover_navigation/share/rover_navigation/local_setup.sh
[0.220s] -- Up-to-date: /home/vighneshreddy/MRM_VighneshReddy/rover_ws/install/rover_navigation/share/rover_navigation/local_setup.zsh
[0.220s] -- Up-to-date: /home/vighneshreddy/MRM_VighneshReddy/rover_ws/install/rover_navigation/share/rover_navigation/local_setup.dsv
[0.220s] -- Installing: /home/vighneshreddy/MRM_VighneshReddy/rover_ws/install/rover_navigation/share/rover_navigation/package.dsv
[0.220s] -- Up-to-date: /home/vighneshreddy/MRM_VighneshReddy/rover_ws/install/rover_navigation/share/ament_index/resource_index/packages/rover_navigation
[0.220s] -- Up-to-date: /home/vighneshreddy/MRM_VighneshReddy/rover_ws/install/rover_navigation/share/rover_navigation/cmake/rover_navigationConfig.cmake
[0.220s] -- Up-to-date: /home/vighneshreddy/MRM_VighneshReddy/rover_ws/install/rover_navigation/share/rover_navigation/cmake/rover_navigationConfig-version.cmake
[0.220s] -- Up-to-date: /home/vighneshreddy/MRM_VighneshReddy/rover_ws/install/rover_navigation/share/rover_navigation/package.xml
[0.222s] Invoked command in '/home/vighneshreddy/MRM_VighneshReddy/rover_ws/build/rover_navigation' returned '0': /usr/bin/cmake --install /home/vighneshreddy/MRM_VighneshReddy/rover_ws/build/rover_navigation
