[0.015s] Invoking command in '/home/vighneshreddy/MRM_VighneshReddy/rover_ws/build/gazebo': /usr/bin/cmake /home/vighneshreddy/MRM_VighneshReddy/rover_ws/src/gazebo -DCMAKE_INSTALL_PREFIX=/home/vighneshreddy/MRM_VighneshReddy/rover_ws/install/gazebo
[0.290s] -- The C compiler identification is GNU 11.4.0
[0.290s] -- The CXX compiler identification is GNU 11.4.0
[0.290s] -- Detecting C compiler ABI info
[0.290s] -- Detecting C compiler ABI info - done
[0.290s] -- Check for working C compiler: /usr/bin/cc - skipped
[0.291s] -- Detecting C compile features
[0.291s] -- Detecting C compile features - done
[0.291s] -- Detecting CXX compiler ABI info
[0.384s] -- Detecting CXX compiler ABI info - done
[0.394s] -- Check for working CXX compiler: /usr/bin/c++ - skipped
[0.394s] -- Detecting CXX compile features
[0.395s] -- Detecting CXX compile features - done
[0.397s] -- Found ament_cmake: 1.3.11 (/opt/ros/humble/share/ament_cmake/cmake)
[0.584s] -- Found Python3: /usr/bin/python3 (found version "3.10.12") found components: Interpreter 
[0.678s] -- Found gazebo_ros: 3.7.0 (/opt/ros/humble/share/gazebo_ros/cmake)
[0.728s] -- Found rosidl_generator_c: 3.1.6 (/opt/ros/humble/share/rosidl_generator_c/cmake)
[0.733s] -- Found rosidl_adapter: 3.1.6 (/opt/ros/humble/share/rosidl_adapter/cmake)
[0.741s] -- Found rosidl_generator_cpp: 3.1.6 (/opt/ros/humble/share/rosidl_generator_cpp/cmake)
[0.752s] -- Using all available rosidl_typesupport_c: rosidl_typesupport_fastrtps_c;rosidl_typesupport_introspection_c
[0.767s] -- Using all available rosidl_typesupport_cpp: rosidl_typesupport_fastrtps_cpp;rosidl_typesupport_introspection_cpp
[0.809s] -- Found rmw_implementation_cmake: 6.1.2 (/opt/ros/humble/share/rmw_implementation_cmake/cmake)
[0.811s] -- Found rmw_fastrtps_cpp: 6.2.7 (/opt/ros/humble/share/rmw_fastrtps_cpp/cmake)
[0.911s] -- Found OpenSSL: /usr/lib/x86_64-linux-gnu/libcrypto.so (found version "3.0.2")  
[0.954s] -- Found FastRTPS: /opt/ros/humble/include  
[1.005s] -- Using RMW implementation 'rmw_fastrtps_cpp' as default
[1.013s] -- Looking for pthread.h
[1.105s] -- Looking for pthread.h - found
[1.105s] -- Performing Test CMAKE_HAVE_LIBC_PTHREAD
[1.201s] -- Performing Test CMAKE_HAVE_LIBC_PTHREAD - Success
[1.203s] -- Found Threads: TRUE  
[1.266s] -- Found PkgConfig: /usr/bin/pkg-config (found version "0.29.2") 
[1.268s] -- Checking for module 'bullet>=2.82'
[1.284s] --   Found bullet, version 3.05
[1.414s] -- Found fcl: /usr/include (found suitable version "0.7.0", minimum required is "0.5.0") 
[1.474s] -- Found assimp: /usr/include (found version "5.2.0") 
[1.497s] -- Found DART: /usr/include (Required is at least version "6.6") found components: dart 
[1.530s] -- Found Boost: /usr/lib/x86_64-linux-gnu/cmake/Boost-1.74.0/BoostConfig.cmake (found suitable version "1.74.0", minimum required is "1.40.0") found components: thread system filesystem program_options regex iostreams date_time 
[1.549s] -- Found Protobuf: /usr/lib/x86_64-linux-gnu/libprotobuf.so (found version "3.12.4") 
[1.554s] -- Looking for ignition-math6 -- found version 6.15.1
[1.561s] -- Searching for dependencies of ignition-math6
[1.563s] -- Looking for OGRE...
[1.564s] -- OGRE_PREFIX_WATCH changed.
[1.570s] -- Checking for module 'OGRE'
[1.585s] --   Found OGRE, version 1.9.0
[1.622s] -- Found Ogre Ghadamon (1.9.0)
[1.630s] -- Found OGRE: optimized;/usr/lib/x86_64-linux-gnu/libOgreMain.so;debug;/usr/lib/x86_64-linux-gnu/libOgreMain.so
[1.644s] -- Looking for OGRE_Paging...
[1.651s] -- Found OGRE_Paging: optimized;/usr/lib/x86_64-linux-gnu/libOgrePaging.so;debug;/usr/lib/x86_64-linux-gnu/libOgrePaging.so
[1.651s] -- Looking for OGRE_Terrain...
[1.657s] -- Found OGRE_Terrain: optimized;/usr/lib/x86_64-linux-gnu/libOgreTerrain.so;debug;/usr/lib/x86_64-linux-gnu/libOgreTerrain.so
[1.657s] -- Looking for OGRE_Property...
[1.662s] -- Found OGRE_Property: optimized;/usr/lib/x86_64-linux-gnu/libOgreProperty.so;debug;/usr/lib/x86_64-linux-gnu/libOgreProperty.so
[1.662s] -- Looking for OGRE_RTShaderSystem...
[1.667s] -- Found OGRE_RTShaderSystem: optimized;/usr/lib/x86_64-linux-gnu/libOgreRTShaderSystem.so;debug;/usr/lib/x86_64-linux-gnu/libOgreRTShaderSystem.so
[1.667s] -- Looking for OGRE_Volume...
[1.672s] -- Found OGRE_Volume: optimized;/usr/lib/x86_64-linux-gnu/libOgreVolume.so;debug;/usr/lib/x86_64-linux-gnu/libOgreVolume.so
[1.672s] -- Looking for OGRE_Overlay...
[1.676s] -- Found OGRE_Overlay: optimized;/usr/lib/x86_64-linux-gnu/libOgreOverlay.so;debug;/usr/lib/x86_64-linux-gnu/libOgreOverlay.so
[1.763s] -- Looking for ignition-math6 -- found version 6.15.1
[1.764s] -- Looking for ignition-transport8 -- found version 8.2.1
[1.765s] -- Searching for dependencies of ignition-transport8
[1.783s] -- Found Protobuf: /usr/lib/x86_64-linux-gnu/libprotobuf.so (found suitable version "3.12.4", minimum required is "3") 
[1.794s] -- Config-file not installed for ZeroMQ -- checking for pkg-config
[1.800s] -- Checking for module 'libzmq >= 4'
[1.816s] --   Found libzmq , version 4.3.4
[1.859s] -- Found ZeroMQ: TRUE (Required is at least version "4") 
[1.866s] -- Checking for module 'uuid'
[1.881s] --   Found uuid, version 2.37.2
[1.921s] -- Found UUID: TRUE  
[1.924s] -- Looking for ignition-msgs5 -- found version 5.8.1
[1.925s] -- Searching for dependencies of ignition-msgs5
[1.950s] -- Looking for ignition-math6 -- found version 6.15.1
[1.957s] -- Checking for module 'tinyxml2'
[1.972s] --   Found tinyxml2, version 9.0.0
[2.013s] -- Looking for ignition-msgs5 -- found version 5.8.1
[2.015s] -- Looking for ignition-common3 -- found version 3.14.0
[2.015s] -- Searching for dependencies of ignition-common3
[2.015s] -- Looking for dlfcn.h - found
[2.016s] -- Looking for libdl - found
[2.018s] -- Found DL: TRUE  
[2.032s] -- Found tinyobjloader: /usr/lib/x86_64-linux-gnu/cmake/tinyobjloader/tinyobjloader-config.cmake (found version "2.0.0") 
[2.033s] -- Searching for <ignition-common3> component [graphics]
[2.035s] -- Looking for ignition-common3-graphics -- found version 3.14.0
[2.036s] -- Searching for dependencies of ignition-common3-graphics
[2.036s] -- Looking for ignition-math6 -- found version 6.15.1
[2.039s] -- Looking for ignition-fuel_tools4 -- found version 4.4.0
[2.040s] -- Searching for dependencies of ignition-fuel_tools4
[2.136s] -- Found CURL: /usr/lib/x86_64-linux-gnu/libcurl.so (found version "7.81.0")  
[2.148s] -- Checking for module 'jsoncpp'
[2.166s] --   Found jsoncpp, version 1.9.5
[2.211s] -- Found JSONCPP: TRUE  
[2.218s] -- Checking for module 'libzip'
[2.235s] --   Found libzip, version 1.7.3
[2.280s] -- Found ZIP: TRUE  
[2.280s] -- Looking for ignition-common3 -- found version 3.14.0
[2.281s] -- Looking for ignition-math6 -- found version 6.15.1
[2.281s] -- Looking for ignition-msgs5 -- found version 5.8.1
[2.285s] -- Gazebo version: 11.10
[2.286s] -- Checking for module 'tbb'
[2.304s] --   Found tbb, version 2021.5.0
[2.352s] -- Found ament_lint_auto: 0.12.11 (/opt/ros/humble/share/ament_lint_auto/cmake)
[2.458s] -- Added test 'flake8' to check Python code syntax and style conventions
[2.459s] -- Added test 'lint_cmake' to check CMake code style
[2.460s] -- Added test 'pep257' to check Python code against some of the docstring style conventions in PEP 257
[2.461s] -- Added test 'xmllint' to check XML markup files
[2.463s] -- Configuring done
[2.469s] -- Generating done
[2.473s] -- Build files have been written to: /home/vighneshreddy/MRM_VighneshReddy/rover_ws/build/gazebo
[2.495s] Invoked command in '/home/vighneshreddy/MRM_VighneshReddy/rover_ws/build/gazebo' returned '0': /usr/bin/cmake /home/vighneshreddy/MRM_VighneshReddy/rover_ws/src/gazebo -DCMAKE_INSTALL_PREFIX=/home/vighneshreddy/MRM_VighneshReddy/rover_ws/install/gazebo
[2.496s] Invoking command in '/home/vighneshreddy/MRM_VighneshReddy/rover_ws/build/gazebo': /usr/bin/cmake --build /home/vighneshreddy/MRM_VighneshReddy/rover_ws/build/gazebo -- -j22 -l22
[2.561s] Invoked command in '/home/vighneshreddy/MRM_VighneshReddy/rover_ws/build/gazebo' returned '0': /usr/bin/cmake --build /home/vighneshreddy/MRM_VighneshReddy/rover_ws/build/gazebo -- -j22 -l22
[2.575s] Invoking command in '/home/vighneshreddy/MRM_VighneshReddy/rover_ws/build/gazebo': /usr/bin/cmake --install /home/vighneshreddy/MRM_VighneshReddy/rover_ws/build/gazebo
[2.585s] -- Install configuration: ""
[2.585s] -- Installing: /home/vighneshreddy/MRM_VighneshReddy/rover_ws/install/gazebo/share/gazebo/launch
[2.586s] -- Installing: /home/vighneshreddy/MRM_VighneshReddy/rover_ws/install/gazebo/share/gazebo/launch/.vscode
[2.586s] -- Installing: /home/vighneshreddy/MRM_VighneshReddy/rover_ws/install/gazebo/share/gazebo/launch/.vscode/c_cpp_properties.json
[2.587s] -- Installing: /home/vighneshreddy/MRM_VighneshReddy/rover_ws/install/gazebo/share/gazebo/launch/.vscode/settings.json
[2.587s] -- Installing: /home/vighneshreddy/MRM_VighneshReddy/rover_ws/install/gazebo/share/gazebo/launch/rviz_launch.py
[2.588s] -- Installing: /home/vighneshreddy/MRM_VighneshReddy/rover_ws/install/gazebo/share/gazebo/launch/mapping_launch.py
[2.588s] -- Installing: /home/vighneshreddy/MRM_VighneshReddy/rover_ws/install/gazebo/share/gazebo/launch/gazebo_launch.py
[2.588s] -- Installing: /home/vighneshreddy/MRM_VighneshReddy/rover_ws/install/gazebo/share/gazebo/launch/map_to_odom.launch.py
[2.588s] -- Installing: /home/vighneshreddy/MRM_VighneshReddy/rover_ws/install/gazebo/share/gazebo/model
[2.588s] -- Installing: /home/vighneshreddy/MRM_VighneshReddy/rover_ws/install/gazebo/share/gazebo/model/rover.xacro
[2.588s] -- Installing: /home/vighneshreddy/MRM_VighneshReddy/rover_ws/install/gazebo/share/gazebo/model/rover.gazebo
[2.589s] -- Installing: /home/vighneshreddy/MRM_VighneshReddy/rover_ws/install/gazebo/share/gazebo/model/world.world
[2.589s] -- Installing: /home/vighneshreddy/MRM_VighneshReddy/rover_ws/install/gazebo/share/gazebo/config
[2.589s] -- Installing: /home/vighneshreddy/MRM_VighneshReddy/rover_ws/install/gazebo/share/gazebo/rviz
[2.589s] -- Installing: /home/vighneshreddy/MRM_VighneshReddy/rover_ws/install/gazebo/lib/gazebo/map_to_odom.launch.py
[2.589s] -- Installing: /home/vighneshreddy/MRM_VighneshReddy/rover_ws/install/gazebo/share/ament_index/resource_index/package_run_dependencies/gazebo
[2.589s] -- Installing: /home/vighneshreddy/MRM_VighneshReddy/rover_ws/install/gazebo/share/ament_index/resource_index/parent_prefix_path/gazebo
[2.589s] -- Installing: /home/vighneshreddy/MRM_VighneshReddy/rover_ws/install/gazebo/share/gazebo/environment/ament_prefix_path.sh
[2.590s] -- Installing: /home/vighneshreddy/MRM_VighneshReddy/rover_ws/install/gazebo/share/gazebo/environment/ament_prefix_path.dsv
[2.590s] -- Installing: /home/vighneshreddy/MRM_VighneshReddy/rover_ws/install/gazebo/share/gazebo/environment/path.sh
[2.590s] -- Installing: /home/vighneshreddy/MRM_VighneshReddy/rover_ws/install/gazebo/share/gazebo/environment/path.dsv
[2.590s] -- Installing: /home/vighneshreddy/MRM_VighneshReddy/rover_ws/install/gazebo/share/gazebo/local_setup.bash
[2.590s] -- Installing: /home/vighneshreddy/MRM_VighneshReddy/rover_ws/install/gazebo/share/gazebo/local_setup.sh
[2.590s] -- Installing: /home/vighneshreddy/MRM_VighneshReddy/rover_ws/install/gazebo/share/gazebo/local_setup.zsh
[2.590s] -- Installing: /home/vighneshreddy/MRM_VighneshReddy/rover_ws/install/gazebo/share/gazebo/local_setup.dsv
[2.590s] -- Installing: /home/vighneshreddy/MRM_VighneshReddy/rover_ws/install/gazebo/share/gazebo/package.dsv
[2.591s] -- Installing: /home/vighneshreddy/MRM_VighneshReddy/rover_ws/install/gazebo/share/ament_index/resource_index/packages/gazebo
[2.591s] -- Installing: /home/vighneshreddy/MRM_VighneshReddy/rover_ws/install/gazebo/share/gazebo/cmake/gazeboConfig.cmake
[2.591s] -- Installing: /home/vighneshreddy/MRM_VighneshReddy/rover_ws/install/gazebo/share/gazebo/cmake/gazeboConfig-version.cmake
[2.591s] -- Installing: /home/vighneshreddy/MRM_VighneshReddy/rover_ws/install/gazebo/share/gazebo/package.xml
[2.594s] Invoked command in '/home/vighneshreddy/MRM_VighneshReddy/rover_ws/build/gazebo' returned '0': /usr/bin/cmake --install /home/vighneshreddy/MRM_VighneshReddy/rover_ws/build/gazebo
