[0.012s] Invoking command in '/home/vighneshreddy/rover_ws/build/gazebo': CMAKE_PREFIX_PATH=${CMAKE_PREFIX_PATH}:/home/vighneshreddy/rover_ws/install/robot_position /usr/bin/cmake /home/vighneshreddy/rover_ws/src/gazebo -DCMAKE_INSTALL_PREFIX=/home/vighneshreddy/rover_ws/install/gazebo
[0.160s] -- The C compiler identification is GNU 11.4.0
[0.160s] -- The CXX compiler identification is GNU 11.4.0
[0.160s] -- Detecting C compiler ABI info
[0.187s] -- Detecting C compiler ABI info - done
[0.191s] -- Check for working C compiler: /usr/bin/cc - skipped
[0.192s] -- Detecting C compile features
[0.192s] -- Detecting C compile features - done
[0.194s] -- Detecting CXX compiler ABI info
[0.250s] -- Detecting CXX compiler ABI info - done
[0.257s] -- Check for working CXX compiler: /usr/bin/c++ - skipped
[0.257s] -- Detecting CXX compile features
[0.257s] -- Detecting CXX compile features - done
[0.259s] -- Found ament_cmake: 1.3.11 (/opt/ros/humble/share/ament_cmake/cmake)
[0.372s] -- Found Python3: /usr/bin/python3 (found version "3.10.12") found components: Interpreter 
[0.428s] -- Found gazebo_ros: 3.7.0 (/opt/ros/humble/share/gazebo_ros/cmake)
[0.454s] -- Found rosidl_generator_c: 3.1.6 (/opt/ros/humble/share/rosidl_generator_c/cmake)
[0.456s] -- Found rosidl_adapter: 3.1.6 (/opt/ros/humble/share/rosidl_adapter/cmake)
[0.461s] -- Found rosidl_generator_cpp: 3.1.6 (/opt/ros/humble/share/rosidl_generator_cpp/cmake)
[0.468s] -- Using all available rosidl_typesupport_c: rosidl_typesupport_fastrtps_c;rosidl_typesupport_introspection_c
[0.477s] -- Using all available rosidl_typesupport_cpp: rosidl_typesupport_fastrtps_cpp;rosidl_typesupport_introspection_cpp
[0.501s] -- Found rmw_implementation_cmake: 6.1.2 (/opt/ros/humble/share/rmw_implementation_cmake/cmake)
[0.502s] -- Found rmw_fastrtps_cpp: 6.2.7 (/opt/ros/humble/share/rmw_fastrtps_cpp/cmake)
[0.568s] -- Found OpenSSL: /usr/lib/x86_64-linux-gnu/libcrypto.so (found version "3.0.2")  
[0.584s] -- Found FastRTPS: /opt/ros/humble/include  
[0.611s] -- Using RMW implementation 'rmw_fastrtps_cpp' as default
[0.616s] -- Looking for pthread.h
[0.673s] -- Looking for pthread.h - found
[0.674s] -- Performing Test CMAKE_HAVE_LIBC_PTHREAD
[0.738s] -- Performing Test CMAKE_HAVE_LIBC_PTHREAD - Success
[0.740s] -- Found Threads: TRUE  
[0.782s] -- Found PkgConfig: /usr/bin/pkg-config (found version "0.29.2") 
[0.782s] -- Checking for module 'bullet>=2.82'
[0.793s] --   Found bullet, version 3.05
[0.884s] -- Found fcl: /usr/include (found suitable version "0.7.0", minimum required is "0.5.0") 
[0.928s] -- Found assimp: /usr/include (found version "5.2.0") 
[0.947s] -- Found DART: /usr/include (Required is at least version "6.6") found components: dart 
[0.967s] -- Found Boost: /usr/lib/x86_64-linux-gnu/cmake/Boost-1.74.0/BoostConfig.cmake (found suitable version "1.74.0", minimum required is "1.40.0") found components: thread system filesystem program_options regex iostreams date_time 
[0.981s] -- Found Protobuf: /usr/lib/x86_64-linux-gnu/libprotobuf.so (found version "3.12.4") 
[0.985s] -- Looking for ignition-math6 -- found version 6.15.1
[0.990s] -- Searching for dependencies of ignition-math6
[0.992s] -- Looking for OGRE...
[0.992s] -- OGRE_PREFIX_WATCH changed.
[0.997s] -- Checking for module 'OGRE'
[1.009s] --   Found OGRE, version 1.9.0
[1.040s] -- Found Ogre Ghadamon (1.9.0)
[1.045s] -- Found OGRE: optimized;/usr/lib/x86_64-linux-gnu/libOgreMain.so;debug;/usr/lib/x86_64-linux-gnu/libOgreMain.so
[1.052s] -- Looking for OGRE_Paging...
[1.055s] -- Found OGRE_Paging: optimized;/usr/lib/x86_64-linux-gnu/libOgrePaging.so;debug;/usr/lib/x86_64-linux-gnu/libOgrePaging.so
[1.055s] -- Looking for OGRE_Terrain...
[1.058s] -- Found OGRE_Terrain: optimized;/usr/lib/x86_64-linux-gnu/libOgreTerrain.so;debug;/usr/lib/x86_64-linux-gnu/libOgreTerrain.so
[1.058s] -- Looking for OGRE_Property...
[1.061s] -- Found OGRE_Property: optimized;/usr/lib/x86_64-linux-gnu/libOgreProperty.so;debug;/usr/lib/x86_64-linux-gnu/libOgreProperty.so
[1.061s] -- Looking for OGRE_RTShaderSystem...
[1.063s] -- Found OGRE_RTShaderSystem: optimized;/usr/lib/x86_64-linux-gnu/libOgreRTShaderSystem.so;debug;/usr/lib/x86_64-linux-gnu/libOgreRTShaderSystem.so
[1.063s] -- Looking for OGRE_Volume...
[1.066s] -- Found OGRE_Volume: optimized;/usr/lib/x86_64-linux-gnu/libOgreVolume.so;debug;/usr/lib/x86_64-linux-gnu/libOgreVolume.so
[1.066s] -- Looking for OGRE_Overlay...
[1.069s] -- Found OGRE_Overlay: optimized;/usr/lib/x86_64-linux-gnu/libOgreOverlay.so;debug;/usr/lib/x86_64-linux-gnu/libOgreOverlay.so
[1.127s] -- Looking for ignition-math6 -- found version 6.15.1
[1.130s] -- Looking for ignition-transport8 -- found version 8.2.1
[1.130s] -- Searching for dependencies of ignition-transport8
[1.146s] -- Found Protobuf: /usr/lib/x86_64-linux-gnu/libprotobuf.so (found suitable version "3.12.4", minimum required is "3") 
[1.155s] -- Config-file not installed for ZeroMQ -- checking for pkg-config
[1.160s] -- Checking for module 'libzmq >= 4'
[1.177s] --   Found libzmq , version 4.3.4
[1.210s] -- Found ZeroMQ: TRUE (Required is at least version "4") 
[1.217s] -- Checking for module 'uuid'
[1.228s] --   Found uuid, version 2.37.2
[1.257s] -- Found UUID: TRUE  
[1.260s] -- Looking for ignition-msgs5 -- found version 5.8.1
[1.260s] -- Searching for dependencies of ignition-msgs5
[1.274s] -- Looking for ignition-math6 -- found version 6.15.1
[1.277s] -- Checking for module 'tinyxml2'
[1.288s] --   Found tinyxml2, version 9.0.0
[1.319s] -- Looking for ignition-msgs5 -- found version 5.8.1
[1.321s] -- Looking for ignition-common3 -- found version 3.14.0
[1.321s] -- Searching for dependencies of ignition-common3
[1.322s] -- Looking for dlfcn.h - found
[1.322s] -- Looking for libdl - found
[1.323s] -- Found DL: TRUE  
[1.331s] -- Found tinyobjloader: /usr/lib/x86_64-linux-gnu/cmake/tinyobjloader/tinyobjloader-config.cmake (found version "2.0.0") 
[1.331s] -- Searching for <ignition-common3> component [graphics]
[1.332s] -- Looking for ignition-common3-graphics -- found version 3.14.0
[1.332s] -- Searching for dependencies of ignition-common3-graphics
[1.333s] -- Looking for ignition-math6 -- found version 6.15.1
[1.335s] -- Looking for ignition-fuel_tools4 -- found version 4.4.0
[1.335s] -- Searching for dependencies of ignition-fuel_tools4
[1.402s] -- Found CURL: /usr/lib/x86_64-linux-gnu/libcurl.so (found version "7.81.0")  
[1.409s] -- Checking for module 'jsoncpp'
[1.419s] --   Found jsoncpp, version 1.9.5
[1.452s] -- Found JSONCPP: TRUE  
[1.458s] -- Checking for module 'libzip'
[1.470s] --   Found libzip, version 1.7.3
[1.500s] -- Found ZIP: TRUE  
[1.500s] -- Looking for ignition-common3 -- found version 3.14.0
[1.501s] -- Looking for ignition-math6 -- found version 6.15.1
[1.502s] -- Looking for ignition-msgs5 -- found version 5.8.1
[1.506s] -- Gazebo version: 11.10
[1.507s] -- Checking for module 'tbb'
[1.519s] --   Found tbb, version 2021.5.0
[1.552s] -- Found ament_lint_auto: 0.12.11 (/opt/ros/humble/share/ament_lint_auto/cmake)
[1.601s] -- Added test 'flake8' to check Python code syntax and style conventions
[1.601s] -- Added test 'lint_cmake' to check CMake code style
[1.601s] -- Added test 'pep257' to check Python code against some of the docstring style conventions in PEP 257
[1.602s] -- Added test 'xmllint' to check XML markup files
[1.602s] -- Configuring done
[1.605s] -- Generating done
[1.607s] -- Build files have been written to: /home/vighneshreddy/rover_ws/build/gazebo
