[0.000000] (-) TimerEvent: {}
[0.000476] (gazebo) JobQueued: {'identifier': 'gazebo', 'dependencies': OrderedDict()}
[0.000518] (robot_position) JobQueued: {'identifier': 'robot_position', 'dependencies': OrderedDict()}
[0.000536] (rover_navigation) JobQueued: {'identifier': 'rover_navigation', 'dependencies': OrderedDict()}
[0.001124] (gazebo) JobStarted: {'identifier': 'gazebo'}
[0.006171] (robot_position) JobStarted: {'identifier': 'robot_position'}
[0.009406] (rover_navigation) JobStarted: {'identifier': 'rover_navigation'}
[0.011999] (gazebo) JobProgress: {'identifier': 'gazebo', 'progress': 'cmake'}
[0.012204] (gazebo) Command: {'cmd': ['/usr/bin/cmake', '/home/vighneshreddy/rover_ws/src/gazebo', '-DCMAKE_INSTALL_PREFIX=/home/vighneshreddy/rover_ws/install/gazebo'], 'cwd': '/home/vighneshreddy/rover_ws/build/gazebo', 'env': OrderedDict([('LANGUAGE', 'en_IN:en'), ('USER', 'vighneshreddy'), ('XDG_SESSION_TYPE', 'wayland'), ('SHLVL', '1'), ('LD_LIBRARY_PATH', '/usr/lib/x86_64-linux-gnu/gazebo-11/plugins:/opt/ros/humble/opt/rviz_ogre_vendor/lib:/opt/ros/humble/lib/x86_64-linux-gnu:/opt/ros/humble/lib'), ('HOME', '/home/vighneshreddy'), ('OLDPWD', '/home/vighneshreddy/rover_ws'), ('DESKTOP_SESSION', 'ubuntu'), ('ROS_PYTHON_VERSION', '3'), ('GNOME_SHELL_SESSION_MODE', 'ubuntu'), ('GTK_MODULES', 'gail:atk-bridge'), ('SYSTEMD_EXEC_PID', '36761'), ('DBUS_SESSION_BUS_ADDRESS', 'unix:path=/run/user/1000/bus'), ('COLORTERM', 'truecolor'), ('IM_CONFIG_PHASE', '1'), ('WAYLAND_DISPLAY', 'wayland-0'), ('COLCON_PREFIX_PATH', '/home/vighneshreddy/rover_ws/install:/opt/ros/humble'), ('ROS_DISTRO', 'humble'), ('LOGNAME', 'vighneshreddy'), ('_', '/usr/bin/colcon'), ('ROS_VERSION', '2'), ('XDG_SESSION_CLASS', 'user'), ('USERNAME', 'vighneshreddy'), ('TERM', 'xterm-256color'), ('GNOME_DESKTOP_SESSION_ID', 'this-is-deprecated'), ('ROS_LOCALHOST_ONLY', '1'), ('PATH', '/opt/ros/humble/bin:/usr/local/sbin:/usr/local/bin:/usr/sbin:/usr/bin:/sbin:/bin:/usr/games:/usr/local/games:/snap/bin:/snap/bin'), ('SESSION_MANAGER', 'local/vighneshreddy-ASUS-Vivobook-S-15-S5506MA-S5506MA:@/tmp/.ICE-unix/1321,unix/vighneshreddy-ASUS-Vivobook-S-15-S5506MA-S5506MA:/tmp/.ICE-unix/1321'), ('XDG_MENU_PREFIX', 'gnome-'), ('GNOME_TERMINAL_SCREEN', '/org/gnome/Terminal/screen/b38d727a_97ec_45cb_950f_9613989f4018'), ('GNOME_SETUP_DISPLAY', ':1'), ('XDG_RUNTIME_DIR', '/run/user/1000'), ('DISPLAY', ':0'), ('LANG', 'en_US.UTF-8'), ('XDG_CURRENT_DESKTOP', 'ubuntu:GNOME'), ('XMODIFIERS', '@im=ibus'), ('XDG_SESSION_DESKTOP', 'ubuntu'), ('XAUTHORITY', '/run/user/1000/.mutter-Xwaylandauth.TXOB02'), ('GNOME_TERMINAL_SERVICE', ':1.554'), ('SSH_AGENT_LAUNCHER', 'gnome-keyring'), ('SSH_AUTH_SOCK', '/run/user/1000/keyring/ssh'), ('ROS_DOMAIN_ID', '42'), ('AMENT_PREFIX_PATH', '/home/vighneshreddy/rover_ws/install/rover_navigation:/home/vighneshreddy/rover_ws/install/robot_position:/home/vighneshreddy/rover_ws/install/nav2_rover:/home/vighneshreddy/rover_ws/install/gazebo:/opt/ros/humble'), ('SHELL', '/bin/bash'), ('QT_ACCESSIBILITY', '1'), ('GDMSESSION', 'ubuntu'), ('QT_IM_MODULE', 'ibus'), ('PWD', '/home/vighneshreddy/rover_ws/build/gazebo'), ('LC_ALL', 'en_US.UTF-8'), ('XDG_CONFIG_DIRS', '/etc/xdg/xdg-ubuntu:/etc/xdg'), ('XDG_DATA_DIRS', '/usr/share/ubuntu:/usr/local/share/:/usr/share/:/var/lib/snapd/desktop'), ('PYTHONPATH', '/home/vighneshreddy/rover_ws/install/robot_position/lib/python3.10/site-packages:/opt/ros/humble/lib/python3.10/site-packages:/opt/ros/humble/local/lib/python3.10/dist-packages'), ('COLCON', '1'), ('VTE_VERSION', '6800'), ('CMAKE_PREFIX_PATH', '/home/vighneshreddy/rover_ws/install/rover_navigation:/home/vighneshreddy/rover_ws/install/nav2_rover:/home/vighneshreddy/rover_ws/install/gazebo:/opt/ros/humble:/home/vighneshreddy/rover_ws/install/robot_position')]), 'shell': False}
[0.100029] (-) TimerEvent: {}
[0.160987] (gazebo) StdoutLine: {'line': b'-- The C compiler identification is GNU 11.4.0\n'}
[0.161437] (gazebo) StdoutLine: {'line': b'-- The CXX compiler identification is GNU 11.4.0\n'}
[0.161483] (gazebo) StdoutLine: {'line': b'-- Detecting C compiler ABI info\n'}
[0.161583] (rover_navigation) JobProgress: {'identifier': 'rover_navigation', 'progress': 'cmake'}
[0.161941] (rover_navigation) Command: {'cmd': ['/usr/bin/cmake', '/home/vighneshreddy/rover_ws/src/rover_navigation', '-DCMAKE_INSTALL_PREFIX=/home/vighneshreddy/rover_ws/install/rover_navigation'], 'cwd': '/home/vighneshreddy/rover_ws/build/rover_navigation', 'env': OrderedDict([('LANGUAGE', 'en_IN:en'), ('USER', 'vighneshreddy'), ('XDG_SESSION_TYPE', 'wayland'), ('SHLVL', '1'), ('LD_LIBRARY_PATH', '/usr/lib/x86_64-linux-gnu/gazebo-11/plugins:/opt/ros/humble/opt/rviz_ogre_vendor/lib:/opt/ros/humble/lib/x86_64-linux-gnu:/opt/ros/humble/lib'), ('HOME', '/home/vighneshreddy'), ('OLDPWD', '/home/vighneshreddy/rover_ws'), ('DESKTOP_SESSION', 'ubuntu'), ('ROS_PYTHON_VERSION', '3'), ('GNOME_SHELL_SESSION_MODE', 'ubuntu'), ('GTK_MODULES', 'gail:atk-bridge'), ('SYSTEMD_EXEC_PID', '36761'), ('DBUS_SESSION_BUS_ADDRESS', 'unix:path=/run/user/1000/bus'), ('COLORTERM', 'truecolor'), ('IM_CONFIG_PHASE', '1'), ('WAYLAND_DISPLAY', 'wayland-0'), ('COLCON_PREFIX_PATH', '/home/vighneshreddy/rover_ws/install:/opt/ros/humble'), ('ROS_DISTRO', 'humble'), ('LOGNAME', 'vighneshreddy'), ('_', '/usr/bin/colcon'), ('ROS_VERSION', '2'), ('XDG_SESSION_CLASS', 'user'), ('USERNAME', 'vighneshreddy'), ('TERM', 'xterm-256color'), ('GNOME_DESKTOP_SESSION_ID', 'this-is-deprecated'), ('ROS_LOCALHOST_ONLY', '1'), ('PATH', '/opt/ros/humble/bin:/usr/local/sbin:/usr/local/bin:/usr/sbin:/usr/bin:/sbin:/bin:/usr/games:/usr/local/games:/snap/bin:/snap/bin'), ('SESSION_MANAGER', 'local/vighneshreddy-ASUS-Vivobook-S-15-S5506MA-S5506MA:@/tmp/.ICE-unix/1321,unix/vighneshreddy-ASUS-Vivobook-S-15-S5506MA-S5506MA:/tmp/.ICE-unix/1321'), ('XDG_MENU_PREFIX', 'gnome-'), ('GNOME_TERMINAL_SCREEN', '/org/gnome/Terminal/screen/b38d727a_97ec_45cb_950f_9613989f4018'), ('GNOME_SETUP_DISPLAY', ':1'), ('XDG_RUNTIME_DIR', '/run/user/1000'), ('DISPLAY', ':0'), ('LANG', 'en_US.UTF-8'), ('XDG_CURRENT_DESKTOP', 'ubuntu:GNOME'), ('XMODIFIERS', '@im=ibus'), ('XDG_SESSION_DESKTOP', 'ubuntu'), ('XAUTHORITY', '/run/user/1000/.mutter-Xwaylandauth.TXOB02'), ('GNOME_TERMINAL_SERVICE', ':1.554'), ('SSH_AGENT_LAUNCHER', 'gnome-keyring'), ('SSH_AUTH_SOCK', '/run/user/1000/keyring/ssh'), ('ROS_DOMAIN_ID', '42'), ('AMENT_PREFIX_PATH', '/home/vighneshreddy/rover_ws/install/rover_navigation:/home/vighneshreddy/rover_ws/install/robot_position:/home/vighneshreddy/rover_ws/install/nav2_rover:/home/vighneshreddy/rover_ws/install/gazebo:/opt/ros/humble'), ('SHELL', '/bin/bash'), ('QT_ACCESSIBILITY', '1'), ('GDMSESSION', 'ubuntu'), ('QT_IM_MODULE', 'ibus'), ('PWD', '/home/vighneshreddy/rover_ws/build/rover_navigation'), ('LC_ALL', 'en_US.UTF-8'), ('XDG_CONFIG_DIRS', '/etc/xdg/xdg-ubuntu:/etc/xdg'), ('XDG_DATA_DIRS', '/usr/share/ubuntu:/usr/local/share/:/usr/share/:/var/lib/snapd/desktop'), ('PYTHONPATH', '/home/vighneshreddy/rover_ws/install/robot_position/lib/python3.10/site-packages:/opt/ros/humble/lib/python3.10/site-packages:/opt/ros/humble/local/lib/python3.10/dist-packages'), ('COLCON', '1'), ('VTE_VERSION', '6800'), ('CMAKE_PREFIX_PATH', '/home/vighneshreddy/rover_ws/install/rover_navigation:/home/vighneshreddy/rover_ws/install/nav2_rover:/home/vighneshreddy/rover_ws/install/gazebo:/opt/ros/humble:/home/vighneshreddy/rover_ws/install/robot_position')]), 'shell': False}
[0.187654] (gazebo) StdoutLine: {'line': b'-- Detecting C compiler ABI info - done\n'}
[0.192361] (gazebo) StdoutLine: {'line': b'-- Check for working C compiler: /usr/bin/cc - skipped\n'}
[0.192621] (gazebo) StdoutLine: {'line': b'-- Detecting C compile features\n'}
[0.192977] (gazebo) StdoutLine: {'line': b'-- Detecting C compile features - done\n'}
[0.194760] (gazebo) StdoutLine: {'line': b'-- Detecting CXX compiler ABI info\n'}
[0.200089] (-) TimerEvent: {}
[0.202665] (rover_navigation) StdoutLine: {'line': b'-- The C compiler identification is GNU 11.4.0\n'}
[0.237080] (rover_navigation) StdoutLine: {'line': b'-- The CXX compiler identification is GNU 11.4.0\n'}
[0.240882] (rover_navigation) StdoutLine: {'line': b'-- Detecting C compiler ABI info\n'}
[0.251477] (gazebo) StdoutLine: {'line': b'-- Detecting CXX compiler ABI info - done\n'}
[0.257994] (gazebo) StdoutLine: {'line': b'-- Check for working CXX compiler: /usr/bin/c++ - skipped\n'}
[0.258178] (gazebo) StdoutLine: {'line': b'-- Detecting CXX compile features\n'}
[0.258465] (gazebo) StdoutLine: {'line': b'-- Detecting CXX compile features - done\n'}
[0.260105] (gazebo) StdoutLine: {'line': b'-- Found ament_cmake: 1.3.11 (/opt/ros/humble/share/ament_cmake/cmake)\n'}
[0.288489] (rover_navigation) StdoutLine: {'line': b'-- Detecting C compiler ABI info - done\n'}
[0.294396] (rover_navigation) StdoutLine: {'line': b'-- Check for working C compiler: /usr/bin/cc - skipped\n'}
[0.294516] (rover_navigation) StdoutLine: {'line': b'-- Detecting C compile features\n'}
[0.294730] (rover_navigation) StdoutLine: {'line': b'-- Detecting C compile features - done\n'}
[0.296350] (rover_navigation) StdoutLine: {'line': b'-- Detecting CXX compiler ABI info\n'}
[0.300143] (-) TimerEvent: {}
[0.355080] (rover_navigation) StdoutLine: {'line': b'-- Detecting CXX compiler ABI info - done\n'}
[0.360864] (rover_navigation) StdoutLine: {'line': b'-- Check for working CXX compiler: /usr/bin/c++ - skipped\n'}
[0.361157] (rover_navigation) StdoutLine: {'line': b'-- Detecting CXX compile features\n'}
[0.361293] (rover_navigation) StdoutLine: {'line': b'-- Detecting CXX compile features - done\n'}
[0.362527] (rover_navigation) StdoutLine: {'line': b'-- Found ament_cmake: 1.3.11 (/opt/ros/humble/share/ament_cmake/cmake)\n'}
[0.370313] (robot_position) Command: {'cmd': ['/usr/bin/python3', '-W', 'ignore:setup.py install is deprecated', '-W', 'ignore:easy_install command is deprecated', 'setup.py', 'egg_info', '--egg-base', '../../build/robot_position', 'build', '--build-base', '/home/vighneshreddy/rover_ws/build/robot_position/build', 'install', '--record', '/home/vighneshreddy/rover_ws/build/robot_position/install.log', '--single-version-externally-managed', 'install_data'], 'cwd': '/home/vighneshreddy/rover_ws/src/robot_position', 'env': {'LANGUAGE': 'en_IN:en', 'USER': 'vighneshreddy', 'XDG_SESSION_TYPE': 'wayland', 'SHLVL': '1', 'LD_LIBRARY_PATH': '/usr/lib/x86_64-linux-gnu/gazebo-11/plugins:/opt/ros/humble/opt/rviz_ogre_vendor/lib:/opt/ros/humble/lib/x86_64-linux-gnu:/opt/ros/humble/lib', 'HOME': '/home/vighneshreddy', 'OLDPWD': '/home/vighneshreddy/rover_ws', 'DESKTOP_SESSION': 'ubuntu', 'ROS_PYTHON_VERSION': '3', 'GNOME_SHELL_SESSION_MODE': 'ubuntu', 'GTK_MODULES': 'gail:atk-bridge', 'SYSTEMD_EXEC_PID': '36761', 'DBUS_SESSION_BUS_ADDRESS': 'unix:path=/run/user/1000/bus', 'COLORTERM': 'truecolor', 'IM_CONFIG_PHASE': '1', 'WAYLAND_DISPLAY': 'wayland-0', 'COLCON_PREFIX_PATH': '/home/vighneshreddy/rover_ws/install:/opt/ros/humble', 'ROS_DISTRO': 'humble', 'LOGNAME': 'vighneshreddy', '_': '/usr/bin/colcon', 'ROS_VERSION': '2', 'XDG_SESSION_CLASS': 'user', 'USERNAME': 'vighneshreddy', 'TERM': 'xterm-256color', 'GNOME_DESKTOP_SESSION_ID': 'this-is-deprecated', 'ROS_LOCALHOST_ONLY': '1', 'PATH': '/opt/ros/humble/bin:/usr/local/sbin:/usr/local/bin:/usr/sbin:/usr/bin:/sbin:/bin:/usr/games:/usr/local/games:/snap/bin:/snap/bin', 'SESSION_MANAGER': 'local/vighneshreddy-ASUS-Vivobook-S-15-S5506MA-S5506MA:@/tmp/.ICE-unix/1321,unix/vighneshreddy-ASUS-Vivobook-S-15-S5506MA-S5506MA:/tmp/.ICE-unix/1321', 'XDG_MENU_PREFIX': 'gnome-', 'GNOME_TERMINAL_SCREEN': '/org/gnome/Terminal/screen/b38d727a_97ec_45cb_950f_9613989f4018', 'GNOME_SETUP_DISPLAY': ':1', 'XDG_RUNTIME_DIR': '/run/user/1000', 'DISPLAY': ':0', 'LANG': 'en_US.UTF-8', 'XDG_CURRENT_DESKTOP': 'ubuntu:GNOME', 'XMODIFIERS': '@im=ibus', 'XDG_SESSION_DESKTOP': 'ubuntu', 'XAUTHORITY': '/run/user/1000/.mutter-Xwaylandauth.TXOB02', 'GNOME_TERMINAL_SERVICE': ':1.554', 'SSH_AGENT_LAUNCHER': 'gnome-keyring', 'SSH_AUTH_SOCK': '/run/user/1000/keyring/ssh', 'ROS_DOMAIN_ID': '42', 'AMENT_PREFIX_PATH': '/home/vighneshreddy/rover_ws/install/rover_navigation:/home/vighneshreddy/rover_ws/install/robot_position:/home/vighneshreddy/rover_ws/install/nav2_rover:/home/vighneshreddy/rover_ws/install/gazebo:/opt/ros/humble', 'SHELL': '/bin/bash', 'QT_ACCESSIBILITY': '1', 'GDMSESSION': 'ubuntu', 'QT_IM_MODULE': 'ibus', 'PWD': '/home/vighneshreddy/rover_ws/build/robot_position', 'LC_ALL': 'en_US.UTF-8', 'XDG_CONFIG_DIRS': '/etc/xdg/xdg-ubuntu:/etc/xdg', 'XDG_DATA_DIRS': '/usr/share/ubuntu:/usr/local/share/:/usr/share/:/var/lib/snapd/desktop', 'PYTHONPATH': '/home/vighneshreddy/rover_ws/build/robot_position/prefix_override:/usr/lib/python3/dist-packages/colcon_core/task/python/colcon_distutils_commands:/home/vighneshreddy/rover_ws/install/robot_position/lib/python3.10/site-packages:/home/vighneshreddy/rover_ws/install/robot_position/lib/python3.10/site-packages:/opt/ros/humble/lib/python3.10/site-packages:/opt/ros/humble/local/lib/python3.10/dist-packages', 'COLCON': '1', 'VTE_VERSION': '6800', 'CMAKE_PREFIX_PATH': '/home/vighneshreddy/rover_ws/install/rover_navigation:/home/vighneshreddy/rover_ws/install/nav2_rover:/home/vighneshreddy/rover_ws/install/gazebo:/opt/ros/humble'}, 'shell': False}
[0.372898] (gazebo) StdoutLine: {'line': b'-- Found Python3: /usr/bin/python3 (found version "3.10.12") found components: Interpreter \n'}
[0.400265] (-) TimerEvent: {}
[0.429238] (gazebo) StdoutLine: {'line': b'-- Found gazebo_ros: 3.7.0 (/opt/ros/humble/share/gazebo_ros/cmake)\n'}
[0.454965] (gazebo) StdoutLine: {'line': b'-- Found rosidl_generator_c: 3.1.6 (/opt/ros/humble/share/rosidl_generator_c/cmake)\n'}
[0.457485] (gazebo) StdoutLine: {'line': b'-- Found rosidl_adapter: 3.1.6 (/opt/ros/humble/share/rosidl_adapter/cmake)\n'}
[0.460009] (rover_navigation) StdoutLine: {'line': b'-- Found Python3: /usr/bin/python3 (found version "3.10.12") found components: Interpreter \n'}
[0.462065] (gazebo) StdoutLine: {'line': b'-- Found rosidl_generator_cpp: 3.1.6 (/opt/ros/humble/share/rosidl_generator_cpp/cmake)\n'}
[0.468557] (gazebo) StdoutLine: {'line': b'-- Using all available rosidl_typesupport_c: rosidl_typesupport_fastrtps_c;rosidl_typesupport_introspection_c\n'}
[0.477718] (gazebo) StdoutLine: {'line': b'-- Using all available rosidl_typesupport_cpp: rosidl_typesupport_fastrtps_cpp;rosidl_typesupport_introspection_cpp\n'}
[0.498616] (robot_position) StdoutLine: {'line': b'running egg_info\n'}
[0.499087] (robot_position) StdoutLine: {'line': b'creating ../../build/robot_position/robot_position.egg-info\n'}
[0.499231] (robot_position) StdoutLine: {'line': b'writing ../../build/robot_position/robot_position.egg-info/PKG-INFO\n'}
[0.499323] (robot_position) StdoutLine: {'line': b'writing dependency_links to ../../build/robot_position/robot_position.egg-info/dependency_links.txt\n'}
[0.499403] (robot_position) StdoutLine: {'line': b'writing entry points to ../../build/robot_position/robot_position.egg-info/entry_points.txt\n'}
[0.499641] (robot_position) StdoutLine: {'line': b'writing requirements to ../../build/robot_position/robot_position.egg-info/requires.txt\n'}
[0.499726] (robot_position) StdoutLine: {'line': b'writing top-level names to ../../build/robot_position/robot_position.egg-info/top_level.txt\n'}
[0.499799] (robot_position) StdoutLine: {'line': b"writing manifest file '../../build/robot_position/robot_position.egg-info/SOURCES.txt'\n"}
[0.500161] (robot_position) StdoutLine: {'line': b"reading manifest file '../../build/robot_position/robot_position.egg-info/SOURCES.txt'\n"}
[0.500316] (-) TimerEvent: {}
[0.500627] (robot_position) StdoutLine: {'line': b"writing manifest file '../../build/robot_position/robot_position.egg-info/SOURCES.txt'\n"}
[0.500769] (robot_position) StdoutLine: {'line': b'running build\n'}
[0.500859] (robot_position) StdoutLine: {'line': b'running build_py\n'}
[0.501129] (robot_position) StdoutLine: {'line': b'creating /home/vighneshreddy/rover_ws/build/robot_position/build\n'}
[0.501263] (robot_position) StdoutLine: {'line': b'creating /home/vighneshreddy/rover_ws/build/robot_position/build/lib\n'}
[0.501351] (robot_position) StdoutLine: {'line': b'creating /home/vighneshreddy/rover_ws/build/robot_position/build/lib/robot_position\n'}
[0.501430] (robot_position) StdoutLine: {'line': b'copying robot_position/__init__.py -> /home/vighneshreddy/rover_ws/build/robot_position/build/lib/robot_position\n'}
[0.501515] (robot_position) StdoutLine: {'line': b'copying robot_position/get_position.py -> /home/vighneshreddy/rover_ws/build/robot_position/build/lib/robot_position\n'}
[0.501591] (robot_position) StdoutLine: {'line': b'running install\n'}
[0.501667] (robot_position) StdoutLine: {'line': b'running install_lib\n'}
[0.501914] (robot_position) StdoutLine: {'line': b'creating /home/vighneshreddy/rover_ws/install/robot_position/lib/python3.10/site-packages/robot_position\n'}
[0.502000] (robot_position) StdoutLine: {'line': b'copying /home/vighneshreddy/rover_ws/build/robot_position/build/lib/robot_position/__init__.py -> /home/vighneshreddy/rover_ws/install/robot_position/lib/python3.10/site-packages/robot_position\n'}
[0.502076] (robot_position) StdoutLine: {'line': b'copying /home/vighneshreddy/rover_ws/build/robot_position/build/lib/robot_position/get_position.py -> /home/vighneshreddy/rover_ws/install/robot_position/lib/python3.10/site-packages/robot_position\n'}
[0.502190] (gazebo) StdoutLine: {'line': b'-- Found rmw_implementation_cmake: 6.1.2 (/opt/ros/humble/share/rmw_implementation_cmake/cmake)\n'}
[0.502364] (robot_position) StdoutLine: {'line': b'byte-compiling /home/vighneshreddy/rover_ws/install/robot_position/lib/python3.10/site-packages/robot_position/__init__.py to __init__.cpython-310.pyc\n'}
[0.502439] (robot_position) StdoutLine: {'line': b'byte-compiling /home/vighneshreddy/rover_ws/install/robot_position/lib/python3.10/site-packages/robot_position/get_position.py to get_position.cpython-310.pyc\n'}
[0.502612] (robot_position) StdoutLine: {'line': b'running install_data\n'}
[0.502688] (robot_position) StdoutLine: {'line': b'creating /home/vighneshreddy/rover_ws/install/robot_position/share/ament_index/resource_index/ament_package\n'}
[0.502763] (robot_position) StdoutLine: {'line': b'copying package.xml -> /home/vighneshreddy/rover_ws/install/robot_position/share/ament_index/resource_index/ament_package\n'}
[0.502834] (robot_position) StdoutLine: {'line': b'running install_egg_info\n'}
[0.503518] (gazebo) StdoutLine: {'line': b'-- Found rmw_fastrtps_cpp: 6.2.7 (/opt/ros/humble/share/rmw_fastrtps_cpp/cmake)\n'}
[0.503640] (robot_position) StdoutLine: {'line': b'Copying ../../build/robot_position/robot_position.egg-info to /home/vighneshreddy/rover_ws/install/robot_position/lib/python3.10/site-packages/robot_position-0.0.0-py3.10.egg-info\n'}
[0.504050] (robot_position) StdoutLine: {'line': b'running install_scripts\n'}
[0.515753] (robot_position) StdoutLine: {'line': b'Installing get_position script to /home/vighneshreddy/rover_ws/install/robot_position/lib/robot_position\n'}
[0.515877] (robot_position) StdoutLine: {'line': b"writing list of installed files to '/home/vighneshreddy/rover_ws/build/robot_position/install.log'\n"}
[0.518543] (rover_navigation) StdoutLine: {'line': b'-- Found rclcpp: 16.0.11 (/opt/ros/humble/share/rclcpp/cmake)\n'}
[0.529886] (robot_position) CommandEnded: {'returncode': 0}
[0.535877] (robot_position) JobEnded: {'identifier': 'robot_position', 'rc': 0}
[0.547159] (rover_navigation) StdoutLine: {'line': b'-- Found rosidl_generator_c: 3.1.6 (/opt/ros/humble/share/rosidl_generator_c/cmake)\n'}
[0.549498] (rover_navigation) StdoutLine: {'line': b'-- Found rosidl_adapter: 3.1.6 (/opt/ros/humble/share/rosidl_adapter/cmake)\n'}
[0.553729] (rover_navigation) StdoutLine: {'line': b'-- Found rosidl_generator_cpp: 3.1.6 (/opt/ros/humble/share/rosidl_generator_cpp/cmake)\n'}
[0.560387] (rover_navigation) StdoutLine: {'line': b'-- Using all available rosidl_typesupport_c: rosidl_typesupport_fastrtps_c;rosidl_typesupport_introspection_c\n'}
[0.568914] (gazebo) StdoutLine: {'line': b'-- Found OpenSSL: /usr/lib/x86_64-linux-gnu/libcrypto.so (found version "3.0.2")  \n'}
[0.569493] (rover_navigation) StdoutLine: {'line': b'-- Using all available rosidl_typesupport_cpp: rosidl_typesupport_fastrtps_cpp;rosidl_typesupport_introspection_cpp\n'}
[0.584715] (gazebo) StdoutLine: {'line': b'-- Found FastRTPS: /opt/ros/humble/include  \n'}
[0.593422] (rover_navigation) StdoutLine: {'line': b'-- Found rmw_implementation_cmake: 6.1.2 (/opt/ros/humble/share/rmw_implementation_cmake/cmake)\n'}
[0.594838] (rover_navigation) StdoutLine: {'line': b'-- Found rmw_fastrtps_cpp: 6.2.7 (/opt/ros/humble/share/rmw_fastrtps_cpp/cmake)\n'}
[0.600429] (-) TimerEvent: {}
[0.612036] (gazebo) StdoutLine: {'line': b"-- Using RMW implementation 'rmw_fastrtps_cpp' as default\n"}
[0.617510] (gazebo) StdoutLine: {'line': b'-- Looking for pthread.h\n'}
[0.656810] (rover_navigation) StdoutLine: {'line': b'-- Found OpenSSL: /usr/lib/x86_64-linux-gnu/libcrypto.so (found version "3.0.2")  \n'}
[0.672184] (rover_navigation) StdoutLine: {'line': b'-- Found FastRTPS: /opt/ros/humble/include  \n'}
[0.674523] (gazebo) StdoutLine: {'line': b'-- Looking for pthread.h - found\n'}
[0.674764] (gazebo) StdoutLine: {'line': b'-- Performing Test CMAKE_HAVE_LIBC_PTHREAD\n'}
[0.698618] (rover_navigation) StdoutLine: {'line': b"-- Using RMW implementation 'rmw_fastrtps_cpp' as default\n"}
[0.700518] (-) TimerEvent: {}
[0.702793] (rover_navigation) StdoutLine: {'line': b'-- Looking for pthread.h\n'}
[0.739394] (gazebo) StdoutLine: {'line': b'-- Performing Test CMAKE_HAVE_LIBC_PTHREAD - Success\n'}
[0.740951] (gazebo) StdoutLine: {'line': b'-- Found Threads: TRUE  \n'}
[0.761492] (rover_navigation) StdoutLine: {'line': b'-- Looking for pthread.h - found\n'}
[0.761867] (rover_navigation) StdoutLine: {'line': b'-- Performing Test CMAKE_HAVE_LIBC_PTHREAD\n'}
[0.782560] (gazebo) StdoutLine: {'line': b'-- Found PkgConfig: /usr/bin/pkg-config (found version "0.29.2") \n'}
[0.783309] (gazebo) StdoutLine: {'line': b"-- Checking for module 'bullet>=2.82'\n"}
[0.794156] (gazebo) StdoutLine: {'line': b'--   Found bullet, version 3.05\n'}
[0.800585] (-) TimerEvent: {}
[0.818255] (rover_navigation) StdoutLine: {'line': b'-- Performing Test CMAKE_HAVE_LIBC_PTHREAD - Success\n'}
[0.819300] (rover_navigation) StdoutLine: {'line': b'-- Found Threads: TRUE  \n'}
[0.849441] (rover_navigation) StdoutLine: {'line': b'-- Found geometry_msgs: 4.2.4 (/opt/ros/humble/share/geometry_msgs/cmake)\n'}
[0.856818] (rover_navigation) StdoutLine: {'line': b'-- Found nav_msgs: 4.2.4 (/opt/ros/humble/share/nav_msgs/cmake)\n'}
[0.867613] (rover_navigation) StdoutLine: {'line': b'-- Found tf2: 0.25.9 (/opt/ros/humble/share/tf2/cmake)\n'}
[0.876057] (rover_navigation) StdoutLine: {'line': b'-- Found tf2_ros: 0.25.9 (/opt/ros/humble/share/tf2_ros/cmake)\n'}
[0.884920] (gazebo) StdoutLine: {'line': b'-- Found fcl: /usr/include (found suitable version "0.7.0", minimum required is "0.5.0") \n'}
[0.900670] (-) TimerEvent: {}
[0.928145] (rover_navigation) StdoutLine: {'line': b'-- Found sensor_msgs: 4.2.4 (/opt/ros/humble/share/sensor_msgs/cmake)\n'}
[0.928818] (gazebo) StdoutLine: {'line': b'-- Found assimp: /usr/include (found version "5.2.0") \n'}
[0.940370] (rover_navigation) StdoutLine: {'line': b'-- Found tf2_geometry_msgs: 0.25.9 (/opt/ros/humble/share/tf2_geometry_msgs/cmake)\n'}
[0.947181] (rover_navigation) StdoutLine: {'line': b'-- Found eigen3_cmake_module: 0.1.1 (/opt/ros/humble/share/eigen3_cmake_module/cmake)\n'}
[0.947971] (rover_navigation) StdoutLine: {'line': b'-- Found Eigen3: TRUE (found version "3.4.0") \n'}
[0.948086] (rover_navigation) StdoutLine: {'line': b'-- Ensuring Eigen3 include directory is part of orocos-kdl CMake target\n'}
[0.948327] (gazebo) StdoutLine: {'line': b'-- Found DART: /usr/include (Required is at least version "6.6") found components: dart \n'}
[0.953804] (rover_navigation) StderrLine: {'line': b'\x1b[31mCMake Error at CMakeLists.txt:18 (find_package):\n'}
[0.953930] (rover_navigation) StderrLine: {'line': b'  By not providing "Findrover.cmake" in CMAKE_MODULE_PATH this project has\n'}
[0.954001] (rover_navigation) StderrLine: {'line': b'  asked CMake to find a package configuration file provided by "rover", but\n'}
[0.954050] (rover_navigation) StderrLine: {'line': b'  CMake did not find one.\n'}
[0.954099] (rover_navigation) StderrLine: {'line': b'\n'}
[0.954152] (rover_navigation) StderrLine: {'line': b'  Could not find a package configuration file provided by "rover" with any of\n'}
[0.954200] (rover_navigation) StderrLine: {'line': b'  the following names:\n'}
[0.954248] (rover_navigation) StderrLine: {'line': b'\n'}
[0.954294] (rover_navigation) StderrLine: {'line': b'    roverConfig.cmake\n'}
[0.954340] (rover_navigation) StderrLine: {'line': b'    rover-config.cmake\n'}
[0.954386] (rover_navigation) StderrLine: {'line': b'\n'}
[0.954431] (rover_navigation) StderrLine: {'line': b'  Add the installation prefix of "rover" to CMAKE_PREFIX_PATH or set\n'}
[0.954478] (rover_navigation) StderrLine: {'line': b'  "rover_DIR" to a directory containing one of the above files.  If "rover"\n'}
[0.954525] (rover_navigation) StderrLine: {'line': b'  provides a separate development package or SDK, be sure it has been\n'}
[0.954572] (rover_navigation) StderrLine: {'line': b'  installed.\n'}
[0.954619] (rover_navigation) StderrLine: {'line': b'\n'}
[0.954664] (rover_navigation) StderrLine: {'line': b'\x1b[0m\n'}
[0.954710] (rover_navigation) StdoutLine: {'line': b'-- Configuring incomplete, errors occurred!\n'}
[0.954760] (rover_navigation) StdoutLine: {'line': b'See also "/home/vighneshreddy/rover_ws/build/rover_navigation/CMakeFiles/CMakeOutput.log".\n'}
[0.960164] (rover_navigation) CommandEnded: {'returncode': 1}
[0.967968] (gazebo) StdoutLine: {'line': b'-- Found Boost: /usr/lib/x86_64-linux-gnu/cmake/Boost-1.74.0/BoostConfig.cmake (found suitable version "1.74.0", minimum required is "1.40.0") found components: thread system filesystem program_options regex iostreams date_time \n'}
[0.972670] (rover_navigation) JobEnded: {'identifier': 'rover_navigation', 'rc': 1}
[0.982311] (gazebo) StdoutLine: {'line': b'-- Found Protobuf: /usr/lib/x86_64-linux-gnu/libprotobuf.so (found version "3.12.4") \n'}
[0.986158] (gazebo) StdoutLine: {'line': b'-- Looking for ignition-math6 -- found version 6.15.1\n'}
[0.991457] (gazebo) StdoutLine: {'line': b'-- Searching for dependencies of ignition-math6\n'}
[0.992796] (gazebo) StdoutLine: {'line': b'-- Looking for OGRE...\n'}
[0.993048] (gazebo) StdoutLine: {'line': b'-- OGRE_PREFIX_WATCH changed.\n'}
[0.997884] (gazebo) StdoutLine: {'line': b"-- Checking for module 'OGRE'\n"}
[1.000736] (-) TimerEvent: {}
[1.010320] (gazebo) StdoutLine: {'line': b'--   Found OGRE, version 1.9.0\n'}
[1.040784] (gazebo) StdoutLine: {'line': b'-- Found Ogre Ghadamon (1.9.0)\n'}
[1.046231] (gazebo) StdoutLine: {'line': b'-- Found OGRE: optimized;/usr/lib/x86_64-linux-gnu/libOgreMain.so;debug;/usr/lib/x86_64-linux-gnu/libOgreMain.so\n'}
[1.052586] (gazebo) StdoutLine: {'line': b'-- Looking for OGRE_Paging...\n'}
[1.056205] (gazebo) StdoutLine: {'line': b'-- Found OGRE_Paging: optimized;/usr/lib/x86_64-linux-gnu/libOgrePaging.so;debug;/usr/lib/x86_64-linux-gnu/libOgrePaging.so\n'}
[1.056309] (gazebo) StdoutLine: {'line': b'-- Looking for OGRE_Terrain...\n'}
[1.059223] (gazebo) StdoutLine: {'line': b'-- Found OGRE_Terrain: optimized;/usr/lib/x86_64-linux-gnu/libOgreTerrain.so;debug;/usr/lib/x86_64-linux-gnu/libOgreTerrain.so\n'}
[1.059356] (gazebo) StdoutLine: {'line': b'-- Looking for OGRE_Property...\n'}
[1.061877] (gazebo) StdoutLine: {'line': b'-- Found OGRE_Property: optimized;/usr/lib/x86_64-linux-gnu/libOgreProperty.so;debug;/usr/lib/x86_64-linux-gnu/libOgreProperty.so\n'}
[1.061966] (gazebo) StdoutLine: {'line': b'-- Looking for OGRE_RTShaderSystem...\n'}
[1.064471] (gazebo) StdoutLine: {'line': b'-- Found OGRE_RTShaderSystem: optimized;/usr/lib/x86_64-linux-gnu/libOgreRTShaderSystem.so;debug;/usr/lib/x86_64-linux-gnu/libOgreRTShaderSystem.so\n'}
[1.064579] (gazebo) StdoutLine: {'line': b'-- Looking for OGRE_Volume...\n'}
[1.067112] (gazebo) StdoutLine: {'line': b'-- Found OGRE_Volume: optimized;/usr/lib/x86_64-linux-gnu/libOgreVolume.so;debug;/usr/lib/x86_64-linux-gnu/libOgreVolume.so\n'}
[1.067184] (gazebo) StdoutLine: {'line': b'-- Looking for OGRE_Overlay...\n'}
[1.069920] (gazebo) StdoutLine: {'line': b'-- Found OGRE_Overlay: optimized;/usr/lib/x86_64-linux-gnu/libOgreOverlay.so;debug;/usr/lib/x86_64-linux-gnu/libOgreOverlay.so\n'}
[1.100837] (-) TimerEvent: {}
[1.127771] (gazebo) StdoutLine: {'line': b'-- Looking for ignition-math6 -- found version 6.15.1\n'}
[1.130357] (gazebo) StdoutLine: {'line': b'-- Looking for ignition-transport8 -- found version 8.2.1\n'}
[1.130719] (gazebo) StdoutLine: {'line': b'-- Searching for dependencies of ignition-transport8\n'}
[1.146680] (gazebo) StdoutLine: {'line': b'-- Found Protobuf: /usr/lib/x86_64-linux-gnu/libprotobuf.so (found suitable version "3.12.4", minimum required is "3") \n'}
[1.155602] (gazebo) StdoutLine: {'line': b'-- Config-file not installed for ZeroMQ -- checking for pkg-config\n'}
[1.161256] (gazebo) StdoutLine: {'line': b"-- Checking for module 'libzmq >= 4'\n"}
[1.177972] (gazebo) StdoutLine: {'line': b'--   Found libzmq , version 4.3.4\n'}
[1.200917] (-) TimerEvent: {}
[1.210969] (gazebo) StdoutLine: {'line': b'-- Found ZeroMQ: TRUE (Required is at least version "4") \n'}
[1.217678] (gazebo) StdoutLine: {'line': b"-- Checking for module 'uuid'\n"}
[1.228946] (gazebo) StdoutLine: {'line': b'--   Found uuid, version 2.37.2\n'}
[1.257863] (gazebo) StdoutLine: {'line': b'-- Found UUID: TRUE  \n'}
[1.260800] (gazebo) StdoutLine: {'line': b'-- Looking for ignition-msgs5 -- found version 5.8.1\n'}
[1.261339] (gazebo) StdoutLine: {'line': b'-- Searching for dependencies of ignition-msgs5\n'}
[1.274919] (gazebo) StdoutLine: {'line': b'-- Looking for ignition-math6 -- found version 6.15.1\n'}
[1.278407] (gazebo) StdoutLine: {'line': b"-- Checking for module 'tinyxml2'\n"}
[1.289118] (gazebo) StdoutLine: {'line': b'--   Found tinyxml2, version 9.0.0\n'}
[1.300993] (-) TimerEvent: {}
[1.320400] (gazebo) StdoutLine: {'line': b'-- Looking for ignition-msgs5 -- found version 5.8.1\n'}
[1.322009] (gazebo) StdoutLine: {'line': b'-- Looking for ignition-common3 -- found version 3.14.0\n'}
[1.322337] (gazebo) StdoutLine: {'line': b'-- Searching for dependencies of ignition-common3\n'}
[1.322609] (gazebo) StdoutLine: {'line': b'-- Looking for dlfcn.h - found\n'}
[1.323273] (gazebo) StdoutLine: {'line': b'-- Looking for libdl - found\n'}
[1.324067] (gazebo) StdoutLine: {'line': b'-- Found DL: TRUE  \n'}
[1.331515] (gazebo) StdoutLine: {'line': b'-- Found tinyobjloader: /usr/lib/x86_64-linux-gnu/cmake/tinyobjloader/tinyobjloader-config.cmake (found version "2.0.0") \n'}
[1.331954] (gazebo) StdoutLine: {'line': b'-- Searching for <ignition-common3> component [graphics]\n'}
[1.333306] (gazebo) StdoutLine: {'line': b'-- Looking for ignition-common3-graphics -- found version 3.14.0\n'}
[1.333567] (gazebo) StdoutLine: {'line': b'-- Searching for dependencies of ignition-common3-graphics\n'}
[1.333750] (gazebo) StdoutLine: {'line': b'-- Looking for ignition-math6 -- found version 6.15.1\n'}
[1.335634] (gazebo) StdoutLine: {'line': b'-- Looking for ignition-fuel_tools4 -- found version 4.4.0\n'}
[1.335859] (gazebo) StdoutLine: {'line': b'-- Searching for dependencies of ignition-fuel_tools4\n'}
[1.401114] (-) TimerEvent: {}
[1.402566] (gazebo) StdoutLine: {'line': b'-- Found CURL: /usr/lib/x86_64-linux-gnu/libcurl.so (found version "7.81.0")  \n'}
[1.409594] (gazebo) StdoutLine: {'line': b"-- Checking for module 'jsoncpp'\n"}
[1.420522] (gazebo) StdoutLine: {'line': b'--   Found jsoncpp, version 1.9.5\n'}
[1.453188] (gazebo) StdoutLine: {'line': b'-- Found JSONCPP: TRUE  \n'}
[1.458667] (gazebo) StdoutLine: {'line': b"-- Checking for module 'libzip'\n"}
[1.470603] (gazebo) StdoutLine: {'line': b'--   Found libzip, version 1.7.3\n'}
[1.501129] (gazebo) StdoutLine: {'line': b'-- Found ZIP: TRUE  \n'}
[1.501274] (-) TimerEvent: {}
[1.501578] (gazebo) StdoutLine: {'line': b'-- Looking for ignition-common3 -- found version 3.14.0\n'}
[1.501874] (gazebo) StdoutLine: {'line': b'-- Looking for ignition-math6 -- found version 6.15.1\n'}
[1.502628] (gazebo) StdoutLine: {'line': b'-- Looking for ignition-msgs5 -- found version 5.8.1\n'}
[1.507395] (gazebo) StdoutLine: {'line': b'-- Gazebo version: 11.10\n'}
[1.507714] (gazebo) StdoutLine: {'line': b"-- Checking for module 'tbb'\n"}
[1.519664] (gazebo) StdoutLine: {'line': b'--   Found tbb, version 2021.5.0\n'}
[1.553172] (gazebo) StdoutLine: {'line': b'-- Found ament_lint_auto: 0.12.11 (/opt/ros/humble/share/ament_lint_auto/cmake)\n'}
[1.601419] (-) TimerEvent: {}
[1.601690] (gazebo) StdoutLine: {'line': b"-- Added test 'flake8' to check Python code syntax and style conventions\n"}
[1.601965] (gazebo) StdoutLine: {'line': b"-- Added test 'lint_cmake' to check CMake code style\n"}
[1.602130] (gazebo) StdoutLine: {'line': b"-- Added test 'pep257' to check Python code against some of the docstring style conventions in PEP 257\n"}
[1.602792] (gazebo) StdoutLine: {'line': b"-- Added test 'xmllint' to check XML markup files\n"}
[1.603373] (gazebo) StdoutLine: {'line': b'-- Configuring done\n'}
[1.606106] (gazebo) StdoutLine: {'line': b'-- Generating done\n'}
[1.607658] (gazebo) StdoutLine: {'line': b'-- Build files have been written to: /home/vighneshreddy/rover_ws/build/gazebo\n'}
[1.615410] (gazebo) JobEnded: {'identifier': 'gazebo', 'rc': 'SIGINT'}
[1.616326] (-) EventReactorShutdown: {}
