-- Install configuration: ""
-- Installing: /home/vighneshreddy/rover_ws/install/gazebo/share/gazebo/launch
-- Installing: /home/vighneshreddy/rover_ws/install/gazebo/share/gazebo/launch/.vscode
-- Installing: /home/vighneshreddy/rover_ws/install/gazebo/share/gazebo/launch/.vscode/c_cpp_properties.json
-- Installing: /home/vighneshreddy/rover_ws/install/gazebo/share/gazebo/launch/.vscode/settings.json
-- Installing: /home/vighneshreddy/rover_ws/install/gazebo/share/gazebo/launch/rviz_launch.py
-- Installing: /home/vighneshreddy/rover_ws/install/gazebo/share/gazebo/launch/mapping_launch.py
-- Installing: /home/vighneshreddy/rover_ws/install/gazebo/share/gazebo/launch/gazebo_launch.py
-- Installing: /home/vighneshreddy/rover_ws/install/gazebo/share/gazebo/launch/map_to_odom.launch.py
-- Installing: /home/vighneshreddy/rover_ws/install/gazebo/share/gazebo/model
-- Installing: /home/vighneshreddy/rover_ws/install/gazebo/share/gazebo/model/rover.xacro
-- Installing: /home/vighneshreddy/rover_ws/install/gazebo/share/gazebo/model/rover.gazebo
-- Installing: /home/vighneshreddy/rover_ws/install/gazebo/share/gazebo/model/world.world
-- Installing: /home/vighneshreddy/rover_ws/install/gazebo/share/gazebo/config
-- Installing: /home/vighneshreddy/rover_ws/install/gazebo/share/gazebo/rviz
-- Installing: /home/vighneshreddy/rover_ws/install/gazebo/lib/gazebo/map_to_odom.launch.py
-- Installing: /home/vighneshreddy/rover_ws/install/gazebo/share/ament_index/resource_index/package_run_dependencies/gazebo
-- Installing: /home/vighneshreddy/rover_ws/install/gazebo/share/ament_index/resource_index/parent_prefix_path/gazebo
-- Installing: /home/vighneshreddy/rover_ws/install/gazebo/share/gazebo/environment/ament_prefix_path.sh
-- Installing: /home/vighneshreddy/rover_ws/install/gazebo/share/gazebo/environment/ament_prefix_path.dsv
-- Installing: /home/vighneshreddy/rover_ws/install/gazebo/share/gazebo/environment/path.sh
-- Installing: /home/vighneshreddy/rover_ws/install/gazebo/share/gazebo/environment/path.dsv
-- Installing: /home/vighneshreddy/rover_ws/install/gazebo/share/gazebo/local_setup.bash
-- Installing: /home/vighneshreddy/rover_ws/install/gazebo/share/gazebo/local_setup.sh
-- Installing: /home/vighneshreddy/rover_ws/install/gazebo/share/gazebo/local_setup.zsh
-- Installing: /home/vighneshreddy/rover_ws/install/gazebo/share/gazebo/local_setup.dsv
-- Installing: /home/vighneshreddy/rover_ws/install/gazebo/share/gazebo/package.dsv
-- Installing: /home/vighneshreddy/rover_ws/install/gazebo/share/ament_index/resource_index/packages/gazebo
-- Installing: /home/vighneshreddy/rover_ws/install/gazebo/share/gazebo/cmake/gazeboConfig.cmake
-- Installing: /home/vighneshreddy/rover_ws/install/gazebo/share/gazebo/cmake/gazeboConfig-version.cmake
-- Installing: /home/vighneshreddy/rover_ws/install/gazebo/share/gazebo/package.xml
