[0.153s] Invoking command in '/home/vighneshreddy/rover_ws/build/rover_navigation': CMAKE_PREFIX_PATH=${CMAKE_PREFIX_PATH}:/home/vighneshreddy/rover_ws/install/robot_position /usr/bin/cmake /home/vighneshreddy/rover_ws/src/rover_navigation -DCMAKE_INSTALL_PREFIX=/home/vighneshreddy/rover_ws/install/rover_navigation
[0.193s] -- The C compiler identification is GNU 11.4.0
[0.228s] -- The CXX compiler identification is GNU 11.4.0
[0.231s] -- Detecting C compiler ABI info
[0.279s] -- Detecting C compiler ABI info - done
[0.285s] -- Check for working C compiler: /usr/bin/cc - skipped
[0.285s] -- Detecting C compile features
[0.285s] -- Detecting C compile features - done
[0.287s] -- Detecting CXX compiler ABI info
[0.346s] -- Detecting CXX compiler ABI info - done
[0.351s] -- Check for working CXX compiler: /usr/bin/c++ - skipped
[0.352s] -- Detecting CXX compile features
[0.352s] -- Detecting CXX compile features - done
[0.353s] -- Found ament_cmake: 1.3.11 (/opt/ros/humble/share/ament_cmake/cmake)
[0.450s] -- Found Python3: /usr/bin/python3 (found version "3.10.12") found components: Interpreter 
[0.509s] -- Found rclcpp: 16.0.11 (/opt/ros/humble/share/rclcpp/cmake)
[0.538s] -- Found rosidl_generator_c: 3.1.6 (/opt/ros/humble/share/rosidl_generator_c/cmake)
[0.540s] -- Found rosidl_adapter: 3.1.6 (/opt/ros/humble/share/rosidl_adapter/cmake)
[0.544s] -- Found rosidl_generator_cpp: 3.1.6 (/opt/ros/humble/share/rosidl_generator_cpp/cmake)
[0.551s] -- Using all available rosidl_typesupport_c: rosidl_typesupport_fastrtps_c;rosidl_typesupport_introspection_c
[0.560s] -- Using all available rosidl_typesupport_cpp: rosidl_typesupport_fastrtps_cpp;rosidl_typesupport_introspection_cpp
[0.584s] -- Found rmw_implementation_cmake: 6.1.2 (/opt/ros/humble/share/rmw_implementation_cmake/cmake)
[0.585s] -- Found rmw_fastrtps_cpp: 6.2.7 (/opt/ros/humble/share/rmw_fastrtps_cpp/cmake)
[0.647s] -- Found OpenSSL: /usr/lib/x86_64-linux-gnu/libcrypto.so (found version "3.0.2")  
[0.663s] -- Found FastRTPS: /opt/ros/humble/include  
[0.689s] -- Using RMW implementation 'rmw_fastrtps_cpp' as default
[0.693s] -- Looking for pthread.h
[0.752s] -- Looking for pthread.h - found
[0.752s] -- Performing Test CMAKE_HAVE_LIBC_PTHREAD
[0.809s] -- Performing Test CMAKE_HAVE_LIBC_PTHREAD - Success
[0.810s] -- Found Threads: TRUE  
[0.840s] -- Found geometry_msgs: 4.2.4 (/opt/ros/humble/share/geometry_msgs/cmake)
[0.847s] -- Found nav_msgs: 4.2.4 (/opt/ros/humble/share/nav_msgs/cmake)
[0.858s] -- Found tf2: 0.25.9 (/opt/ros/humble/share/tf2/cmake)
[0.866s] -- Found tf2_ros: 0.25.9 (/opt/ros/humble/share/tf2_ros/cmake)
[0.919s] -- Found sensor_msgs: 4.2.4 (/opt/ros/humble/share/sensor_msgs/cmake)
[0.931s] -- Found tf2_geometry_msgs: 0.25.9 (/opt/ros/humble/share/tf2_geometry_msgs/cmake)
[0.938s] -- Found eigen3_cmake_module: 0.1.1 (/opt/ros/humble/share/eigen3_cmake_module/cmake)
[0.938s] -- Found Eigen3: TRUE (found version "3.4.0") 
[0.938s] -- Ensuring Eigen3 include directory is part of orocos-kdl CMake target
[0.944s] [31mCMake Error at CMakeLists.txt:18 (find_package):
[0.944s]   By not providing "Findrover.cmake" in CMAKE_MODULE_PATH this project has
[0.944s]   asked CMake to find a package configuration file provided by "rover", but
[0.944s]   CMake did not find one.
[0.944s] 
[0.945s]   Could not find a package configuration file provided by "rover" with any of
[0.945s]   the following names:
[0.945s] 
[0.945s]     roverConfig.cmake
[0.945s]     rover-config.cmake
[0.945s] 
[0.945s]   Add the installation prefix of "rover" to CMAKE_PREFIX_PATH or set
[0.945s]   "rover_DIR" to a directory containing one of the above files.  If "rover"
[0.945s]   provides a separate development package or SDK, be sure it has been
[0.945s]   installed.
[0.945s] 
[0.945s] [0m
[0.945s] -- Configuring incomplete, errors occurred!
[0.945s] See also "/home/vighneshreddy/rover_ws/build/rover_navigation/CMakeFiles/CMakeOutput.log".
[0.951s] Invoked command in '/home/vighneshreddy/rover_ws/build/rover_navigation' returned '1': CMAKE_PREFIX_PATH=${CMAKE_PREFIX_PATH}:/home/vighneshreddy/rover_ws/install/robot_position /usr/bin/cmake /home/vighneshreddy/rover_ws/src/rover_navigation -DCMAKE_INSTALL_PREFIX=/home/vighneshreddy/rover_ws/install/rover_navigation
