[0.000000] (-) TimerEvent: {}
[0.000357] (gazebo) JobQueued: {'identifier': 'gazebo', 'dependencies': OrderedDict()}
[0.000376] (robot_position) JobQueued: {'identifier': 'robot_position', 'dependencies': OrderedDict()}
[0.000385] (rover_navigation) JobQueued: {'identifier': 'rover_navigation', 'dependencies': OrderedDict()}
[0.000392] (gazebo) JobStarted: {'identifier': 'gazebo'}
[0.007873] (robot_position) JobStarted: {'identifier': 'robot_position'}
[0.013105] (rover_navigation) JobStarted: {'identifier': 'rover_navigation'}
[0.018340] (gazebo) JobProgress: {'identifier': 'gazebo', 'progress': 'cmake'}
[0.019001] (gazebo) JobProgress: {'identifier': 'gazebo', 'progress': 'build'}
[0.019743] (gazebo) Command: {'cmd': ['/usr/bin/cmake', '--build', '/home/vighneshreddy/rover_ws/build/gazebo', '--', '-j22', '-l22'], 'cwd': '/home/vighneshreddy/rover_ws/build/gazebo', 'env': OrderedDict([('LANGUAGE', 'en_IN:en'), ('USER', 'vighneshreddy'), ('XDG_SESSION_TYPE', 'wayland'), ('SHLVL', '1'), ('LD_LIBRARY_PATH', '/usr/lib/x86_64-linux-gnu/gazebo-11/plugins:/opt/ros/humble/opt/rviz_ogre_vendor/lib:/opt/ros/humble/lib/x86_64-linux-gnu:/opt/ros/humble/lib'), ('HOME', '/home/vighneshreddy'), ('OLDPWD', '/home/vighneshreddy/rover_ws'), ('DESKTOP_SESSION', 'ubuntu'), ('ROS_PYTHON_VERSION', '3'), ('GNOME_SHELL_SESSION_MODE', 'ubuntu'), ('GTK_MODULES', 'gail:atk-bridge'), ('SYSTEMD_EXEC_PID', '36761'), ('DBUS_SESSION_BUS_ADDRESS', 'unix:path=/run/user/1000/bus'), ('COLORTERM', 'truecolor'), ('IM_CONFIG_PHASE', '1'), ('WAYLAND_DISPLAY', 'wayland-0'), ('COLCON_PREFIX_PATH', '/home/vighneshreddy/rover_ws/install:/opt/ros/humble'), ('ROS_DISTRO', 'humble'), ('LOGNAME', 'vighneshreddy'), ('_', '/usr/bin/colcon'), ('ROS_VERSION', '2'), ('XDG_SESSION_CLASS', 'user'), ('USERNAME', 'vighneshreddy'), ('TERM', 'xterm-256color'), ('GNOME_DESKTOP_SESSION_ID', 'this-is-deprecated'), ('ROS_LOCALHOST_ONLY', '1'), ('PATH', '/opt/ros/humble/bin:/usr/local/sbin:/usr/local/bin:/usr/sbin:/usr/bin:/sbin:/bin:/usr/games:/usr/local/games:/snap/bin:/snap/bin'), ('SESSION_MANAGER', 'local/vighneshreddy-ASUS-Vivobook-S-15-S5506MA-S5506MA:@/tmp/.ICE-unix/1321,unix/vighneshreddy-ASUS-Vivobook-S-15-S5506MA-S5506MA:/tmp/.ICE-unix/1321'), ('XDG_MENU_PREFIX', 'gnome-'), ('GNOME_TERMINAL_SCREEN', '/org/gnome/Terminal/screen/b38d727a_97ec_45cb_950f_9613989f4018'), ('GNOME_SETUP_DISPLAY', ':1'), ('XDG_RUNTIME_DIR', '/run/user/1000'), ('DISPLAY', ':0'), ('LANG', 'en_US.UTF-8'), ('XDG_CURRENT_DESKTOP', 'ubuntu:GNOME'), ('XMODIFIERS', '@im=ibus'), ('XDG_SESSION_DESKTOP', 'ubuntu'), ('XAUTHORITY', '/run/user/1000/.mutter-Xwaylandauth.TXOB02'), ('GNOME_TERMINAL_SERVICE', ':1.554'), ('SSH_AGENT_LAUNCHER', 'gnome-keyring'), ('SSH_AUTH_SOCK', '/run/user/1000/keyring/ssh'), ('ROS_DOMAIN_ID', '42'), ('AMENT_PREFIX_PATH', '/home/vighneshreddy/rover_ws/install/rover_navigation:/home/vighneshreddy/rover_ws/install/robot_position:/home/vighneshreddy/rover_ws/install/nav2_rover:/home/vighneshreddy/rover_ws/install/gazebo:/opt/ros/humble'), ('SHELL', '/bin/bash'), ('QT_ACCESSIBILITY', '1'), ('GDMSESSION', 'ubuntu'), ('QT_IM_MODULE', 'ibus'), ('PWD', '/home/vighneshreddy/rover_ws/build/gazebo'), ('LC_ALL', 'en_US.UTF-8'), ('XDG_CONFIG_DIRS', '/etc/xdg/xdg-ubuntu:/etc/xdg'), ('XDG_DATA_DIRS', '/usr/share/ubuntu:/usr/local/share/:/usr/share/:/var/lib/snapd/desktop'), ('PYTHONPATH', '/home/vighneshreddy/rover_ws/install/robot_position/lib/python3.10/site-packages:/opt/ros/humble/lib/python3.10/site-packages:/opt/ros/humble/local/lib/python3.10/dist-packages'), ('COLCON', '1'), ('VTE_VERSION', '6800'), ('CMAKE_PREFIX_PATH', '/home/vighneshreddy/rover_ws/install/rover_navigation:/home/vighneshreddy/rover_ws/install/nav2_rover:/home/vighneshreddy/rover_ws/install/gazebo:/opt/ros/humble:/home/vighneshreddy/rover_ws/install/robot_position')]), 'shell': False}
[0.099740] (-) TimerEvent: {}
[0.166798] (rover_navigation) JobProgress: {'identifier': 'rover_navigation', 'progress': 'cmake'}
[0.167180] (rover_navigation) Command: {'cmd': ['/usr/bin/cmake', '/home/vighneshreddy/rover_ws/src/rover_navigation', '-DCMAKE_INSTALL_PREFIX=/home/vighneshreddy/rover_ws/install/rover_navigation'], 'cwd': '/home/vighneshreddy/rover_ws/build/rover_navigation', 'env': OrderedDict([('LANGUAGE', 'en_IN:en'), ('USER', 'vighneshreddy'), ('XDG_SESSION_TYPE', 'wayland'), ('SHLVL', '1'), ('LD_LIBRARY_PATH', '/usr/lib/x86_64-linux-gnu/gazebo-11/plugins:/opt/ros/humble/opt/rviz_ogre_vendor/lib:/opt/ros/humble/lib/x86_64-linux-gnu:/opt/ros/humble/lib'), ('HOME', '/home/vighneshreddy'), ('OLDPWD', '/home/vighneshreddy/rover_ws'), ('DESKTOP_SESSION', 'ubuntu'), ('ROS_PYTHON_VERSION', '3'), ('GNOME_SHELL_SESSION_MODE', 'ubuntu'), ('GTK_MODULES', 'gail:atk-bridge'), ('SYSTEMD_EXEC_PID', '36761'), ('DBUS_SESSION_BUS_ADDRESS', 'unix:path=/run/user/1000/bus'), ('COLORTERM', 'truecolor'), ('IM_CONFIG_PHASE', '1'), ('WAYLAND_DISPLAY', 'wayland-0'), ('COLCON_PREFIX_PATH', '/home/vighneshreddy/rover_ws/install:/opt/ros/humble'), ('ROS_DISTRO', 'humble'), ('LOGNAME', 'vighneshreddy'), ('_', '/usr/bin/colcon'), ('ROS_VERSION', '2'), ('XDG_SESSION_CLASS', 'user'), ('USERNAME', 'vighneshreddy'), ('TERM', 'xterm-256color'), ('GNOME_DESKTOP_SESSION_ID', 'this-is-deprecated'), ('ROS_LOCALHOST_ONLY', '1'), ('PATH', '/opt/ros/humble/bin:/usr/local/sbin:/usr/local/bin:/usr/sbin:/usr/bin:/sbin:/bin:/usr/games:/usr/local/games:/snap/bin:/snap/bin'), ('SESSION_MANAGER', 'local/vighneshreddy-ASUS-Vivobook-S-15-S5506MA-S5506MA:@/tmp/.ICE-unix/1321,unix/vighneshreddy-ASUS-Vivobook-S-15-S5506MA-S5506MA:/tmp/.ICE-unix/1321'), ('XDG_MENU_PREFIX', 'gnome-'), ('GNOME_TERMINAL_SCREEN', '/org/gnome/Terminal/screen/b38d727a_97ec_45cb_950f_9613989f4018'), ('GNOME_SETUP_DISPLAY', ':1'), ('XDG_RUNTIME_DIR', '/run/user/1000'), ('DISPLAY', ':0'), ('LANG', 'en_US.UTF-8'), ('XDG_CURRENT_DESKTOP', 'ubuntu:GNOME'), ('XMODIFIERS', '@im=ibus'), ('XDG_SESSION_DESKTOP', 'ubuntu'), ('XAUTHORITY', '/run/user/1000/.mutter-Xwaylandauth.TXOB02'), ('GNOME_TERMINAL_SERVICE', ':1.554'), ('SSH_AGENT_LAUNCHER', 'gnome-keyring'), ('SSH_AUTH_SOCK', '/run/user/1000/keyring/ssh'), ('ROS_DOMAIN_ID', '42'), ('AMENT_PREFIX_PATH', '/home/vighneshreddy/rover_ws/install/rover_navigation:/home/vighneshreddy/rover_ws/install/robot_position:/home/vighneshreddy/rover_ws/install/nav2_rover:/home/vighneshreddy/rover_ws/install/gazebo:/opt/ros/humble'), ('SHELL', '/bin/bash'), ('QT_ACCESSIBILITY', '1'), ('GDMSESSION', 'ubuntu'), ('QT_IM_MODULE', 'ibus'), ('PWD', '/home/vighneshreddy/rover_ws/build/rover_navigation'), ('LC_ALL', 'en_US.UTF-8'), ('XDG_CONFIG_DIRS', '/etc/xdg/xdg-ubuntu:/etc/xdg'), ('XDG_DATA_DIRS', '/usr/share/ubuntu:/usr/local/share/:/usr/share/:/var/lib/snapd/desktop'), ('PYTHONPATH', '/home/vighneshreddy/rover_ws/install/robot_position/lib/python3.10/site-packages:/opt/ros/humble/lib/python3.10/site-packages:/opt/ros/humble/local/lib/python3.10/dist-packages'), ('COLCON', '1'), ('VTE_VERSION', '6800'), ('CMAKE_PREFIX_PATH', '/home/vighneshreddy/rover_ws/install/rover_navigation:/home/vighneshreddy/rover_ws/install/nav2_rover:/home/vighneshreddy/rover_ws/install/gazebo:/opt/ros/humble:/home/vighneshreddy/rover_ws/install/robot_position')]), 'shell': False}
[0.169430] (gazebo) CommandEnded: {'returncode': 0}
[0.169708] (gazebo) JobProgress: {'identifier': 'gazebo', 'progress': 'install'}
[0.177351] (gazebo) Command: {'cmd': ['/usr/bin/cmake', '--install', '/home/vighneshreddy/rover_ws/build/gazebo'], 'cwd': '/home/vighneshreddy/rover_ws/build/gazebo', 'env': OrderedDict([('LANGUAGE', 'en_IN:en'), ('USER', 'vighneshreddy'), ('XDG_SESSION_TYPE', 'wayland'), ('SHLVL', '1'), ('LD_LIBRARY_PATH', '/usr/lib/x86_64-linux-gnu/gazebo-11/plugins:/opt/ros/humble/opt/rviz_ogre_vendor/lib:/opt/ros/humble/lib/x86_64-linux-gnu:/opt/ros/humble/lib'), ('HOME', '/home/vighneshreddy'), ('OLDPWD', '/home/vighneshreddy/rover_ws'), ('DESKTOP_SESSION', 'ubuntu'), ('ROS_PYTHON_VERSION', '3'), ('GNOME_SHELL_SESSION_MODE', 'ubuntu'), ('GTK_MODULES', 'gail:atk-bridge'), ('SYSTEMD_EXEC_PID', '36761'), ('DBUS_SESSION_BUS_ADDRESS', 'unix:path=/run/user/1000/bus'), ('COLORTERM', 'truecolor'), ('IM_CONFIG_PHASE', '1'), ('WAYLAND_DISPLAY', 'wayland-0'), ('COLCON_PREFIX_PATH', '/home/vighneshreddy/rover_ws/install:/opt/ros/humble'), ('ROS_DISTRO', 'humble'), ('LOGNAME', 'vighneshreddy'), ('_', '/usr/bin/colcon'), ('ROS_VERSION', '2'), ('XDG_SESSION_CLASS', 'user'), ('USERNAME', 'vighneshreddy'), ('TERM', 'xterm-256color'), ('GNOME_DESKTOP_SESSION_ID', 'this-is-deprecated'), ('ROS_LOCALHOST_ONLY', '1'), ('PATH', '/opt/ros/humble/bin:/usr/local/sbin:/usr/local/bin:/usr/sbin:/usr/bin:/sbin:/bin:/usr/games:/usr/local/games:/snap/bin:/snap/bin'), ('SESSION_MANAGER', 'local/vighneshreddy-ASUS-Vivobook-S-15-S5506MA-S5506MA:@/tmp/.ICE-unix/1321,unix/vighneshreddy-ASUS-Vivobook-S-15-S5506MA-S5506MA:/tmp/.ICE-unix/1321'), ('XDG_MENU_PREFIX', 'gnome-'), ('GNOME_TERMINAL_SCREEN', '/org/gnome/Terminal/screen/b38d727a_97ec_45cb_950f_9613989f4018'), ('GNOME_SETUP_DISPLAY', ':1'), ('XDG_RUNTIME_DIR', '/run/user/1000'), ('DISPLAY', ':0'), ('LANG', 'en_US.UTF-8'), ('XDG_CURRENT_DESKTOP', 'ubuntu:GNOME'), ('XMODIFIERS', '@im=ibus'), ('XDG_SESSION_DESKTOP', 'ubuntu'), ('XAUTHORITY', '/run/user/1000/.mutter-Xwaylandauth.TXOB02'), ('GNOME_TERMINAL_SERVICE', ':1.554'), ('SSH_AGENT_LAUNCHER', 'gnome-keyring'), ('SSH_AUTH_SOCK', '/run/user/1000/keyring/ssh'), ('ROS_DOMAIN_ID', '42'), ('AMENT_PREFIX_PATH', '/home/vighneshreddy/rover_ws/install/rover_navigation:/home/vighneshreddy/rover_ws/install/robot_position:/home/vighneshreddy/rover_ws/install/nav2_rover:/home/vighneshreddy/rover_ws/install/gazebo:/opt/ros/humble'), ('SHELL', '/bin/bash'), ('QT_ACCESSIBILITY', '1'), ('GDMSESSION', 'ubuntu'), ('QT_IM_MODULE', 'ibus'), ('PWD', '/home/vighneshreddy/rover_ws/build/gazebo'), ('LC_ALL', 'en_US.UTF-8'), ('XDG_CONFIG_DIRS', '/etc/xdg/xdg-ubuntu:/etc/xdg'), ('XDG_DATA_DIRS', '/usr/share/ubuntu:/usr/local/share/:/usr/share/:/var/lib/snapd/desktop'), ('PYTHONPATH', '/home/vighneshreddy/rover_ws/install/robot_position/lib/python3.10/site-packages:/opt/ros/humble/lib/python3.10/site-packages:/opt/ros/humble/local/lib/python3.10/dist-packages'), ('COLCON', '1'), ('VTE_VERSION', '6800'), ('CMAKE_PREFIX_PATH', '/home/vighneshreddy/rover_ws/install/rover_navigation:/home/vighneshreddy/rover_ws/install/nav2_rover:/home/vighneshreddy/rover_ws/install/gazebo:/opt/ros/humble:/home/vighneshreddy/rover_ws/install/robot_position')]), 'shell': False}
[0.178398] (rover_navigation) StdoutLine: {'line': b'-- Found ament_cmake: 1.3.11 (/opt/ros/humble/share/ament_cmake/cmake)\n'}
[0.182839] (gazebo) StdoutLine: {'line': b'-- Install configuration: ""\n'}
[0.183008] (gazebo) StdoutLine: {'line': b'-- Up-to-date: /home/vighneshreddy/rover_ws/install/gazebo/share/gazebo/launch\n'}
[0.183072] (gazebo) StdoutLine: {'line': b'-- Up-to-date: /home/vighneshreddy/rover_ws/install/gazebo/share/gazebo/launch/.vscode\n'}
[0.183131] (gazebo) StdoutLine: {'line': b'-- Up-to-date: /home/vighneshreddy/rover_ws/install/gazebo/share/gazebo/launch/.vscode/c_cpp_properties.json\n'}
[0.183189] (gazebo) StdoutLine: {'line': b'-- Up-to-date: /home/vighneshreddy/rover_ws/install/gazebo/share/gazebo/launch/.vscode/settings.json\n'}
[0.183245] (gazebo) StdoutLine: {'line': b'-- Up-to-date: /home/vighneshreddy/rover_ws/install/gazebo/share/gazebo/launch/rviz_launch.py\n'}
[0.183338] (gazebo) StdoutLine: {'line': b'-- Up-to-date: /home/vighneshreddy/rover_ws/install/gazebo/share/gazebo/launch/mapping_launch.py\n'}
[0.183392] (gazebo) StdoutLine: {'line': b'-- Up-to-date: /home/vighneshreddy/rover_ws/install/gazebo/share/gazebo/launch/gazebo_launch.py\n'}
[0.183445] (gazebo) StdoutLine: {'line': b'-- Up-to-date: /home/vighneshreddy/rover_ws/install/gazebo/share/gazebo/launch/map_to_odom.launch.py\n'}
[0.183495] (gazebo) StdoutLine: {'line': b'-- Up-to-date: /home/vighneshreddy/rover_ws/install/gazebo/share/gazebo/model\n'}
[0.183545] (gazebo) StdoutLine: {'line': b'-- Up-to-date: /home/vighneshreddy/rover_ws/install/gazebo/share/gazebo/model/rover.xacro\n'}
[0.183593] (gazebo) StdoutLine: {'line': b'-- Up-to-date: /home/vighneshreddy/rover_ws/install/gazebo/share/gazebo/model/rover.gazebo\n'}
[0.183644] (gazebo) StdoutLine: {'line': b'-- Up-to-date: /home/vighneshreddy/rover_ws/install/gazebo/share/gazebo/model/world.world\n'}
[0.183696] (gazebo) StdoutLine: {'line': b'-- Up-to-date: /home/vighneshreddy/rover_ws/install/gazebo/share/gazebo/config\n'}
[0.183749] (gazebo) StdoutLine: {'line': b'-- Up-to-date: /home/vighneshreddy/rover_ws/install/gazebo/share/gazebo/rviz\n'}
[0.183802] (gazebo) StdoutLine: {'line': b'-- Up-to-date: /home/vighneshreddy/rover_ws/install/gazebo/lib/gazebo/map_to_odom.launch.py\n'}
[0.183858] (gazebo) StdoutLine: {'line': b'-- Up-to-date: /home/vighneshreddy/rover_ws/install/gazebo/share/ament_index/resource_index/package_run_dependencies/gazebo\n'}
[0.183917] (gazebo) StdoutLine: {'line': b'-- Up-to-date: /home/vighneshreddy/rover_ws/install/gazebo/share/ament_index/resource_index/parent_prefix_path/gazebo\n'}
[0.183975] (gazebo) StdoutLine: {'line': b'-- Up-to-date: /home/vighneshreddy/rover_ws/install/gazebo/share/gazebo/environment/ament_prefix_path.sh\n'}
[0.184032] (gazebo) StdoutLine: {'line': b'-- Up-to-date: /home/vighneshreddy/rover_ws/install/gazebo/share/gazebo/environment/ament_prefix_path.dsv\n'}
[0.184088] (gazebo) StdoutLine: {'line': b'-- Up-to-date: /home/vighneshreddy/rover_ws/install/gazebo/share/gazebo/environment/path.sh\n'}
[0.184145] (gazebo) StdoutLine: {'line': b'-- Up-to-date: /home/vighneshreddy/rover_ws/install/gazebo/share/gazebo/environment/path.dsv\n'}
[0.184199] (gazebo) StdoutLine: {'line': b'-- Up-to-date: /home/vighneshreddy/rover_ws/install/gazebo/share/gazebo/local_setup.bash\n'}
[0.184256] (gazebo) StdoutLine: {'line': b'-- Up-to-date: /home/vighneshreddy/rover_ws/install/gazebo/share/gazebo/local_setup.sh\n'}
[0.184323] (gazebo) StdoutLine: {'line': b'-- Up-to-date: /home/vighneshreddy/rover_ws/install/gazebo/share/gazebo/local_setup.zsh\n'}
[0.184383] (gazebo) StdoutLine: {'line': b'-- Up-to-date: /home/vighneshreddy/rover_ws/install/gazebo/share/gazebo/local_setup.dsv\n'}
[0.184441] (gazebo) StdoutLine: {'line': b'-- Installing: /home/vighneshreddy/rover_ws/install/gazebo/share/gazebo/package.dsv\n'}
[0.184499] (gazebo) StdoutLine: {'line': b'-- Up-to-date: /home/vighneshreddy/rover_ws/install/gazebo/share/ament_index/resource_index/packages/gazebo\n'}
[0.184555] (gazebo) StdoutLine: {'line': b'-- Up-to-date: /home/vighneshreddy/rover_ws/install/gazebo/share/gazebo/cmake/gazeboConfig.cmake\n'}
[0.184610] (gazebo) StdoutLine: {'line': b'-- Up-to-date: /home/vighneshreddy/rover_ws/install/gazebo/share/gazebo/cmake/gazeboConfig-version.cmake\n'}
[0.184665] (gazebo) StdoutLine: {'line': b'-- Up-to-date: /home/vighneshreddy/rover_ws/install/gazebo/share/gazebo/package.xml\n'}
[0.185238] (gazebo) CommandEnded: {'returncode': 0}
[0.198844] (gazebo) JobEnded: {'identifier': 'gazebo', 'rc': 0}
[0.199826] (-) TimerEvent: {}
[0.257339] (rover_navigation) StdoutLine: {'line': b'-- Found rclcpp: 16.0.11 (/opt/ros/humble/share/rclcpp/cmake)\n'}
[0.272450] (rover_navigation) StdoutLine: {'line': b'-- Found rosidl_generator_c: 3.1.6 (/opt/ros/humble/share/rosidl_generator_c/cmake)\n'}
[0.273734] (rover_navigation) StdoutLine: {'line': b'-- Found rosidl_adapter: 3.1.6 (/opt/ros/humble/share/rosidl_adapter/cmake)\n'}
[0.276729] (rover_navigation) StdoutLine: {'line': b'-- Found rosidl_generator_cpp: 3.1.6 (/opt/ros/humble/share/rosidl_generator_cpp/cmake)\n'}
[0.281724] (rover_navigation) StdoutLine: {'line': b'-- Using all available rosidl_typesupport_c: rosidl_typesupport_fastrtps_c;rosidl_typesupport_introspection_c\n'}
[0.288118] (rover_navigation) StdoutLine: {'line': b'-- Using all available rosidl_typesupport_cpp: rosidl_typesupport_fastrtps_cpp;rosidl_typesupport_introspection_cpp\n'}
[0.299936] (-) TimerEvent: {}
[0.305495] (rover_navigation) StdoutLine: {'line': b'-- Found rmw_implementation_cmake: 6.1.2 (/opt/ros/humble/share/rmw_implementation_cmake/cmake)\n'}
[0.306301] (rover_navigation) StdoutLine: {'line': b'-- Found rmw_fastrtps_cpp: 6.2.7 (/opt/ros/humble/share/rmw_fastrtps_cpp/cmake)\n'}
[0.368329] (robot_position) Command: {'cmd': ['/usr/bin/python3', '-W', 'ignore:setup.py install is deprecated', '-W', 'ignore:easy_install command is deprecated', 'setup.py', 'egg_info', '--egg-base', '../../build/robot_position', 'build', '--build-base', '/home/vighneshreddy/rover_ws/build/robot_position/build', 'install', '--record', '/home/vighneshreddy/rover_ws/build/robot_position/install.log', '--single-version-externally-managed', 'install_data'], 'cwd': '/home/vighneshreddy/rover_ws/src/robot_position', 'env': {'LANGUAGE': 'en_IN:en', 'USER': 'vighneshreddy', 'XDG_SESSION_TYPE': 'wayland', 'SHLVL': '1', 'LD_LIBRARY_PATH': '/usr/lib/x86_64-linux-gnu/gazebo-11/plugins:/opt/ros/humble/opt/rviz_ogre_vendor/lib:/opt/ros/humble/lib/x86_64-linux-gnu:/opt/ros/humble/lib', 'HOME': '/home/vighneshreddy', 'OLDPWD': '/home/vighneshreddy/rover_ws', 'DESKTOP_SESSION': 'ubuntu', 'ROS_PYTHON_VERSION': '3', 'GNOME_SHELL_SESSION_MODE': 'ubuntu', 'GTK_MODULES': 'gail:atk-bridge', 'SYSTEMD_EXEC_PID': '36761', 'DBUS_SESSION_BUS_ADDRESS': 'unix:path=/run/user/1000/bus', 'COLORTERM': 'truecolor', 'IM_CONFIG_PHASE': '1', 'WAYLAND_DISPLAY': 'wayland-0', 'COLCON_PREFIX_PATH': '/home/vighneshreddy/rover_ws/install:/opt/ros/humble', 'ROS_DISTRO': 'humble', 'LOGNAME': 'vighneshreddy', '_': '/usr/bin/colcon', 'ROS_VERSION': '2', 'XDG_SESSION_CLASS': 'user', 'USERNAME': 'vighneshreddy', 'TERM': 'xterm-256color', 'GNOME_DESKTOP_SESSION_ID': 'this-is-deprecated', 'ROS_LOCALHOST_ONLY': '1', 'PATH': '/opt/ros/humble/bin:/usr/local/sbin:/usr/local/bin:/usr/sbin:/usr/bin:/sbin:/bin:/usr/games:/usr/local/games:/snap/bin:/snap/bin', 'SESSION_MANAGER': 'local/vighneshreddy-ASUS-Vivobook-S-15-S5506MA-S5506MA:@/tmp/.ICE-unix/1321,unix/vighneshreddy-ASUS-Vivobook-S-15-S5506MA-S5506MA:/tmp/.ICE-unix/1321', 'XDG_MENU_PREFIX': 'gnome-', 'GNOME_TERMINAL_SCREEN': '/org/gnome/Terminal/screen/b38d727a_97ec_45cb_950f_9613989f4018', 'GNOME_SETUP_DISPLAY': ':1', 'XDG_RUNTIME_DIR': '/run/user/1000', 'DISPLAY': ':0', 'LANG': 'en_US.UTF-8', 'XDG_CURRENT_DESKTOP': 'ubuntu:GNOME', 'XMODIFIERS': '@im=ibus', 'XDG_SESSION_DESKTOP': 'ubuntu', 'XAUTHORITY': '/run/user/1000/.mutter-Xwaylandauth.TXOB02', 'GNOME_TERMINAL_SERVICE': ':1.554', 'SSH_AGENT_LAUNCHER': 'gnome-keyring', 'SSH_AUTH_SOCK': '/run/user/1000/keyring/ssh', 'ROS_DOMAIN_ID': '42', 'AMENT_PREFIX_PATH': '/home/vighneshreddy/rover_ws/install/rover_navigation:/home/vighneshreddy/rover_ws/install/robot_position:/home/vighneshreddy/rover_ws/install/nav2_rover:/home/vighneshreddy/rover_ws/install/gazebo:/opt/ros/humble', 'SHELL': '/bin/bash', 'QT_ACCESSIBILITY': '1', 'GDMSESSION': 'ubuntu', 'QT_IM_MODULE': 'ibus', 'PWD': '/home/vighneshreddy/rover_ws/build/robot_position', 'LC_ALL': 'en_US.UTF-8', 'XDG_CONFIG_DIRS': '/etc/xdg/xdg-ubuntu:/etc/xdg', 'XDG_DATA_DIRS': '/usr/share/ubuntu:/usr/local/share/:/usr/share/:/var/lib/snapd/desktop', 'PYTHONPATH': '/home/vighneshreddy/rover_ws/build/robot_position/prefix_override:/usr/lib/python3/dist-packages/colcon_core/task/python/colcon_distutils_commands:/home/vighneshreddy/rover_ws/install/robot_position/lib/python3.10/site-packages:/home/vighneshreddy/rover_ws/install/robot_position/lib/python3.10/site-packages:/opt/ros/humble/lib/python3.10/site-packages:/opt/ros/humble/local/lib/python3.10/dist-packages', 'COLCON': '1', 'VTE_VERSION': '6800', 'CMAKE_PREFIX_PATH': '/home/vighneshreddy/rover_ws/install/rover_navigation:/home/vighneshreddy/rover_ws/install/nav2_rover:/home/vighneshreddy/rover_ws/install/gazebo:/opt/ros/humble'}, 'shell': False}
[0.378287] (rover_navigation) StdoutLine: {'line': b"-- Using RMW implementation 'rmw_fastrtps_cpp' as default\n"}
[0.400148] (-) TimerEvent: {}
[0.407925] (rover_navigation) StdoutLine: {'line': b'-- Found geometry_msgs: 4.2.4 (/opt/ros/humble/share/geometry_msgs/cmake)\n'}
[0.414884] (rover_navigation) StdoutLine: {'line': b'-- Found nav_msgs: 4.2.4 (/opt/ros/humble/share/nav_msgs/cmake)\n'}
[0.424455] (rover_navigation) StdoutLine: {'line': b'-- Found tf2: 0.25.9 (/opt/ros/humble/share/tf2/cmake)\n'}
[0.426605] (rover_navigation) StdoutLine: {'line': b'-- Found tf2_ros: 0.25.9 (/opt/ros/humble/share/tf2_ros/cmake)\n'}
[0.500235] (robot_position) StdoutLine: {'line': b'running egg_info\n'}
[0.500466] (-) TimerEvent: {}
[0.500643] (robot_position) StdoutLine: {'line': b'writing ../../build/robot_position/robot_position.egg-info/PKG-INFO\n'}
[0.500766] (robot_position) StdoutLine: {'line': b'writing dependency_links to ../../build/robot_position/robot_position.egg-info/dependency_links.txt\n'}
[0.500829] (robot_position) StdoutLine: {'line': b'writing entry points to ../../build/robot_position/robot_position.egg-info/entry_points.txt\n'}
[0.500887] (robot_position) StdoutLine: {'line': b'writing requirements to ../../build/robot_position/robot_position.egg-info/requires.txt\n'}
[0.500942] (robot_position) StdoutLine: {'line': b'writing top-level names to ../../build/robot_position/robot_position.egg-info/top_level.txt\n'}
[0.501646] (robot_position) StdoutLine: {'line': b"reading manifest file '../../build/robot_position/robot_position.egg-info/SOURCES.txt'\n"}
[0.502018] (robot_position) StdoutLine: {'line': b"writing manifest file '../../build/robot_position/robot_position.egg-info/SOURCES.txt'\n"}
[0.502156] (robot_position) StdoutLine: {'line': b'running build\n'}
[0.502228] (robot_position) StdoutLine: {'line': b'running build_py\n'}
[0.502314] (robot_position) StdoutLine: {'line': b'running install\n'}
[0.502381] (robot_position) StdoutLine: {'line': b'running install_lib\n'}
[0.503433] (robot_position) StdoutLine: {'line': b'running install_data\n'}
[0.503579] (robot_position) StdoutLine: {'line': b'running install_egg_info\n'}
[0.504307] (robot_position) StdoutLine: {'line': b"removing '/home/vighneshreddy/rover_ws/install/robot_position/lib/python3.10/site-packages/robot_position-0.0.0-py3.10.egg-info' (and everything under it)\n"}
[0.504455] (robot_position) StdoutLine: {'line': b'Copying ../../build/robot_position/robot_position.egg-info to /home/vighneshreddy/rover_ws/install/robot_position/lib/python3.10/site-packages/robot_position-0.0.0-py3.10.egg-info\n'}
[0.504759] (robot_position) StdoutLine: {'line': b'running install_scripts\n'}
[0.507934] (rover_navigation) StdoutLine: {'line': b'-- Configuring done\n'}
[0.513487] (rover_navigation) StdoutLine: {'line': b'-- Generating done\n'}
[0.515548] (rover_navigation) StdoutLine: {'line': b'-- Build files have been written to: /home/vighneshreddy/rover_ws/build/rover_navigation\n'}
[0.515758] (robot_position) StdoutLine: {'line': b'Installing get_position script to /home/vighneshreddy/rover_ws/install/robot_position/lib/robot_position\n'}
[0.515913] (robot_position) StdoutLine: {'line': b"writing list of installed files to '/home/vighneshreddy/rover_ws/build/robot_position/install.log'\n"}
[0.521105] (rover_navigation) CommandEnded: {'returncode': 0}
[0.521688] (rover_navigation) JobProgress: {'identifier': 'rover_navigation', 'progress': 'build'}
[0.522173] (rover_navigation) Command: {'cmd': ['/usr/bin/cmake', '--build', '/home/vighneshreddy/rover_ws/build/rover_navigation', '--', '-j22', '-l22'], 'cwd': '/home/vighneshreddy/rover_ws/build/rover_navigation', 'env': OrderedDict([('LANGUAGE', 'en_IN:en'), ('USER', 'vighneshreddy'), ('XDG_SESSION_TYPE', 'wayland'), ('SHLVL', '1'), ('LD_LIBRARY_PATH', '/usr/lib/x86_64-linux-gnu/gazebo-11/plugins:/opt/ros/humble/opt/rviz_ogre_vendor/lib:/opt/ros/humble/lib/x86_64-linux-gnu:/opt/ros/humble/lib'), ('HOME', '/home/vighneshreddy'), ('OLDPWD', '/home/vighneshreddy/rover_ws'), ('DESKTOP_SESSION', 'ubuntu'), ('ROS_PYTHON_VERSION', '3'), ('GNOME_SHELL_SESSION_MODE', 'ubuntu'), ('GTK_MODULES', 'gail:atk-bridge'), ('SYSTEMD_EXEC_PID', '36761'), ('DBUS_SESSION_BUS_ADDRESS', 'unix:path=/run/user/1000/bus'), ('COLORTERM', 'truecolor'), ('IM_CONFIG_PHASE', '1'), ('WAYLAND_DISPLAY', 'wayland-0'), ('COLCON_PREFIX_PATH', '/home/vighneshreddy/rover_ws/install:/opt/ros/humble'), ('ROS_DISTRO', 'humble'), ('LOGNAME', 'vighneshreddy'), ('_', '/usr/bin/colcon'), ('ROS_VERSION', '2'), ('XDG_SESSION_CLASS', 'user'), ('USERNAME', 'vighneshreddy'), ('TERM', 'xterm-256color'), ('GNOME_DESKTOP_SESSION_ID', 'this-is-deprecated'), ('ROS_LOCALHOST_ONLY', '1'), ('PATH', '/opt/ros/humble/bin:/usr/local/sbin:/usr/local/bin:/usr/sbin:/usr/bin:/sbin:/bin:/usr/games:/usr/local/games:/snap/bin:/snap/bin'), ('SESSION_MANAGER', 'local/vighneshreddy-ASUS-Vivobook-S-15-S5506MA-S5506MA:@/tmp/.ICE-unix/1321,unix/vighneshreddy-ASUS-Vivobook-S-15-S5506MA-S5506MA:/tmp/.ICE-unix/1321'), ('XDG_MENU_PREFIX', 'gnome-'), ('GNOME_TERMINAL_SCREEN', '/org/gnome/Terminal/screen/b38d727a_97ec_45cb_950f_9613989f4018'), ('GNOME_SETUP_DISPLAY', ':1'), ('XDG_RUNTIME_DIR', '/run/user/1000'), ('DISPLAY', ':0'), ('LANG', 'en_US.UTF-8'), ('XDG_CURRENT_DESKTOP', 'ubuntu:GNOME'), ('XMODIFIERS', '@im=ibus'), ('XDG_SESSION_DESKTOP', 'ubuntu'), ('XAUTHORITY', '/run/user/1000/.mutter-Xwaylandauth.TXOB02'), ('GNOME_TERMINAL_SERVICE', ':1.554'), ('SSH_AGENT_LAUNCHER', 'gnome-keyring'), ('SSH_AUTH_SOCK', '/run/user/1000/keyring/ssh'), ('ROS_DOMAIN_ID', '42'), ('AMENT_PREFIX_PATH', '/home/vighneshreddy/rover_ws/install/rover_navigation:/home/vighneshreddy/rover_ws/install/robot_position:/home/vighneshreddy/rover_ws/install/nav2_rover:/home/vighneshreddy/rover_ws/install/gazebo:/opt/ros/humble'), ('SHELL', '/bin/bash'), ('QT_ACCESSIBILITY', '1'), ('GDMSESSION', 'ubuntu'), ('QT_IM_MODULE', 'ibus'), ('PWD', '/home/vighneshreddy/rover_ws/build/rover_navigation'), ('LC_ALL', 'en_US.UTF-8'), ('XDG_CONFIG_DIRS', '/etc/xdg/xdg-ubuntu:/etc/xdg'), ('XDG_DATA_DIRS', '/usr/share/ubuntu:/usr/local/share/:/usr/share/:/var/lib/snapd/desktop'), ('PYTHONPATH', '/home/vighneshreddy/rover_ws/install/robot_position/lib/python3.10/site-packages:/opt/ros/humble/lib/python3.10/site-packages:/opt/ros/humble/local/lib/python3.10/dist-packages'), ('COLCON', '1'), ('VTE_VERSION', '6800'), ('CMAKE_PREFIX_PATH', '/home/vighneshreddy/rover_ws/install/rover_navigation:/home/vighneshreddy/rover_ws/install/nav2_rover:/home/vighneshreddy/rover_ws/install/gazebo:/opt/ros/humble:/home/vighneshreddy/rover_ws/install/robot_position')]), 'shell': False}
[0.530522] (robot_position) CommandEnded: {'returncode': 0}
[0.536986] (robot_position) JobEnded: {'identifier': 'robot_position', 'rc': 0}
[0.564380] (rover_navigation) StdoutLine: {'line': b'[ 50%] \x1b[32mBuilding CXX object CMakeFiles/navigation_node.dir/src/navigation_node.cpp.o\x1b[0m\n'}
[0.600565] (-) TimerEvent: {}
[0.700824] (-) TimerEvent: {}
[0.801146] (-) TimerEvent: {}
[0.901508] (-) TimerEvent: {}
[1.001833] (-) TimerEvent: {}
[1.102153] (-) TimerEvent: {}
[1.202507] (-) TimerEvent: {}
[1.302849] (-) TimerEvent: {}
[1.403215] (-) TimerEvent: {}
[1.503579] (-) TimerEvent: {}
[1.603932] (-) TimerEvent: {}
[1.704295] (-) TimerEvent: {}
[1.804629] (-) TimerEvent: {}
[1.904960] (-) TimerEvent: {}
[2.005291] (-) TimerEvent: {}
[2.105615] (-) TimerEvent: {}
[2.205969] (-) TimerEvent: {}
[2.306310] (-) TimerEvent: {}
[2.406638] (-) TimerEvent: {}
[2.506978] (-) TimerEvent: {}
[2.607336] (-) TimerEvent: {}
[2.707672] (-) TimerEvent: {}
[2.808015] (-) TimerEvent: {}
[2.908359] (-) TimerEvent: {}
[3.008690] (-) TimerEvent: {}
[3.109018] (-) TimerEvent: {}
[3.209362] (-) TimerEvent: {}
[3.309696] (-) TimerEvent: {}
[3.410027] (-) TimerEvent: {}
[3.510371] (-) TimerEvent: {}
[3.610699] (-) TimerEvent: {}
[3.711011] (-) TimerEvent: {}
[3.811334] (-) TimerEvent: {}
[3.911648] (-) TimerEvent: {}
[4.011977] (-) TimerEvent: {}
[4.112309] (-) TimerEvent: {}
[4.212641] (-) TimerEvent: {}
[4.312963] (-) TimerEvent: {}
[4.413299] (-) TimerEvent: {}
[4.513619] (-) TimerEvent: {}
[4.613941] (-) TimerEvent: {}
[4.714259] (-) TimerEvent: {}
[4.814622] (-) TimerEvent: {}
[4.914948] (-) TimerEvent: {}
[5.015290] (-) TimerEvent: {}
[5.115622] (-) TimerEvent: {}
[5.216033] (-) TimerEvent: {}
[5.316382] (-) TimerEvent: {}
[5.416733] (-) TimerEvent: {}
[5.434333] (rover_navigation) StdoutLine: {'line': b'[100%] \x1b[32m\x1b[1mLinking CXX executable navigation_node\x1b[0m\n'}
[5.516846] (-) TimerEvent: {}
[5.617200] (-) TimerEvent: {}
[5.700142] (rover_navigation) StdoutLine: {'line': b'[100%] Built target navigation_node\n'}
[5.709063] (rover_navigation) CommandEnded: {'returncode': 0}
[5.709745] (rover_navigation) JobProgress: {'identifier': 'rover_navigation', 'progress': 'install'}
[5.710004] (rover_navigation) Command: {'cmd': ['/usr/bin/cmake', '--install', '/home/vighneshreddy/rover_ws/build/rover_navigation'], 'cwd': '/home/vighneshreddy/rover_ws/build/rover_navigation', 'env': OrderedDict([('LANGUAGE', 'en_IN:en'), ('USER', 'vighneshreddy'), ('XDG_SESSION_TYPE', 'wayland'), ('SHLVL', '1'), ('LD_LIBRARY_PATH', '/usr/lib/x86_64-linux-gnu/gazebo-11/plugins:/opt/ros/humble/opt/rviz_ogre_vendor/lib:/opt/ros/humble/lib/x86_64-linux-gnu:/opt/ros/humble/lib'), ('HOME', '/home/vighneshreddy'), ('OLDPWD', '/home/vighneshreddy/rover_ws'), ('DESKTOP_SESSION', 'ubuntu'), ('ROS_PYTHON_VERSION', '3'), ('GNOME_SHELL_SESSION_MODE', 'ubuntu'), ('GTK_MODULES', 'gail:atk-bridge'), ('SYSTEMD_EXEC_PID', '36761'), ('DBUS_SESSION_BUS_ADDRESS', 'unix:path=/run/user/1000/bus'), ('COLORTERM', 'truecolor'), ('IM_CONFIG_PHASE', '1'), ('WAYLAND_DISPLAY', 'wayland-0'), ('COLCON_PREFIX_PATH', '/home/vighneshreddy/rover_ws/install:/opt/ros/humble'), ('ROS_DISTRO', 'humble'), ('LOGNAME', 'vighneshreddy'), ('_', '/usr/bin/colcon'), ('ROS_VERSION', '2'), ('XDG_SESSION_CLASS', 'user'), ('USERNAME', 'vighneshreddy'), ('TERM', 'xterm-256color'), ('GNOME_DESKTOP_SESSION_ID', 'this-is-deprecated'), ('ROS_LOCALHOST_ONLY', '1'), ('PATH', '/opt/ros/humble/bin:/usr/local/sbin:/usr/local/bin:/usr/sbin:/usr/bin:/sbin:/bin:/usr/games:/usr/local/games:/snap/bin:/snap/bin'), ('SESSION_MANAGER', 'local/vighneshreddy-ASUS-Vivobook-S-15-S5506MA-S5506MA:@/tmp/.ICE-unix/1321,unix/vighneshreddy-ASUS-Vivobook-S-15-S5506MA-S5506MA:/tmp/.ICE-unix/1321'), ('XDG_MENU_PREFIX', 'gnome-'), ('GNOME_TERMINAL_SCREEN', '/org/gnome/Terminal/screen/b38d727a_97ec_45cb_950f_9613989f4018'), ('GNOME_SETUP_DISPLAY', ':1'), ('XDG_RUNTIME_DIR', '/run/user/1000'), ('DISPLAY', ':0'), ('LANG', 'en_US.UTF-8'), ('XDG_CURRENT_DESKTOP', 'ubuntu:GNOME'), ('XMODIFIERS', '@im=ibus'), ('XDG_SESSION_DESKTOP', 'ubuntu'), ('XAUTHORITY', '/run/user/1000/.mutter-Xwaylandauth.TXOB02'), ('GNOME_TERMINAL_SERVICE', ':1.554'), ('SSH_AGENT_LAUNCHER', 'gnome-keyring'), ('SSH_AUTH_SOCK', '/run/user/1000/keyring/ssh'), ('ROS_DOMAIN_ID', '42'), ('AMENT_PREFIX_PATH', '/home/vighneshreddy/rover_ws/install/rover_navigation:/home/vighneshreddy/rover_ws/install/robot_position:/home/vighneshreddy/rover_ws/install/nav2_rover:/home/vighneshreddy/rover_ws/install/gazebo:/opt/ros/humble'), ('SHELL', '/bin/bash'), ('QT_ACCESSIBILITY', '1'), ('GDMSESSION', 'ubuntu'), ('QT_IM_MODULE', 'ibus'), ('PWD', '/home/vighneshreddy/rover_ws/build/rover_navigation'), ('LC_ALL', 'en_US.UTF-8'), ('XDG_CONFIG_DIRS', '/etc/xdg/xdg-ubuntu:/etc/xdg'), ('XDG_DATA_DIRS', '/usr/share/ubuntu:/usr/local/share/:/usr/share/:/var/lib/snapd/desktop'), ('PYTHONPATH', '/home/vighneshreddy/rover_ws/install/robot_position/lib/python3.10/site-packages:/opt/ros/humble/lib/python3.10/site-packages:/opt/ros/humble/local/lib/python3.10/dist-packages'), ('COLCON', '1'), ('VTE_VERSION', '6800'), ('CMAKE_PREFIX_PATH', '/home/vighneshreddy/rover_ws/install/rover_navigation:/home/vighneshreddy/rover_ws/install/nav2_rover:/home/vighneshreddy/rover_ws/install/gazebo:/opt/ros/humble:/home/vighneshreddy/rover_ws/install/robot_position')]), 'shell': False}
[5.716617] (rover_navigation) StdoutLine: {'line': b'-- Install configuration: ""\n'}
[5.716709] (rover_navigation) StdoutLine: {'line': b'-- Installing: /home/vighneshreddy/rover_ws/install/rover_navigation/lib/rover_navigation/navigation_node\n'}
[5.717249] (-) TimerEvent: {}
[5.719319] (rover_navigation) StdoutLine: {'line': b'-- Set runtime path of "/home/vighneshreddy/rover_ws/install/rover_navigation/lib/rover_navigation/navigation_node" to ""\n'}
[5.719900] (rover_navigation) StdoutLine: {'line': b'-- Installing: /home/vighneshreddy/rover_ws/install/rover_navigation/share/rover_navigation/launch\n'}
[5.719995] (rover_navigation) StdoutLine: {'line': b'-- Installing: /home/vighneshreddy/rover_ws/install/rover_navigation/share/rover_navigation/launch/rover_navigation.launch.py\n'}
[5.720061] (rover_navigation) StdoutLine: {'line': b'-- Installing: /home/vighneshreddy/rover_ws/install/rover_navigation/share/ament_index/resource_index/package_run_dependencies/rover_navigation\n'}
[5.720134] (rover_navigation) StdoutLine: {'line': b'-- Installing: /home/vighneshreddy/rover_ws/install/rover_navigation/share/ament_index/resource_index/parent_prefix_path/rover_navigation\n'}
[5.720193] (rover_navigation) StdoutLine: {'line': b'-- Installing: /home/vighneshreddy/rover_ws/install/rover_navigation/share/rover_navigation/environment/ament_prefix_path.sh\n'}
[5.720257] (rover_navigation) StdoutLine: {'line': b'-- Installing: /home/vighneshreddy/rover_ws/install/rover_navigation/share/rover_navigation/environment/ament_prefix_path.dsv\n'}
[5.720338] (rover_navigation) StdoutLine: {'line': b'-- Installing: /home/vighneshreddy/rover_ws/install/rover_navigation/share/rover_navigation/environment/path.sh\n'}
[5.720480] (rover_navigation) StdoutLine: {'line': b'-- Installing: /home/vighneshreddy/rover_ws/install/rover_navigation/share/rover_navigation/environment/path.dsv\n'}
[5.720600] (rover_navigation) StdoutLine: {'line': b'-- Installing: /home/vighneshreddy/rover_ws/install/rover_navigation/share/rover_navigation/local_setup.bash\n'}
[5.720659] (rover_navigation) StdoutLine: {'line': b'-- Installing: /home/vighneshreddy/rover_ws/install/rover_navigation/share/rover_navigation/local_setup.sh\n'}
[5.720714] (rover_navigation) StdoutLine: {'line': b'-- Installing: /home/vighneshreddy/rover_ws/install/rover_navigation/share/rover_navigation/local_setup.zsh\n'}
[5.720768] (rover_navigation) StdoutLine: {'line': b'-- Installing: /home/vighneshreddy/rover_ws/install/rover_navigation/share/rover_navigation/local_setup.dsv\n'}
[5.720822] (rover_navigation) StdoutLine: {'line': b'-- Installing: /home/vighneshreddy/rover_ws/install/rover_navigation/share/rover_navigation/package.dsv\n'}
[5.720876] (rover_navigation) StdoutLine: {'line': b'-- Installing: /home/vighneshreddy/rover_ws/install/rover_navigation/share/ament_index/resource_index/packages/rover_navigation\n'}
[5.720931] (rover_navigation) StdoutLine: {'line': b'-- Installing: /home/vighneshreddy/rover_ws/install/rover_navigation/share/rover_navigation/cmake/rover_navigationConfig.cmake\n'}
[5.720984] (rover_navigation) StdoutLine: {'line': b'-- Installing: /home/vighneshreddy/rover_ws/install/rover_navigation/share/rover_navigation/cmake/rover_navigationConfig-version.cmake\n'}
[5.721037] (rover_navigation) StdoutLine: {'line': b'-- Installing: /home/vighneshreddy/rover_ws/install/rover_navigation/share/rover_navigation/package.xml\n'}
[5.721787] (rover_navigation) CommandEnded: {'returncode': 0}
[5.729241] (rover_navigation) JobEnded: {'identifier': 'rover_navigation', 'rc': 0}
[5.729681] (-) EventReactorShutdown: {}
