[0.000000] (-) TimerEvent: {}
[0.000614] (gazebo) JobQueued: {'identifier': 'gazebo', 'dependencies': OrderedDict()}
[0.000675] (robot_position) JobQueued: {'identifier': 'robot_position', 'dependencies': OrderedDict()}
[0.000745] (rover_navigation) JobQueued: {'identifier': 'rover_navigation', 'dependencies': OrderedDict()}
[0.000771] (gazebo) JobStarted: {'identifier': 'gazebo'}
[0.004364] (robot_position) JobStarted: {'identifier': 'robot_position'}
[0.007039] (rover_navigation) JobStarted: {'identifier': 'rover_navigation'}
[0.009862] (gazebo) JobProgress: {'identifier': 'gazebo', 'progress': 'cmake'}
[0.010369] (gazebo) JobProgress: {'identifier': 'gazebo', 'progress': 'build'}
[0.010915] (gazebo) Command: {'cmd': ['/usr/bin/cmake', '--build', '/home/vighneshreddy/rover_ws/build/gazebo', '--', '-j22', '-l22'], 'cwd': '/home/vighneshreddy/rover_ws/build/gazebo', 'env': OrderedDict([('LANGUAGE', 'en_IN:en'), ('USER', 'vighneshreddy'), ('XDG_SESSION_TYPE', 'wayland'), ('SHLVL', '1'), ('LD_LIBRARY_PATH', '/usr/lib/x86_64-linux-gnu/gazebo-11/plugins:/opt/ros/humble/opt/rviz_ogre_vendor/lib:/opt/ros/humble/lib/x86_64-linux-gnu:/opt/ros/humble/lib'), ('HOME', '/home/vighneshreddy'), ('OLDPWD', '/home/vighneshreddy/rover_ws'), ('DESKTOP_SESSION', 'ubuntu'), ('ROS_PYTHON_VERSION', '3'), ('GNOME_SHELL_SESSION_MODE', 'ubuntu'), ('GTK_MODULES', 'gail:atk-bridge'), ('SYSTEMD_EXEC_PID', '36761'), ('DBUS_SESSION_BUS_ADDRESS', 'unix:path=/run/user/1000/bus'), ('COLORTERM', 'truecolor'), ('IM_CONFIG_PHASE', '1'), ('WAYLAND_DISPLAY', 'wayland-0'), ('COLCON_PREFIX_PATH', '/home/vighneshreddy/rover_ws/install:/opt/ros/humble'), ('ROS_DISTRO', 'humble'), ('LOGNAME', 'vighneshreddy'), ('_', '/usr/bin/colcon'), ('ROS_VERSION', '2'), ('XDG_SESSION_CLASS', 'user'), ('USERNAME', 'vighneshreddy'), ('TERM', 'xterm-256color'), ('GNOME_DESKTOP_SESSION_ID', 'this-is-deprecated'), ('ROS_LOCALHOST_ONLY', '1'), ('PATH', '/opt/ros/humble/bin:/usr/local/sbin:/usr/local/bin:/usr/sbin:/usr/bin:/sbin:/bin:/usr/games:/usr/local/games:/snap/bin:/snap/bin'), ('SESSION_MANAGER', 'local/vighneshreddy-ASUS-Vivobook-S-15-S5506MA-S5506MA:@/tmp/.ICE-unix/1321,unix/vighneshreddy-ASUS-Vivobook-S-15-S5506MA-S5506MA:/tmp/.ICE-unix/1321'), ('XDG_MENU_PREFIX', 'gnome-'), ('GNOME_TERMINAL_SCREEN', '/org/gnome/Terminal/screen/b38d727a_97ec_45cb_950f_9613989f4018'), ('GNOME_SETUP_DISPLAY', ':1'), ('XDG_RUNTIME_DIR', '/run/user/1000'), ('DISPLAY', ':0'), ('LANG', 'en_US.UTF-8'), ('XDG_CURRENT_DESKTOP', 'ubuntu:GNOME'), ('XMODIFIERS', '@im=ibus'), ('XDG_SESSION_DESKTOP', 'ubuntu'), ('XAUTHORITY', '/run/user/1000/.mutter-Xwaylandauth.TXOB02'), ('GNOME_TERMINAL_SERVICE', ':1.554'), ('SSH_AGENT_LAUNCHER', 'gnome-keyring'), ('SSH_AUTH_SOCK', '/run/user/1000/keyring/ssh'), ('ROS_DOMAIN_ID', '42'), ('AMENT_PREFIX_PATH', '/home/vighneshreddy/rover_ws/install/rover_navigation:/home/vighneshreddy/rover_ws/install/robot_position:/home/vighneshreddy/rover_ws/install/nav2_rover:/home/vighneshreddy/rover_ws/install/gazebo:/opt/ros/humble'), ('SHELL', '/bin/bash'), ('QT_ACCESSIBILITY', '1'), ('GDMSESSION', 'ubuntu'), ('QT_IM_MODULE', 'ibus'), ('PWD', '/home/vighneshreddy/rover_ws/build/gazebo'), ('LC_ALL', 'en_US.UTF-8'), ('XDG_CONFIG_DIRS', '/etc/xdg/xdg-ubuntu:/etc/xdg'), ('XDG_DATA_DIRS', '/usr/share/ubuntu:/usr/local/share/:/usr/share/:/var/lib/snapd/desktop'), ('PYTHONPATH', '/home/vighneshreddy/rover_ws/install/robot_position/lib/python3.10/site-packages:/opt/ros/humble/lib/python3.10/site-packages:/opt/ros/humble/local/lib/python3.10/dist-packages'), ('COLCON', '1'), ('VTE_VERSION', '6800'), ('CMAKE_PREFIX_PATH', '/home/vighneshreddy/rover_ws/install/rover_navigation:/home/vighneshreddy/rover_ws/install/nav2_rover:/home/vighneshreddy/rover_ws/install/gazebo:/opt/ros/humble:/home/vighneshreddy/rover_ws/install/robot_position')]), 'shell': False}
[0.099801] (-) TimerEvent: {}
[0.154882] (rover_navigation) JobProgress: {'identifier': 'rover_navigation', 'progress': 'cmake'}
[0.155375] (rover_navigation) Command: {'cmd': ['/usr/bin/cmake', '/home/vighneshreddy/rover_ws/src/rover_navigation', '-DCMAKE_INSTALL_PREFIX=/home/vighneshreddy/rover_ws/install/rover_navigation'], 'cwd': '/home/vighneshreddy/rover_ws/build/rover_navigation', 'env': OrderedDict([('LANGUAGE', 'en_IN:en'), ('USER', 'vighneshreddy'), ('XDG_SESSION_TYPE', 'wayland'), ('SHLVL', '1'), ('LD_LIBRARY_PATH', '/usr/lib/x86_64-linux-gnu/gazebo-11/plugins:/opt/ros/humble/opt/rviz_ogre_vendor/lib:/opt/ros/humble/lib/x86_64-linux-gnu:/opt/ros/humble/lib'), ('HOME', '/home/vighneshreddy'), ('OLDPWD', '/home/vighneshreddy/rover_ws'), ('DESKTOP_SESSION', 'ubuntu'), ('ROS_PYTHON_VERSION', '3'), ('GNOME_SHELL_SESSION_MODE', 'ubuntu'), ('GTK_MODULES', 'gail:atk-bridge'), ('SYSTEMD_EXEC_PID', '36761'), ('DBUS_SESSION_BUS_ADDRESS', 'unix:path=/run/user/1000/bus'), ('COLORTERM', 'truecolor'), ('IM_CONFIG_PHASE', '1'), ('WAYLAND_DISPLAY', 'wayland-0'), ('COLCON_PREFIX_PATH', '/home/vighneshreddy/rover_ws/install:/opt/ros/humble'), ('ROS_DISTRO', 'humble'), ('LOGNAME', 'vighneshreddy'), ('_', '/usr/bin/colcon'), ('ROS_VERSION', '2'), ('XDG_SESSION_CLASS', 'user'), ('USERNAME', 'vighneshreddy'), ('TERM', 'xterm-256color'), ('GNOME_DESKTOP_SESSION_ID', 'this-is-deprecated'), ('ROS_LOCALHOST_ONLY', '1'), ('PATH', '/opt/ros/humble/bin:/usr/local/sbin:/usr/local/bin:/usr/sbin:/usr/bin:/sbin:/bin:/usr/games:/usr/local/games:/snap/bin:/snap/bin'), ('SESSION_MANAGER', 'local/vighneshreddy-ASUS-Vivobook-S-15-S5506MA-S5506MA:@/tmp/.ICE-unix/1321,unix/vighneshreddy-ASUS-Vivobook-S-15-S5506MA-S5506MA:/tmp/.ICE-unix/1321'), ('XDG_MENU_PREFIX', 'gnome-'), ('GNOME_TERMINAL_SCREEN', '/org/gnome/Terminal/screen/b38d727a_97ec_45cb_950f_9613989f4018'), ('GNOME_SETUP_DISPLAY', ':1'), ('XDG_RUNTIME_DIR', '/run/user/1000'), ('DISPLAY', ':0'), ('LANG', 'en_US.UTF-8'), ('XDG_CURRENT_DESKTOP', 'ubuntu:GNOME'), ('XMODIFIERS', '@im=ibus'), ('XDG_SESSION_DESKTOP', 'ubuntu'), ('XAUTHORITY', '/run/user/1000/.mutter-Xwaylandauth.TXOB02'), ('GNOME_TERMINAL_SERVICE', ':1.554'), ('SSH_AGENT_LAUNCHER', 'gnome-keyring'), ('SSH_AUTH_SOCK', '/run/user/1000/keyring/ssh'), ('ROS_DOMAIN_ID', '42'), ('AMENT_PREFIX_PATH', '/home/vighneshreddy/rover_ws/install/rover_navigation:/home/vighneshreddy/rover_ws/install/robot_position:/home/vighneshreddy/rover_ws/install/nav2_rover:/home/vighneshreddy/rover_ws/install/gazebo:/opt/ros/humble'), ('SHELL', '/bin/bash'), ('QT_ACCESSIBILITY', '1'), ('GDMSESSION', 'ubuntu'), ('QT_IM_MODULE', 'ibus'), ('PWD', '/home/vighneshreddy/rover_ws/build/rover_navigation'), ('LC_ALL', 'en_US.UTF-8'), ('XDG_CONFIG_DIRS', '/etc/xdg/xdg-ubuntu:/etc/xdg'), ('XDG_DATA_DIRS', '/usr/share/ubuntu:/usr/local/share/:/usr/share/:/var/lib/snapd/desktop'), ('PYTHONPATH', '/home/vighneshreddy/rover_ws/install/robot_position/lib/python3.10/site-packages:/opt/ros/humble/lib/python3.10/site-packages:/opt/ros/humble/local/lib/python3.10/dist-packages'), ('COLCON', '1'), ('VTE_VERSION', '6800'), ('CMAKE_PREFIX_PATH', '/home/vighneshreddy/rover_ws/install/rover_navigation:/home/vighneshreddy/rover_ws/install/nav2_rover:/home/vighneshreddy/rover_ws/install/gazebo:/opt/ros/humble:/home/vighneshreddy/rover_ws/install/robot_position')]), 'shell': False}
[0.156703] (gazebo) CommandEnded: {'returncode': 0}
[0.156946] (gazebo) JobProgress: {'identifier': 'gazebo', 'progress': 'install'}
[0.164462] (gazebo) Command: {'cmd': ['/usr/bin/cmake', '--install', '/home/vighneshreddy/rover_ws/build/gazebo'], 'cwd': '/home/vighneshreddy/rover_ws/build/gazebo', 'env': OrderedDict([('LANGUAGE', 'en_IN:en'), ('USER', 'vighneshreddy'), ('XDG_SESSION_TYPE', 'wayland'), ('SHLVL', '1'), ('LD_LIBRARY_PATH', '/usr/lib/x86_64-linux-gnu/gazebo-11/plugins:/opt/ros/humble/opt/rviz_ogre_vendor/lib:/opt/ros/humble/lib/x86_64-linux-gnu:/opt/ros/humble/lib'), ('HOME', '/home/vighneshreddy'), ('OLDPWD', '/home/vighneshreddy/rover_ws'), ('DESKTOP_SESSION', 'ubuntu'), ('ROS_PYTHON_VERSION', '3'), ('GNOME_SHELL_SESSION_MODE', 'ubuntu'), ('GTK_MODULES', 'gail:atk-bridge'), ('SYSTEMD_EXEC_PID', '36761'), ('DBUS_SESSION_BUS_ADDRESS', 'unix:path=/run/user/1000/bus'), ('COLORTERM', 'truecolor'), ('IM_CONFIG_PHASE', '1'), ('WAYLAND_DISPLAY', 'wayland-0'), ('COLCON_PREFIX_PATH', '/home/vighneshreddy/rover_ws/install:/opt/ros/humble'), ('ROS_DISTRO', 'humble'), ('LOGNAME', 'vighneshreddy'), ('_', '/usr/bin/colcon'), ('ROS_VERSION', '2'), ('XDG_SESSION_CLASS', 'user'), ('USERNAME', 'vighneshreddy'), ('TERM', 'xterm-256color'), ('GNOME_DESKTOP_SESSION_ID', 'this-is-deprecated'), ('ROS_LOCALHOST_ONLY', '1'), ('PATH', '/opt/ros/humble/bin:/usr/local/sbin:/usr/local/bin:/usr/sbin:/usr/bin:/sbin:/bin:/usr/games:/usr/local/games:/snap/bin:/snap/bin'), ('SESSION_MANAGER', 'local/vighneshreddy-ASUS-Vivobook-S-15-S5506MA-S5506MA:@/tmp/.ICE-unix/1321,unix/vighneshreddy-ASUS-Vivobook-S-15-S5506MA-S5506MA:/tmp/.ICE-unix/1321'), ('XDG_MENU_PREFIX', 'gnome-'), ('GNOME_TERMINAL_SCREEN', '/org/gnome/Terminal/screen/b38d727a_97ec_45cb_950f_9613989f4018'), ('GNOME_SETUP_DISPLAY', ':1'), ('XDG_RUNTIME_DIR', '/run/user/1000'), ('DISPLAY', ':0'), ('LANG', 'en_US.UTF-8'), ('XDG_CURRENT_DESKTOP', 'ubuntu:GNOME'), ('XMODIFIERS', '@im=ibus'), ('XDG_SESSION_DESKTOP', 'ubuntu'), ('XAUTHORITY', '/run/user/1000/.mutter-Xwaylandauth.TXOB02'), ('GNOME_TERMINAL_SERVICE', ':1.554'), ('SSH_AGENT_LAUNCHER', 'gnome-keyring'), ('SSH_AUTH_SOCK', '/run/user/1000/keyring/ssh'), ('ROS_DOMAIN_ID', '42'), ('AMENT_PREFIX_PATH', '/home/vighneshreddy/rover_ws/install/rover_navigation:/home/vighneshreddy/rover_ws/install/robot_position:/home/vighneshreddy/rover_ws/install/nav2_rover:/home/vighneshreddy/rover_ws/install/gazebo:/opt/ros/humble'), ('SHELL', '/bin/bash'), ('QT_ACCESSIBILITY', '1'), ('GDMSESSION', 'ubuntu'), ('QT_IM_MODULE', 'ibus'), ('PWD', '/home/vighneshreddy/rover_ws/build/gazebo'), ('LC_ALL', 'en_US.UTF-8'), ('XDG_CONFIG_DIRS', '/etc/xdg/xdg-ubuntu:/etc/xdg'), ('XDG_DATA_DIRS', '/usr/share/ubuntu:/usr/local/share/:/usr/share/:/var/lib/snapd/desktop'), ('PYTHONPATH', '/home/vighneshreddy/rover_ws/install/robot_position/lib/python3.10/site-packages:/opt/ros/humble/lib/python3.10/site-packages:/opt/ros/humble/local/lib/python3.10/dist-packages'), ('COLCON', '1'), ('VTE_VERSION', '6800'), ('CMAKE_PREFIX_PATH', '/home/vighneshreddy/rover_ws/install/rover_navigation:/home/vighneshreddy/rover_ws/install/nav2_rover:/home/vighneshreddy/rover_ws/install/gazebo:/opt/ros/humble:/home/vighneshreddy/rover_ws/install/robot_position')]), 'shell': False}
[0.167712] (rover_navigation) StdoutLine: {'line': b'-- Found ament_cmake: 1.3.11 (/opt/ros/humble/share/ament_cmake/cmake)\n'}
[0.172867] (gazebo) StdoutLine: {'line': b'-- Install configuration: ""\n'}
[0.172990] (gazebo) StdoutLine: {'line': b'-- Installing: /home/vighneshreddy/rover_ws/install/gazebo/share/gazebo/launch\n'}
[0.173088] (gazebo) StdoutLine: {'line': b'-- Installing: /home/vighneshreddy/rover_ws/install/gazebo/share/gazebo/launch/.vscode\n'}
[0.173191] (gazebo) StdoutLine: {'line': b'-- Installing: /home/vighneshreddy/rover_ws/install/gazebo/share/gazebo/launch/.vscode/c_cpp_properties.json\n'}
[0.173570] (gazebo) StdoutLine: {'line': b'-- Installing: /home/vighneshreddy/rover_ws/install/gazebo/share/gazebo/launch/.vscode/settings.json\n'}
[0.173847] (gazebo) StdoutLine: {'line': b'-- Installing: /home/vighneshreddy/rover_ws/install/gazebo/share/gazebo/launch/rviz_launch.py\n'}
[0.173936] (gazebo) StdoutLine: {'line': b'-- Installing: /home/vighneshreddy/rover_ws/install/gazebo/share/gazebo/launch/mapping_launch.py\n'}
[0.174022] (gazebo) StdoutLine: {'line': b'-- Installing: /home/vighneshreddy/rover_ws/install/gazebo/share/gazebo/launch/gazebo_launch.py\n'}
[0.174099] (gazebo) StdoutLine: {'line': b'-- Installing: /home/vighneshreddy/rover_ws/install/gazebo/share/gazebo/launch/map_to_odom.launch.py\n'}
[0.174238] (gazebo) StdoutLine: {'line': b'-- Installing: /home/vighneshreddy/rover_ws/install/gazebo/share/gazebo/model\n'}
[0.174396] (gazebo) StdoutLine: {'line': b'-- Installing: /home/vighneshreddy/rover_ws/install/gazebo/share/gazebo/model/rover.xacro\n'}
[0.174500] (gazebo) StdoutLine: {'line': b'-- Installing: /home/vighneshreddy/rover_ws/install/gazebo/share/gazebo/model/rover.gazebo\n'}
[0.174567] (gazebo) StdoutLine: {'line': b'-- Installing: /home/vighneshreddy/rover_ws/install/gazebo/share/gazebo/model/world.world\n'}
[0.174643] (gazebo) StdoutLine: {'line': b'-- Installing: /home/vighneshreddy/rover_ws/install/gazebo/share/gazebo/config\n'}
[0.174697] (gazebo) StdoutLine: {'line': b'-- Installing: /home/vighneshreddy/rover_ws/install/gazebo/share/gazebo/rviz\n'}
[0.174776] (gazebo) StdoutLine: {'line': b'-- Installing: /home/vighneshreddy/rover_ws/install/gazebo/lib/gazebo/map_to_odom.launch.py\n'}
[0.174861] (gazebo) StdoutLine: {'line': b'-- Installing: /home/vighneshreddy/rover_ws/install/gazebo/share/ament_index/resource_index/package_run_dependencies/gazebo\n'}
[0.174982] (gazebo) StdoutLine: {'line': b'-- Installing: /home/vighneshreddy/rover_ws/install/gazebo/share/ament_index/resource_index/parent_prefix_path/gazebo\n'}
[0.175326] (gazebo) StdoutLine: {'line': b'-- Installing: /home/vighneshreddy/rover_ws/install/gazebo/share/gazebo/environment/ament_prefix_path.sh\n'}
[0.175509] (gazebo) StdoutLine: {'line': b'-- Installing: /home/vighneshreddy/rover_ws/install/gazebo/share/gazebo/environment/ament_prefix_path.dsv\n'}
[0.175585] (gazebo) StdoutLine: {'line': b'-- Installing: /home/vighneshreddy/rover_ws/install/gazebo/share/gazebo/environment/path.sh\n'}
[0.175686] (gazebo) StdoutLine: {'line': b'-- Installing: /home/vighneshreddy/rover_ws/install/gazebo/share/gazebo/environment/path.dsv\n'}
[0.175761] (gazebo) StdoutLine: {'line': b'-- Installing: /home/vighneshreddy/rover_ws/install/gazebo/share/gazebo/local_setup.bash\n'}
[0.175840] (gazebo) StdoutLine: {'line': b'-- Installing: /home/vighneshreddy/rover_ws/install/gazebo/share/gazebo/local_setup.sh\n'}
[0.175928] (gazebo) StdoutLine: {'line': b'-- Installing: /home/vighneshreddy/rover_ws/install/gazebo/share/gazebo/local_setup.zsh\n'}
[0.175985] (gazebo) StdoutLine: {'line': b'-- Installing: /home/vighneshreddy/rover_ws/install/gazebo/share/gazebo/local_setup.dsv\n'}
[0.176064] (gazebo) StdoutLine: {'line': b'-- Installing: /home/vighneshreddy/rover_ws/install/gazebo/share/gazebo/package.dsv\n'}
[0.176150] (gazebo) StdoutLine: {'line': b'-- Installing: /home/vighneshreddy/rover_ws/install/gazebo/share/ament_index/resource_index/packages/gazebo\n'}
[0.176274] (gazebo) StdoutLine: {'line': b'-- Installing: /home/vighneshreddy/rover_ws/install/gazebo/share/gazebo/cmake/gazeboConfig.cmake\n'}
[0.176351] (gazebo) StdoutLine: {'line': b'-- Installing: /home/vighneshreddy/rover_ws/install/gazebo/share/gazebo/cmake/gazeboConfig-version.cmake\n'}
[0.176445] (gazebo) StdoutLine: {'line': b'-- Installing: /home/vighneshreddy/rover_ws/install/gazebo/share/gazebo/package.xml\n'}
[0.177876] (gazebo) CommandEnded: {'returncode': 0}
[0.192043] (gazebo) JobEnded: {'identifier': 'gazebo', 'rc': 0}
[0.199882] (-) TimerEvent: {}
[0.249672] (rover_navigation) StdoutLine: {'line': b'-- Found rclcpp: 16.0.11 (/opt/ros/humble/share/rclcpp/cmake)\n'}
[0.264839] (rover_navigation) StdoutLine: {'line': b'-- Found rosidl_generator_c: 3.1.6 (/opt/ros/humble/share/rosidl_generator_c/cmake)\n'}
[0.266264] (rover_navigation) StdoutLine: {'line': b'-- Found rosidl_adapter: 3.1.6 (/opt/ros/humble/share/rosidl_adapter/cmake)\n'}
[0.269236] (rover_navigation) StdoutLine: {'line': b'-- Found rosidl_generator_cpp: 3.1.6 (/opt/ros/humble/share/rosidl_generator_cpp/cmake)\n'}
[0.274156] (rover_navigation) StdoutLine: {'line': b'-- Using all available rosidl_typesupport_c: rosidl_typesupport_fastrtps_c;rosidl_typesupport_introspection_c\n'}
[0.280618] (rover_navigation) StdoutLine: {'line': b'-- Using all available rosidl_typesupport_cpp: rosidl_typesupport_fastrtps_cpp;rosidl_typesupport_introspection_cpp\n'}
[0.297429] (rover_navigation) StdoutLine: {'line': b'-- Found rmw_implementation_cmake: 6.1.2 (/opt/ros/humble/share/rmw_implementation_cmake/cmake)\n'}
[0.298248] (rover_navigation) StdoutLine: {'line': b'-- Found rmw_fastrtps_cpp: 6.2.7 (/opt/ros/humble/share/rmw_fastrtps_cpp/cmake)\n'}
[0.299946] (-) TimerEvent: {}
[0.361918] (robot_position) Command: {'cmd': ['/usr/bin/python3', '-W', 'ignore:setup.py install is deprecated', '-W', 'ignore:easy_install command is deprecated', 'setup.py', 'egg_info', '--egg-base', '../../build/robot_position', 'build', '--build-base', '/home/vighneshreddy/rover_ws/build/robot_position/build', 'install', '--record', '/home/vighneshreddy/rover_ws/build/robot_position/install.log', '--single-version-externally-managed', 'install_data'], 'cwd': '/home/vighneshreddy/rover_ws/src/robot_position', 'env': {'LANGUAGE': 'en_IN:en', 'USER': 'vighneshreddy', 'XDG_SESSION_TYPE': 'wayland', 'SHLVL': '1', 'LD_LIBRARY_PATH': '/usr/lib/x86_64-linux-gnu/gazebo-11/plugins:/opt/ros/humble/opt/rviz_ogre_vendor/lib:/opt/ros/humble/lib/x86_64-linux-gnu:/opt/ros/humble/lib', 'HOME': '/home/vighneshreddy', 'OLDPWD': '/home/vighneshreddy/rover_ws', 'DESKTOP_SESSION': 'ubuntu', 'ROS_PYTHON_VERSION': '3', 'GNOME_SHELL_SESSION_MODE': 'ubuntu', 'GTK_MODULES': 'gail:atk-bridge', 'SYSTEMD_EXEC_PID': '36761', 'DBUS_SESSION_BUS_ADDRESS': 'unix:path=/run/user/1000/bus', 'COLORTERM': 'truecolor', 'IM_CONFIG_PHASE': '1', 'WAYLAND_DISPLAY': 'wayland-0', 'COLCON_PREFIX_PATH': '/home/vighneshreddy/rover_ws/install:/opt/ros/humble', 'ROS_DISTRO': 'humble', 'LOGNAME': 'vighneshreddy', '_': '/usr/bin/colcon', 'ROS_VERSION': '2', 'XDG_SESSION_CLASS': 'user', 'USERNAME': 'vighneshreddy', 'TERM': 'xterm-256color', 'GNOME_DESKTOP_SESSION_ID': 'this-is-deprecated', 'ROS_LOCALHOST_ONLY': '1', 'PATH': '/opt/ros/humble/bin:/usr/local/sbin:/usr/local/bin:/usr/sbin:/usr/bin:/sbin:/bin:/usr/games:/usr/local/games:/snap/bin:/snap/bin', 'SESSION_MANAGER': 'local/vighneshreddy-ASUS-Vivobook-S-15-S5506MA-S5506MA:@/tmp/.ICE-unix/1321,unix/vighneshreddy-ASUS-Vivobook-S-15-S5506MA-S5506MA:/tmp/.ICE-unix/1321', 'XDG_MENU_PREFIX': 'gnome-', 'GNOME_TERMINAL_SCREEN': '/org/gnome/Terminal/screen/b38d727a_97ec_45cb_950f_9613989f4018', 'GNOME_SETUP_DISPLAY': ':1', 'XDG_RUNTIME_DIR': '/run/user/1000', 'DISPLAY': ':0', 'LANG': 'en_US.UTF-8', 'XDG_CURRENT_DESKTOP': 'ubuntu:GNOME', 'XMODIFIERS': '@im=ibus', 'XDG_SESSION_DESKTOP': 'ubuntu', 'XAUTHORITY': '/run/user/1000/.mutter-Xwaylandauth.TXOB02', 'GNOME_TERMINAL_SERVICE': ':1.554', 'SSH_AGENT_LAUNCHER': 'gnome-keyring', 'SSH_AUTH_SOCK': '/run/user/1000/keyring/ssh', 'ROS_DOMAIN_ID': '42', 'AMENT_PREFIX_PATH': '/home/vighneshreddy/rover_ws/install/rover_navigation:/home/vighneshreddy/rover_ws/install/robot_position:/home/vighneshreddy/rover_ws/install/nav2_rover:/home/vighneshreddy/rover_ws/install/gazebo:/opt/ros/humble', 'SHELL': '/bin/bash', 'QT_ACCESSIBILITY': '1', 'GDMSESSION': 'ubuntu', 'QT_IM_MODULE': 'ibus', 'PWD': '/home/vighneshreddy/rover_ws/build/robot_position', 'LC_ALL': 'en_US.UTF-8', 'XDG_CONFIG_DIRS': '/etc/xdg/xdg-ubuntu:/etc/xdg', 'XDG_DATA_DIRS': '/usr/share/ubuntu:/usr/local/share/:/usr/share/:/var/lib/snapd/desktop', 'PYTHONPATH': '/home/vighneshreddy/rover_ws/build/robot_position/prefix_override:/usr/lib/python3/dist-packages/colcon_core/task/python/colcon_distutils_commands:/home/vighneshreddy/rover_ws/install/robot_position/lib/python3.10/site-packages:/home/vighneshreddy/rover_ws/install/robot_position/lib/python3.10/site-packages:/opt/ros/humble/lib/python3.10/site-packages:/opt/ros/humble/local/lib/python3.10/dist-packages', 'COLCON': '1', 'VTE_VERSION': '6800', 'CMAKE_PREFIX_PATH': '/home/vighneshreddy/rover_ws/install/rover_navigation:/home/vighneshreddy/rover_ws/install/nav2_rover:/home/vighneshreddy/rover_ws/install/gazebo:/opt/ros/humble'}, 'shell': False}
[0.373104] (rover_navigation) StdoutLine: {'line': b"-- Using RMW implementation 'rmw_fastrtps_cpp' as default\n"}
[0.400052] (-) TimerEvent: {}
[0.403280] (rover_navigation) StdoutLine: {'line': b'-- Found geometry_msgs: 4.2.4 (/opt/ros/humble/share/geometry_msgs/cmake)\n'}
[0.410199] (rover_navigation) StdoutLine: {'line': b'-- Found nav_msgs: 4.2.4 (/opt/ros/humble/share/nav_msgs/cmake)\n'}
[0.419466] (rover_navigation) StdoutLine: {'line': b'-- Found tf2: 0.25.9 (/opt/ros/humble/share/tf2/cmake)\n'}
[0.421495] (rover_navigation) StdoutLine: {'line': b'-- Found tf2_ros: 0.25.9 (/opt/ros/humble/share/tf2_ros/cmake)\n'}
[0.490189] (robot_position) StdoutLine: {'line': b'running egg_info\n'}
[0.490642] (robot_position) StdoutLine: {'line': b'writing ../../build/robot_position/robot_position.egg-info/PKG-INFO\n'}
[0.490965] (robot_position) StdoutLine: {'line': b'writing dependency_links to ../../build/robot_position/robot_position.egg-info/dependency_links.txt\n'}
[0.491056] (robot_position) StdoutLine: {'line': b'writing entry points to ../../build/robot_position/robot_position.egg-info/entry_points.txt\n'}
[0.491131] (robot_position) StdoutLine: {'line': b'writing requirements to ../../build/robot_position/robot_position.egg-info/requires.txt\n'}
[0.491199] (robot_position) StdoutLine: {'line': b'writing top-level names to ../../build/robot_position/robot_position.egg-info/top_level.txt\n'}
[0.491725] (robot_position) StdoutLine: {'line': b"reading manifest file '../../build/robot_position/robot_position.egg-info/SOURCES.txt'\n"}
[0.492091] (robot_position) StdoutLine: {'line': b"writing manifest file '../../build/robot_position/robot_position.egg-info/SOURCES.txt'\n"}
[0.492452] (robot_position) StdoutLine: {'line': b'running build\n'}
[0.492541] (robot_position) StdoutLine: {'line': b'running build_py\n'}
[0.492603] (robot_position) StdoutLine: {'line': b'running install\n'}
[0.492661] (robot_position) StdoutLine: {'line': b'running install_lib\n'}
[0.493452] (robot_position) StdoutLine: {'line': b'running install_data\n'}
[0.493588] (robot_position) StdoutLine: {'line': b'running install_egg_info\n'}
[0.494327] (robot_position) StdoutLine: {'line': b"removing '/home/vighneshreddy/rover_ws/install/robot_position/lib/python3.10/site-packages/robot_position-0.0.0-py3.10.egg-info' (and everything under it)\n"}
[0.494703] (robot_position) StdoutLine: {'line': b'Copying ../../build/robot_position/robot_position.egg-info to /home/vighneshreddy/rover_ws/install/robot_position/lib/python3.10/site-packages/robot_position-0.0.0-py3.10.egg-info\n'}
[0.494833] (robot_position) StdoutLine: {'line': b'running install_scripts\n'}
[0.500140] (-) TimerEvent: {}
[0.504633] (rover_navigation) StdoutLine: {'line': b'-- Configuring done\n'}
[0.505720] (robot_position) StdoutLine: {'line': b'Installing get_position script to /home/vighneshreddy/rover_ws/install/robot_position/lib/robot_position\n'}
[0.505932] (robot_position) StdoutLine: {'line': b"writing list of installed files to '/home/vighneshreddy/rover_ws/build/robot_position/install.log'\n"}
[0.506345] (rover_navigation) StderrLine: {'line': b'\x1b[31mCMake Error at CMakeLists.txt:15 (add_executable):\n'}
[0.506441] (rover_navigation) StderrLine: {'line': b'  Cannot find source file:\n'}
[0.506505] (rover_navigation) StderrLine: {'line': b'\n'}
[0.506565] (rover_navigation) StderrLine: {'line': b'    src/navigation_node.cpp\n'}
[0.506624] (rover_navigation) StderrLine: {'line': b'\n'}
[0.506682] (rover_navigation) StderrLine: {'line': b'  Tried extensions .c .C .c++ .cc .cpp .cxx .cu .mpp .m .M .mm .ixx .cppm .h\n'}
[0.506743] (rover_navigation) StderrLine: {'line': b'  .hh .h++ .hm .hpp .hxx .in .txx .f .F .for .f77 .f90 .f95 .f03 .hip .ispc\n'}
[0.506798] (rover_navigation) StderrLine: {'line': b'\n'}
[0.506855] (rover_navigation) StderrLine: {'line': b'\x1b[0m\n'}
[0.507302] (rover_navigation) StderrLine: {'line': b'\x1b[31mCMake Error at CMakeLists.txt:15 (add_executable):\n'}
[0.507373] (rover_navigation) StderrLine: {'line': b'  No SOURCES given to target: navigation_node\n'}
[0.507429] (rover_navigation) StderrLine: {'line': b'\n'}
[0.507486] (rover_navigation) StderrLine: {'line': b'\x1b[0m\n'}
[0.507542] (rover_navigation) StderrLine: {'line': b'\x1b[0mCMake Generate step failed.  Build files cannot be regenerated correctly.\x1b[0m\n'}
[0.512596] (rover_navigation) CommandEnded: {'returncode': 1}
[0.519925] (robot_position) CommandEnded: {'returncode': 0}
[0.523950] (robot_position) JobEnded: {'identifier': 'robot_position', 'rc': 0}
[0.526141] (rover_navigation) JobEnded: {'identifier': 'rover_navigation', 'rc': 1}
[0.536591] (-) EventReactorShutdown: {}
