[0.000000] (-) TimerEvent: {}
[0.000225] (robot) JobQueued: {'identifier': 'robot', 'dependencies': OrderedDict()}
[0.000265] (robot) JobStarted: {'identifier': 'robot'}
[0.005877] (robot) JobProgress: {'identifier': 'robot', 'progress': 'cmake'}
[0.006801] (robot) Command: {'cmd': ['/usr/bin/cmake', '/home/vighneshreddy/MRM_VighneshReddy/rover_ws/src/robot', '-DCMAKE_INSTALL_PREFIX=/home/vighneshreddy/MRM_VighneshReddy/rover_ws/install/robot'], 'cwd': '/home/vighneshreddy/MRM_VighneshReddy/rover_ws/build/robot', 'env': OrderedDict([('LANGUAGE', 'en_IN:en'), ('USER', 'vighneshreddy'), ('XDG_SESSION_TYPE', 'wayland'), ('SHLVL', '1'), ('LD_LIBRARY_PATH', '/usr/lib/x86_64-linux-gnu/gazebo-11/plugins:/opt/ros/humble/opt/rviz_ogre_vendor/lib:/opt/ros/humble/lib/x86_64-linux-gnu:/opt/ros/humble/lib'), ('HOME', '/home/vighneshreddy'), ('OLDPWD', '/home/vighneshreddy'), ('DESKTOP_SESSION', 'ubuntu'), ('ROS_PYTHON_VERSION', '3'), ('GNOME_SHELL_SESSION_MODE', 'ubuntu'), ('GTK_MODULES', 'gail:atk-bridge'), ('SYSTEMD_EXEC_PID', '1405'), ('DBUS_SESSION_BUS_ADDRESS', 'unix:path=/run/user/1000/bus'), ('COLORTERM', 'truecolor'), ('IM_CONFIG_PHASE', '1'), ('WAYLAND_DISPLAY', 'wayland-0'), ('COLCON_PREFIX_PATH', '/opt/ros/humble'), ('ROS_DISTRO', 'humble'), ('LOGNAME', 'vighneshreddy'), ('_', '/usr/bin/colcon'), ('ROS_VERSION', '2'), ('XDG_SESSION_CLASS', 'user'), ('USERNAME', 'vighneshreddy'), ('TERM', 'xterm-256color'), ('GNOME_DESKTOP_SESSION_ID', 'this-is-deprecated'), ('ROS_LOCALHOST_ONLY', '1'), ('PATH', '/opt/ros/humble/bin:/usr/local/sbin:/usr/local/bin:/usr/sbin:/usr/bin:/sbin:/bin:/usr/games:/usr/local/games:/snap/bin:/snap/bin'), ('SESSION_MANAGER', 'local/vighneshreddy-ASUS-Vivobook-S-15-S5506MA-S5506MA:@/tmp/.ICE-unix/1373,unix/vighneshreddy-ASUS-Vivobook-S-15-S5506MA-S5506MA:/tmp/.ICE-unix/1373'), ('XDG_MENU_PREFIX', 'gnome-'), ('GNOME_TERMINAL_SCREEN', '/org/gnome/Terminal/screen/1b7c12f4_b17e_49cb_a500_e0fe1a970bab'), ('GNOME_SETUP_DISPLAY', ':1'), ('XDG_RUNTIME_DIR', '/run/user/1000'), ('DISPLAY', ':0'), ('LANG', 'en_US.UTF-8'), ('XDG_CURRENT_DESKTOP', 'ubuntu:GNOME'), ('XMODIFIERS', '@im=ibus'), ('XDG_SESSION_DESKTOP', 'ubuntu'), ('XAUTHORITY', '/run/user/1000/.mutter-Xwaylandauth.MEIC12'), ('GNOME_TERMINAL_SERVICE', ':1.292'), ('SSH_AGENT_LAUNCHER', 'gnome-keyring'), ('SSH_AUTH_SOCK', '/run/user/1000/keyring/ssh'), ('ROS_DOMAIN_ID', '42'), ('AMENT_PREFIX_PATH', '/opt/ros/humble'), ('SHELL', '/bin/bash'), ('QT_ACCESSIBILITY', '1'), ('GDMSESSION', 'ubuntu'), ('QT_IM_MODULE', 'ibus'), ('PWD', '/home/vighneshreddy/MRM_VighneshReddy/rover_ws/build/robot'), ('LC_ALL', 'en_US.UTF-8'), ('XDG_CONFIG_DIRS', '/etc/xdg/xdg-ubuntu:/etc/xdg'), ('XDG_DATA_DIRS', '/usr/share/ubuntu:/usr/local/share/:/usr/share/:/var/lib/snapd/desktop'), ('PYTHONPATH', '/opt/ros/humble/lib/python3.10/site-packages:/opt/ros/humble/local/lib/python3.10/dist-packages'), ('COLCON', '1'), ('VTE_VERSION', '6800'), ('CMAKE_PREFIX_PATH', '/opt/ros/humble')]), 'shell': False}
[0.017380] (robot) StdoutLine: {'line': b'-- Found ament_cmake: 1.3.11 (/opt/ros/humble/share/ament_cmake/cmake)\n'}
[0.097244] (robot) StdoutLine: {'line': b'-- Found gazebo_ros: 3.7.0 (/opt/ros/humble/share/gazebo_ros/cmake)\n'}
[0.099335] (-) TimerEvent: {}
[0.116362] (robot) StdoutLine: {'line': b'-- Found rosidl_generator_c: 3.1.6 (/opt/ros/humble/share/rosidl_generator_c/cmake)\n'}
[0.117768] (robot) StdoutLine: {'line': b'-- Found rosidl_adapter: 3.1.6 (/opt/ros/humble/share/rosidl_adapter/cmake)\n'}
[0.121424] (robot) StdoutLine: {'line': b'-- Found rosidl_generator_cpp: 3.1.6 (/opt/ros/humble/share/rosidl_generator_cpp/cmake)\n'}
[0.127207] (robot) StdoutLine: {'line': b'-- Using all available rosidl_typesupport_c: rosidl_typesupport_fastrtps_c;rosidl_typesupport_introspection_c\n'}
[0.134790] (robot) StdoutLine: {'line': b'-- Using all available rosidl_typesupport_cpp: rosidl_typesupport_fastrtps_cpp;rosidl_typesupport_introspection_cpp\n'}
[0.155518] (robot) StdoutLine: {'line': b'-- Found rmw_implementation_cmake: 6.1.2 (/opt/ros/humble/share/rmw_implementation_cmake/cmake)\n'}
[0.156368] (robot) StdoutLine: {'line': b'-- Found rmw_fastrtps_cpp: 6.2.7 (/opt/ros/humble/share/rmw_fastrtps_cpp/cmake)\n'}
[0.199423] (-) TimerEvent: {}
[0.223460] (robot) StdoutLine: {'line': b"-- Using RMW implementation 'rmw_fastrtps_cpp' as default\n"}
[0.277994] (robot) StdoutLine: {'line': b'-- Found DART: /usr/include (Required is at least version "6.6") found components: dart \n'}
[0.295752] (robot) StdoutLine: {'line': b'-- Found Protobuf: /usr/lib/x86_64-linux-gnu/libprotobuf.so (found version "3.12.4") \n'}
[0.297022] (robot) StdoutLine: {'line': b'-- Looking for ignition-math6 -- found version 6.15.1\n'}
[0.299528] (robot) StdoutLine: {'line': b'-- Searching for dependencies of ignition-math6\n'}
[0.299690] (-) TimerEvent: {}
[0.300340] (robot) StdoutLine: {'line': b'-- Looking for OGRE...\n'}
[0.303607] (robot) StdoutLine: {'line': b'-- Found Ogre Ghadamon (1.9.0)\n'}
[0.303772] (robot) StdoutLine: {'line': b'-- Found OGRE: optimized;/usr/lib/x86_64-linux-gnu/libOgreMain.so;debug;/usr/lib/x86_64-linux-gnu/libOgreMain.so\n'}
[0.310325] (robot) StdoutLine: {'line': b'-- Looking for OGRE_Paging...\n'}
[0.310491] (robot) StdoutLine: {'line': b'-- Found OGRE_Paging: optimized;/usr/lib/x86_64-linux-gnu/libOgrePaging.so;debug;/usr/lib/x86_64-linux-gnu/libOgrePaging.so\n'}
[0.310606] (robot) StdoutLine: {'line': b'-- Looking for OGRE_Terrain...\n'}
[0.310969] (robot) StdoutLine: {'line': b'-- Found OGRE_Terrain: optimized;/usr/lib/x86_64-linux-gnu/libOgreTerrain.so;debug;/usr/lib/x86_64-linux-gnu/libOgreTerrain.so\n'}
[0.311073] (robot) StdoutLine: {'line': b'-- Looking for OGRE_Property...\n'}
[0.311159] (robot) StdoutLine: {'line': b'-- Found OGRE_Property: optimized;/usr/lib/x86_64-linux-gnu/libOgreProperty.so;debug;/usr/lib/x86_64-linux-gnu/libOgreProperty.so\n'}
[0.311245] (robot) StdoutLine: {'line': b'-- Looking for OGRE_RTShaderSystem...\n'}
[0.311325] (robot) StdoutLine: {'line': b'-- Found OGRE_RTShaderSystem: optimized;/usr/lib/x86_64-linux-gnu/libOgreRTShaderSystem.so;debug;/usr/lib/x86_64-linux-gnu/libOgreRTShaderSystem.so\n'}
[0.311404] (robot) StdoutLine: {'line': b'-- Looking for OGRE_Volume...\n'}
[0.311480] (robot) StdoutLine: {'line': b'-- Found OGRE_Volume: optimized;/usr/lib/x86_64-linux-gnu/libOgreVolume.so;debug;/usr/lib/x86_64-linux-gnu/libOgreVolume.so\n'}
[0.311560] (robot) StdoutLine: {'line': b'-- Looking for OGRE_Overlay...\n'}
[0.311653] (robot) StdoutLine: {'line': b'-- Found OGRE_Overlay: optimized;/usr/lib/x86_64-linux-gnu/libOgreOverlay.so;debug;/usr/lib/x86_64-linux-gnu/libOgreOverlay.so\n'}
[0.371296] (robot) StdoutLine: {'line': b'-- Looking for ignition-math6 -- found version 6.15.1\n'}
[0.371785] (robot) StdoutLine: {'line': b'-- Looking for ignition-transport8 -- found version 8.2.1\n'}
[0.371922] (robot) StdoutLine: {'line': b'-- Searching for dependencies of ignition-transport8\n'}
[0.383606] (robot) StdoutLine: {'line': b'-- Found Protobuf: /usr/lib/x86_64-linux-gnu/libprotobuf.so (found suitable version "3.12.4", minimum required is "3") \n'}
[0.389687] (robot) StdoutLine: {'line': b'-- Config-file not installed for ZeroMQ -- checking for pkg-config\n'}
[0.394885] (robot) StdoutLine: {'line': b"-- Checking for module 'libzmq >= 4'\n"}
[0.399779] (-) TimerEvent: {}
[0.405306] (robot) StdoutLine: {'line': b'--   Found libzmq , version 4.3.4\n'}
[0.442220] (robot) StdoutLine: {'line': b"-- Checking for module 'uuid'\n"}
[0.452241] (robot) StdoutLine: {'line': b'--   Found uuid, version 2.37.2\n'}
[0.482135] (robot) StdoutLine: {'line': b'-- Looking for ignition-msgs5 -- found version 5.8.1\n'}
[0.482388] (robot) StdoutLine: {'line': b'-- Searching for dependencies of ignition-msgs5\n'}
[0.493280] (robot) StdoutLine: {'line': b'-- Looking for ignition-math6 -- found version 6.15.1\n'}
[0.497676] (robot) StdoutLine: {'line': b"-- Checking for module 'tinyxml2'\n"}
[0.499857] (-) TimerEvent: {}
[0.507702] (robot) StdoutLine: {'line': b'--   Found tinyxml2, version 9.0.0\n'}
[0.534582] (robot) StdoutLine: {'line': b'-- Looking for ignition-msgs5 -- found version 5.8.1\n'}
[0.534896] (robot) StdoutLine: {'line': b'-- Looking for ignition-common3 -- found version 3.14.0\n'}
[0.535349] (robot) StdoutLine: {'line': b'-- Searching for dependencies of ignition-common3\n'}
[0.535450] (robot) StdoutLine: {'line': b'-- Looking for dlfcn.h - found\n'}
[0.535538] (robot) StdoutLine: {'line': b'-- Looking for libdl - found\n'}
[0.544816] (robot) StdoutLine: {'line': b'-- Searching for <ignition-common3> component [graphics]\n'}
[0.545010] (robot) StdoutLine: {'line': b'-- Looking for ignition-common3-graphics -- found version 3.14.0\n'}
[0.545274] (robot) StdoutLine: {'line': b'-- Searching for dependencies of ignition-common3-graphics\n'}
[0.545496] (robot) StdoutLine: {'line': b'-- Looking for ignition-math6 -- found version 6.15.1\n'}
[0.546096] (robot) StdoutLine: {'line': b'-- Looking for ignition-fuel_tools4 -- found version 4.4.0\n'}
[0.546344] (robot) StdoutLine: {'line': b'-- Searching for dependencies of ignition-fuel_tools4\n'}
[0.572610] (robot) StdoutLine: {'line': b"-- Checking for module 'jsoncpp'\n"}
[0.583113] (robot) StdoutLine: {'line': b'--   Found jsoncpp, version 1.9.5\n'}
[0.599962] (-) TimerEvent: {}
[0.613998] (robot) StdoutLine: {'line': b"-- Checking for module 'libzip'\n"}
[0.624146] (robot) StdoutLine: {'line': b'--   Found libzip, version 1.7.3\n'}
[0.649404] (robot) StdoutLine: {'line': b'-- Looking for ignition-common3 -- found version 3.14.0\n'}
[0.649639] (robot) StdoutLine: {'line': b'-- Looking for ignition-math6 -- found version 6.15.1\n'}
[0.649786] (robot) StdoutLine: {'line': b'-- Looking for ignition-msgs5 -- found version 5.8.1\n'}
[0.650705] (robot) StdoutLine: {'line': b'-- Gazebo version: 11.10\n'}
[0.651608] (robot) StdoutLine: {'line': b'-- Found robot_state_publisher: 3.0.3 (/opt/ros/humble/share/robot_state_publisher/cmake)\n'}
[0.664423] (robot) StdoutLine: {'line': b'-- Found eigen3_cmake_module: 0.1.1 (/opt/ros/humble/share/eigen3_cmake_module/cmake)\n'}
[0.665388] (robot) StdoutLine: {'line': b'-- Ensuring Eigen3 include directory is part of orocos-kdl CMake target\n'}
[0.700055] (-) TimerEvent: {}
[0.739036] (robot) StdoutLine: {'line': b'-- Found xacro: 2.0.8 (/opt/ros/humble/share/xacro/cmake)\n'}
[0.739654] (robot) StdoutLine: {'line': b'-- Found tf2_geometry_msgs: 0.25.11 (/opt/ros/humble/share/tf2_geometry_msgs/cmake)\n'}
[0.743244] (robot) StdoutLine: {'line': b'-- Found ament_lint_auto: 0.12.11 (/opt/ros/humble/share/ament_lint_auto/cmake)\n'}
[0.798750] (robot) StdoutLine: {'line': b"-- Added test 'cppcheck' to perform static code analysis on C / C++ code\n"}
[0.798994] (robot) StdoutLine: {'line': b'-- Configured cppcheck include dirs: \n'}
[0.799113] (robot) StdoutLine: {'line': b'-- Configured cppcheck exclude dirs and/or files: \n'}
[0.799708] (robot) StdoutLine: {'line': b"-- Added test 'flake8' to check Python code syntax and style conventions\n"}
[0.800110] (-) TimerEvent: {}
[0.801329] (robot) StdoutLine: {'line': b"-- Added test 'lint_cmake' to check CMake code style\n"}
[0.802153] (robot) StdoutLine: {'line': b"-- Added test 'pep257' to check Python code against some of the docstring style conventions in PEP 257\n"}
[0.807649] (robot) StdoutLine: {'line': b"-- Added test 'uncrustify' to check C / C++ code style\n"}
[0.807778] (robot) StdoutLine: {'line': b'-- Configured uncrustify additional arguments: \n'}
[0.808534] (robot) StdoutLine: {'line': b"-- Added test 'xmllint' to check XML markup files\n"}
[0.809159] (robot) StdoutLine: {'line': b'-- Configuring done\n'}
[0.816483] (robot) StdoutLine: {'line': b'-- Generating done\n'}
[0.819322] (robot) StdoutLine: {'line': b'-- Build files have been written to: /home/vighneshreddy/MRM_VighneshReddy/rover_ws/build/robot\n'}
[0.826888] (robot) CommandEnded: {'returncode': 0}
[0.827322] (robot) JobProgress: {'identifier': 'robot', 'progress': 'build'}
[0.827944] (robot) Command: {'cmd': ['/usr/bin/cmake', '--build', '/home/vighneshreddy/MRM_VighneshReddy/rover_ws/build/robot', '--', '-j22', '-l22'], 'cwd': '/home/vighneshreddy/MRM_VighneshReddy/rover_ws/build/robot', 'env': OrderedDict([('LANGUAGE', 'en_IN:en'), ('USER', 'vighneshreddy'), ('XDG_SESSION_TYPE', 'wayland'), ('SHLVL', '1'), ('LD_LIBRARY_PATH', '/usr/lib/x86_64-linux-gnu/gazebo-11/plugins:/opt/ros/humble/opt/rviz_ogre_vendor/lib:/opt/ros/humble/lib/x86_64-linux-gnu:/opt/ros/humble/lib'), ('HOME', '/home/vighneshreddy'), ('OLDPWD', '/home/vighneshreddy'), ('DESKTOP_SESSION', 'ubuntu'), ('ROS_PYTHON_VERSION', '3'), ('GNOME_SHELL_SESSION_MODE', 'ubuntu'), ('GTK_MODULES', 'gail:atk-bridge'), ('SYSTEMD_EXEC_PID', '1405'), ('DBUS_SESSION_BUS_ADDRESS', 'unix:path=/run/user/1000/bus'), ('COLORTERM', 'truecolor'), ('IM_CONFIG_PHASE', '1'), ('WAYLAND_DISPLAY', 'wayland-0'), ('COLCON_PREFIX_PATH', '/opt/ros/humble'), ('ROS_DISTRO', 'humble'), ('LOGNAME', 'vighneshreddy'), ('_', '/usr/bin/colcon'), ('ROS_VERSION', '2'), ('XDG_SESSION_CLASS', 'user'), ('USERNAME', 'vighneshreddy'), ('TERM', 'xterm-256color'), ('GNOME_DESKTOP_SESSION_ID', 'this-is-deprecated'), ('ROS_LOCALHOST_ONLY', '1'), ('PATH', '/opt/ros/humble/bin:/usr/local/sbin:/usr/local/bin:/usr/sbin:/usr/bin:/sbin:/bin:/usr/games:/usr/local/games:/snap/bin:/snap/bin'), ('SESSION_MANAGER', 'local/vighneshreddy-ASUS-Vivobook-S-15-S5506MA-S5506MA:@/tmp/.ICE-unix/1373,unix/vighneshreddy-ASUS-Vivobook-S-15-S5506MA-S5506MA:/tmp/.ICE-unix/1373'), ('XDG_MENU_PREFIX', 'gnome-'), ('GNOME_TERMINAL_SCREEN', '/org/gnome/Terminal/screen/1b7c12f4_b17e_49cb_a500_e0fe1a970bab'), ('GNOME_SETUP_DISPLAY', ':1'), ('XDG_RUNTIME_DIR', '/run/user/1000'), ('DISPLAY', ':0'), ('LANG', 'en_US.UTF-8'), ('XDG_CURRENT_DESKTOP', 'ubuntu:GNOME'), ('XMODIFIERS', '@im=ibus'), ('XDG_SESSION_DESKTOP', 'ubuntu'), ('XAUTHORITY', '/run/user/1000/.mutter-Xwaylandauth.MEIC12'), ('GNOME_TERMINAL_SERVICE', ':1.292'), ('SSH_AGENT_LAUNCHER', 'gnome-keyring'), ('SSH_AUTH_SOCK', '/run/user/1000/keyring/ssh'), ('ROS_DOMAIN_ID', '42'), ('AMENT_PREFIX_PATH', '/opt/ros/humble'), ('SHELL', '/bin/bash'), ('QT_ACCESSIBILITY', '1'), ('GDMSESSION', 'ubuntu'), ('QT_IM_MODULE', 'ibus'), ('PWD', '/home/vighneshreddy/MRM_VighneshReddy/rover_ws/build/robot'), ('LC_ALL', 'en_US.UTF-8'), ('XDG_CONFIG_DIRS', '/etc/xdg/xdg-ubuntu:/etc/xdg'), ('XDG_DATA_DIRS', '/usr/share/ubuntu:/usr/local/share/:/usr/share/:/var/lib/snapd/desktop'), ('PYTHONPATH', '/opt/ros/humble/lib/python3.10/site-packages:/opt/ros/humble/local/lib/python3.10/dist-packages'), ('COLCON', '1'), ('VTE_VERSION', '6800'), ('CMAKE_PREFIX_PATH', '/opt/ros/humble')]), 'shell': False}
[0.865307] (robot) StdoutLine: {'line': b'[ 50%] \x1b[32mBuilding CXX object CMakeFiles/navigation_node.dir/src/navigation_node.cpp.o\x1b[0m\n'}
[0.900241] (-) TimerEvent: {}
[1.000500] (-) TimerEvent: {}
[1.100772] (-) TimerEvent: {}
[1.201102] (-) TimerEvent: {}
[1.301430] (-) TimerEvent: {}
[1.401707] (-) TimerEvent: {}
[1.501992] (-) TimerEvent: {}
[1.602270] (-) TimerEvent: {}
[1.702549] (-) TimerEvent: {}
[1.802825] (-) TimerEvent: {}
[1.903164] (-) TimerEvent: {}
[2.003501] (-) TimerEvent: {}
[2.103834] (-) TimerEvent: {}
[2.204179] (-) TimerEvent: {}
[2.304599] (-) TimerEvent: {}
[2.404977] (-) TimerEvent: {}
[2.505431] (-) TimerEvent: {}
[2.605805] (-) TimerEvent: {}
[2.706170] (-) TimerEvent: {}
[2.806610] (-) TimerEvent: {}
[2.907085] (-) TimerEvent: {}
[3.007539] (-) TimerEvent: {}
[3.107883] (-) TimerEvent: {}
[3.208172] (-) TimerEvent: {}
[3.308507] (-) TimerEvent: {}
[3.408834] (-) TimerEvent: {}
[3.509112] (-) TimerEvent: {}
[3.609403] (-) TimerEvent: {}
[3.709723] (-) TimerEvent: {}
[3.810037] (-) TimerEvent: {}
[3.910373] (-) TimerEvent: {}
[4.010763] (-) TimerEvent: {}
[4.111102] (-) TimerEvent: {}
[4.211386] (-) TimerEvent: {}
[4.311662] (-) TimerEvent: {}
[4.411999] (-) TimerEvent: {}
[4.512318] (-) TimerEvent: {}
[4.612651] (-) TimerEvent: {}
[4.712973] (-) TimerEvent: {}
[4.813290] (-) TimerEvent: {}
[4.913794] (-) TimerEvent: {}
[5.014388] (-) TimerEvent: {}
[5.114669] (-) TimerEvent: {}
[5.214947] (-) TimerEvent: {}
[5.315348] (-) TimerEvent: {}
[5.415762] (-) TimerEvent: {}
[5.516023] (-) TimerEvent: {}
[5.616350] (-) TimerEvent: {}
[5.716714] (-) TimerEvent: {}
[5.816985] (-) TimerEvent: {}
[5.917270] (-) TimerEvent: {}
[6.017599] (-) TimerEvent: {}
[6.117846] (-) TimerEvent: {}
[6.218110] (-) TimerEvent: {}
[6.318411] (-) TimerEvent: {}
[6.418663] (-) TimerEvent: {}
[6.518904] (-) TimerEvent: {}
[6.619175] (-) TimerEvent: {}
[6.719494] (-) TimerEvent: {}
[6.819833] (-) TimerEvent: {}
[6.920126] (-) TimerEvent: {}
[7.020387] (-) TimerEvent: {}
[7.120689] (-) TimerEvent: {}
[7.220982] (-) TimerEvent: {}
[7.321233] (-) TimerEvent: {}
[7.421525] (-) TimerEvent: {}
[7.521813] (-) TimerEvent: {}
[7.622115] (-) TimerEvent: {}
[7.722388] (-) TimerEvent: {}
[7.822672] (-) TimerEvent: {}
[7.923001] (-) TimerEvent: {}
[8.023312] (-) TimerEvent: {}
[8.123597] (-) TimerEvent: {}
[8.223902] (-) TimerEvent: {}
[8.324182] (-) TimerEvent: {}
[8.424491] (-) TimerEvent: {}
[8.524809] (-) TimerEvent: {}
[8.527369] (robot) StdoutLine: {'line': b'[100%] \x1b[32m\x1b[1mLinking CXX executable navigation_node\x1b[0m\n'}
[8.624941] (-) TimerEvent: {}
[8.725292] (-) TimerEvent: {}
[8.825619] (-) TimerEvent: {}
[8.923007] (robot) StdoutLine: {'line': b'[100%] Built target navigation_node\n'}
[8.925699] (-) TimerEvent: {}
[8.933583] (robot) CommandEnded: {'returncode': 0}
[8.934212] (robot) JobProgress: {'identifier': 'robot', 'progress': 'install'}
[8.939978] (robot) Command: {'cmd': ['/usr/bin/cmake', '--install', '/home/vighneshreddy/MRM_VighneshReddy/rover_ws/build/robot'], 'cwd': '/home/vighneshreddy/MRM_VighneshReddy/rover_ws/build/robot', 'env': OrderedDict([('LANGUAGE', 'en_IN:en'), ('USER', 'vighneshreddy'), ('XDG_SESSION_TYPE', 'wayland'), ('SHLVL', '1'), ('LD_LIBRARY_PATH', '/usr/lib/x86_64-linux-gnu/gazebo-11/plugins:/opt/ros/humble/opt/rviz_ogre_vendor/lib:/opt/ros/humble/lib/x86_64-linux-gnu:/opt/ros/humble/lib'), ('HOME', '/home/vighneshreddy'), ('OLDPWD', '/home/vighneshreddy'), ('DESKTOP_SESSION', 'ubuntu'), ('ROS_PYTHON_VERSION', '3'), ('GNOME_SHELL_SESSION_MODE', 'ubuntu'), ('GTK_MODULES', 'gail:atk-bridge'), ('SYSTEMD_EXEC_PID', '1405'), ('DBUS_SESSION_BUS_ADDRESS', 'unix:path=/run/user/1000/bus'), ('COLORTERM', 'truecolor'), ('IM_CONFIG_PHASE', '1'), ('WAYLAND_DISPLAY', 'wayland-0'), ('COLCON_PREFIX_PATH', '/opt/ros/humble'), ('ROS_DISTRO', 'humble'), ('LOGNAME', 'vighneshreddy'), ('_', '/usr/bin/colcon'), ('ROS_VERSION', '2'), ('XDG_SESSION_CLASS', 'user'), ('USERNAME', 'vighneshreddy'), ('TERM', 'xterm-256color'), ('GNOME_DESKTOP_SESSION_ID', 'this-is-deprecated'), ('ROS_LOCALHOST_ONLY', '1'), ('PATH', '/opt/ros/humble/bin:/usr/local/sbin:/usr/local/bin:/usr/sbin:/usr/bin:/sbin:/bin:/usr/games:/usr/local/games:/snap/bin:/snap/bin'), ('SESSION_MANAGER', 'local/vighneshreddy-ASUS-Vivobook-S-15-S5506MA-S5506MA:@/tmp/.ICE-unix/1373,unix/vighneshreddy-ASUS-Vivobook-S-15-S5506MA-S5506MA:/tmp/.ICE-unix/1373'), ('XDG_MENU_PREFIX', 'gnome-'), ('GNOME_TERMINAL_SCREEN', '/org/gnome/Terminal/screen/1b7c12f4_b17e_49cb_a500_e0fe1a970bab'), ('GNOME_SETUP_DISPLAY', ':1'), ('XDG_RUNTIME_DIR', '/run/user/1000'), ('DISPLAY', ':0'), ('LANG', 'en_US.UTF-8'), ('XDG_CURRENT_DESKTOP', 'ubuntu:GNOME'), ('XMODIFIERS', '@im=ibus'), ('XDG_SESSION_DESKTOP', 'ubuntu'), ('XAUTHORITY', '/run/user/1000/.mutter-Xwaylandauth.MEIC12'), ('GNOME_TERMINAL_SERVICE', ':1.292'), ('SSH_AGENT_LAUNCHER', 'gnome-keyring'), ('SSH_AUTH_SOCK', '/run/user/1000/keyring/ssh'), ('ROS_DOMAIN_ID', '42'), ('AMENT_PREFIX_PATH', '/opt/ros/humble'), ('SHELL', '/bin/bash'), ('QT_ACCESSIBILITY', '1'), ('GDMSESSION', 'ubuntu'), ('QT_IM_MODULE', 'ibus'), ('PWD', '/home/vighneshreddy/MRM_VighneshReddy/rover_ws/build/robot'), ('LC_ALL', 'en_US.UTF-8'), ('XDG_CONFIG_DIRS', '/etc/xdg/xdg-ubuntu:/etc/xdg'), ('XDG_DATA_DIRS', '/usr/share/ubuntu:/usr/local/share/:/usr/share/:/var/lib/snapd/desktop'), ('PYTHONPATH', '/opt/ros/humble/lib/python3.10/site-packages:/opt/ros/humble/local/lib/python3.10/dist-packages'), ('COLCON', '1'), ('VTE_VERSION', '6800'), ('CMAKE_PREFIX_PATH', '/opt/ros/humble')]), 'shell': False}
[8.944155] (robot) StdoutLine: {'line': b'-- Install configuration: ""\n'}
[8.944300] (robot) StdoutLine: {'line': b'-- Installing: /home/vighneshreddy/MRM_VighneshReddy/rover_ws/install/robot/lib/robot/navigation_node\n'}
[8.947367] (robot) StdoutLine: {'line': b'-- Set runtime path of "/home/vighneshreddy/MRM_VighneshReddy/rover_ws/install/robot/lib/robot/navigation_node" to ""\n'}
[8.947504] (robot) StdoutLine: {'line': b'-- Installing: /home/vighneshreddy/MRM_VighneshReddy/rover_ws/install/robot/share/robot//launch\n'}
[8.947604] (robot) StdoutLine: {'line': b'-- Installing: /home/vighneshreddy/MRM_VighneshReddy/rover_ws/install/robot/share/robot//launch/display.launch.py\n'}
[8.947731] (robot) StdoutLine: {'line': b'-- Installing: /home/vighneshreddy/MRM_VighneshReddy/rover_ws/install/robot/share/robot//launch/gazebo.launch.py\n'}
[8.947799] (robot) StdoutLine: {'line': b'-- Installing: /home/vighneshreddy/MRM_VighneshReddy/rover_ws/install/robot/share/robot//launch/robot.launch.py\n'}
[8.947883] (robot) StdoutLine: {'line': b'-- Installing: /home/vighneshreddy/MRM_VighneshReddy/rover_ws/install/robot/share/robot//launch/gps.launch.py\n'}
[8.947959] (robot) StdoutLine: {'line': b'-- Installing: /home/vighneshreddy/MRM_VighneshReddy/rover_ws/install/robot/share/robot//urdf\n'}
[8.948042] (robot) StdoutLine: {'line': b'-- Installing: /home/vighneshreddy/MRM_VighneshReddy/rover_ws/install/robot/share/robot//urdf/material.xacro\n'}
[8.948122] (robot) StdoutLine: {'line': b'-- Installing: /home/vighneshreddy/MRM_VighneshReddy/rover_ws/install/robot/share/robot//urdf/stereo.xacro\n'}
[8.948199] (robot) StdoutLine: {'line': b'-- Installing: /home/vighneshreddy/MRM_VighneshReddy/rover_ws/install/robot/share/robot//urdf/robot.urdf.xacro\n'}
[8.948285] (robot) StdoutLine: {'line': b'-- Installing: /home/vighneshreddy/MRM_VighneshReddy/rover_ws/install/robot/share/robot//urdf/gps.xacro\n'}
[8.948364] (robot) StdoutLine: {'line': b'-- Installing: /home/vighneshreddy/MRM_VighneshReddy/rover_ws/install/robot/share/robot//urdf/lidar.xacro\n'}
[8.948440] (robot) StdoutLine: {'line': b'-- Installing: /home/vighneshreddy/MRM_VighneshReddy/rover_ws/install/robot/share/robot//urdf/inertial.xacro\n'}
[8.948528] (robot) StdoutLine: {'line': b'-- Installing: /home/vighneshreddy/MRM_VighneshReddy/rover_ws/install/robot/share/robot//urdf/imu.xacro\n'}
[8.948596] (robot) StdoutLine: {'line': b'-- Installing: /home/vighneshreddy/MRM_VighneshReddy/rover_ws/install/robot/share/robot//urdf/cam.xacro\n'}
[8.948715] (robot) StdoutLine: {'line': b'-- Installing: /home/vighneshreddy/MRM_VighneshReddy/rover_ws/install/robot/share/robot//rviz\n'}
[8.948981] (robot) StdoutLine: {'line': b'-- Installing: /home/vighneshreddy/MRM_VighneshReddy/rover_ws/install/robot/share/robot//rviz/config.rviz\n'}
[8.949314] (robot) StdoutLine: {'line': b'-- Installing: /home/vighneshreddy/MRM_VighneshReddy/rover_ws/install/robot/share/ament_index/resource_index/package_run_dependencies/robot\n'}
[8.949482] (robot) StdoutLine: {'line': b'-- Installing: /home/vighneshreddy/MRM_VighneshReddy/rover_ws/install/robot/share/ament_index/resource_index/parent_prefix_path/robot\n'}
[8.949674] (robot) StdoutLine: {'line': b'-- Installing: /home/vighneshreddy/MRM_VighneshReddy/rover_ws/install/robot/share/robot/environment/ament_prefix_path.sh\n'}
[8.949746] (robot) StdoutLine: {'line': b'-- Installing: /home/vighneshreddy/MRM_VighneshReddy/rover_ws/install/robot/share/robot/environment/ament_prefix_path.dsv\n'}
[8.949895] (robot) StdoutLine: {'line': b'-- Installing: /home/vighneshreddy/MRM_VighneshReddy/rover_ws/install/robot/share/robot/environment/path.sh\n'}
[8.950101] (robot) StdoutLine: {'line': b'-- Installing: /home/vighneshreddy/MRM_VighneshReddy/rover_ws/install/robot/share/robot/environment/path.dsv\n'}
[8.950166] (robot) StdoutLine: {'line': b'-- Installing: /home/vighneshreddy/MRM_VighneshReddy/rover_ws/install/robot/share/robot/local_setup.bash\n'}
[8.950254] (robot) StdoutLine: {'line': b'-- Installing: /home/vighneshreddy/MRM_VighneshReddy/rover_ws/install/robot/share/robot/local_setup.sh\n'}
[8.950453] (robot) StdoutLine: {'line': b'-- Installing: /home/vighneshreddy/MRM_VighneshReddy/rover_ws/install/robot/share/robot/local_setup.zsh\n'}
[8.950543] (robot) StdoutLine: {'line': b'-- Installing: /home/vighneshreddy/MRM_VighneshReddy/rover_ws/install/robot/share/robot/local_setup.dsv\n'}
[8.950726] (robot) StdoutLine: {'line': b'-- Installing: /home/vighneshreddy/MRM_VighneshReddy/rover_ws/install/robot/share/robot/package.dsv\n'}
[8.950875] (robot) StdoutLine: {'line': b'-- Installing: /home/vighneshreddy/MRM_VighneshReddy/rover_ws/install/robot/share/ament_index/resource_index/packages/robot\n'}
[8.950964] (robot) StdoutLine: {'line': b'-- Installing: /home/vighneshreddy/MRM_VighneshReddy/rover_ws/install/robot/share/robot/cmake/robotConfig.cmake\n'}
[8.951053] (robot) StdoutLine: {'line': b'-- Installing: /home/vighneshreddy/MRM_VighneshReddy/rover_ws/install/robot/share/robot/cmake/robotConfig-version.cmake\n'}
[8.951139] (robot) StdoutLine: {'line': b'-- Installing: /home/vighneshreddy/MRM_VighneshReddy/rover_ws/install/robot/share/robot/package.xml\n'}
[8.952695] (robot) CommandEnded: {'returncode': 0}
[8.964132] (robot) JobEnded: {'identifier': 'robot', 'rc': 0}
[8.964547] (-) EventReactorShutdown: {}
