[0.000000] (-) TimerEvent: {}
[0.000210] (robot) JobQueued: {'identifier': 'robot', 'dependencies': OrderedDict()}
[0.000258] (robot) JobStarted: {'identifier': 'robot'}
[0.005538] (robot) JobProgress: {'identifier': 'robot', 'progress': 'cmake'}
[0.006039] (robot) JobProgress: {'identifier': 'robot', 'progress': 'build'}
[0.006684] (robot) Command: {'cmd': ['/usr/bin/cmake', '--build', '/home/vighneshreddy/MRM_VighneshReddy/rover_ws/build/robot', '--', '-j22', '-l22'], 'cwd': '/home/vighneshreddy/MRM_VighneshReddy/rover_ws/build/robot', 'env': OrderedDict([('LANGUAGE', 'en_IN:en'), ('USER', 'vighneshreddy'), ('XDG_SESSION_TYPE', 'wayland'), ('SHLVL', '1'), ('LD_LIBRARY_PATH', '/usr/lib/x86_64-linux-gnu/gazebo-11/plugins:/opt/ros/humble/opt/rviz_ogre_vendor/lib:/opt/ros/humble/lib/x86_64-linux-gnu:/opt/ros/humble/lib'), ('HOME', '/home/vighneshreddy'), ('OLDPWD', '/home/vighneshreddy'), ('DESKTOP_SESSION', 'ubuntu'), ('ROS_PYTHON_VERSION', '3'), ('GNOME_SHELL_SESSION_MODE', 'ubuntu'), ('GTK_MODULES', 'gail:atk-bridge'), ('SYSTEMD_EXEC_PID', '1405'), ('DBUS_SESSION_BUS_ADDRESS', 'unix:path=/run/user/1000/bus'), ('COLORTERM', 'truecolor'), ('IM_CONFIG_PHASE', '1'), ('WAYLAND_DISPLAY', 'wayland-0'), ('COLCON_PREFIX_PATH', '/home/vighneshreddy/MRM_VighneshReddy/rover_ws/install:/opt/ros/humble'), ('ROS_DISTRO', 'humble'), ('LOGNAME', 'vighneshreddy'), ('_', '/usr/bin/colcon'), ('ROS_VERSION', '2'), ('XDG_SESSION_CLASS', 'user'), ('USERNAME', 'vighneshreddy'), ('TERM', 'xterm-256color'), ('GNOME_DESKTOP_SESSION_ID', 'this-is-deprecated'), ('ROS_LOCALHOST_ONLY', '1'), ('PATH', '/opt/ros/humble/bin:/usr/local/sbin:/usr/local/bin:/usr/sbin:/usr/bin:/sbin:/bin:/usr/games:/usr/local/games:/snap/bin:/snap/bin'), ('SESSION_MANAGER', 'local/vighneshreddy-ASUS-Vivobook-S-15-S5506MA-S5506MA:@/tmp/.ICE-unix/1373,unix/vighneshreddy-ASUS-Vivobook-S-15-S5506MA-S5506MA:/tmp/.ICE-unix/1373'), ('XDG_MENU_PREFIX', 'gnome-'), ('GNOME_TERMINAL_SCREEN', '/org/gnome/Terminal/screen/1bb09c3c_f265_4a98_bee5_fa48818d8597'), ('GNOME_SETUP_DISPLAY', ':1'), ('XDG_RUNTIME_DIR', '/run/user/1000'), ('DISPLAY', ':0'), ('LANG', 'en_US.UTF-8'), ('XDG_CURRENT_DESKTOP', 'ubuntu:GNOME'), ('XMODIFIERS', '@im=ibus'), ('XDG_SESSION_DESKTOP', 'ubuntu'), ('XAUTHORITY', '/run/user/1000/.mutter-Xwaylandauth.MEIC12'), ('GNOME_TERMINAL_SERVICE', ':1.337'), ('SSH_AGENT_LAUNCHER', 'gnome-keyring'), ('SSH_AUTH_SOCK', '/run/user/1000/keyring/ssh'), ('ROS_DOMAIN_ID', '42'), ('AMENT_PREFIX_PATH', '/home/vighneshreddy/MRM_VighneshReddy/rover_ws/install/robot:/opt/ros/humble'), ('SHELL', '/bin/bash'), ('QT_ACCESSIBILITY', '1'), ('GDMSESSION', 'ubuntu'), ('QT_IM_MODULE', 'ibus'), ('PWD', '/home/vighneshreddy/MRM_VighneshReddy/rover_ws/build/robot'), ('LC_ALL', 'en_US.UTF-8'), ('XDG_CONFIG_DIRS', '/etc/xdg/xdg-ubuntu:/etc/xdg'), ('XDG_DATA_DIRS', '/usr/share/ubuntu:/usr/local/share/:/usr/share/:/var/lib/snapd/desktop'), ('PYTHONPATH', '/opt/ros/humble/lib/python3.10/site-packages:/opt/ros/humble/local/lib/python3.10/dist-packages'), ('COLCON', '1'), ('VTE_VERSION', '6800'), ('CMAKE_PREFIX_PATH', '/home/vighneshreddy/MRM_VighneshReddy/rover_ws/install/robot:/opt/ros/humble')]), 'shell': False}
[0.043208] (robot) StdoutLine: {'line': b'\x1b[35m\x1b[1mConsolidate compiler generated dependencies of target navigation_node\x1b[0m\n'}
[0.054504] (robot) StdoutLine: {'line': b'[100%] Built target navigation_node\n'}
[0.062492] (robot) CommandEnded: {'returncode': 0}
[0.063514] (robot) JobProgress: {'identifier': 'robot', 'progress': 'install'}
[0.069356] (robot) Command: {'cmd': ['/usr/bin/cmake', '--install', '/home/vighneshreddy/MRM_VighneshReddy/rover_ws/build/robot'], 'cwd': '/home/vighneshreddy/MRM_VighneshReddy/rover_ws/build/robot', 'env': OrderedDict([('LANGUAGE', 'en_IN:en'), ('USER', 'vighneshreddy'), ('XDG_SESSION_TYPE', 'wayland'), ('SHLVL', '1'), ('LD_LIBRARY_PATH', '/usr/lib/x86_64-linux-gnu/gazebo-11/plugins:/opt/ros/humble/opt/rviz_ogre_vendor/lib:/opt/ros/humble/lib/x86_64-linux-gnu:/opt/ros/humble/lib'), ('HOME', '/home/vighneshreddy'), ('OLDPWD', '/home/vighneshreddy'), ('DESKTOP_SESSION', 'ubuntu'), ('ROS_PYTHON_VERSION', '3'), ('GNOME_SHELL_SESSION_MODE', 'ubuntu'), ('GTK_MODULES', 'gail:atk-bridge'), ('SYSTEMD_EXEC_PID', '1405'), ('DBUS_SESSION_BUS_ADDRESS', 'unix:path=/run/user/1000/bus'), ('COLORTERM', 'truecolor'), ('IM_CONFIG_PHASE', '1'), ('WAYLAND_DISPLAY', 'wayland-0'), ('COLCON_PREFIX_PATH', '/home/vighneshreddy/MRM_VighneshReddy/rover_ws/install:/opt/ros/humble'), ('ROS_DISTRO', 'humble'), ('LOGNAME', 'vighneshreddy'), ('_', '/usr/bin/colcon'), ('ROS_VERSION', '2'), ('XDG_SESSION_CLASS', 'user'), ('USERNAME', 'vighneshreddy'), ('TERM', 'xterm-256color'), ('GNOME_DESKTOP_SESSION_ID', 'this-is-deprecated'), ('ROS_LOCALHOST_ONLY', '1'), ('PATH', '/opt/ros/humble/bin:/usr/local/sbin:/usr/local/bin:/usr/sbin:/usr/bin:/sbin:/bin:/usr/games:/usr/local/games:/snap/bin:/snap/bin'), ('SESSION_MANAGER', 'local/vighneshreddy-ASUS-Vivobook-S-15-S5506MA-S5506MA:@/tmp/.ICE-unix/1373,unix/vighneshreddy-ASUS-Vivobook-S-15-S5506MA-S5506MA:/tmp/.ICE-unix/1373'), ('XDG_MENU_PREFIX', 'gnome-'), ('GNOME_TERMINAL_SCREEN', '/org/gnome/Terminal/screen/1bb09c3c_f265_4a98_bee5_fa48818d8597'), ('GNOME_SETUP_DISPLAY', ':1'), ('XDG_RUNTIME_DIR', '/run/user/1000'), ('DISPLAY', ':0'), ('LANG', 'en_US.UTF-8'), ('XDG_CURRENT_DESKTOP', 'ubuntu:GNOME'), ('XMODIFIERS', '@im=ibus'), ('XDG_SESSION_DESKTOP', 'ubuntu'), ('XAUTHORITY', '/run/user/1000/.mutter-Xwaylandauth.MEIC12'), ('GNOME_TERMINAL_SERVICE', ':1.337'), ('SSH_AGENT_LAUNCHER', 'gnome-keyring'), ('SSH_AUTH_SOCK', '/run/user/1000/keyring/ssh'), ('ROS_DOMAIN_ID', '42'), ('AMENT_PREFIX_PATH', '/home/vighneshreddy/MRM_VighneshReddy/rover_ws/install/robot:/opt/ros/humble'), ('SHELL', '/bin/bash'), ('QT_ACCESSIBILITY', '1'), ('GDMSESSION', 'ubuntu'), ('QT_IM_MODULE', 'ibus'), ('PWD', '/home/vighneshreddy/MRM_VighneshReddy/rover_ws/build/robot'), ('LC_ALL', 'en_US.UTF-8'), ('XDG_CONFIG_DIRS', '/etc/xdg/xdg-ubuntu:/etc/xdg'), ('XDG_DATA_DIRS', '/usr/share/ubuntu:/usr/local/share/:/usr/share/:/var/lib/snapd/desktop'), ('PYTHONPATH', '/opt/ros/humble/lib/python3.10/site-packages:/opt/ros/humble/local/lib/python3.10/dist-packages'), ('COLCON', '1'), ('VTE_VERSION', '6800'), ('CMAKE_PREFIX_PATH', '/home/vighneshreddy/MRM_VighneshReddy/rover_ws/install/robot:/opt/ros/humble')]), 'shell': False}
[0.074355] (robot) StdoutLine: {'line': b'-- Install configuration: ""\n'}
[0.074539] (robot) StdoutLine: {'line': b'-- Up-to-date: /home/vighneshreddy/MRM_VighneshReddy/rover_ws/install/robot/lib/robot/navigation_node\n'}
[0.074726] (robot) StdoutLine: {'line': b'-- Up-to-date: /home/vighneshreddy/MRM_VighneshReddy/rover_ws/install/robot/share/robot//launch\n'}
[0.074773] (robot) StdoutLine: {'line': b'-- Up-to-date: /home/vighneshreddy/MRM_VighneshReddy/rover_ws/install/robot/share/robot//launch/display.launch.py\n'}
[0.074813] (robot) StdoutLine: {'line': b'-- Up-to-date: /home/vighneshreddy/MRM_VighneshReddy/rover_ws/install/robot/share/robot//launch/gazebo.launch.py\n'}
[0.074875] (robot) StdoutLine: {'line': b'-- Up-to-date: /home/vighneshreddy/MRM_VighneshReddy/rover_ws/install/robot/share/robot//launch/robot.launch.py\n'}
[0.074912] (robot) StdoutLine: {'line': b'-- Up-to-date: /home/vighneshreddy/MRM_VighneshReddy/rover_ws/install/robot/share/robot//launch/gps.launch.py\n'}
[0.074949] (robot) StdoutLine: {'line': b'-- Up-to-date: /home/vighneshreddy/MRM_VighneshReddy/rover_ws/install/robot/share/robot//urdf\n'}
[0.074986] (robot) StdoutLine: {'line': b'-- Up-to-date: /home/vighneshreddy/MRM_VighneshReddy/rover_ws/install/robot/share/robot//urdf/material.xacro\n'}
[0.075027] (robot) StdoutLine: {'line': b'-- Up-to-date: /home/vighneshreddy/MRM_VighneshReddy/rover_ws/install/robot/share/robot//urdf/stereo.xacro\n'}
[0.075067] (robot) StdoutLine: {'line': b'-- Installing: /home/vighneshreddy/MRM_VighneshReddy/rover_ws/install/robot/share/robot//urdf/robot.urdf.xacro\n'}
[0.075802] (robot) StdoutLine: {'line': b'-- Up-to-date: /home/vighneshreddy/MRM_VighneshReddy/rover_ws/install/robot/share/robot//urdf/gps.xacro\n'}
[0.075927] (robot) StdoutLine: {'line': b'-- Up-to-date: /home/vighneshreddy/MRM_VighneshReddy/rover_ws/install/robot/share/robot//urdf/lidar.xacro\n'}
[0.075974] (robot) StdoutLine: {'line': b'-- Up-to-date: /home/vighneshreddy/MRM_VighneshReddy/rover_ws/install/robot/share/robot//urdf/inertial.xacro\n'}
[0.076014] (robot) StdoutLine: {'line': b'-- Up-to-date: /home/vighneshreddy/MRM_VighneshReddy/rover_ws/install/robot/share/robot//urdf/imu.xacro\n'}
[0.076053] (robot) StdoutLine: {'line': b'-- Up-to-date: /home/vighneshreddy/MRM_VighneshReddy/rover_ws/install/robot/share/robot//urdf/cam.xacro\n'}
[0.076092] (robot) StdoutLine: {'line': b'-- Up-to-date: /home/vighneshreddy/MRM_VighneshReddy/rover_ws/install/robot/share/robot//rviz\n'}
[0.076139] (robot) StdoutLine: {'line': b'-- Installing: /home/vighneshreddy/MRM_VighneshReddy/rover_ws/install/robot/share/robot//rviz/config.rviz\n'}
[0.076178] (robot) StdoutLine: {'line': b'-- Up-to-date: /home/vighneshreddy/MRM_VighneshReddy/rover_ws/install/robot/share/ament_index/resource_index/package_run_dependencies/robot\n'}
[0.076218] (robot) StdoutLine: {'line': b'-- Up-to-date: /home/vighneshreddy/MRM_VighneshReddy/rover_ws/install/robot/share/ament_index/resource_index/parent_prefix_path/robot\n'}
[0.076257] (robot) StdoutLine: {'line': b'-- Up-to-date: /home/vighneshreddy/MRM_VighneshReddy/rover_ws/install/robot/share/robot/environment/ament_prefix_path.sh\n'}
[0.076299] (robot) StdoutLine: {'line': b'-- Up-to-date: /home/vighneshreddy/MRM_VighneshReddy/rover_ws/install/robot/share/robot/environment/ament_prefix_path.dsv\n'}
[0.076339] (robot) StdoutLine: {'line': b'-- Up-to-date: /home/vighneshreddy/MRM_VighneshReddy/rover_ws/install/robot/share/robot/environment/path.sh\n'}
[0.076379] (robot) StdoutLine: {'line': b'-- Up-to-date: /home/vighneshreddy/MRM_VighneshReddy/rover_ws/install/robot/share/robot/environment/path.dsv\n'}
[0.076417] (robot) StdoutLine: {'line': b'-- Up-to-date: /home/vighneshreddy/MRM_VighneshReddy/rover_ws/install/robot/share/robot/local_setup.bash\n'}
[0.076455] (robot) StdoutLine: {'line': b'-- Up-to-date: /home/vighneshreddy/MRM_VighneshReddy/rover_ws/install/robot/share/robot/local_setup.sh\n'}
[0.076493] (robot) StdoutLine: {'line': b'-- Up-to-date: /home/vighneshreddy/MRM_VighneshReddy/rover_ws/install/robot/share/robot/local_setup.zsh\n'}
[0.076533] (robot) StdoutLine: {'line': b'-- Up-to-date: /home/vighneshreddy/MRM_VighneshReddy/rover_ws/install/robot/share/robot/local_setup.dsv\n'}
[0.076570] (robot) StdoutLine: {'line': b'-- Installing: /home/vighneshreddy/MRM_VighneshReddy/rover_ws/install/robot/share/robot/package.dsv\n'}
[0.076608] (robot) StdoutLine: {'line': b'-- Up-to-date: /home/vighneshreddy/MRM_VighneshReddy/rover_ws/install/robot/share/ament_index/resource_index/packages/robot\n'}
[0.076650] (robot) StdoutLine: {'line': b'-- Up-to-date: /home/vighneshreddy/MRM_VighneshReddy/rover_ws/install/robot/share/robot/cmake/robotConfig.cmake\n'}
[0.076690] (robot) StdoutLine: {'line': b'-- Up-to-date: /home/vighneshreddy/MRM_VighneshReddy/rover_ws/install/robot/share/robot/cmake/robotConfig-version.cmake\n'}
[0.076726] (robot) StdoutLine: {'line': b'-- Up-to-date: /home/vighneshreddy/MRM_VighneshReddy/rover_ws/install/robot/share/robot/package.xml\n'}
[0.077281] (robot) CommandEnded: {'returncode': 0}
[0.085777] (robot) JobEnded: {'identifier': 'robot', 'rc': 0}
[0.086219] (-) EventReactorShutdown: {}
