running egg_info
creating ../../build/robot_position/robot_position.egg-info
writing ../../build/robot_position/robot_position.egg-info/PKG-INFO
writing dependency_links to ../../build/robot_position/robot_position.egg-info/dependency_links.txt
writing entry points to ../../build/robot_position/robot_position.egg-info/entry_points.txt
writing requirements to ../../build/robot_position/robot_position.egg-info/requires.txt
writing top-level names to ../../build/robot_position/robot_position.egg-info/top_level.txt
writing manifest file '../../build/robot_position/robot_position.egg-info/SOURCES.txt'
reading manifest file '../../build/robot_position/robot_position.egg-info/SOURCES.txt'
writing manifest file '../../build/robot_position/robot_position.egg-info/SOURCES.txt'
running build
running build_py
creating /home/vighneshreddy/rover_ws/build/robot_position/build
creating /home/vighneshreddy/rover_ws/build/robot_position/build/lib
creating /home/vighneshreddy/rover_ws/build/robot_position/build/lib/robot_position
copying robot_position/__init__.py -> /home/vighneshreddy/rover_ws/build/robot_position/build/lib/robot_position
copying robot_position/get_position.py -> /home/vighneshreddy/rover_ws/build/robot_position/build/lib/robot_position
running install
running install_lib
creating /home/vighneshreddy/rover_ws/install/robot_position/lib/python3.10/site-packages/robot_position
copying /home/vighneshreddy/rover_ws/build/robot_position/build/lib/robot_position/__init__.py -> /home/vighneshreddy/rover_ws/install/robot_position/lib/python3.10/site-packages/robot_position
copying /home/vighneshreddy/rover_ws/build/robot_position/build/lib/robot_position/get_position.py -> /home/vighneshreddy/rover_ws/install/robot_position/lib/python3.10/site-packages/robot_position
byte-compiling /home/vighneshreddy/rover_ws/install/robot_position/lib/python3.10/site-packages/robot_position/__init__.py to __init__.cpython-310.pyc
byte-compiling /home/vighneshreddy/rover_ws/install/robot_position/lib/python3.10/site-packages/robot_position/get_position.py to get_position.cpython-310.pyc
running install_data
creating /home/vighneshreddy/rover_ws/install/robot_position/share/ament_index/resource_index/ament_package
copying package.xml -> /home/vighneshreddy/rover_ws/install/robot_position/share/ament_index/resource_index/ament_package
running install_egg_info
Copying ../../build/robot_position/robot_position.egg-info to /home/vighneshreddy/rover_ws/install/robot_position/lib/python3.10/site-packages/robot_position-0.0.0-py3.10.egg-info
running install_scripts
Installing get_position script to /home/vighneshreddy/rover_ws/install/robot_position/lib/robot_position
writing list of installed files to '/home/vighneshreddy/rover_ws/build/robot_position/install.log'
