[0.366s] Invoking command in '/home/vighneshreddy/rover_ws/src/robot_position': PYTHONPATH=/home/vighneshreddy/rover_ws/build/robot_position/prefix_override:/usr/lib/python3/dist-packages/colcon_core/task/python/colcon_distutils_commands:/home/vighneshreddy/rover_ws/install/robot_position/lib/python3.10/site-packages:${PYTHONPATH} /usr/bin/python3 -W ignore:setup.py install is deprecated -W ignore:easy_install command is deprecated setup.py egg_info --egg-base ../../build/robot_position build --build-base /home/vighneshreddy/rover_ws/build/robot_position/build install --record /home/vighneshreddy/rover_ws/build/robot_position/install.log --single-version-externally-managed install_data
[0.493s] running egg_info
[0.493s] creating ../../build/robot_position/robot_position.egg-info
[0.493s] writing ../../build/robot_position/robot_position.egg-info/PKG-INFO
[0.493s] writing dependency_links to ../../build/robot_position/robot_position.egg-info/dependency_links.txt
[0.493s] writing entry points to ../../build/robot_position/robot_position.egg-info/entry_points.txt
[0.494s] writing requirements to ../../build/robot_position/robot_position.egg-info/requires.txt
[0.494s] writing top-level names to ../../build/robot_position/robot_position.egg-info/top_level.txt
[0.494s] writing manifest file '../../build/robot_position/robot_position.egg-info/SOURCES.txt'
[0.494s] reading manifest file '../../build/robot_position/robot_position.egg-info/SOURCES.txt'
[0.495s] writing manifest file '../../build/robot_position/robot_position.egg-info/SOURCES.txt'
[0.495s] running build
[0.495s] running build_py
[0.495s] creating /home/vighneshreddy/rover_ws/build/robot_position/build
[0.495s] creating /home/vighneshreddy/rover_ws/build/robot_position/build/lib
[0.495s] creating /home/vighneshreddy/rover_ws/build/robot_position/build/lib/robot_position
[0.495s] copying robot_position/__init__.py -> /home/vighneshreddy/rover_ws/build/robot_position/build/lib/robot_position
[0.495s] copying robot_position/get_position.py -> /home/vighneshreddy/rover_ws/build/robot_position/build/lib/robot_position
[0.495s] running install
[0.496s] running install_lib
[0.496s] creating /home/vighneshreddy/rover_ws/install/robot_position/lib/python3.10/site-packages/robot_position
[0.496s] copying /home/vighneshreddy/rover_ws/build/robot_position/build/lib/robot_position/__init__.py -> /home/vighneshreddy/rover_ws/install/robot_position/lib/python3.10/site-packages/robot_position
[0.496s] copying /home/vighneshreddy/rover_ws/build/robot_position/build/lib/robot_position/get_position.py -> /home/vighneshreddy/rover_ws/install/robot_position/lib/python3.10/site-packages/robot_position
[0.496s] byte-compiling /home/vighneshreddy/rover_ws/install/robot_position/lib/python3.10/site-packages/robot_position/__init__.py to __init__.cpython-310.pyc
[0.496s] byte-compiling /home/vighneshreddy/rover_ws/install/robot_position/lib/python3.10/site-packages/robot_position/get_position.py to get_position.cpython-310.pyc
[0.496s] running install_data
[0.497s] creating /home/vighneshreddy/rover_ws/install/robot_position/share/ament_index/resource_index/ament_package
[0.497s] copying package.xml -> /home/vighneshreddy/rover_ws/install/robot_position/share/ament_index/resource_index/ament_package
[0.497s] running install_egg_info
[0.498s] Copying ../../build/robot_position/robot_position.egg-info to /home/vighneshreddy/rover_ws/install/robot_position/lib/python3.10/site-packages/robot_position-0.0.0-py3.10.egg-info
[0.498s] running install_scripts
[0.510s] Installing get_position script to /home/vighneshreddy/rover_ws/install/robot_position/lib/robot_position
[0.510s] writing list of installed files to '/home/vighneshreddy/rover_ws/build/robot_position/install.log'
[0.524s] Invoked command in '/home/vighneshreddy/rover_ws/src/robot_position' returned '0': PYTHONPATH=/home/vighneshreddy/rover_ws/build/robot_position/prefix_override:/usr/lib/python3/dist-packages/colcon_core/task/python/colcon_distutils_commands:/home/vighneshreddy/rover_ws/install/robot_position/lib/python3.10/site-packages:${PYTHONPATH} /usr/bin/python3 -W ignore:setup.py install is deprecated -W ignore:easy_install command is deprecated setup.py egg_info --egg-base ../../build/robot_position build --build-base /home/vighneshreddy/rover_ws/build/robot_position/build install --record /home/vighneshreddy/rover_ws/build/robot_position/install.log --single-version-externally-managed install_data
