[0.283s] Invoking command in '/home/vighneshreddy/MRM_VighneshReddy/rover_ws/build/rover_navigation': /usr/bin/cmake /home/vighneshreddy/MRM_VighneshReddy/rover_ws/src/rover_navigation -DCMAKE_INSTALL_PREFIX=/home/vighneshreddy/MRM_VighneshReddy/rover_ws/install/rover_navigation
[0.360s] -- The C compiler identification is GNU 11.4.0
[0.428s] -- The CXX compiler identification is GNU 11.4.0
[0.437s] -- Detecting C compiler ABI info
[0.529s] -- Detecting C compiler ABI info - done
[0.539s] -- Check for working C compiler: /usr/bin/cc - skipped
[0.539s] -- Detecting C compile features
[0.540s] -- Detecting C compile features - done
[0.544s] -- Detecting CXX compiler ABI info
[0.647s] -- Detecting CXX compiler ABI info - done
[0.657s] -- Check for working CXX compiler: /usr/bin/c++ - skipped
[0.657s] -- Detecting CXX compile features
[0.658s] -- Detecting CXX compile features - done
[0.661s] -- Found ament_cmake: 1.3.11 (/opt/ros/humble/share/ament_cmake/cmake)
[0.840s] -- Found Python3: /usr/bin/python3 (found version "3.10.12") found components: Interpreter 
[0.965s] -- Found rclcpp: 16.0.11 (/opt/ros/humble/share/rclcpp/cmake)
[1.011s] -- Found rosidl_generator_c: 3.1.6 (/opt/ros/humble/share/rosidl_generator_c/cmake)
[1.018s] -- Found rosidl_adapter: 3.1.6 (/opt/ros/humble/share/rosidl_adapter/cmake)
[1.032s] -- Found rosidl_generator_cpp: 3.1.6 (/opt/ros/humble/share/rosidl_generator_cpp/cmake)
[1.044s] -- Using all available rosidl_typesupport_c: rosidl_typesupport_fastrtps_c;rosidl_typesupport_introspection_c
[1.060s] -- Using all available rosidl_typesupport_cpp: rosidl_typesupport_fastrtps_cpp;rosidl_typesupport_introspection_cpp
[1.104s] -- Found rmw_implementation_cmake: 6.1.2 (/opt/ros/humble/share/rmw_implementation_cmake/cmake)
[1.106s] -- Found rmw_fastrtps_cpp: 6.2.7 (/opt/ros/humble/share/rmw_fastrtps_cpp/cmake)
[1.198s] -- Found OpenSSL: /usr/lib/x86_64-linux-gnu/libcrypto.so (found version "3.0.2")  
[1.233s] -- Found FastRTPS: /opt/ros/humble/include  
[1.286s] -- Using RMW implementation 'rmw_fastrtps_cpp' as default
[1.296s] -- Looking for pthread.h
[1.394s] -- Looking for pthread.h - found
[1.394s] -- Performing Test CMAKE_HAVE_LIBC_PTHREAD
[1.491s] -- Performing Test CMAKE_HAVE_LIBC_PTHREAD - Success
[1.493s] -- Found Threads: TRUE  
[1.555s] -- Found geometry_msgs: 4.2.4 (/opt/ros/humble/share/geometry_msgs/cmake)
[1.568s] -- Found nav_msgs: 4.2.4 (/opt/ros/humble/share/nav_msgs/cmake)
[1.585s] -- Found tf2: 0.25.9 (/opt/ros/humble/share/tf2/cmake)
[1.595s] -- Found tf2_ros: 0.25.9 (/opt/ros/humble/share/tf2_ros/cmake)
[1.751s] -- Configuring done
[1.762s] -- Generating done
[1.766s] -- Build files have been written to: /home/vighneshreddy/MRM_VighneshReddy/rover_ws/build/rover_navigation
[1.780s] Invoked command in '/home/vighneshreddy/MRM_VighneshReddy/rover_ws/build/rover_navigation' returned '0': /usr/bin/cmake /home/vighneshreddy/MRM_VighneshReddy/rover_ws/src/rover_navigation -DCMAKE_INSTALL_PREFIX=/home/vighneshreddy/MRM_VighneshReddy/rover_ws/install/rover_navigation
[1.781s] Invoking command in '/home/vighneshreddy/MRM_VighneshReddy/rover_ws/build/rover_navigation': /usr/bin/cmake --build /home/vighneshreddy/MRM_VighneshReddy/rover_ws/build/rover_navigation -- -j22 -l22
[1.845s] [ 50%] [32mBuilding CXX object CMakeFiles/navigation_node.dir/src/navigation_node.cpp.o[0m
[11.274s] [100%] [32m[1mLinking CXX executable navigation_node[0m
[11.734s] [100%] Built target navigation_node
[11.751s] Invoked command in '/home/vighneshreddy/MRM_VighneshReddy/rover_ws/build/rover_navigation' returned '0': /usr/bin/cmake --build /home/vighneshreddy/MRM_VighneshReddy/rover_ws/build/rover_navigation -- -j22 -l22
[11.753s] Invoking command in '/home/vighneshreddy/MRM_VighneshReddy/rover_ws/build/rover_navigation': /usr/bin/cmake --install /home/vighneshreddy/MRM_VighneshReddy/rover_ws/build/rover_navigation
[11.763s] -- Install configuration: ""
[11.763s] -- Installing: /home/vighneshreddy/MRM_VighneshReddy/rover_ws/install/rover_navigation/lib/rover_navigation/navigation_node
[11.767s] -- Set runtime path of "/home/vighneshreddy/MRM_VighneshReddy/rover_ws/install/rover_navigation/lib/rover_navigation/navigation_node" to ""
[11.767s] -- Installing: /home/vighneshreddy/MRM_VighneshReddy/rover_ws/install/rover_navigation/share/rover_navigation/launch
[11.767s] -- Installing: /home/vighneshreddy/MRM_VighneshReddy/rover_ws/install/rover_navigation/share/rover_navigation/launch/rover_navigation.launch.py
[11.768s] -- Installing: /home/vighneshreddy/MRM_VighneshReddy/rover_ws/install/rover_navigation/share/ament_index/resource_index/package_run_dependencies/rover_navigation
[11.768s] -- Installing: /home/vighneshreddy/MRM_VighneshReddy/rover_ws/install/rover_navigation/share/ament_index/resource_index/parent_prefix_path/rover_navigation
[11.768s] -- Installing: /home/vighneshreddy/MRM_VighneshReddy/rover_ws/install/rover_navigation/share/rover_navigation/environment/ament_prefix_path.sh
[11.768s] -- Installing: /home/vighneshreddy/MRM_VighneshReddy/rover_ws/install/rover_navigation/share/rover_navigation/environment/ament_prefix_path.dsv
[11.768s] -- Installing: /home/vighneshreddy/MRM_VighneshReddy/rover_ws/install/rover_navigation/share/rover_navigation/environment/path.sh
[11.768s] -- Installing: /home/vighneshreddy/MRM_VighneshReddy/rover_ws/install/rover_navigation/share/rover_navigation/environment/path.dsv
[11.768s] -- Installing: /home/vighneshreddy/MRM_VighneshReddy/rover_ws/install/rover_navigation/share/rover_navigation/local_setup.bash
[11.768s] -- Installing: /home/vighneshreddy/MRM_VighneshReddy/rover_ws/install/rover_navigation/share/rover_navigation/local_setup.sh
[11.769s] -- Installing: /home/vighneshreddy/MRM_VighneshReddy/rover_ws/install/rover_navigation/share/rover_navigation/local_setup.zsh
[11.769s] -- Installing: /home/vighneshreddy/MRM_VighneshReddy/rover_ws/install/rover_navigation/share/rover_navigation/local_setup.dsv
[11.769s] -- Installing: /home/vighneshreddy/MRM_VighneshReddy/rover_ws/install/rover_navigation/share/rover_navigation/package.dsv
[11.769s] -- Installing: /home/vighneshreddy/MRM_VighneshReddy/rover_ws/install/rover_navigation/share/ament_index/resource_index/packages/rover_navigation
[11.769s] -- Installing: /home/vighneshreddy/MRM_VighneshReddy/rover_ws/install/rover_navigation/share/rover_navigation/cmake/rover_navigationConfig.cmake
[11.769s] -- Installing: /home/vighneshreddy/MRM_VighneshReddy/rover_ws/install/rover_navigation/share/rover_navigation/cmake/rover_navigationConfig-version.cmake
[11.769s] -- Installing: /home/vighneshreddy/MRM_VighneshReddy/rover_ws/install/rover_navigation/share/rover_navigation/package.xml
[11.772s] Invoked command in '/home/vighneshreddy/MRM_VighneshReddy/rover_ws/build/rover_navigation' returned '0': /usr/bin/cmake --install /home/vighneshreddy/MRM_VighneshReddy/rover_ws/build/rover_navigation
