[0.058s] DEBUG:colcon:Command line arguments: ['/usr/bin/colcon', 'build']
[0.058s] DEBUG:colcon:Parsed command line arguments: Namespace(log_base=None, log_level=None, verb_name='build', build_base='build', install_base='install', merge_install=False, symlink_install=False, test_result_base=None, continue_on_error=False, executor='parallel', parallel_workers=22, event_handlers=None, ignore_user_meta=False, metas=['./colcon.meta'], base_paths=['.'], packages_ignore=None, packages_ignore_regex=None, paths=None, packages_up_to=None, packages_up_to_regex=None, packages_above=None, packages_above_and_dependencies=None, packages_above_depth=None, packages_select_by_dep=None, packages_skip_by_dep=None, packages_skip_up_to=None, packages_select_build_failed=False, packages_skip_build_finished=False, packages_select_test_failures=False, packages_skip_test_passed=False, packages_select=None, packages_skip=None, packages_select_regex=None, packages_skip_regex=None, packages_start=None, packages_end=None, allow_overriding=[], cmake_args=None, cmake_target=None, cmake_target_skip_unavailable=False, cmake_clean_cache=False, cmake_clean_first=False, cmake_force_configure=False, ament_cmake_args=None, catkin_cmake_args=None, catkin_skip_building_tests=False, mixin_files=None, mixin=None, verb_parser=<colcon_mixin.mixin.mixin_argument.MixinArgumentDecorator object at 0x71fa62f4e740>, verb_extension=<colcon_core.verb.build.BuildVerb object at 0x71fa62f4e290>, main=<bound method BuildVerb.main of <colcon_core.verb.build.BuildVerb object at 0x71fa62f4e290>>, mixin_verb=('build',))
[0.147s] Level 1:colcon.colcon_core.package_discovery:discover_packages(colcon_meta) check parameters
[0.147s] Level 1:colcon.colcon_core.package_discovery:discover_packages(recursive) check parameters
[0.147s] Level 1:colcon.colcon_core.package_discovery:discover_packages(ignore) check parameters
[0.147s] Level 1:colcon.colcon_core.package_discovery:discover_packages(path) check parameters
[0.147s] Level 1:colcon.colcon_core.package_discovery:discover_packages(colcon_meta) discover
[0.147s] Level 1:colcon.colcon_core.package_discovery:discover_packages(recursive) discover
[0.147s] INFO:colcon.colcon_core.package_discovery:Crawling recursively for packages in '/home/vighneshreddy/MRM_VighneshReddy'
[0.147s] Level 1:colcon.colcon_core.package_identification:_identify(.) by extensions ['ignore', 'ignore_ament_install']
[0.147s] Level 1:colcon.colcon_core.package_identification:_identify(.) by extension 'ignore'
[0.147s] Level 1:colcon.colcon_core.package_identification:_identify(.) by extension 'ignore_ament_install'
[0.147s] Level 1:colcon.colcon_core.package_identification:_identify(.) by extensions ['colcon_pkg']
[0.147s] Level 1:colcon.colcon_core.package_identification:_identify(.) by extension 'colcon_pkg'
[0.147s] Level 1:colcon.colcon_core.package_identification:_identify(.) by extensions ['colcon_meta']
[0.147s] Level 1:colcon.colcon_core.package_identification:_identify(.) by extension 'colcon_meta'
[0.147s] Level 1:colcon.colcon_core.package_identification:_identify(.) by extensions ['ros']
[0.147s] Level 1:colcon.colcon_core.package_identification:_identify(.) by extension 'ros'
[0.153s] Level 1:colcon.colcon_core.package_identification:_identify(.) by extensions ['cmake', 'python']
[0.153s] Level 1:colcon.colcon_core.package_identification:_identify(.) by extension 'cmake'
[0.153s] Level 1:colcon.colcon_core.package_identification:_identify(.) by extension 'python'
[0.153s] Level 1:colcon.colcon_core.package_identification:_identify(.) by extensions ['python_setup_py']
[0.153s] Level 1:colcon.colcon_core.package_identification:_identify(.) by extension 'python_setup_py'
[0.154s] Level 1:colcon.colcon_core.package_identification:_identify(C++ Course 1) by extensions ['ignore', 'ignore_ament_install']
[0.154s] Level 1:colcon.colcon_core.package_identification:_identify(C++ Course 1) by extension 'ignore'
[0.154s] Level 1:colcon.colcon_core.package_identification:_identify(C++ Course 1) by extension 'ignore_ament_install'
[0.154s] Level 1:colcon.colcon_core.package_identification:_identify(C++ Course 1) by extensions ['colcon_pkg']
[0.154s] Level 1:colcon.colcon_core.package_identification:_identify(C++ Course 1) by extension 'colcon_pkg'
[0.154s] Level 1:colcon.colcon_core.package_identification:_identify(C++ Course 1) by extensions ['colcon_meta']
[0.154s] Level 1:colcon.colcon_core.package_identification:_identify(C++ Course 1) by extension 'colcon_meta'
[0.154s] Level 1:colcon.colcon_core.package_identification:_identify(C++ Course 1) by extensions ['ros']
[0.154s] Level 1:colcon.colcon_core.package_identification:_identify(C++ Course 1) by extension 'ros'
[0.154s] Level 1:colcon.colcon_core.package_identification:_identify(C++ Course 1) by extensions ['cmake', 'python']
[0.154s] Level 1:colcon.colcon_core.package_identification:_identify(C++ Course 1) by extension 'cmake'
[0.154s] Level 1:colcon.colcon_core.package_identification:_identify(C++ Course 1) by extension 'python'
[0.154s] Level 1:colcon.colcon_core.package_identification:_identify(C++ Course 1) by extensions ['python_setup_py']
[0.154s] Level 1:colcon.colcon_core.package_identification:_identify(C++ Course 1) by extension 'python_setup_py'
[0.154s] Level 1:colcon.colcon_core.package_identification:_identify(C++ Course 1/Module 1) by extensions ['ignore', 'ignore_ament_install']
[0.154s] Level 1:colcon.colcon_core.package_identification:_identify(C++ Course 1/Module 1) by extension 'ignore'
[0.154s] Level 1:colcon.colcon_core.package_identification:_identify(C++ Course 1/Module 1) by extension 'ignore_ament_install'
[0.154s] Level 1:colcon.colcon_core.package_identification:_identify(C++ Course 1/Module 1) by extensions ['colcon_pkg']
[0.154s] Level 1:colcon.colcon_core.package_identification:_identify(C++ Course 1/Module 1) by extension 'colcon_pkg'
[0.154s] Level 1:colcon.colcon_core.package_identification:_identify(C++ Course 1/Module 1) by extensions ['colcon_meta']
[0.154s] Level 1:colcon.colcon_core.package_identification:_identify(C++ Course 1/Module 1) by extension 'colcon_meta'
[0.154s] Level 1:colcon.colcon_core.package_identification:_identify(C++ Course 1/Module 1) by extensions ['ros']
[0.154s] Level 1:colcon.colcon_core.package_identification:_identify(C++ Course 1/Module 1) by extension 'ros'
[0.154s] Level 1:colcon.colcon_core.package_identification:_identify(C++ Course 1/Module 1) by extensions ['cmake', 'python']
[0.154s] Level 1:colcon.colcon_core.package_identification:_identify(C++ Course 1/Module 1) by extension 'cmake'
[0.154s] Level 1:colcon.colcon_core.package_identification:_identify(C++ Course 1/Module 1) by extension 'python'
[0.154s] Level 1:colcon.colcon_core.package_identification:_identify(C++ Course 1/Module 1) by extensions ['python_setup_py']
[0.154s] Level 1:colcon.colcon_core.package_identification:_identify(C++ Course 1/Module 1) by extension 'python_setup_py'
[0.154s] Level 1:colcon.colcon_core.package_identification:_identify(C++ Course 1/Module 2) by extensions ['ignore', 'ignore_ament_install']
[0.154s] Level 1:colcon.colcon_core.package_identification:_identify(C++ Course 1/Module 2) by extension 'ignore'
[0.154s] Level 1:colcon.colcon_core.package_identification:_identify(C++ Course 1/Module 2) by extension 'ignore_ament_install'
[0.154s] Level 1:colcon.colcon_core.package_identification:_identify(C++ Course 1/Module 2) by extensions ['colcon_pkg']
[0.154s] Level 1:colcon.colcon_core.package_identification:_identify(C++ Course 1/Module 2) by extension 'colcon_pkg'
[0.154s] Level 1:colcon.colcon_core.package_identification:_identify(C++ Course 1/Module 2) by extensions ['colcon_meta']
[0.154s] Level 1:colcon.colcon_core.package_identification:_identify(C++ Course 1/Module 2) by extension 'colcon_meta'
[0.154s] Level 1:colcon.colcon_core.package_identification:_identify(C++ Course 1/Module 2) by extensions ['ros']
[0.154s] Level 1:colcon.colcon_core.package_identification:_identify(C++ Course 1/Module 2) by extension 'ros'
[0.154s] Level 1:colcon.colcon_core.package_identification:_identify(C++ Course 1/Module 2) by extensions ['cmake', 'python']
[0.154s] Level 1:colcon.colcon_core.package_identification:_identify(C++ Course 1/Module 2) by extension 'cmake'
[0.154s] Level 1:colcon.colcon_core.package_identification:_identify(C++ Course 1/Module 2) by extension 'python'
[0.154s] Level 1:colcon.colcon_core.package_identification:_identify(C++ Course 1/Module 2) by extensions ['python_setup_py']
[0.154s] Level 1:colcon.colcon_core.package_identification:_identify(C++ Course 1/Module 2) by extension 'python_setup_py'
[0.155s] Level 1:colcon.colcon_core.package_identification:_identify(C++ Course 1/Module 3) by extensions ['ignore', 'ignore_ament_install']
[0.155s] Level 1:colcon.colcon_core.package_identification:_identify(C++ Course 1/Module 3) by extension 'ignore'
[0.155s] Level 1:colcon.colcon_core.package_identification:_identify(C++ Course 1/Module 3) by extension 'ignore_ament_install'
[0.155s] Level 1:colcon.colcon_core.package_identification:_identify(C++ Course 1/Module 3) by extensions ['colcon_pkg']
[0.155s] Level 1:colcon.colcon_core.package_identification:_identify(C++ Course 1/Module 3) by extension 'colcon_pkg'
[0.155s] Level 1:colcon.colcon_core.package_identification:_identify(C++ Course 1/Module 3) by extensions ['colcon_meta']
[0.155s] Level 1:colcon.colcon_core.package_identification:_identify(C++ Course 1/Module 3) by extension 'colcon_meta'
[0.155s] Level 1:colcon.colcon_core.package_identification:_identify(C++ Course 1/Module 3) by extensions ['ros']
[0.155s] Level 1:colcon.colcon_core.package_identification:_identify(C++ Course 1/Module 3) by extension 'ros'
[0.155s] Level 1:colcon.colcon_core.package_identification:_identify(C++ Course 1/Module 3) by extensions ['cmake', 'python']
[0.155s] Level 1:colcon.colcon_core.package_identification:_identify(C++ Course 1/Module 3) by extension 'cmake'
[0.155s] Level 1:colcon.colcon_core.package_identification:_identify(C++ Course 1/Module 3) by extension 'python'
[0.155s] Level 1:colcon.colcon_core.package_identification:_identify(C++ Course 1/Module 3) by extensions ['python_setup_py']
[0.155s] Level 1:colcon.colcon_core.package_identification:_identify(C++ Course 1/Module 3) by extension 'python_setup_py'
[0.155s] Level 1:colcon.colcon_core.package_identification:_identify(C++ Course 1/Module 4) by extensions ['ignore', 'ignore_ament_install']
[0.155s] Level 1:colcon.colcon_core.package_identification:_identify(C++ Course 1/Module 4) by extension 'ignore'
[0.155s] Level 1:colcon.colcon_core.package_identification:_identify(C++ Course 1/Module 4) by extension 'ignore_ament_install'
[0.155s] Level 1:colcon.colcon_core.package_identification:_identify(C++ Course 1/Module 4) by extensions ['colcon_pkg']
[0.155s] Level 1:colcon.colcon_core.package_identification:_identify(C++ Course 1/Module 4) by extension 'colcon_pkg'
[0.155s] Level 1:colcon.colcon_core.package_identification:_identify(C++ Course 1/Module 4) by extensions ['colcon_meta']
[0.155s] Level 1:colcon.colcon_core.package_identification:_identify(C++ Course 1/Module 4) by extension 'colcon_meta'
[0.155s] Level 1:colcon.colcon_core.package_identification:_identify(C++ Course 1/Module 4) by extensions ['ros']
[0.155s] Level 1:colcon.colcon_core.package_identification:_identify(C++ Course 1/Module 4) by extension 'ros'
[0.155s] Level 1:colcon.colcon_core.package_identification:_identify(C++ Course 1/Module 4) by extensions ['cmake', 'python']
[0.155s] Level 1:colcon.colcon_core.package_identification:_identify(C++ Course 1/Module 4) by extension 'cmake'
[0.155s] Level 1:colcon.colcon_core.package_identification:_identify(C++ Course 1/Module 4) by extension 'python'
[0.155s] Level 1:colcon.colcon_core.package_identification:_identify(C++ Course 1/Module 4) by extensions ['python_setup_py']
[0.155s] Level 1:colcon.colcon_core.package_identification:_identify(C++ Course 1/Module 4) by extension 'python_setup_py'
[0.155s] Level 1:colcon.colcon_core.package_identification:_identify(C++ Course 2) by extensions ['ignore', 'ignore_ament_install']
[0.155s] Level 1:colcon.colcon_core.package_identification:_identify(C++ Course 2) by extension 'ignore'
[0.155s] Level 1:colcon.colcon_core.package_identification:_identify(C++ Course 2) by extension 'ignore_ament_install'
[0.155s] Level 1:colcon.colcon_core.package_identification:_identify(C++ Course 2) by extensions ['colcon_pkg']
[0.155s] Level 1:colcon.colcon_core.package_identification:_identify(C++ Course 2) by extension 'colcon_pkg'
[0.155s] Level 1:colcon.colcon_core.package_identification:_identify(C++ Course 2) by extensions ['colcon_meta']
[0.155s] Level 1:colcon.colcon_core.package_identification:_identify(C++ Course 2) by extension 'colcon_meta'
[0.155s] Level 1:colcon.colcon_core.package_identification:_identify(C++ Course 2) by extensions ['ros']
[0.155s] Level 1:colcon.colcon_core.package_identification:_identify(C++ Course 2) by extension 'ros'
[0.155s] Level 1:colcon.colcon_core.package_identification:_identify(C++ Course 2) by extensions ['cmake', 'python']
[0.155s] Level 1:colcon.colcon_core.package_identification:_identify(C++ Course 2) by extension 'cmake'
[0.155s] Level 1:colcon.colcon_core.package_identification:_identify(C++ Course 2) by extension 'python'
[0.155s] Level 1:colcon.colcon_core.package_identification:_identify(C++ Course 2) by extensions ['python_setup_py']
[0.155s] Level 1:colcon.colcon_core.package_identification:_identify(C++ Course 2) by extension 'python_setup_py'
[0.155s] Level 1:colcon.colcon_core.package_identification:_identify(C++ Course 2/Module 1) by extensions ['ignore', 'ignore_ament_install']
[0.155s] Level 1:colcon.colcon_core.package_identification:_identify(C++ Course 2/Module 1) by extension 'ignore'
[0.155s] Level 1:colcon.colcon_core.package_identification:_identify(C++ Course 2/Module 1) by extension 'ignore_ament_install'
[0.156s] Level 1:colcon.colcon_core.package_identification:_identify(C++ Course 2/Module 1) by extensions ['colcon_pkg']
[0.156s] Level 1:colcon.colcon_core.package_identification:_identify(C++ Course 2/Module 1) by extension 'colcon_pkg'
[0.156s] Level 1:colcon.colcon_core.package_identification:_identify(C++ Course 2/Module 1) by extensions ['colcon_meta']
[0.156s] Level 1:colcon.colcon_core.package_identification:_identify(C++ Course 2/Module 1) by extension 'colcon_meta'
[0.156s] Level 1:colcon.colcon_core.package_identification:_identify(C++ Course 2/Module 1) by extensions ['ros']
[0.156s] Level 1:colcon.colcon_core.package_identification:_identify(C++ Course 2/Module 1) by extension 'ros'
[0.156s] Level 1:colcon.colcon_core.package_identification:_identify(C++ Course 2/Module 1) by extensions ['cmake', 'python']
[0.156s] Level 1:colcon.colcon_core.package_identification:_identify(C++ Course 2/Module 1) by extension 'cmake'
[0.156s] Level 1:colcon.colcon_core.package_identification:_identify(C++ Course 2/Module 1) by extension 'python'
[0.156s] Level 1:colcon.colcon_core.package_identification:_identify(C++ Course 2/Module 1) by extensions ['python_setup_py']
[0.156s] Level 1:colcon.colcon_core.package_identification:_identify(C++ Course 2/Module 1) by extension 'python_setup_py'
[0.156s] Level 1:colcon.colcon_core.package_identification:_identify(C++ Course 2/Module 2) by extensions ['ignore', 'ignore_ament_install']
[0.156s] Level 1:colcon.colcon_core.package_identification:_identify(C++ Course 2/Module 2) by extension 'ignore'
[0.156s] Level 1:colcon.colcon_core.package_identification:_identify(C++ Course 2/Module 2) by extension 'ignore_ament_install'
[0.156s] Level 1:colcon.colcon_core.package_identification:_identify(C++ Course 2/Module 2) by extensions ['colcon_pkg']
[0.156s] Level 1:colcon.colcon_core.package_identification:_identify(C++ Course 2/Module 2) by extension 'colcon_pkg'
[0.156s] Level 1:colcon.colcon_core.package_identification:_identify(C++ Course 2/Module 2) by extensions ['colcon_meta']
[0.156s] Level 1:colcon.colcon_core.package_identification:_identify(C++ Course 2/Module 2) by extension 'colcon_meta'
[0.156s] Level 1:colcon.colcon_core.package_identification:_identify(C++ Course 2/Module 2) by extensions ['ros']
[0.156s] Level 1:colcon.colcon_core.package_identification:_identify(C++ Course 2/Module 2) by extension 'ros'
[0.156s] Level 1:colcon.colcon_core.package_identification:_identify(C++ Course 2/Module 2) by extensions ['cmake', 'python']
[0.156s] Level 1:colcon.colcon_core.package_identification:_identify(C++ Course 2/Module 2) by extension 'cmake'
[0.156s] Level 1:colcon.colcon_core.package_identification:_identify(C++ Course 2/Module 2) by extension 'python'
[0.156s] Level 1:colcon.colcon_core.package_identification:_identify(C++ Course 2/Module 2) by extensions ['python_setup_py']
[0.156s] Level 1:colcon.colcon_core.package_identification:_identify(C++ Course 2/Module 2) by extension 'python_setup_py'
[0.156s] Level 1:colcon.colcon_core.package_identification:_identify(C++ Course 2/Module 3) by extensions ['ignore', 'ignore_ament_install']
[0.156s] Level 1:colcon.colcon_core.package_identification:_identify(C++ Course 2/Module 3) by extension 'ignore'
[0.156s] Level 1:colcon.colcon_core.package_identification:_identify(C++ Course 2/Module 3) by extension 'ignore_ament_install'
[0.156s] Level 1:colcon.colcon_core.package_identification:_identify(C++ Course 2/Module 3) by extensions ['colcon_pkg']
[0.156s] Level 1:colcon.colcon_core.package_identification:_identify(C++ Course 2/Module 3) by extension 'colcon_pkg'
[0.156s] Level 1:colcon.colcon_core.package_identification:_identify(C++ Course 2/Module 3) by extensions ['colcon_meta']
[0.156s] Level 1:colcon.colcon_core.package_identification:_identify(C++ Course 2/Module 3) by extension 'colcon_meta'
[0.156s] Level 1:colcon.colcon_core.package_identification:_identify(C++ Course 2/Module 3) by extensions ['ros']
[0.156s] Level 1:colcon.colcon_core.package_identification:_identify(C++ Course 2/Module 3) by extension 'ros'
[0.156s] Level 1:colcon.colcon_core.package_identification:_identify(C++ Course 2/Module 3) by extensions ['cmake', 'python']
[0.156s] Level 1:colcon.colcon_core.package_identification:_identify(C++ Course 2/Module 3) by extension 'cmake'
[0.156s] Level 1:colcon.colcon_core.package_identification:_identify(C++ Course 2/Module 3) by extension 'python'
[0.156s] Level 1:colcon.colcon_core.package_identification:_identify(C++ Course 2/Module 3) by extensions ['python_setup_py']
[0.156s] Level 1:colcon.colcon_core.package_identification:_identify(C++ Course 2/Module 3) by extension 'python_setup_py'
[0.156s] Level 1:colcon.colcon_core.package_identification:_identify(C++ Course 2/Module 4) by extensions ['ignore', 'ignore_ament_install']
[0.156s] Level 1:colcon.colcon_core.package_identification:_identify(C++ Course 2/Module 4) by extension 'ignore'
[0.156s] Level 1:colcon.colcon_core.package_identification:_identify(C++ Course 2/Module 4) by extension 'ignore_ament_install'
[0.156s] Level 1:colcon.colcon_core.package_identification:_identify(C++ Course 2/Module 4) by extensions ['colcon_pkg']
[0.157s] Level 1:colcon.colcon_core.package_identification:_identify(C++ Course 2/Module 4) by extension 'colcon_pkg'
[0.157s] Level 1:colcon.colcon_core.package_identification:_identify(C++ Course 2/Module 4) by extensions ['colcon_meta']
[0.157s] Level 1:colcon.colcon_core.package_identification:_identify(C++ Course 2/Module 4) by extension 'colcon_meta'
[0.157s] Level 1:colcon.colcon_core.package_identification:_identify(C++ Course 2/Module 4) by extensions ['ros']
[0.157s] Level 1:colcon.colcon_core.package_identification:_identify(C++ Course 2/Module 4) by extension 'ros'
[0.157s] Level 1:colcon.colcon_core.package_identification:_identify(C++ Course 2/Module 4) by extensions ['cmake', 'python']
[0.157s] Level 1:colcon.colcon_core.package_identification:_identify(C++ Course 2/Module 4) by extension 'cmake'
[0.157s] Level 1:colcon.colcon_core.package_identification:_identify(C++ Course 2/Module 4) by extension 'python'
[0.157s] Level 1:colcon.colcon_core.package_identification:_identify(C++ Course 2/Module 4) by extensions ['python_setup_py']
[0.157s] Level 1:colcon.colcon_core.package_identification:_identify(C++ Course 2/Module 4) by extension 'python_setup_py'
[0.157s] Level 1:colcon.colcon_core.package_identification:_identify(C++ Course 3) by extensions ['ignore', 'ignore_ament_install']
[0.157s] Level 1:colcon.colcon_core.package_identification:_identify(C++ Course 3) by extension 'ignore'
[0.157s] Level 1:colcon.colcon_core.package_identification:_identify(C++ Course 3) by extension 'ignore_ament_install'
[0.157s] Level 1:colcon.colcon_core.package_identification:_identify(C++ Course 3) by extensions ['colcon_pkg']
[0.157s] Level 1:colcon.colcon_core.package_identification:_identify(C++ Course 3) by extension 'colcon_pkg'
[0.157s] Level 1:colcon.colcon_core.package_identification:_identify(C++ Course 3) by extensions ['colcon_meta']
[0.157s] Level 1:colcon.colcon_core.package_identification:_identify(C++ Course 3) by extension 'colcon_meta'
[0.157s] Level 1:colcon.colcon_core.package_identification:_identify(C++ Course 3) by extensions ['ros']
[0.157s] Level 1:colcon.colcon_core.package_identification:_identify(C++ Course 3) by extension 'ros'
[0.157s] Level 1:colcon.colcon_core.package_identification:_identify(C++ Course 3) by extensions ['cmake', 'python']
[0.157s] Level 1:colcon.colcon_core.package_identification:_identify(C++ Course 3) by extension 'cmake'
[0.157s] Level 1:colcon.colcon_core.package_identification:_identify(C++ Course 3) by extension 'python'
[0.157s] Level 1:colcon.colcon_core.package_identification:_identify(C++ Course 3) by extensions ['python_setup_py']
[0.157s] Level 1:colcon.colcon_core.package_identification:_identify(C++ Course 3) by extension 'python_setup_py'
[0.157s] Level 1:colcon.colcon_core.package_identification:_identify(C++ Course 3/Module 1) by extensions ['ignore', 'ignore_ament_install']
[0.157s] Level 1:colcon.colcon_core.package_identification:_identify(C++ Course 3/Module 1) by extension 'ignore'
[0.157s] Level 1:colcon.colcon_core.package_identification:_identify(C++ Course 3/Module 1) by extension 'ignore_ament_install'
[0.157s] Level 1:colcon.colcon_core.package_identification:_identify(C++ Course 3/Module 1) by extensions ['colcon_pkg']
[0.157s] Level 1:colcon.colcon_core.package_identification:_identify(C++ Course 3/Module 1) by extension 'colcon_pkg'
[0.157s] Level 1:colcon.colcon_core.package_identification:_identify(C++ Course 3/Module 1) by extensions ['colcon_meta']
[0.157s] Level 1:colcon.colcon_core.package_identification:_identify(C++ Course 3/Module 1) by extension 'colcon_meta'
[0.157s] Level 1:colcon.colcon_core.package_identification:_identify(C++ Course 3/Module 1) by extensions ['ros']
[0.157s] Level 1:colcon.colcon_core.package_identification:_identify(C++ Course 3/Module 1) by extension 'ros'
[0.157s] Level 1:colcon.colcon_core.package_identification:_identify(C++ Course 3/Module 1) by extensions ['cmake', 'python']
[0.157s] Level 1:colcon.colcon_core.package_identification:_identify(C++ Course 3/Module 1) by extension 'cmake'
[0.157s] Level 1:colcon.colcon_core.package_identification:_identify(C++ Course 3/Module 1) by extension 'python'
[0.157s] Level 1:colcon.colcon_core.package_identification:_identify(C++ Course 3/Module 1) by extensions ['python_setup_py']
[0.157s] Level 1:colcon.colcon_core.package_identification:_identify(C++ Course 3/Module 1) by extension 'python_setup_py'
[0.157s] Level 1:colcon.colcon_core.package_identification:_identify(C++ Course 3/Module 2) by extensions ['ignore', 'ignore_ament_install']
[0.157s] Level 1:colcon.colcon_core.package_identification:_identify(C++ Course 3/Module 2) by extension 'ignore'
[0.157s] Level 1:colcon.colcon_core.package_identification:_identify(C++ Course 3/Module 2) by extension 'ignore_ament_install'
[0.157s] Level 1:colcon.colcon_core.package_identification:_identify(C++ Course 3/Module 2) by extensions ['colcon_pkg']
[0.157s] Level 1:colcon.colcon_core.package_identification:_identify(C++ Course 3/Module 2) by extension 'colcon_pkg'
[0.157s] Level 1:colcon.colcon_core.package_identification:_identify(C++ Course 3/Module 2) by extensions ['colcon_meta']
[0.157s] Level 1:colcon.colcon_core.package_identification:_identify(C++ Course 3/Module 2) by extension 'colcon_meta'
[0.157s] Level 1:colcon.colcon_core.package_identification:_identify(C++ Course 3/Module 2) by extensions ['ros']
[0.157s] Level 1:colcon.colcon_core.package_identification:_identify(C++ Course 3/Module 2) by extension 'ros'
[0.157s] Level 1:colcon.colcon_core.package_identification:_identify(C++ Course 3/Module 2) by extensions ['cmake', 'python']
[0.158s] Level 1:colcon.colcon_core.package_identification:_identify(C++ Course 3/Module 2) by extension 'cmake'
[0.158s] Level 1:colcon.colcon_core.package_identification:_identify(C++ Course 3/Module 2) by extension 'python'
[0.158s] Level 1:colcon.colcon_core.package_identification:_identify(C++ Course 3/Module 2) by extensions ['python_setup_py']
[0.158s] Level 1:colcon.colcon_core.package_identification:_identify(C++ Course 3/Module 2) by extension 'python_setup_py'
[0.158s] Level 1:colcon.colcon_core.package_identification:_identify(C++ Course 3/Module 3) by extensions ['ignore', 'ignore_ament_install']
[0.158s] Level 1:colcon.colcon_core.package_identification:_identify(C++ Course 3/Module 3) by extension 'ignore'
[0.158s] Level 1:colcon.colcon_core.package_identification:_identify(C++ Course 3/Module 3) by extension 'ignore_ament_install'
[0.158s] Level 1:colcon.colcon_core.package_identification:_identify(C++ Course 3/Module 3) by extensions ['colcon_pkg']
[0.158s] Level 1:colcon.colcon_core.package_identification:_identify(C++ Course 3/Module 3) by extension 'colcon_pkg'
[0.158s] Level 1:colcon.colcon_core.package_identification:_identify(C++ Course 3/Module 3) by extensions ['colcon_meta']
[0.158s] Level 1:colcon.colcon_core.package_identification:_identify(C++ Course 3/Module 3) by extension 'colcon_meta'
[0.158s] Level 1:colcon.colcon_core.package_identification:_identify(C++ Course 3/Module 3) by extensions ['ros']
[0.158s] Level 1:colcon.colcon_core.package_identification:_identify(C++ Course 3/Module 3) by extension 'ros'
[0.158s] Level 1:colcon.colcon_core.package_identification:_identify(C++ Course 3/Module 3) by extensions ['cmake', 'python']
[0.158s] Level 1:colcon.colcon_core.package_identification:_identify(C++ Course 3/Module 3) by extension 'cmake'
[0.158s] Level 1:colcon.colcon_core.package_identification:_identify(C++ Course 3/Module 3) by extension 'python'
[0.158s] Level 1:colcon.colcon_core.package_identification:_identify(C++ Course 3/Module 3) by extensions ['python_setup_py']
[0.158s] Level 1:colcon.colcon_core.package_identification:_identify(C++ Course 3/Module 3) by extension 'python_setup_py'
[0.158s] Level 1:colcon.colcon_core.package_identification:_identify(C++ Course 3/Module 4) by extensions ['ignore', 'ignore_ament_install']
[0.158s] Level 1:colcon.colcon_core.package_identification:_identify(C++ Course 3/Module 4) by extension 'ignore'
[0.158s] Level 1:colcon.colcon_core.package_identification:_identify(C++ Course 3/Module 4) by extension 'ignore_ament_install'
[0.158s] Level 1:colcon.colcon_core.package_identification:_identify(C++ Course 3/Module 4) by extensions ['colcon_pkg']
[0.158s] Level 1:colcon.colcon_core.package_identification:_identify(C++ Course 3/Module 4) by extension 'colcon_pkg'
[0.158s] Level 1:colcon.colcon_core.package_identification:_identify(C++ Course 3/Module 4) by extensions ['colcon_meta']
[0.158s] Level 1:colcon.colcon_core.package_identification:_identify(C++ Course 3/Module 4) by extension 'colcon_meta'
[0.158s] Level 1:colcon.colcon_core.package_identification:_identify(C++ Course 3/Module 4) by extensions ['ros']
[0.158s] Level 1:colcon.colcon_core.package_identification:_identify(C++ Course 3/Module 4) by extension 'ros'
[0.158s] Level 1:colcon.colcon_core.package_identification:_identify(C++ Course 3/Module 4) by extensions ['cmake', 'python']
[0.158s] Level 1:colcon.colcon_core.package_identification:_identify(C++ Course 3/Module 4) by extension 'cmake'
[0.158s] Level 1:colcon.colcon_core.package_identification:_identify(C++ Course 3/Module 4) by extension 'python'
[0.158s] Level 1:colcon.colcon_core.package_identification:_identify(C++ Course 3/Module 4) by extensions ['python_setup_py']
[0.158s] Level 1:colcon.colcon_core.package_identification:_identify(C++ Course 3/Module 4) by extension 'python_setup_py'
[0.158s] Level 1:colcon.colcon_core.package_identification:_identify(CashierSystem_ws) by extensions ['ignore', 'ignore_ament_install']
[0.158s] Level 1:colcon.colcon_core.package_identification:_identify(CashierSystem_ws) by extension 'ignore'
[0.158s] Level 1:colcon.colcon_core.package_identification:_identify(CashierSystem_ws) by extension 'ignore_ament_install'
[0.158s] Level 1:colcon.colcon_core.package_identification:_identify(CashierSystem_ws) by extensions ['colcon_pkg']
[0.158s] Level 1:colcon.colcon_core.package_identification:_identify(CashierSystem_ws) by extension 'colcon_pkg'
[0.158s] Level 1:colcon.colcon_core.package_identification:_identify(CashierSystem_ws) by extensions ['colcon_meta']
[0.158s] Level 1:colcon.colcon_core.package_identification:_identify(CashierSystem_ws) by extension 'colcon_meta'
[0.158s] Level 1:colcon.colcon_core.package_identification:_identify(CashierSystem_ws) by extensions ['ros']
[0.158s] Level 1:colcon.colcon_core.package_identification:_identify(CashierSystem_ws) by extension 'ros'
[0.158s] Level 1:colcon.colcon_core.package_identification:_identify(CashierSystem_ws) by extensions ['cmake', 'python']
[0.158s] Level 1:colcon.colcon_core.package_identification:_identify(CashierSystem_ws) by extension 'cmake'
[0.158s] Level 1:colcon.colcon_core.package_identification:_identify(CashierSystem_ws) by extension 'python'
[0.158s] Level 1:colcon.colcon_core.package_identification:_identify(CashierSystem_ws) by extensions ['python_setup_py']
[0.158s] Level 1:colcon.colcon_core.package_identification:_identify(CashierSystem_ws) by extension 'python_setup_py'
[0.158s] Level 1:colcon.colcon_core.package_identification:_identify(CashierSystem_ws/build) by extensions ['ignore', 'ignore_ament_install']
[0.159s] Level 1:colcon.colcon_core.package_identification:_identify(CashierSystem_ws/build) by extension 'ignore'
[0.159s] Level 1:colcon.colcon_core.package_identification:_identify(CashierSystem_ws/build) ignored
[0.159s] Level 1:colcon.colcon_core.package_identification:_identify(CashierSystem_ws/install) by extensions ['ignore', 'ignore_ament_install']
[0.159s] Level 1:colcon.colcon_core.package_identification:_identify(CashierSystem_ws/install) by extension 'ignore'
[0.159s] Level 1:colcon.colcon_core.package_identification:_identify(CashierSystem_ws/install) ignored
[0.159s] Level 1:colcon.colcon_core.package_identification:_identify(CashierSystem_ws/log) by extensions ['ignore', 'ignore_ament_install']
[0.159s] Level 1:colcon.colcon_core.package_identification:_identify(CashierSystem_ws/log) by extension 'ignore'
[0.159s] Level 1:colcon.colcon_core.package_identification:_identify(CashierSystem_ws/log) ignored
[0.159s] Level 1:colcon.colcon_core.package_identification:_identify(CashierSystem_ws/src) by extensions ['ignore', 'ignore_ament_install']
[0.159s] Level 1:colcon.colcon_core.package_identification:_identify(CashierSystem_ws/src) by extension 'ignore'
[0.159s] Level 1:colcon.colcon_core.package_identification:_identify(CashierSystem_ws/src) by extension 'ignore_ament_install'
[0.159s] Level 1:colcon.colcon_core.package_identification:_identify(CashierSystem_ws/src) by extensions ['colcon_pkg']
[0.159s] Level 1:colcon.colcon_core.package_identification:_identify(CashierSystem_ws/src) by extension 'colcon_pkg'
[0.159s] Level 1:colcon.colcon_core.package_identification:_identify(CashierSystem_ws/src) by extensions ['colcon_meta']
[0.159s] Level 1:colcon.colcon_core.package_identification:_identify(CashierSystem_ws/src) by extension 'colcon_meta'
[0.159s] Level 1:colcon.colcon_core.package_identification:_identify(CashierSystem_ws/src) by extensions ['ros']
[0.159s] Level 1:colcon.colcon_core.package_identification:_identify(CashierSystem_ws/src) by extension 'ros'
[0.159s] Level 1:colcon.colcon_core.package_identification:_identify(CashierSystem_ws/src) by extensions ['cmake', 'python']
[0.159s] Level 1:colcon.colcon_core.package_identification:_identify(CashierSystem_ws/src) by extension 'cmake'
[0.159s] Level 1:colcon.colcon_core.package_identification:_identify(CashierSystem_ws/src) by extension 'python'
[0.159s] Level 1:colcon.colcon_core.package_identification:_identify(CashierSystem_ws/src) by extensions ['python_setup_py']
[0.159s] Level 1:colcon.colcon_core.package_identification:_identify(CashierSystem_ws/src) by extension 'python_setup_py'
[0.159s] Level 1:colcon.colcon_core.package_identification:_identify(CashierSystem_ws/src/build) by extensions ['ignore', 'ignore_ament_install']
[0.159s] Level 1:colcon.colcon_core.package_identification:_identify(CashierSystem_ws/src/build) by extension 'ignore'
[0.159s] Level 1:colcon.colcon_core.package_identification:_identify(CashierSystem_ws/src/build) ignored
[0.159s] Level 1:colcon.colcon_core.package_identification:_identify(CashierSystem_ws/src/cashier_system) by extensions ['ignore', 'ignore_ament_install']
[0.159s] Level 1:colcon.colcon_core.package_identification:_identify(CashierSystem_ws/src/cashier_system) by extension 'ignore'
[0.159s] Level 1:colcon.colcon_core.package_identification:_identify(CashierSystem_ws/src/cashier_system) by extension 'ignore_ament_install'
[0.159s] Level 1:colcon.colcon_core.package_identification:_identify(CashierSystem_ws/src/cashier_system) by extensions ['colcon_pkg']
[0.159s] Level 1:colcon.colcon_core.package_identification:_identify(CashierSystem_ws/src/cashier_system) by extension 'colcon_pkg'
[0.159s] Level 1:colcon.colcon_core.package_identification:_identify(CashierSystem_ws/src/cashier_system) by extensions ['colcon_meta']
[0.159s] Level 1:colcon.colcon_core.package_identification:_identify(CashierSystem_ws/src/cashier_system) by extension 'colcon_meta'
[0.159s] Level 1:colcon.colcon_core.package_identification:_identify(CashierSystem_ws/src/cashier_system) by extensions ['ros']
[0.159s] Level 1:colcon.colcon_core.package_identification:_identify(CashierSystem_ws/src/cashier_system) by extension 'ros'
[0.161s] DEBUG:colcon.colcon_core.package_identification:Package 'CashierSystem_ws/src/cashier_system' with type 'ros.catkin' and name 'cashier_system'
[0.161s] Level 1:colcon.colcon_core.package_identification:_identify(CashierSystem_ws/src/install) by extensions ['ignore', 'ignore_ament_install']
[0.161s] Level 1:colcon.colcon_core.package_identification:_identify(CashierSystem_ws/src/install) by extension 'ignore'
[0.161s] Level 1:colcon.colcon_core.package_identification:_identify(CashierSystem_ws/src/install) ignored
[0.161s] Level 1:colcon.colcon_core.package_identification:_identify(CashierSystem_ws/src/log) by extensions ['ignore', 'ignore_ament_install']
[0.161s] Level 1:colcon.colcon_core.package_identification:_identify(CashierSystem_ws/src/log) by extension 'ignore'
[0.161s] Level 1:colcon.colcon_core.package_identification:_identify(CashierSystem_ws/src/log) ignored
[0.161s] Level 1:colcon.colcon_core.package_identification:_identify(GitHub_task) by extensions ['ignore', 'ignore_ament_install']
[0.161s] Level 1:colcon.colcon_core.package_identification:_identify(GitHub_task) by extension 'ignore'
[0.161s] Level 1:colcon.colcon_core.package_identification:_identify(GitHub_task) by extension 'ignore_ament_install'
[0.161s] Level 1:colcon.colcon_core.package_identification:_identify(GitHub_task) by extensions ['colcon_pkg']
[0.161s] Level 1:colcon.colcon_core.package_identification:_identify(GitHub_task) by extension 'colcon_pkg'
[0.161s] Level 1:colcon.colcon_core.package_identification:_identify(GitHub_task) by extensions ['colcon_meta']
[0.161s] Level 1:colcon.colcon_core.package_identification:_identify(GitHub_task) by extension 'colcon_meta'
[0.161s] Level 1:colcon.colcon_core.package_identification:_identify(GitHub_task) by extensions ['ros']
[0.161s] Level 1:colcon.colcon_core.package_identification:_identify(GitHub_task) by extension 'ros'
[0.161s] Level 1:colcon.colcon_core.package_identification:_identify(GitHub_task) by extensions ['cmake', 'python']
[0.161s] Level 1:colcon.colcon_core.package_identification:_identify(GitHub_task) by extension 'cmake'
[0.161s] Level 1:colcon.colcon_core.package_identification:_identify(GitHub_task) by extension 'python'
[0.161s] Level 1:colcon.colcon_core.package_identification:_identify(GitHub_task) by extensions ['python_setup_py']
[0.161s] Level 1:colcon.colcon_core.package_identification:_identify(GitHub_task) by extension 'python_setup_py'
[0.161s] Level 1:colcon.colcon_core.package_identification:_identify(build) by extensions ['ignore', 'ignore_ament_install']
[0.161s] Level 1:colcon.colcon_core.package_identification:_identify(build) by extension 'ignore'
[0.161s] Level 1:colcon.colcon_core.package_identification:_identify(build) ignored
[0.161s] Level 1:colcon.colcon_core.package_identification:_identify(install) by extensions ['ignore', 'ignore_ament_install']
[0.161s] Level 1:colcon.colcon_core.package_identification:_identify(install) by extension 'ignore'
[0.162s] Level 1:colcon.colcon_core.package_identification:_identify(install) ignored
[0.162s] Level 1:colcon.colcon_core.package_identification:_identify(log) by extensions ['ignore', 'ignore_ament_install']
[0.162s] Level 1:colcon.colcon_core.package_identification:_identify(log) by extension 'ignore'
[0.162s] Level 1:colcon.colcon_core.package_identification:_identify(log) ignored
[0.162s] Level 1:colcon.colcon_core.package_identification:_identify(rover_ws) by extensions ['ignore', 'ignore_ament_install']
[0.162s] Level 1:colcon.colcon_core.package_identification:_identify(rover_ws) by extension 'ignore'
[0.162s] Level 1:colcon.colcon_core.package_identification:_identify(rover_ws) by extension 'ignore_ament_install'
[0.162s] Level 1:colcon.colcon_core.package_identification:_identify(rover_ws) by extensions ['colcon_pkg']
[0.162s] Level 1:colcon.colcon_core.package_identification:_identify(rover_ws) by extension 'colcon_pkg'
[0.162s] Level 1:colcon.colcon_core.package_identification:_identify(rover_ws) by extensions ['colcon_meta']
[0.162s] Level 1:colcon.colcon_core.package_identification:_identify(rover_ws) by extension 'colcon_meta'
[0.162s] Level 1:colcon.colcon_core.package_identification:_identify(rover_ws) by extensions ['ros']
[0.162s] Level 1:colcon.colcon_core.package_identification:_identify(rover_ws) by extension 'ros'
[0.162s] Level 1:colcon.colcon_core.package_identification:_identify(rover_ws) by extensions ['cmake', 'python']
[0.162s] Level 1:colcon.colcon_core.package_identification:_identify(rover_ws) by extension 'cmake'
[0.162s] Level 1:colcon.colcon_core.package_identification:_identify(rover_ws) by extension 'python'
[0.162s] Level 1:colcon.colcon_core.package_identification:_identify(rover_ws) by extensions ['python_setup_py']
[0.162s] Level 1:colcon.colcon_core.package_identification:_identify(rover_ws) by extension 'python_setup_py'
[0.162s] Level 1:colcon.colcon_core.package_identification:_identify(rover_ws/build) by extensions ['ignore', 'ignore_ament_install']
[0.162s] Level 1:colcon.colcon_core.package_identification:_identify(rover_ws/build) by extension 'ignore'
[0.162s] Level 1:colcon.colcon_core.package_identification:_identify(rover_ws/build) ignored
[0.162s] Level 1:colcon.colcon_core.package_identification:_identify(rover_ws/install) by extensions ['ignore', 'ignore_ament_install']
[0.162s] Level 1:colcon.colcon_core.package_identification:_identify(rover_ws/install) by extension 'ignore'
[0.162s] Level 1:colcon.colcon_core.package_identification:_identify(rover_ws/install) ignored
[0.162s] Level 1:colcon.colcon_core.package_identification:_identify(rover_ws/log) by extensions ['ignore', 'ignore_ament_install']
[0.162s] Level 1:colcon.colcon_core.package_identification:_identify(rover_ws/log) by extension 'ignore'
[0.162s] Level 1:colcon.colcon_core.package_identification:_identify(rover_ws/log) ignored
[0.162s] Level 1:colcon.colcon_core.package_identification:_identify(rover_ws/src) by extensions ['ignore', 'ignore_ament_install']
[0.162s] Level 1:colcon.colcon_core.package_identification:_identify(rover_ws/src) by extension 'ignore'
[0.162s] Level 1:colcon.colcon_core.package_identification:_identify(rover_ws/src) by extension 'ignore_ament_install'
[0.162s] Level 1:colcon.colcon_core.package_identification:_identify(rover_ws/src) by extensions ['colcon_pkg']
[0.162s] Level 1:colcon.colcon_core.package_identification:_identify(rover_ws/src) by extension 'colcon_pkg'
[0.162s] Level 1:colcon.colcon_core.package_identification:_identify(rover_ws/src) by extensions ['colcon_meta']
[0.162s] Level 1:colcon.colcon_core.package_identification:_identify(rover_ws/src) by extension 'colcon_meta'
[0.162s] Level 1:colcon.colcon_core.package_identification:_identify(rover_ws/src) by extensions ['ros']
[0.162s] Level 1:colcon.colcon_core.package_identification:_identify(rover_ws/src) by extension 'ros'
[0.162s] Level 1:colcon.colcon_core.package_identification:_identify(rover_ws/src) by extensions ['cmake', 'python']
[0.162s] Level 1:colcon.colcon_core.package_identification:_identify(rover_ws/src) by extension 'cmake'
[0.162s] Level 1:colcon.colcon_core.package_identification:_identify(rover_ws/src) by extension 'python'
[0.162s] Level 1:colcon.colcon_core.package_identification:_identify(rover_ws/src) by extensions ['python_setup_py']
[0.163s] Level 1:colcon.colcon_core.package_identification:_identify(rover_ws/src) by extension 'python_setup_py'
[0.163s] Level 1:colcon.colcon_core.package_identification:_identify(rover_ws/src/gazebo) by extensions ['ignore', 'ignore_ament_install']
[0.163s] Level 1:colcon.colcon_core.package_identification:_identify(rover_ws/src/gazebo) by extension 'ignore'
[0.163s] Level 1:colcon.colcon_core.package_identification:_identify(rover_ws/src/gazebo) by extension 'ignore_ament_install'
[0.163s] Level 1:colcon.colcon_core.package_identification:_identify(rover_ws/src/gazebo) by extensions ['colcon_pkg']
[0.163s] Level 1:colcon.colcon_core.package_identification:_identify(rover_ws/src/gazebo) by extension 'colcon_pkg'
[0.163s] Level 1:colcon.colcon_core.package_identification:_identify(rover_ws/src/gazebo) by extensions ['colcon_meta']
[0.163s] Level 1:colcon.colcon_core.package_identification:_identify(rover_ws/src/gazebo) by extension 'colcon_meta'
[0.163s] Level 1:colcon.colcon_core.package_identification:_identify(rover_ws/src/gazebo) by extensions ['ros']
[0.163s] Level 1:colcon.colcon_core.package_identification:_identify(rover_ws/src/gazebo) by extension 'ros'
[0.163s] DEBUG:colcon.colcon_core.package_identification:Package 'rover_ws/src/gazebo' with type 'ros.ament_cmake' and name 'gazebo'
[0.163s] Level 1:colcon.colcon_core.package_identification:_identify(rover_ws/src/robot_position) by extensions ['ignore', 'ignore_ament_install']
[0.163s] Level 1:colcon.colcon_core.package_identification:_identify(rover_ws/src/robot_position) by extension 'ignore'
[0.163s] Level 1:colcon.colcon_core.package_identification:_identify(rover_ws/src/robot_position) by extension 'ignore_ament_install'
[0.163s] Level 1:colcon.colcon_core.package_identification:_identify(rover_ws/src/robot_position) by extensions ['colcon_pkg']
[0.163s] Level 1:colcon.colcon_core.package_identification:_identify(rover_ws/src/robot_position) by extension 'colcon_pkg'
[0.163s] Level 1:colcon.colcon_core.package_identification:_identify(rover_ws/src/robot_position) by extensions ['colcon_meta']
[0.163s] Level 1:colcon.colcon_core.package_identification:_identify(rover_ws/src/robot_position) by extension 'colcon_meta'
[0.163s] Level 1:colcon.colcon_core.package_identification:_identify(rover_ws/src/robot_position) by extensions ['ros']
[0.163s] Level 1:colcon.colcon_core.package_identification:_identify(rover_ws/src/robot_position) by extension 'ros'
[0.164s] DEBUG:colcon.colcon_core.package_identification:Package 'rover_ws/src/robot_position' with type 'ros.ament_python' and name 'robot_position'
[0.164s] Level 1:colcon.colcon_core.package_identification:_identify(rover_ws/src/rover_navigation) by extensions ['ignore', 'ignore_ament_install']
[0.164s] Level 1:colcon.colcon_core.package_identification:_identify(rover_ws/src/rover_navigation) by extension 'ignore'
[0.164s] Level 1:colcon.colcon_core.package_identification:_identify(rover_ws/src/rover_navigation) by extension 'ignore_ament_install'
[0.164s] Level 1:colcon.colcon_core.package_identification:_identify(rover_ws/src/rover_navigation) by extensions ['colcon_pkg']
[0.164s] Level 1:colcon.colcon_core.package_identification:_identify(rover_ws/src/rover_navigation) by extension 'colcon_pkg'
[0.164s] Level 1:colcon.colcon_core.package_identification:_identify(rover_ws/src/rover_navigation) by extensions ['colcon_meta']
[0.164s] Level 1:colcon.colcon_core.package_identification:_identify(rover_ws/src/rover_navigation) by extension 'colcon_meta'
[0.164s] Level 1:colcon.colcon_core.package_identification:_identify(rover_ws/src/rover_navigation) by extensions ['ros']
[0.164s] Level 1:colcon.colcon_core.package_identification:_identify(rover_ws/src/rover_navigation) by extension 'ros'
[0.164s] DEBUG:colcon.colcon_core.package_identification:Package 'rover_ws/src/rover_navigation' with type 'ros.ament_cmake' and name 'rover_navigation'
[0.164s] Level 1:colcon.colcon_core.package_discovery:discover_packages(recursive) using defaults
[0.164s] Level 1:colcon.colcon_core.package_discovery:discover_packages(ignore) discover
[0.164s] Level 1:colcon.colcon_core.package_discovery:discover_packages(ignore) using defaults
[0.164s] Level 1:colcon.colcon_core.package_discovery:discover_packages(path) discover
[0.164s] Level 1:colcon.colcon_core.package_discovery:discover_packages(path) using defaults
[0.182s] Level 1:colcon.colcon_core.package_discovery:discover_packages(prefix_path) check parameters
[0.182s] Level 1:colcon.colcon_core.package_discovery:discover_packages(prefix_path) discover
[0.183s] DEBUG:colcon.colcon_installed_package_information.package_discovery:Found 349 installed packages in /opt/ros/humble
[0.184s] Level 1:colcon.colcon_core.package_discovery:discover_packages(prefix_path) using defaults
[0.208s] Level 5:colcon.colcon_core.verb:set package 'cashier_system' build argument 'cmake_args' from command line to 'None'
[0.208s] Level 5:colcon.colcon_core.verb:set package 'cashier_system' build argument 'cmake_target' from command line to 'None'
[0.208s] Level 5:colcon.colcon_core.verb:set package 'cashier_system' build argument 'cmake_target_skip_unavailable' from command line to 'False'
[0.208s] Level 5:colcon.colcon_core.verb:set package 'cashier_system' build argument 'cmake_clean_cache' from command line to 'False'
[0.208s] Level 5:colcon.colcon_core.verb:set package 'cashier_system' build argument 'cmake_clean_first' from command line to 'False'
[0.208s] Level 5:colcon.colcon_core.verb:set package 'cashier_system' build argument 'cmake_force_configure' from command line to 'False'
[0.208s] Level 5:colcon.colcon_core.verb:set package 'cashier_system' build argument 'ament_cmake_args' from command line to 'None'
[0.208s] Level 5:colcon.colcon_core.verb:set package 'cashier_system' build argument 'catkin_cmake_args' from command line to 'None'
[0.208s] Level 5:colcon.colcon_core.verb:set package 'cashier_system' build argument 'catkin_skip_building_tests' from command line to 'False'
[0.208s] DEBUG:colcon.colcon_core.verb:Building package 'cashier_system' with the following arguments: {'ament_cmake_args': None, 'build_base': '/home/vighneshreddy/MRM_VighneshReddy/build/cashier_system', 'catkin_cmake_args': None, 'catkin_skip_building_tests': False, 'cmake_args': None, 'cmake_clean_cache': False, 'cmake_clean_first': False, 'cmake_force_configure': False, 'cmake_target': None, 'cmake_target_skip_unavailable': False, 'install_base': '/home/vighneshreddy/MRM_VighneshReddy/install/cashier_system', 'merge_install': False, 'path': '/home/vighneshreddy/MRM_VighneshReddy/CashierSystem_ws/src/cashier_system', 'symlink_install': False, 'test_result_base': None}
[0.208s] Level 5:colcon.colcon_core.verb:set package 'gazebo' build argument 'cmake_args' from command line to 'None'
[0.208s] Level 5:colcon.colcon_core.verb:set package 'gazebo' build argument 'cmake_target' from command line to 'None'
[0.208s] Level 5:colcon.colcon_core.verb:set package 'gazebo' build argument 'cmake_target_skip_unavailable' from command line to 'False'
[0.208s] Level 5:colcon.colcon_core.verb:set package 'gazebo' build argument 'cmake_clean_cache' from command line to 'False'
[0.208s] Level 5:colcon.colcon_core.verb:set package 'gazebo' build argument 'cmake_clean_first' from command line to 'False'
[0.208s] Level 5:colcon.colcon_core.verb:set package 'gazebo' build argument 'cmake_force_configure' from command line to 'False'
[0.208s] Level 5:colcon.colcon_core.verb:set package 'gazebo' build argument 'ament_cmake_args' from command line to 'None'
[0.208s] Level 5:colcon.colcon_core.verb:set package 'gazebo' build argument 'catkin_cmake_args' from command line to 'None'
[0.208s] Level 5:colcon.colcon_core.verb:set package 'gazebo' build argument 'catkin_skip_building_tests' from command line to 'False'
[0.208s] DEBUG:colcon.colcon_core.verb:Building package 'gazebo' with the following arguments: {'ament_cmake_args': None, 'build_base': '/home/vighneshreddy/MRM_VighneshReddy/build/gazebo', 'catkin_cmake_args': None, 'catkin_skip_building_tests': False, 'cmake_args': None, 'cmake_clean_cache': False, 'cmake_clean_first': False, 'cmake_force_configure': False, 'cmake_target': None, 'cmake_target_skip_unavailable': False, 'install_base': '/home/vighneshreddy/MRM_VighneshReddy/install/gazebo', 'merge_install': False, 'path': '/home/vighneshreddy/MRM_VighneshReddy/rover_ws/src/gazebo', 'symlink_install': False, 'test_result_base': None}
[0.208s] Level 5:colcon.colcon_core.verb:set package 'robot_position' build argument 'cmake_args' from command line to 'None'
[0.208s] Level 5:colcon.colcon_core.verb:set package 'robot_position' build argument 'cmake_target' from command line to 'None'
[0.208s] Level 5:colcon.colcon_core.verb:set package 'robot_position' build argument 'cmake_target_skip_unavailable' from command line to 'False'
[0.208s] Level 5:colcon.colcon_core.verb:set package 'robot_position' build argument 'cmake_clean_cache' from command line to 'False'
[0.208s] Level 5:colcon.colcon_core.verb:set package 'robot_position' build argument 'cmake_clean_first' from command line to 'False'
[0.208s] Level 5:colcon.colcon_core.verb:set package 'robot_position' build argument 'cmake_force_configure' from command line to 'False'
[0.208s] Level 5:colcon.colcon_core.verb:set package 'robot_position' build argument 'ament_cmake_args' from command line to 'None'
[0.208s] Level 5:colcon.colcon_core.verb:set package 'robot_position' build argument 'catkin_cmake_args' from command line to 'None'
[0.208s] Level 5:colcon.colcon_core.verb:set package 'robot_position' build argument 'catkin_skip_building_tests' from command line to 'False'
[0.208s] DEBUG:colcon.colcon_core.verb:Building package 'robot_position' with the following arguments: {'ament_cmake_args': None, 'build_base': '/home/vighneshreddy/MRM_VighneshReddy/build/robot_position', 'catkin_cmake_args': None, 'catkin_skip_building_tests': False, 'cmake_args': None, 'cmake_clean_cache': False, 'cmake_clean_first': False, 'cmake_force_configure': False, 'cmake_target': None, 'cmake_target_skip_unavailable': False, 'install_base': '/home/vighneshreddy/MRM_VighneshReddy/install/robot_position', 'merge_install': False, 'path': '/home/vighneshreddy/MRM_VighneshReddy/rover_ws/src/robot_position', 'symlink_install': False, 'test_result_base': None}
[0.209s] Level 5:colcon.colcon_core.verb:set package 'rover_navigation' build argument 'cmake_args' from command line to 'None'
[0.209s] Level 5:colcon.colcon_core.verb:set package 'rover_navigation' build argument 'cmake_target' from command line to 'None'
[0.209s] Level 5:colcon.colcon_core.verb:set package 'rover_navigation' build argument 'cmake_target_skip_unavailable' from command line to 'False'
[0.209s] Level 5:colcon.colcon_core.verb:set package 'rover_navigation' build argument 'cmake_clean_cache' from command line to 'False'
[0.209s] Level 5:colcon.colcon_core.verb:set package 'rover_navigation' build argument 'cmake_clean_first' from command line to 'False'
[0.209s] Level 5:colcon.colcon_core.verb:set package 'rover_navigation' build argument 'cmake_force_configure' from command line to 'False'
[0.209s] Level 5:colcon.colcon_core.verb:set package 'rover_navigation' build argument 'ament_cmake_args' from command line to 'None'
[0.209s] Level 5:colcon.colcon_core.verb:set package 'rover_navigation' build argument 'catkin_cmake_args' from command line to 'None'
[0.209s] Level 5:colcon.colcon_core.verb:set package 'rover_navigation' build argument 'catkin_skip_building_tests' from command line to 'False'
[0.209s] DEBUG:colcon.colcon_core.verb:Building package 'rover_navigation' with the following arguments: {'ament_cmake_args': None, 'build_base': '/home/vighneshreddy/MRM_VighneshReddy/build/rover_navigation', 'catkin_cmake_args': None, 'catkin_skip_building_tests': False, 'cmake_args': None, 'cmake_clean_cache': False, 'cmake_clean_first': False, 'cmake_force_configure': False, 'cmake_target': None, 'cmake_target_skip_unavailable': False, 'install_base': '/home/vighneshreddy/MRM_VighneshReddy/install/rover_navigation', 'merge_install': False, 'path': '/home/vighneshreddy/MRM_VighneshReddy/rover_ws/src/rover_navigation', 'symlink_install': False, 'test_result_base': None}
[0.209s] INFO:colcon.colcon_core.executor:Executing jobs using 'parallel' executor
[0.210s] DEBUG:colcon.colcon_parallel_executor.executor.parallel:run_until_complete
[0.210s] INFO:colcon.colcon_ros.task.catkin.build:Building ROS package in '/home/vighneshreddy/MRM_VighneshReddy/CashierSystem_ws/src/cashier_system' with build type 'catkin'
[0.210s] INFO:colcon.colcon_cmake.task.cmake.build:Building CMake package in '/home/vighneshreddy/MRM_VighneshReddy/CashierSystem_ws/src/cashier_system'
[0.211s] INFO:colcon.colcon_core.plugin_system:Skipping extension 'colcon_core.shell.bat': Not used on non-Windows systems
[0.211s] INFO:colcon.colcon_core.shell:Skip shell extension 'powershell' for command environment: Not usable outside of PowerShell
[0.211s] DEBUG:colcon.colcon_core.shell:Skip shell extension 'dsv' for command environment
[0.213s] INFO:colcon.colcon_ros.task.ament_cmake.build:Building ROS package in '/home/vighneshreddy/MRM_VighneshReddy/rover_ws/src/gazebo' with build type 'ament_cmake'
[0.213s] INFO:colcon.colcon_cmake.task.cmake.build:Building CMake package in '/home/vighneshreddy/MRM_VighneshReddy/rover_ws/src/gazebo'
[0.213s] INFO:colcon.colcon_core.shell:Skip shell extension 'powershell' for command environment: Not usable outside of PowerShell
[0.213s] DEBUG:colcon.colcon_core.shell:Skip shell extension 'dsv' for command environment
[0.215s] INFO:colcon.colcon_ros.task.ament_python.build:Building ROS package in '/home/vighneshreddy/MRM_VighneshReddy/rover_ws/src/robot_position' with build type 'ament_python'
[0.215s] Level 1:colcon.colcon_core.shell:create_environment_hook('robot_position', 'ament_prefix_path')
[0.215s] INFO:colcon.colcon_core.shell:Creating environment hook '/home/vighneshreddy/MRM_VighneshReddy/install/robot_position/share/robot_position/hook/ament_prefix_path.ps1'
[0.216s] INFO:colcon.colcon_core.shell:Creating environment descriptor '/home/vighneshreddy/MRM_VighneshReddy/install/robot_position/share/robot_position/hook/ament_prefix_path.dsv'
[0.216s] INFO:colcon.colcon_core.shell:Creating environment hook '/home/vighneshreddy/MRM_VighneshReddy/install/robot_position/share/robot_position/hook/ament_prefix_path.sh'
[0.216s] INFO:colcon.colcon_core.shell:Skip shell extension 'powershell' for command environment: Not usable outside of PowerShell
[0.216s] DEBUG:colcon.colcon_core.shell:Skip shell extension 'dsv' for command environment
[0.218s] INFO:colcon.colcon_ros.task.ament_cmake.build:Building ROS package in '/home/vighneshreddy/MRM_VighneshReddy/rover_ws/src/rover_navigation' with build type 'ament_cmake'
[0.219s] INFO:colcon.colcon_cmake.task.cmake.build:Building CMake package in '/home/vighneshreddy/MRM_VighneshReddy/rover_ws/src/rover_navigation'
[0.219s] INFO:colcon.colcon_core.shell:Skip shell extension 'powershell' for command environment: Not usable outside of PowerShell
[0.219s] DEBUG:colcon.colcon_core.shell:Skip shell extension 'dsv' for command environment
[0.224s] DEBUG:colcon.colcon_core.event_handler.log_command:Invoking command in '/home/vighneshreddy/MRM_VighneshReddy/build/cashier_system': /usr/bin/cmake /home/vighneshreddy/MRM_VighneshReddy/CashierSystem_ws/src/cashier_system -DCATKIN_INSTALL_INTO_PREFIX_ROOT=0 -DCMAKE_INSTALL_PREFIX=/home/vighneshreddy/MRM_VighneshReddy/install/cashier_system
[0.226s] DEBUG:colcon.colcon_core.event_handler.log_command:Invoking command in '/home/vighneshreddy/MRM_VighneshReddy/build/gazebo': /usr/bin/cmake /home/vighneshreddy/MRM_VighneshReddy/rover_ws/src/gazebo -DCMAKE_INSTALL_PREFIX=/home/vighneshreddy/MRM_VighneshReddy/install/gazebo
[0.372s] WARNING:colcon.colcon_ros.task.ament_python.build:Package 'robot_position' doesn't explicitly install a marker in the package index (colcon-ros currently does it implicitly but that fallback will be removed in the future)
[0.373s] WARNING:colcon.colcon_ros.task.ament_python.build:Package 'robot_position' doesn't explicitly install the 'package.xml' file (colcon-ros currently does it implicitly but that fallback will be removed in the future)
[0.373s] INFO:colcon.colcon_core.task.python.build:Building Python package in '/home/vighneshreddy/MRM_VighneshReddy/rover_ws/src/robot_position'
[0.373s] INFO:colcon.colcon_core.shell:Skip shell extension 'powershell' for command environment: Not usable outside of PowerShell
[0.373s] DEBUG:colcon.colcon_core.shell:Skip shell extension 'dsv' for command environment
[0.378s] DEBUG:colcon.colcon_core.event_handler.log_command:Invoking command in '/home/vighneshreddy/MRM_VighneshReddy/build/rover_navigation': /usr/bin/cmake /home/vighneshreddy/MRM_VighneshReddy/rover_ws/src/rover_navigation -DCMAKE_INSTALL_PREFIX=/home/vighneshreddy/MRM_VighneshReddy/install/rover_navigation
[0.586s] DEBUG:colcon.colcon_core.event_handler.log_command:Invoking command in '/home/vighneshreddy/MRM_VighneshReddy/rover_ws/src/robot_position': PYTHONPATH=/home/vighneshreddy/MRM_VighneshReddy/build/robot_position/prefix_override:/usr/lib/python3/dist-packages/colcon_core/task/python/colcon_distutils_commands:/home/vighneshreddy/MRM_VighneshReddy/install/robot_position/lib/python3.10/site-packages:${PYTHONPATH} /usr/bin/python3 -W ignore:setup.py install is deprecated -W ignore:easy_install command is deprecated setup.py egg_info --egg-base ../../../build/robot_position build --build-base /home/vighneshreddy/MRM_VighneshReddy/build/robot_position/build install --record /home/vighneshreddy/MRM_VighneshReddy/build/robot_position/install.log --single-version-externally-managed install_data
[0.761s] DEBUG:colcon.colcon_core.event_handler.log_command:Invoked command in '/home/vighneshreddy/MRM_VighneshReddy/rover_ws/src/robot_position' returned '0': PYTHONPATH=/home/vighneshreddy/MRM_VighneshReddy/build/robot_position/prefix_override:/usr/lib/python3/dist-packages/colcon_core/task/python/colcon_distutils_commands:/home/vighneshreddy/MRM_VighneshReddy/install/robot_position/lib/python3.10/site-packages:${PYTHONPATH} /usr/bin/python3 -W ignore:setup.py install is deprecated -W ignore:easy_install command is deprecated setup.py egg_info --egg-base ../../../build/robot_position build --build-base /home/vighneshreddy/MRM_VighneshReddy/build/robot_position/build install --record /home/vighneshreddy/MRM_VighneshReddy/build/robot_position/install.log --single-version-externally-managed install_data
[0.763s] Level 1:colcon.colcon_core.environment:checking '/home/vighneshreddy/MRM_VighneshReddy/install/robot_position' for CMake module files
[0.763s] Level 1:colcon.colcon_core.environment:checking '/home/vighneshreddy/MRM_VighneshReddy/install/robot_position' for CMake config files
[0.764s] Level 1:colcon.colcon_core.environment:checking '/home/vighneshreddy/MRM_VighneshReddy/install/robot_position/lib'
[0.764s] Level 1:colcon.colcon_core.environment:checking '/home/vighneshreddy/MRM_VighneshReddy/install/robot_position/bin'
[0.764s] Level 1:colcon.colcon_core.environment:checking '/home/vighneshreddy/MRM_VighneshReddy/install/robot_position/lib/pkgconfig/robot_position.pc'
[0.764s] Level 1:colcon.colcon_core.environment:checking '/home/vighneshreddy/MRM_VighneshReddy/install/robot_position/lib/python3.10/site-packages'
[0.764s] Level 1:colcon.colcon_core.shell:create_environment_hook('robot_position', 'pythonpath')
[0.765s] INFO:colcon.colcon_core.shell:Creating environment hook '/home/vighneshreddy/MRM_VighneshReddy/install/robot_position/share/robot_position/hook/pythonpath.ps1'
[0.765s] INFO:colcon.colcon_core.shell:Creating environment descriptor '/home/vighneshreddy/MRM_VighneshReddy/install/robot_position/share/robot_position/hook/pythonpath.dsv'
[0.766s] INFO:colcon.colcon_core.shell:Creating environment hook '/home/vighneshreddy/MRM_VighneshReddy/install/robot_position/share/robot_position/hook/pythonpath.sh'
[0.766s] Level 1:colcon.colcon_core.environment:checking '/home/vighneshreddy/MRM_VighneshReddy/install/robot_position/bin'
[0.766s] Level 1:colcon.colcon_core.environment:create_environment_scripts_only(robot_position)
[0.767s] INFO:colcon.colcon_core.shell:Creating package script '/home/vighneshreddy/MRM_VighneshReddy/install/robot_position/share/robot_position/package.ps1'
[0.768s] INFO:colcon.colcon_core.shell:Creating package descriptor '/home/vighneshreddy/MRM_VighneshReddy/install/robot_position/share/robot_position/package.dsv'
[0.768s] INFO:colcon.colcon_core.shell:Creating package script '/home/vighneshreddy/MRM_VighneshReddy/install/robot_position/share/robot_position/package.sh'
[0.769s] INFO:colcon.colcon_core.shell:Creating package script '/home/vighneshreddy/MRM_VighneshReddy/install/robot_position/share/robot_position/package.bash'
[0.770s] INFO:colcon.colcon_core.shell:Creating package script '/home/vighneshreddy/MRM_VighneshReddy/install/robot_position/share/robot_position/package.zsh'
[0.770s] Level 1:colcon.colcon_core.environment:create_file_with_runtime_dependencies(/home/vighneshreddy/MRM_VighneshReddy/install/robot_position/share/colcon-core/packages/robot_position)
[1.223s] DEBUG:colcon.colcon_core.event_handler.log_command:Invoked command in '/home/vighneshreddy/MRM_VighneshReddy/build/rover_navigation' returned '0': /usr/bin/cmake /home/vighneshreddy/MRM_VighneshReddy/rover_ws/src/rover_navigation -DCMAKE_INSTALL_PREFIX=/home/vighneshreddy/MRM_VighneshReddy/install/rover_navigation
[1.225s] DEBUG:colcon.colcon_core.event_handler.log_command:Invoking command in '/home/vighneshreddy/MRM_VighneshReddy/build/rover_navigation': /usr/bin/cmake --build /home/vighneshreddy/MRM_VighneshReddy/build/rover_navigation -- -j22 -l22
[1.648s] DEBUG:colcon.colcon_core.event_handler.log_command:Invoked command in '/home/vighneshreddy/MRM_VighneshReddy/build/cashier_system' returned '1': /usr/bin/cmake /home/vighneshreddy/MRM_VighneshReddy/CashierSystem_ws/src/cashier_system -DCATKIN_INSTALL_INTO_PREFIX_ROOT=0 -DCMAKE_INSTALL_PREFIX=/home/vighneshreddy/MRM_VighneshReddy/install/cashier_system
[1.659s] Level 1:colcon.colcon_core.environment:create_environment_scripts_only(cashier_system)
[1.659s] Level 1:colcon.colcon_core.environment:checking '/home/vighneshreddy/MRM_VighneshReddy/install/cashier_system' for CMake module files
[1.659s] Level 1:colcon.colcon_core.environment:checking '/home/vighneshreddy/MRM_VighneshReddy/install/cashier_system' for CMake config files
[1.659s] Level 1:colcon.colcon_core.environment:checking '/home/vighneshreddy/MRM_VighneshReddy/install/cashier_system/bin'
[1.660s] Level 1:colcon.colcon_core.environment:checking '/home/vighneshreddy/MRM_VighneshReddy/install/cashier_system/lib/pkgconfig/cashier_system.pc'
[1.660s] Level 1:colcon.colcon_core.environment:checking '/home/vighneshreddy/MRM_VighneshReddy/install/cashier_system/lib/python3.10/site-packages'
[1.660s] Level 1:colcon.colcon_core.environment:checking '/home/vighneshreddy/MRM_VighneshReddy/install/cashier_system/bin'
[1.661s] INFO:colcon.colcon_core.shell:Creating package script '/home/vighneshreddy/MRM_VighneshReddy/install/cashier_system/share/cashier_system/package.ps1'
[1.661s] INFO:colcon.colcon_core.shell:Creating package descriptor '/home/vighneshreddy/MRM_VighneshReddy/install/cashier_system/share/cashier_system/package.dsv'
[1.662s] INFO:colcon.colcon_core.shell:Creating package script '/home/vighneshreddy/MRM_VighneshReddy/install/cashier_system/share/cashier_system/package.sh'
[1.662s] INFO:colcon.colcon_core.shell:Creating package script '/home/vighneshreddy/MRM_VighneshReddy/install/cashier_system/share/cashier_system/package.bash'
[1.662s] INFO:colcon.colcon_core.shell:Creating package script '/home/vighneshreddy/MRM_VighneshReddy/install/cashier_system/share/cashier_system/package.zsh'
[1.663s] Level 1:colcon.colcon_core.environment:create_file_with_runtime_dependencies(/home/vighneshreddy/MRM_VighneshReddy/install/cashier_system/share/colcon-core/packages/cashier_system)
[6.587s] DEBUG:colcon.colcon_parallel_executor.executor.parallel:closing loop
[6.588s] DEBUG:colcon.colcon_parallel_executor.executor.parallel:loop closed
[6.588s] DEBUG:colcon.colcon_parallel_executor.executor.parallel:run_until_complete finished with '1'
[6.588s] DEBUG:colcon.colcon_core.event_reactor:joining thread
[6.594s] INFO:colcon.colcon_core.plugin_system:Skipping extension 'colcon_notification.desktop_notification.terminal_notifier': Not used on non-Darwin systems
[6.594s] INFO:colcon.colcon_core.plugin_system:Skipping extension 'colcon_notification.desktop_notification.win32': Not used on non-Windows systems
[6.594s] INFO:colcon.colcon_notification.desktop_notification:Sending desktop notification using 'notify2'
[6.606s] DEBUG:colcon.colcon_core.event_reactor:joined thread
[6.606s] INFO:colcon.colcon_core.shell:Creating prefix script '/home/vighneshreddy/MRM_VighneshReddy/install/local_setup.ps1'
[6.607s] INFO:colcon.colcon_core.shell:Creating prefix util module '/home/vighneshreddy/MRM_VighneshReddy/install/_local_setup_util_ps1.py'
[6.608s] INFO:colcon.colcon_core.shell:Creating prefix chain script '/home/vighneshreddy/MRM_VighneshReddy/install/setup.ps1'
[6.608s] INFO:colcon.colcon_core.shell:Creating prefix script '/home/vighneshreddy/MRM_VighneshReddy/install/local_setup.sh'
[6.608s] INFO:colcon.colcon_core.shell:Creating prefix util module '/home/vighneshreddy/MRM_VighneshReddy/install/_local_setup_util_sh.py'
[6.609s] INFO:colcon.colcon_core.shell:Creating prefix chain script '/home/vighneshreddy/MRM_VighneshReddy/install/setup.sh'
[6.609s] INFO:colcon.colcon_core.shell:Creating prefix script '/home/vighneshreddy/MRM_VighneshReddy/install/local_setup.bash'
[6.609s] INFO:colcon.colcon_core.shell:Creating prefix chain script '/home/vighneshreddy/MRM_VighneshReddy/install/setup.bash'
[6.610s] INFO:colcon.colcon_core.shell:Creating prefix script '/home/vighneshreddy/MRM_VighneshReddy/install/local_setup.zsh'
[6.610s] INFO:colcon.colcon_core.shell:Creating prefix chain script '/home/vighneshreddy/MRM_VighneshReddy/install/setup.zsh'
