[0.011s] Invoking command in '/home/vighneshreddy/MRM_VighneshReddy/rover_ws/build/robot': CMAKE_PREFIX_PATH=/opt/ros/humble /usr/bin/cmake /home/vighneshreddy/MRM_VighneshReddy/rover_ws/src/robot -DCMAKE_INSTALL_PREFIX=/home/vighneshreddy/MRM_VighneshReddy/rover_ws/install/robot
[0.109s] -- The C compiler identification is GNU 11.4.0
[0.159s] -- The CXX compiler identification is GNU 11.4.0
[0.166s] -- Detecting C compiler ABI info
[0.220s] -- Detecting C compiler ABI info - done
[0.225s] -- Check for working C compiler: /usr/bin/cc - skipped
[0.226s] -- Detecting C compile features
[0.226s] -- Detecting C compile features - done
[0.228s] -- Detecting CXX compiler ABI info
[0.291s] -- Detecting CXX compiler ABI info - done
[0.297s] -- Check for working CXX compiler: /usr/bin/c++ - skipped
[0.297s] -- Detecting CXX compile features
[0.297s] -- Detecting CXX compile features - done
[0.301s] -- Found ament_cmake: 1.3.11 (/opt/ros/humble/share/ament_cmake/cmake)
[0.418s] -- Found Python3: /usr/bin/python3 (found version "3.10.12") found components: Interpreter 
[0.494s] -- Found gazebo_ros: 3.9.0 (/opt/ros/humble/share/gazebo_ros/cmake)
[0.535s] -- Found rosidl_generator_c: 3.1.6 (/opt/ros/humble/share/rosidl_generator_c/cmake)
[0.539s] -- Found rosidl_adapter: 3.1.6 (/opt/ros/humble/share/rosidl_adapter/cmake)
[0.547s] -- Found rosidl_generator_cpp: 3.1.6 (/opt/ros/humble/share/rosidl_generator_cpp/cmake)
[0.562s] -- Using all available rosidl_typesupport_c: rosidl_typesupport_fastrtps_c;rosidl_typesupport_introspection_c
[0.578s] -- Using all available rosidl_typesupport_cpp: rosidl_typesupport_fastrtps_cpp;rosidl_typesupport_introspection_cpp
[0.614s] -- Found rmw_implementation_cmake: 6.1.2 (/opt/ros/humble/share/rmw_implementation_cmake/cmake)
[0.617s] -- Found rmw_fastrtps_cpp: 6.2.7 (/opt/ros/humble/share/rmw_fastrtps_cpp/cmake)
[0.695s] -- Found OpenSSL: /usr/lib/x86_64-linux-gnu/libcrypto.so (found version "3.0.2")  
[0.718s] -- Found FastRTPS: /opt/ros/humble/include  
[0.751s] -- Using RMW implementation 'rmw_fastrtps_cpp' as default
[0.760s] -- Looking for pthread.h
[0.822s] -- Looking for pthread.h - found
[0.822s] -- Performing Test CMAKE_HAVE_LIBC_PTHREAD
[0.876s] -- Performing Test CMAKE_HAVE_LIBC_PTHREAD - Success
[0.877s] -- Found Threads: TRUE  
[0.938s] -- Found PkgConfig: /usr/bin/pkg-config (found version "0.29.2") 
[0.939s] -- Checking for module 'bullet>=2.82'
[0.952s] --   Found bullet, version 3.05
[1.041s] -- Found fcl: /usr/include (found suitable version "0.7.0", minimum required is "0.5.0") 
[1.085s] -- Found assimp: /usr/include (found version "5.2.0") 
[1.105s] -- Found DART: /usr/include (Required is at least version "6.6") found components: dart 
[1.128s] -- Found Boost: /usr/lib/x86_64-linux-gnu/cmake/Boost-1.74.0/BoostConfig.cmake (found suitable version "1.74.0", minimum required is "1.40.0") found components: thread system filesystem program_options regex iostreams date_time 
[1.138s] -- Found Protobuf: /usr/lib/x86_64-linux-gnu/libprotobuf.so (found version "3.12.4") 
[1.142s] -- Looking for ignition-math6 -- found version 6.15.1
[1.149s] -- Searching for dependencies of ignition-math6
[1.150s] -- Looking for OGRE...
[1.151s] -- OGRE_PREFIX_WATCH changed.
[1.156s] -- Checking for module 'OGRE'
[1.167s] --   Found OGRE, version 1.9.0
[1.197s] -- Found Ogre Ghadamon (1.9.0)
[1.201s] -- Found OGRE: optimized;/usr/lib/x86_64-linux-gnu/libOgreMain.so;debug;/usr/lib/x86_64-linux-gnu/libOgreMain.so
[1.207s] -- Looking for OGRE_Paging...
[1.211s] -- Found OGRE_Paging: optimized;/usr/lib/x86_64-linux-gnu/libOgrePaging.so;debug;/usr/lib/x86_64-linux-gnu/libOgrePaging.so
[1.211s] -- Looking for OGRE_Terrain...
[1.214s] -- Found OGRE_Terrain: optimized;/usr/lib/x86_64-linux-gnu/libOgreTerrain.so;debug;/usr/lib/x86_64-linux-gnu/libOgreTerrain.so
[1.214s] -- Looking for OGRE_Property...
[1.217s] -- Found OGRE_Property: optimized;/usr/lib/x86_64-linux-gnu/libOgreProperty.so;debug;/usr/lib/x86_64-linux-gnu/libOgreProperty.so
[1.217s] -- Looking for OGRE_RTShaderSystem...
[1.221s] -- Found OGRE_RTShaderSystem: optimized;/usr/lib/x86_64-linux-gnu/libOgreRTShaderSystem.so;debug;/usr/lib/x86_64-linux-gnu/libOgreRTShaderSystem.so
[1.221s] -- Looking for OGRE_Volume...
[1.224s] -- Found OGRE_Volume: optimized;/usr/lib/x86_64-linux-gnu/libOgreVolume.so;debug;/usr/lib/x86_64-linux-gnu/libOgreVolume.so
[1.224s] -- Looking for OGRE_Overlay...
[1.228s] -- Found OGRE_Overlay: optimized;/usr/lib/x86_64-linux-gnu/libOgreOverlay.so;debug;/usr/lib/x86_64-linux-gnu/libOgreOverlay.so
[1.296s] -- Looking for ignition-math6 -- found version 6.15.1
[1.298s] -- Looking for ignition-transport8 -- found version 8.2.1
[1.299s] -- Searching for dependencies of ignition-transport8
[1.314s] -- Found Protobuf: /usr/lib/x86_64-linux-gnu/libprotobuf.so (found suitable version "3.12.4", minimum required is "3") 
[1.321s] -- Config-file not installed for ZeroMQ -- checking for pkg-config
[1.325s] -- Checking for module 'libzmq >= 4'
[1.337s] --   Found libzmq , version 4.3.4
[1.369s] -- Found ZeroMQ: TRUE (Required is at least version "4") 
[1.376s] -- Checking for module 'uuid'
[1.388s] --   Found uuid, version 2.37.2
[1.418s] -- Found UUID: TRUE  
[1.420s] -- Looking for ignition-msgs5 -- found version 5.8.1
[1.420s] -- Searching for dependencies of ignition-msgs5
[1.433s] -- Looking for ignition-math6 -- found version 6.15.1
[1.438s] -- Checking for module 'tinyxml2'
[1.450s] --   Found tinyxml2, version 9.0.0
[1.481s] -- Looking for ignition-msgs5 -- found version 5.8.1
[1.485s] -- Looking for ignition-common3 -- found version 3.14.0
[1.485s] -- Searching for dependencies of ignition-common3
[1.486s] -- Looking for dlfcn.h - found
[1.486s] -- Looking for libdl - found
[1.487s] -- Found DL: TRUE  
[1.496s] -- Found tinyobjloader: /usr/lib/x86_64-linux-gnu/cmake/tinyobjloader/tinyobjloader-config.cmake (found version "2.0.0") 
[1.497s] -- Searching for <ignition-common3> component [graphics]
[1.499s] -- Looking for ignition-common3-graphics -- found version 3.14.0
[1.499s] -- Searching for dependencies of ignition-common3-graphics
[1.499s] -- Looking for ignition-math6 -- found version 6.15.1
[1.502s] -- Looking for ignition-fuel_tools4 -- found version 4.4.0
[1.502s] -- Searching for dependencies of ignition-fuel_tools4
[1.571s] -- Found CURL: /usr/lib/x86_64-linux-gnu/libcurl.so (found version "7.81.0")  
[1.579s] -- Checking for module 'jsoncpp'
[1.591s] --   Found jsoncpp, version 1.9.5
[1.619s] -- Found JSONCPP: TRUE  
[1.625s] -- Checking for module 'libzip'
[1.636s] --   Found libzip, version 1.7.3
[1.667s] -- Found ZIP: TRUE  
[1.667s] -- Looking for ignition-common3 -- found version 3.14.0
[1.667s] -- Looking for ignition-math6 -- found version 6.15.1
[1.668s] -- Looking for ignition-msgs5 -- found version 5.8.1
[1.671s] -- Gazebo version: 11.10
[1.671s] -- Checking for module 'tbb'
[1.683s] --   Found tbb, version 2021.5.0
[1.715s] -- Found robot_state_publisher: 3.0.3 (/opt/ros/humble/share/robot_state_publisher/cmake)
[1.738s] -- Found eigen3_cmake_module: 0.1.1 (/opt/ros/humble/share/eigen3_cmake_module/cmake)
[1.739s] -- Found Eigen3: TRUE (found version "3.4.0") 
[1.740s] -- Ensuring Eigen3 include directory is part of orocos-kdl CMake target
[1.876s] -- Found xacro: 2.0.13 (/opt/ros/humble/share/xacro/cmake)
[1.877s] -- Found tf2_geometry_msgs: 0.25.12 (/opt/ros/humble/share/tf2_geometry_msgs/cmake)
[1.881s] -- Found pcl_conversions: 2.4.5 (/opt/ros/humble/share/pcl_conversions/cmake)
[1.910s] -- Checking for module 'eigen3'
[1.921s] --   Found eigen3, version 3.4.0
[1.953s] -- Found Eigen: /usr/include/eigen3 (Required is at least version "3.1") 
[1.953s] -- Eigen found (include: /usr/include/eigen3, version: 3.4.0)
[1.971s] -- Checking for module 'flann'
[1.980s] --   Found flann, version 1.9.1
[2.018s] -- Found FLANN: /usr/lib/x86_64-linux-gnu/libflann_cpp.so  
[2.018s] -- FLANN found (include: /usr/include, lib: /usr/lib/x86_64-linux-gnu/libflann_cpp.so)
[2.793s] -- Checking for module 'libusb-1.0'
[2.805s] --   Found libusb-1.0, version 1.0.25
[2.838s] -- Found libusb: /usr/lib/x86_64-linux-gnu/libusb-1.0.so  
[2.839s] -- OpenNI found (version: 1.5.4.0, include: /usr/include/ni, lib: /usr/lib/libOpenNI.so;libusb::libusb)
[2.889s] -- OpenNI2 found (version: 2.2.0.33, include: /usr/include/openni2, lib: /usr/lib/x86_64-linux-gnu/libOpenNI2.so;libusb::libusb)
[2.994s] -- Eigen found (include: /usr/include/eigen3, version: 3.4.0)
[2.998s] -- OpenNI found (version: 1.5.4.0, include: /usr/include/ni, lib: /usr/lib/libOpenNI.so;libusb::libusb)
[3.002s] -- OpenNI2 found (version: 2.2.0.33, include: /usr/include/openni2, lib: /usr/lib/x86_64-linux-gnu/libOpenNI2.so;libusb::libusb)
[3.117s] -- Found Qhull version 8.0.2
[3.235s] -- OpenNI found (version: 1.5.4.0, include: /usr/include/ni, lib: /usr/lib/libOpenNI.so;libusb::libusb)
[3.339s] -- Found PCL_COMMON: /usr/lib/x86_64-linux-gnu/libpcl_common.so  
[3.341s] -- Found PCL_KDTREE: /usr/lib/x86_64-linux-gnu/libpcl_kdtree.so  
[3.342s] -- Found PCL_OCTREE: /usr/lib/x86_64-linux-gnu/libpcl_octree.so  
[3.343s] -- Found PCL_SEARCH: /usr/lib/x86_64-linux-gnu/libpcl_search.so  
[3.343s] -- Found PCL_SAMPLE_CONSENSUS: /usr/lib/x86_64-linux-gnu/libpcl_sample_consensus.so  
[3.344s] -- Found PCL_FILTERS: /usr/lib/x86_64-linux-gnu/libpcl_filters.so  
[3.344s] -- Found PCL_2D: /usr/include/pcl-1.12  
[3.344s] -- Found PCL_GEOMETRY: /usr/include/pcl-1.12  
[3.345s] -- Found PCL_IO: /usr/lib/x86_64-linux-gnu/libpcl_io.so  
[3.345s] -- Found PCL_FEATURES: /usr/lib/x86_64-linux-gnu/libpcl_features.so  
[3.346s] -- Found PCL_ML: /usr/lib/x86_64-linux-gnu/libpcl_ml.so  
[3.347s] -- Found PCL_SEGMENTATION: /usr/lib/x86_64-linux-gnu/libpcl_segmentation.so  
[3.347s] -- Found PCL_VISUALIZATION: /usr/lib/x86_64-linux-gnu/libpcl_visualization.so  
[3.348s] -- Found PCL_SURFACE: /usr/lib/x86_64-linux-gnu/libpcl_surface.so  
[3.349s] -- Found PCL_REGISTRATION: /usr/lib/x86_64-linux-gnu/libpcl_registration.so  
[3.349s] -- Found PCL_KEYPOINTS: /usr/lib/x86_64-linux-gnu/libpcl_keypoints.so  
[3.350s] -- Found PCL_TRACKING: /usr/lib/x86_64-linux-gnu/libpcl_tracking.so  
[3.350s] -- Found PCL_RECOGNITION: /usr/lib/x86_64-linux-gnu/libpcl_recognition.so  
[3.351s] -- Found PCL_STEREO: /usr/lib/x86_64-linux-gnu/libpcl_stereo.so  
[3.352s] -- Found PCL_APPS: /usr/lib/x86_64-linux-gnu/libpcl_apps.so  
[3.352s] -- Found PCL_IN_HAND_SCANNER: /usr/include/pcl-1.12  
[3.353s] -- Found PCL_MODELER: /usr/include/pcl-1.12  
[3.354s] -- Found PCL_POINT_CLOUD_EDITOR: /usr/include/pcl-1.12  
[3.355s] -- Found PCL_OUTOFCORE: /usr/lib/x86_64-linux-gnu/libpcl_outofcore.so  
[3.356s] -- Found PCL_PEOPLE: /usr/lib/x86_64-linux-gnu/libpcl_people.so  
[3.359s] -- Found pcl_ros: 2.4.5 (/opt/ros/humble/share/pcl_ros/cmake)
[3.367s] [33mCMake Warning (dev) at CMakeLists.txt:21 (find_package):
[3.368s]   Policy CMP0074 is not set: find_package uses <PackageName>_ROOT variables.
[3.368s]   Run "cmake --help-policy CMP0074" for policy details.  Use the cmake_policy
[3.368s]   command to set the policy and suppress this warning.
[3.368s] 
[3.368s]   CMake variable PCL_ROOT is set to:
[3.368s] 
[3.368s]     /usr
[3.368s] 
[3.368s]   For compatibility, CMake is ignoring the variable.
[3.368s] This warning is for project developers.  Use -Wno-dev to suppress it.
[3.368s] [0m
[3.375s] -- Found cv_bridge: 3.2.1 (/opt/ros/humble/share/cv_bridge/cmake)
[3.385s] -- Found OpenCV: /usr (found version "4.5.4") 
[3.432s] -- Found cartographer_ros: 2.0.9002 (/opt/ros/humble/share/cartographer_ros/cmake)
[3.524s] -- Found rtabmap_ros: 0.21.10 (/opt/ros/humble/share/rtabmap_ros/cmake)
[3.539s] -- Found ament_lint_auto: 0.12.12 (/opt/ros/humble/share/ament_lint_auto/cmake)
[3.599s] -- Added test 'cppcheck' to perform static code analysis on C / C++ code
[3.600s] -- Configured cppcheck include dirs: 
[3.600s] -- Configured cppcheck exclude dirs and/or files: 
[3.600s] -- Added test 'flake8' to check Python code syntax and style conventions
[3.600s] -- Added test 'lint_cmake' to check CMake code style
[3.601s] -- Added test 'pep257' to check Python code against some of the docstring style conventions in PEP 257
[3.602s] -- Added test 'uncrustify' to check C / C++ code style
[3.602s] -- Configured uncrustify additional arguments: 
[3.602s] -- Added test 'xmllint' to check XML markup files
[3.603s] -- Configuring done
[3.670s] -- Generating done
[3.686s] -- Build files have been written to: /home/vighneshreddy/MRM_VighneshReddy/rover_ws/build/robot
[3.707s] Invoked command in '/home/vighneshreddy/MRM_VighneshReddy/rover_ws/build/robot' returned '0': CMAKE_PREFIX_PATH=/opt/ros/humble /usr/bin/cmake /home/vighneshreddy/MRM_VighneshReddy/rover_ws/src/robot -DCMAKE_INSTALL_PREFIX=/home/vighneshreddy/MRM_VighneshReddy/rover_ws/install/robot
[3.708s] Invoking command in '/home/vighneshreddy/MRM_VighneshReddy/rover_ws/build/robot': CMAKE_PREFIX_PATH=/opt/ros/humble /usr/bin/cmake --build /home/vighneshreddy/MRM_VighneshReddy/rover_ws/build/robot -- -j22 -l22
[3.748s] [ 12%] [32mBuilding CXX object CMakeFiles/pointcloud_preprocessor_node.dir/src/pointcloud_preprocessor_node.cpp.o[0m
[3.749s] [ 25%] [32mBuilding CXX object CMakeFiles/navigation_node.dir/src/navigation_node.cpp.o[0m
[3.749s] [ 37%] [32mBuilding CXX object CMakeFiles/pcloa.dir/src/pcloa.cpp.o[0m
[3.749s] [ 50%] [32mBuilding CXX object CMakeFiles/compass_node.dir/src/compass.cpp.o[0m
[14.313s] [ 62%] [32m[1mLinking CXX executable navigation_node[0m
[14.864s] [ 62%] Built target navigation_node
[15.124s] [ 75%] [32m[1mLinking CXX executable compass_node[0m
[15.209s] [ 87%] [32m[1mLinking CXX executable pointcloud_preprocessor_node[0m
[15.951s] [ 87%] Built target compass_node
[16.526s] [ 87%] Built target pointcloud_preprocessor_node
[19.950s] [100%] [32m[1mLinking CXX executable pcloa[0m
[21.485s] [100%] Built target pcloa
[21.496s] Invoked command in '/home/vighneshreddy/MRM_VighneshReddy/rover_ws/build/robot' returned '0': CMAKE_PREFIX_PATH=/opt/ros/humble /usr/bin/cmake --build /home/vighneshreddy/MRM_VighneshReddy/rover_ws/build/robot -- -j22 -l22
[21.504s] Invoking command in '/home/vighneshreddy/MRM_VighneshReddy/rover_ws/build/robot': CMAKE_PREFIX_PATH=/opt/ros/humble /usr/bin/cmake --install /home/vighneshreddy/MRM_VighneshReddy/rover_ws/build/robot
[21.509s] -- Install configuration: ""
[21.510s] -- Installing: /home/vighneshreddy/MRM_VighneshReddy/rover_ws/install/robot/lib/robot/imu_receiver.py
[21.510s] -- Installing: /home/vighneshreddy/MRM_VighneshReddy/rover_ws/install/robot/lib/robot/navigation_node
[21.515s] -- Set runtime path of "/home/vighneshreddy/MRM_VighneshReddy/rover_ws/install/robot/lib/robot/navigation_node" to ""
[21.515s] -- Installing: /home/vighneshreddy/MRM_VighneshReddy/rover_ws/install/robot/lib/robot/pointcloud_preprocessor_node
[21.517s] -- Set runtime path of "/home/vighneshreddy/MRM_VighneshReddy/rover_ws/install/robot/lib/robot/pointcloud_preprocessor_node" to ""
[21.517s] -- Installing: /home/vighneshreddy/MRM_VighneshReddy/rover_ws/install/robot/lib/robot/pcloa
[21.520s] -- Set runtime path of "/home/vighneshreddy/MRM_VighneshReddy/rover_ws/install/robot/lib/robot/pcloa" to ""
[21.520s] -- Installing: /home/vighneshreddy/MRM_VighneshReddy/rover_ws/install/robot/lib/robot/compass_node
[21.523s] -- Set runtime path of "/home/vighneshreddy/MRM_VighneshReddy/rover_ws/install/robot/lib/robot/compass_node" to ""
[21.523s] -- Installing: /home/vighneshreddy/MRM_VighneshReddy/rover_ws/install/robot/share/robot//launch
[21.523s] -- Installing: /home/vighneshreddy/MRM_VighneshReddy/rover_ws/install/robot/share/robot//launch/display.launch.py
[21.523s] -- Installing: /home/vighneshreddy/MRM_VighneshReddy/rover_ws/install/robot/share/robot//launch/octomap_launch.py
[21.523s] -- Installing: /home/vighneshreddy/MRM_VighneshReddy/rover_ws/install/robot/share/robot//launch/gazebo.launch.py
[21.523s] -- Installing: /home/vighneshreddy/MRM_VighneshReddy/rover_ws/install/robot/share/robot//launch/nav2_launch.py
[21.523s] -- Installing: /home/vighneshreddy/MRM_VighneshReddy/rover_ws/install/robot/share/robot//launch/rtabmap.launch.py
[21.523s] -- Installing: /home/vighneshreddy/MRM_VighneshReddy/rover_ws/install/robot/share/robot//launch/robot.launch.py
[21.523s] -- Installing: /home/vighneshreddy/MRM_VighneshReddy/rover_ws/install/robot/share/robot//launch/cartographer.launch.py
[21.523s] -- Installing: /home/vighneshreddy/MRM_VighneshReddy/rover_ws/install/robot/share/robot//urdf
[21.523s] -- Installing: /home/vighneshreddy/MRM_VighneshReddy/rover_ws/install/robot/share/robot//urdf/material.xacro
[21.523s] -- Installing: /home/vighneshreddy/MRM_VighneshReddy/rover_ws/install/robot/share/robot//urdf/stereo.xacro
[21.523s] -- Installing: /home/vighneshreddy/MRM_VighneshReddy/rover_ws/install/robot/share/robot//urdf/robot.urdf.xacro
[21.523s] -- Installing: /home/vighneshreddy/MRM_VighneshReddy/rover_ws/install/robot/share/robot//urdf/gps.xacro
[21.523s] -- Installing: /home/vighneshreddy/MRM_VighneshReddy/rover_ws/install/robot/share/robot//urdf/lidar.xacro
[21.523s] -- Installing: /home/vighneshreddy/MRM_VighneshReddy/rover_ws/install/robot/share/robot//urdf/inertial.xacro
[21.523s] -- Installing: /home/vighneshreddy/MRM_VighneshReddy/rover_ws/install/robot/share/robot//urdf/imu.xacro
[21.524s] -- Installing: /home/vighneshreddy/MRM_VighneshReddy/rover_ws/install/robot/share/robot//urdf/cam.xacro
[21.524s] -- Installing: /home/vighneshreddy/MRM_VighneshReddy/rover_ws/install/robot/share/robot//rviz
[21.524s] -- Installing: /home/vighneshreddy/MRM_VighneshReddy/rover_ws/install/robot/share/robot//rviz/config.rviz
[21.524s] -- Installing: /home/vighneshreddy/MRM_VighneshReddy/rover_ws/install/robot/share/robot//rviz/nav2_slam_config.rviz
[21.524s] -- Installing: /home/vighneshreddy/MRM_VighneshReddy/rover_ws/install/robot/share/robot//config
[21.524s] -- Installing: /home/vighneshreddy/MRM_VighneshReddy/rover_ws/install/robot/share/robot//config/cartographer_2d.lua
[21.524s] -- Installing: /home/vighneshreddy/MRM_VighneshReddy/rover_ws/install/robot/share/robot//config/rtabmap_config.yaml
[21.524s] -- Installing: /home/vighneshreddy/MRM_VighneshReddy/rover_ws/install/robot/share/robot//config/octomap.yaml
[21.524s] -- Installing: /home/vighneshreddy/MRM_VighneshReddy/rover_ws/install/robot/share/robot//config/rtabmap_launch.yaml
[21.524s] -- Installing: /home/vighneshreddy/MRM_VighneshReddy/rover_ws/install/robot/share/robot//config/slam_toolbox_params.yaml
[21.525s] -- Installing: /home/vighneshreddy/MRM_VighneshReddy/rover_ws/install/robot/share/robot//config/cartographer_ros_config.yaml
[21.525s] -- Installing: /home/vighneshreddy/MRM_VighneshReddy/rover_ws/install/robot/share/robot//config/nav2_params.yaml
[21.525s] -- Installing: /home/vighneshreddy/MRM_VighneshReddy/rover_ws/install/robot/share/ament_index/resource_index/package_run_dependencies/robot
[21.525s] -- Installing: /home/vighneshreddy/MRM_VighneshReddy/rover_ws/install/robot/share/ament_index/resource_index/parent_prefix_path/robot
[21.525s] -- Installing: /home/vighneshreddy/MRM_VighneshReddy/rover_ws/install/robot/share/robot/environment/ament_prefix_path.sh
[21.525s] -- Installing: /home/vighneshreddy/MRM_VighneshReddy/rover_ws/install/robot/share/robot/environment/ament_prefix_path.dsv
[21.525s] -- Installing: /home/vighneshreddy/MRM_VighneshReddy/rover_ws/install/robot/share/robot/environment/path.sh
[21.525s] -- Installing: /home/vighneshreddy/MRM_VighneshReddy/rover_ws/install/robot/share/robot/environment/path.dsv
[21.526s] -- Installing: /home/vighneshreddy/MRM_VighneshReddy/rover_ws/install/robot/share/robot/local_setup.bash
[21.526s] -- Installing: /home/vighneshreddy/MRM_VighneshReddy/rover_ws/install/robot/share/robot/local_setup.sh
[21.526s] -- Installing: /home/vighneshreddy/MRM_VighneshReddy/rover_ws/install/robot/share/robot/local_setup.zsh
[21.526s] -- Installing: /home/vighneshreddy/MRM_VighneshReddy/rover_ws/install/robot/share/robot/local_setup.dsv
[21.526s] -- Installing: /home/vighneshreddy/MRM_VighneshReddy/rover_ws/install/robot/share/robot/package.dsv
[21.526s] -- Installing: /home/vighneshreddy/MRM_VighneshReddy/rover_ws/install/robot/share/ament_index/resource_index/packages/robot
[21.526s] -- Installing: /home/vighneshreddy/MRM_VighneshReddy/rover_ws/install/robot/share/robot/cmake/robotConfig.cmake
[21.526s] -- Installing: /home/vighneshreddy/MRM_VighneshReddy/rover_ws/install/robot/share/robot/cmake/robotConfig-version.cmake
[21.526s] -- Installing: /home/vighneshreddy/MRM_VighneshReddy/rover_ws/install/robot/share/robot/package.xml
[21.528s] Invoked command in '/home/vighneshreddy/MRM_VighneshReddy/rover_ws/build/robot' returned '0': CMAKE_PREFIX_PATH=/opt/ros/humble /usr/bin/cmake --install /home/vighneshreddy/MRM_VighneshReddy/rover_ws/build/robot
