[0.012s] Invoking command in '/home/vighneshreddy/MRM_VighneshReddy/build/gazebo': /usr/bin/cmake /home/vighneshreddy/MRM_VighneshReddy/rover_ws/src/gazebo -DCMAKE_INSTALL_PREFIX=/home/vighneshreddy/MRM_VighneshReddy/install/gazebo
[0.163s] -- The C compiler identification is GNU 11.4.0
[0.163s] -- The CXX compiler identification is GNU 11.4.0
[0.163s] -- Detecting C compiler ABI info
[0.163s] -- Detecting C compiler ABI info - done
[0.163s] -- Check for working C compiler: /usr/bin/cc - skipped
[0.163s] -- Detecting C compile features
[0.163s] -- Detecting C compile features - done
[0.163s] -- Detecting CXX compiler ABI info
[0.222s] -- Detecting CXX compiler ABI info - done
[0.228s] -- Check for working CXX compiler: /usr/bin/c++ - skipped
[0.229s] -- Detecting CXX compile features
[0.229s] -- Detecting CXX compile features - done
[0.230s] -- Found ament_cmake: 1.3.11 (/opt/ros/humble/share/ament_cmake/cmake)
[0.327s] -- Found Python3: /usr/bin/python3 (found version "3.10.12") found components: Interpreter 
[0.378s] -- Found gazebo_ros: 3.7.0 (/opt/ros/humble/share/gazebo_ros/cmake)
[0.403s] -- Found rosidl_generator_c: 3.1.6 (/opt/ros/humble/share/rosidl_generator_c/cmake)
[0.405s] -- Found rosidl_adapter: 3.1.6 (/opt/ros/humble/share/rosidl_adapter/cmake)
[0.410s] -- Found rosidl_generator_cpp: 3.1.6 (/opt/ros/humble/share/rosidl_generator_cpp/cmake)
[0.417s] -- Using all available rosidl_typesupport_c: rosidl_typesupport_fastrtps_c;rosidl_typesupport_introspection_c
[0.428s] -- Using all available rosidl_typesupport_cpp: rosidl_typesupport_fastrtps_cpp;rosidl_typesupport_introspection_cpp
[0.455s] -- Found rmw_implementation_cmake: 6.1.2 (/opt/ros/humble/share/rmw_implementation_cmake/cmake)
[0.456s] -- Found rmw_fastrtps_cpp: 6.2.7 (/opt/ros/humble/share/rmw_fastrtps_cpp/cmake)
[0.521s] -- Found OpenSSL: /usr/lib/x86_64-linux-gnu/libcrypto.so (found version "3.0.2")  
[0.542s] -- Found FastRTPS: /opt/ros/humble/include  
[0.573s] -- Using RMW implementation 'rmw_fastrtps_cpp' as default
[0.577s] -- Looking for pthread.h
[0.645s] -- Looking for pthread.h - found
[0.645s] -- Performing Test CMAKE_HAVE_LIBC_PTHREAD
[0.709s] -- Performing Test CMAKE_HAVE_LIBC_PTHREAD - Success
[0.711s] -- Found Threads: TRUE  
[0.752s] -- Found PkgConfig: /usr/bin/pkg-config (found version "0.29.2") 
[0.753s] -- Checking for module 'bullet>=2.82'
[0.761s] --   Found bullet, version 3.05
[0.841s] -- Found fcl: /usr/include (found suitable version "0.7.0", minimum required is "0.5.0") 
[0.882s] -- Found assimp: /usr/include (found version "5.2.0") 
[0.893s] -- Found DART: /usr/include (Required is at least version "6.6") found components: dart 
[0.912s] -- Found Boost: /usr/lib/x86_64-linux-gnu/cmake/Boost-1.74.0/BoostConfig.cmake (found suitable version "1.74.0", minimum required is "1.40.0") found components: thread system filesystem program_options regex iostreams date_time 
[0.920s] -- Found Protobuf: /usr/lib/x86_64-linux-gnu/libprotobuf.so (found version "3.12.4") 
[0.922s] -- Looking for ignition-math6 -- found version 6.15.1
[0.925s] -- Searching for dependencies of ignition-math6
[0.926s] -- Looking for OGRE...
[0.926s] -- OGRE_PREFIX_WATCH changed.
[0.931s] -- Checking for module 'OGRE'
[0.941s] --   Found OGRE, version 1.9.0
[0.968s] -- Found Ogre Ghadamon (1.9.0)
[0.972s] -- Found OGRE: optimized;/usr/lib/x86_64-linux-gnu/libOgreMain.so;debug;/usr/lib/x86_64-linux-gnu/libOgreMain.so
[0.978s] -- Looking for OGRE_Paging...
[0.981s] -- Found OGRE_Paging: optimized;/usr/lib/x86_64-linux-gnu/libOgrePaging.so;debug;/usr/lib/x86_64-linux-gnu/libOgrePaging.so
[0.981s] -- Looking for OGRE_Terrain...
[0.983s] -- Found OGRE_Terrain: optimized;/usr/lib/x86_64-linux-gnu/libOgreTerrain.so;debug;/usr/lib/x86_64-linux-gnu/libOgreTerrain.so
[0.983s] -- Looking for OGRE_Property...
[0.986s] -- Found OGRE_Property: optimized;/usr/lib/x86_64-linux-gnu/libOgreProperty.so;debug;/usr/lib/x86_64-linux-gnu/libOgreProperty.so
[0.986s] -- Looking for OGRE_RTShaderSystem...
[0.988s] -- Found OGRE_RTShaderSystem: optimized;/usr/lib/x86_64-linux-gnu/libOgreRTShaderSystem.so;debug;/usr/lib/x86_64-linux-gnu/libOgreRTShaderSystem.so
[0.988s] -- Looking for OGRE_Volume...
[0.991s] -- Found OGRE_Volume: optimized;/usr/lib/x86_64-linux-gnu/libOgreVolume.so;debug;/usr/lib/x86_64-linux-gnu/libOgreVolume.so
[0.991s] -- Looking for OGRE_Overlay...
[0.993s] -- Found OGRE_Overlay: optimized;/usr/lib/x86_64-linux-gnu/libOgreOverlay.so;debug;/usr/lib/x86_64-linux-gnu/libOgreOverlay.so
[1.051s] -- Looking for ignition-math6 -- found version 6.15.1
[1.052s] -- Looking for ignition-transport8 -- found version 8.2.1
[1.052s] -- Searching for dependencies of ignition-transport8
[1.064s] -- Found Protobuf: /usr/lib/x86_64-linux-gnu/libprotobuf.so (found suitable version "3.12.4", minimum required is "3") 
[1.071s] -- Config-file not installed for ZeroMQ -- checking for pkg-config
[1.073s] -- Checking for module 'libzmq >= 4'
[1.082s] --   Found libzmq , version 4.3.4
[1.111s] -- Found ZeroMQ: TRUE (Required is at least version "4") 
[1.117s] -- Checking for module 'uuid'
[1.127s] --   Found uuid, version 2.37.2
[1.153s] -- Found UUID: TRUE  
[1.155s] -- Looking for ignition-msgs5 -- found version 5.8.1
[1.155s] -- Searching for dependencies of ignition-msgs5
[1.169s] -- Looking for ignition-math6 -- found version 6.15.1
[1.174s] -- Checking for module 'tinyxml2'
[1.184s] --   Found tinyxml2, version 9.0.0
[1.211s] -- Looking for ignition-msgs5 -- found version 5.8.1
[1.213s] -- Looking for ignition-common3 -- found version 3.14.0
[1.213s] -- Searching for dependencies of ignition-common3
[1.213s] -- Looking for dlfcn.h - found
[1.215s] -- Looking for libdl - found
[1.216s] -- Found DL: TRUE  
[1.223s] -- Found tinyobjloader: /usr/lib/x86_64-linux-gnu/cmake/tinyobjloader/tinyobjloader-config.cmake (found version "2.0.0") 
[1.223s] -- Searching for <ignition-common3> component [graphics]
[1.224s] -- Looking for ignition-common3-graphics -- found version 3.14.0
[1.225s] -- Searching for dependencies of ignition-common3-graphics
[1.225s] -- Looking for ignition-math6 -- found version 6.15.1
[1.226s] -- Looking for ignition-fuel_tools4 -- found version 4.4.0
[1.227s] -- Searching for dependencies of ignition-fuel_tools4
[1.290s] -- Found CURL: /usr/lib/x86_64-linux-gnu/libcurl.so (found version "7.81.0")  
[1.297s] -- Checking for module 'jsoncpp'
[1.307s] --   Found jsoncpp, version 1.9.5
[1.334s] -- Found JSONCPP: TRUE  
[1.338s] -- Checking for module 'libzip'
[1.349s] --   Found libzip, version 1.7.3
[1.376s] -- Found ZIP: TRUE  
[1.377s] -- Looking for ignition-common3 -- found version 3.14.0
[1.377s] -- Looking for ignition-math6 -- found version 6.15.1
[1.378s] -- Looking for ignition-msgs5 -- found version 5.8.1
[1.381s] -- Gazebo version: 11.10
[1.381s] -- Checking for module 'tbb'
[1.392s] --   Found tbb, version 2021.5.0
[1.421s] -- Found ament_lint_auto: 0.12.11 (/opt/ros/humble/share/ament_lint_auto/cmake)
[1.468s] -- Added test 'flake8' to check Python code syntax and style conventions
[1.468s] -- Added test 'lint_cmake' to check CMake code style
[1.468s] -- Added test 'pep257' to check Python code against some of the docstring style conventions in PEP 257
[1.469s] -- Added test 'xmllint' to check XML markup files
[1.469s] -- Configuring done
[1.472s] -- Generating done
[1.474s] -- Build files have been written to: /home/vighneshreddy/MRM_VighneshReddy/build/gazebo
